copy  testtarget/sub/sub/test2.apk Thu Jan 14 22:27:47 EST 2016
copy  testtarget/sub/subanother/test3.apk Thu Jan 14 22:27:47 EST 2016
copy  testtarget/test5.apk Thu Jan 14 22:27:47 EST 2016
copy  testtarget/sub/sub/test2.apk Thu Jan 14 22:27:57 EST 2016
copy  testtarget/sub/subanother/test3.apk Thu Jan 14 22:27:57 EST 2016
copy  testtarget/test5.apk Thu Jan 14 22:27:57 EST 2016
copy  testtarget/sub/sub/test2.apk Thu Jan 14 22:28:01 EST 2016
copy  testtarget/sub/subanother/test3.apk Thu Jan 14 22:28:01 EST 2016
copy  testtarget/test5.apk Thu Jan 14 22:28:01 EST 2016
copy  testtarget/sub/sub/test2.apk Thu Jan 14 22:28:40 EST 2016
copy  testtarget/sub/subanother/test3.apk Thu Jan 14 22:28:40 EST 2016
copy  testtarget/test5.apk Thu Jan 14 22:28:40 EST 2016
 ----------------- Done -----------  testtarget/test5.apk Thu Jan 14 22:28:40 EST 2016
copy  testtarget/sub/sub/test2.apk Thu Jan 14 22:28:41 EST 2016
copy  testtarget/sub/subanother/test3.apk Thu Jan 14 22:28:41 EST 2016
copy  testtarget/test5.apk Thu Jan 14 22:28:41 EST 2016
 ----------------- Done -----------  testtarget/test5.apk Thu Jan 14 22:28:41 EST 2016
copy  testtarget/sub/sub/test2.apk Thu Jan 14 22:28:45 EST 2016
copy  testtarget/sub/subanother/test3.apk Thu Jan 14 22:28:45 EST 2016
copy  testtarget/test5.apk Thu Jan 14 22:28:45 EST 2016
 ----------------- Done -----------  testtarget/test5.apk Thu Jan 14 22:28:45 EST 2016
copy  testtarget/sub/sub/test2.apk Thu Jan 14 22:29:20 EST 2016
copy  testtarget/sub/subanother/test3.apk Thu Jan 14 22:29:20 EST 2016
copy  testtarget/test5.apk Thu Jan 14 22:29:20 EST 2016
 ----------------- Done -----------  testtarget/test5.apk Thu Jan 14 22:29:20 EST 2016 \n
copy  testtarget/sub/sub/test2.apk Thu Jan 14 22:29:48 EST 2016
copy  testtarget/sub/subanother/test3.apk Thu Jan 14 22:29:48 EST 2016
copy  testtarget/test5.apk Thu Jan 14 22:29:48 EST 2016
 ----------------- Done -----------  testtarget/test5.apk Thu Jan 14 22:29:48 EST 2016
 
copy  testtarget/sub/sub/test2.apk Thu Jan 14 22:29:52 EST 2016
copy  testtarget/sub/subanother/test3.apk Thu Jan 14 22:29:52 EST 2016
copy  testtarget/test5.apk Thu Jan 14 22:29:52 EST 2016
 ----------------- Done -----------  testtarget/test5.apk Thu Jan 14 22:29:52 EST 2016
 
copy  testtarget/sub/sub/test2.apk Thu Jan 14 22:30:36 EST 2016
copy  testtarget/sub/subanother/test3.apk Thu Jan 14 22:30:36 EST 2016
copy  testtarget/test5.apk Thu Jan 14 22:30:36 EST 2016
 ----------------- Done -----------  testtarget/test5.apk Thu Jan 14 22:30:36 EST 2016
 
copy  testtarget/sub/sub/test2.apk Thu Jan 14 22:30:47 EST 2016
copy  testtarget/sub/subanother/test3.apk Thu Jan 14 22:30:47 EST 2016
copy  testtarget/test5.apk Thu Jan 14 22:30:47 EST 2016
 ----------------- Done -----------  testtarget/test5.apk Thu Jan 14 22:30:47 EST 2016
 ----------------- Done -----------  Sun Jan 17 11:34:16 EST 2016
copy  testtarget/sub/sub/test2.apk Sun Jan 17 11:34:28 EST 2016
copy  testtarget/sub/subanother/test3.apk Sun Jan 17 11:34:28 EST 2016
copy  testtarget/test5.apk Sun Jan 17 11:34:28 EST 2016
 ----------------- Done -----------  testtarget/test5.apk Sun Jan 17 11:34:28 EST 2016
