ed33f83b-edbb-48d4-928c-55d2a49ccafa
e451340d-ea9c-49e4-9e6b-7dc8c4f61c51
f534a073-0214-47b3-923a-f13e9b4173e3
b4bd58a8-f270-4b1f-bd08-fd19b5736a6b
ede96f3a-d7b0-420c-b3bc-ec434d660653
f1b5feaa-e019-4458-8287-f9d233a74ff0
14d7abd0-b3d1-44e2-af3f-f35ad0fc52cb
8f8afe1b-a435-44d1-a60e-071e7c0bcfed
aec08e3b-1c02-4cbe-9985-b926b3277f88
ed104856-a699-4eb5-93d4-eda973c2fc9b
4a3cb4e4-3153-4b50-95a2-866ce25535a2
495a4c86-a7bc-41d5-898c-1ade4c2b0af3
6a089e64-0b6c-427e-b532-366530825249
fb40ed42-3f21-44a5-a546-3575bcd56c3e
e72f5477-dedb-464c-bed7-4ccdbedeeb5c
452a5259-6f8e-43b8-ac56-2dd3037ed667
216b865b-f0f0-48d3-aa29-42c993cf35d7
d7bba5c5-cb38-4d73-a9ee-f7992c8d693c
f3fad594-01d5-4dc6-a157-1078cb5ec48b
101e8e3e-5ce6-4e90-b648-53ebeac593c1
fe30ff2e-fb52-45b1-8dca-e6f4a8143720
e496116d-6266-4125-be7b-1e75dac127d7
73ef8887-7c90-4987-a577-0835bcf6ee2c
13e92fd8-a6ca-4ce0-9624-883c774df817
c52350f6-4791-4663-b246-32307017496d
2abfacb2-2d06-4a3c-8d2a-3789f7b46678
35b06e7b-76ba-4ed1-9234-8f2c5cc71962
e75061d4-3c0b-4e05-a0c1-b773dfa2a812
942365ac-75d6-4b92-a076-e7251af4076f
05325316-c505-43e8-bcc4-af8d1bc0d54b
83cc28bd-5f6d-41d0-b354-5d2022d626ea
b390ac17-c659-40b1-8424-1b8a9eb2180b
77c0dd44-b36d-43b8-9703-920d1d3161b6
e4e33834-343c-46b7-aa37-fcc11b970295
118676b5-bd58-402d-9190-b91c7779b2ba
fb26c2ca-7048-45cd-8072-948d68115305
7b3de1f9-0b09-44a0-99f1-ce63e25c8485
dd1a38eb-2f77-43dd-996d-acb8e3e2f095
29b9d7cd-9d81-448e-8d9a-e120ef81fca6
f432d61e-6e53-44fc-82e1-a753e9a7cebb
50cc4439-e1dd-4f87-8bbc-e05bb8ed97e2
0d6b6a8b-a901-4ee8-8916-047777ff0532
6a6d32e2-13e5-4d46-859b-73a967b61919
a6c9c24b-7de3-4b2a-bf5b-7eab0bc29588
388bd3f5-b63e-48d7-8449-5a0731f5ad79
062d562c-5e92-49a2-95b7-e63dc6053eae
acfd93ce-71db-475f-9fbb-fdff7a81057f
907c445e-dc4e-4d67-b7a0-28ed6118fea6
1c21640a-5866-4365-bd36-db15dd1857c4
61c624e0-3dce-4759-a0c0-a6efcff2cc6f
d1a6e004-a0e0-4fca-8900-0f3859d0bfd7
64acdbdc-573a-479e-a732-8ed16d483200
d7cadc73-0822-4e48-a03d-42dfe5b3fcba
d8dca956-2971-42f7-8d8b-75256a2938d1
3e8980c0-0ba1-4ae3-a418-249dcbe5d1e7
6353a252-8450-4a52-b02c-d3c9fd8d25d1
d57b6d65-81b6-4251-8a48-10c1f5db3994
06fcf368-300e-4d63-a642-2b31fbf08f6f
c41ed8d9-7986-4f4b-86fe-61c6f61deff4
067e959c-ab8d-4c42-a9af-d2a5bed3f994
f95e998e-0347-4fc8-bafd-2731aaddeb8a
a6d62eac-ac3f-423f-ac96-f462dca0154f
07159b89-97d4-42da-aaf5-10187189a7c4
ace38016-80bd-4641-a154-e406d2c31b51
5c294c11-bf18-45c7-b9c2-0da99dbacbbd
e0fd8c59-46e9-4eb2-8d6e-0301a2bdf0b5
6c187b1a-c1c8-469b-a315-3184024d2bc0
17768a39-811e-4e00-927b-75699a521146
46695f5f-2191-4609-a7f3-34d44db89e85
6cf3b701-bbf8-44bb-955e-d6242700aa16
ae880e65-9925-45ee-a678-21614e502a04
b343c43c-42be-4900-8e3a-dff7804490f1
549c2bcb-b581-4bc3-997e-14c5abc76baf
c975aee7-ccbe-4713-9820-0ebcf5a02341
58524130-a2b5-4bfc-8d23-bbbbb1fb0bb3
3af71ab0-1ae9-478c-a39c-0091f9374ff7
8593915c-2a03-4e00-8f80-d2ce76706b42
59ce23e3-a877-425b-9d76-6007fdff2949
3c9652cf-2d5c-4297-a958-52c1af5c8095
5a6f67f1-15de-4780-99f5-8881f44cfa23
e4234587-1f69-49fc-9863-32973fdb60a5
0578ffdd-a007-4606-8fb4-e328d5c2cf57
4d9efee8-b285-4164-9f7a-429a59a08705
60c6156b-486a-4ff0-a7a9-c3e14926b610
b29ce4ac-461c-49b1-b940-4fd48a2853a7
a9f6b0a7-112f-4664-9343-41c1f10cfc26
83e46826-4287-4a89-a939-2db76ad14047
55d4ced5-ad25-44c0-b170-3388c571c409
020df121-6771-4099-acfa-70681bd52193
d8bdc0a7-72c9-416d-bbdb-415a942a3904
9da9111a-4491-4c2f-8946-97d36361a758
78932e60-5d83-4348-9707-65fbf68b9dfd
b38b025f-8129-493a-94bc-a80f5dcfb032
7325a352-9d85-43f4-8482-d694b67f9464
97eaceab-11f7-4049-8c7d-b4a9b75a68f6
7084cb34-ce1f-42b9-8fa2-3389aeeb3ce5
e896294d-267b-4e4f-b96f-30a05e84d7fa
f0f6948b-24fe-48bb-ac69-4379b733073d
ebe483d4-559a-4d08-bd2b-1b047406ce14
bb05bcb3-f32d-4ae0-a217-96bc3618ce75
4e525710-e3fa-4f6f-9a9b-79558cec7032
a3635ce5-f944-4d5c-a611-9fcf1b6d55dc
944cfec0-7b18-45bf-b4d2-1a41984eb816
95caa82b-a4a0-41c5-86ab-7cdfe00e69b3
c27ff2db-419a-406a-a078-154f674a8881
2867ddb4-2f3a-4078-820a-10468586846a
4bebde85-c44c-4350-ad99-cb656c90d844
c4ca4434-76da-4fef-be26-ce2b7eead933
2ddb4344-cd7d-4bb0-a430-8d9a0574b573
a6061a7b-3a81-4432-9ec8-8ba1614464df
cb50386c-db6d-4b30-b9d9-179f14e4795a
27784a1c-d394-4b02-a8de-66ca13303b9a
bea46b86-ce9c-4728-b52e-31f0b8a1c0cb
710d829b-6398-4913-af35-4779ceac4992
02b00e47-5328-4fa2-8c14-c666be97e925
87592071-7564-4173-87c7-e0d497d06a2c
e5415f6e-7da1-45c1-b596-3aa1d67de2ba
611ef65c-f644-4c36-a202-2b308b0b124a
e83ffc73-6803-4931-bc98-12c7473a9bd7
b2ef1152-78f7-4512-9f37-76e7ee60484d
628795bf-ab00-4ace-88b3-2970f4c1f90a
5d4cc81f-bb93-443c-ad68-d46bfd6e085f
1da215f0-fe69-43bb-b5ec-25a7d9becb9e
1b2afd8e-6527-47b3-ba50-25e41797b6d9
e5d29fea-9172-4b10-a676-c5cbee63295c
ad13eaf6-79a7-495a-970d-0b0d49093094
85af680a-cd40-40ff-a1da-cc8101f484fd
2e37af36-92bd-4444-a7ee-500ebe36951f
e4c8f796-b909-437f-9888-728c8735cff5
00c02344-52d3-4827-a457-6850f3a24e9a
b7baed2e-df5f-4a05-a06c-a89307ea14b3
b6894ea0-f88e-4f1a-be34-18116463f677
995d2cce-188e-4a73-a100-ac37a3169319
9f60c509-4c6e-4d76-ae86-4c28c1c24abc
1f5870ff-99fa-479d-a7e4-436cbf25b8d8
21ba0c45-9fa8-4a84-b4b4-b02e02737a97
716fd6d9-286d-4055-b5cd-9cdad845ad9c
75d4e079-df7a-4c74-8ed7-443d5632471a
09b71e41-b70d-4922-a4ce-bde9a8c17ad9
65163c60-c2d3-46a1-94e2-b017c8694bbc
8b33977a-1a19-4aae-8d82-aa2f199e7e0f
cb692377-94ba-4a33-bc3a-26226cd0ecf3
ea1066ed-8432-4b7a-bc03-3573655c0ff3
41eeac32-a1ce-480d-879e-a3ce3cee7b38
2992985e-d60f-44b5-83c4-82430f717e60
3abb2323-4f5b-4ed3-beda-6b3dbdaf5f8d
43754031-7948-455c-8f85-961e8a26ba14
8c9e7e91-07e7-42c7-b432-4f8666e7c4b6
2b82c5c7-6852-4847-a081-07714fd6d86a
d86ef039-c21c-40fd-9cab-ee24dad38733
0c480415-4788-4215-81d6-d7881a15cbf6
ac7a313a-32f5-4fe1-af5a-3b9c01b17976
4c817cd4-c32c-4f7e-b38a-68134d391d74
e6df8bc5-d215-4d9d-9978-8aad1d7e2369
30757333-0e51-4869-b170-242e85525ba4
f4b4fd69-a300-4d88-a97d-ce48f9d38e6d
89d24fcc-b824-4d0e-888b-b0345af3ef85
4d5bc156-8fa0-4420-a20f-4f43bfa78c65
604422a6-9ba7-4fa3-ac96-a9e1654c3a0f
15cb80d2-91a7-412c-b6df-d302843e0713
8323eba8-38ac-4b34-ac34-8dda9534b15a
049999ef-2975-4bb6-bcdb-6a80a485cac6
0d89889d-c699-4967-8ad8-f36bfb40d84f
8fa82719-8695-4122-b139-03b1532cac82
503ed2a0-5a8d-408f-8007-d48830f07fef
8b8f96c2-0265-4d13-95ad-28f11a9770c2
94c014c1-bb06-4bbb-9a13-74f5fc061a4d
1f90b35d-8b66-4d75-b03a-26b2d5afec40
96cdd584-2e27-4a59-aa8d-b151a656c8d4
1c99e6e5-3fa3-476c-a111-9632fbc54ec5
e8b25d97-979e-4cb0-b90d-8bce54a1b77b
41418158-d3c1-4d6b-8fe8-1c59bd2c4cb6
b05ba3a5-f1b1-4093-ad42-9a41c5ec9b34
67863941-55d4-4405-aa2d-4a2bdb682d9c
d16a4318-73a8-4859-9320-3601d8435660
627a608a-88b9-43c2-83cf-3e90173893d2
0751f9d9-bb5c-4a33-8515-83ac9bb84bbb
4c98be82-c276-4a3d-b4b9-840aa73820a5
745b2618-1cf5-4bdc-8e36-8a713005131b
bb59e1ba-204c-4a34-8b30-1fe3431c72a6
ae8c7c8d-f9dc-4e84-a815-fa2b16c201af
41a2927c-393c-4585-bc80-23f81c694ac4
24b27745-d9b5-449d-a3f1-625caa6705ab
f335378a-9b74-4a37-980f-4e1205680164
6387d413-94ee-4734-aa90-84dce21c31ad
5279f514-6056-4345-9d49-d70fbebe20c6
627816b6-af55-4175-a9c3-7c2ab3d51cce
08368ed4-170a-47ba-b992-96def617dfb6
48783dc3-561a-4acf-a3d7-9f0fbb67207f
3575c2d0-d67e-480b-a63b-258a84be6404
6aef8382-bcee-4ee3-8b98-2f4f905633a4
dea0c2ad-9f21-4d54-adea-984000ce5d2e
017ce90a-ea16-4089-96d7-3edd2860d9f7
040cf22f-ad14-458d-917a-465c47c688fd
6102f1dc-7a0f-4b7c-a1dc-af8516ca6a43
925f234f-f9c4-40be-8d6b-d8cdc0c44ba4
31c3affb-dc24-4c72-9b52-a21cda7eed20
359ae175-ae79-43f1-a8c6-c2514070ff2d
58664af6-f8a2-4d24-a65c-cc666e14c383
b68316dd-ece6-4c63-b22e-00d7766e4cb3
4719053d-3052-4cd4-9553-ad61af91fb81
17af03ca-d06b-4c8b-85c2-a47a5dd9b9fc
8ea8a80f-3aaa-48b2-881c-c86fec83955c
30ad2a2c-c6a5-4d45-88ed-d69081cb504e
342c9f02-a3c4-4569-ae50-128e28f3b304
abbafd1d-e6ad-4569-8c97-7b7b21732fc9
7870e561-c649-4b65-9abb-608cb3991a4e
c12884ea-eb57-40ab-bc82-f3875d1e9aa8
d85ba60d-d2b8-4b6c-8b51-587240d4b3dc
a44aeb04-99d4-4105-9bbe-d5e5f85a3c05
e1b3d79d-6fc6-482c-bbe9-7674c0a18cde
605d9ad9-cdf8-413a-aa76-e9f59ff7b6cb
bb62da58-4d33-4435-aa38-620a5b5f7f28
c7144b49-bfbd-45b4-999e-fc36d8d2c60d
5224b56d-fd81-4497-953c-e59478bb7d51
6c48eaf2-b210-435a-b398-e56f289e7fa6
60a5391b-93e1-45d2-8fde-d8be8c24c684
f971cb3c-0fc6-4cdd-97b2-784d7604c03f
68a6fa1b-ed15-45f3-b2a0-33f8473ba7b2
5355bd78-e030-4ce8-b242-f6f88af066c7
d5c43e8a-3ba1-4f67-8581-502fa2e272a8
b5f9495f-ff1b-42e3-9af0-5cbc95708aa6
5a9e37eb-5914-4a70-a2fb-5c06a980b442
2d3cb75c-9cf1-4fb3-b8ce-484493dc4f30
1b782e29-e544-4491-b040-b4e3ad6e96b3
df2f390b-e478-449b-bada-6758195b29c5
bc96c820-008a-48d4-87d7-50095dd3ad20
d489211f-5fb2-42f4-8c0d-f60ea192ecda
15aa20b0-8398-4939-89a3-7dd2d77b92de
646fe49d-81f9-4376-8bef-7df2accb50b5
a170f288-ef48-41d8-8564-9b2bdbb0e950
a61ccb5d-cae4-4e70-bc98-c64950df54cc
fa6871ac-0fbf-4c1d-be65-e4b011c6d4ed
10b6be48-a48b-47ae-a2be-4c135370be85
9274a53b-f6e1-4ff7-92ed-02adda6b5ba3
cdcdd4c0-733a-4773-887b-1d55e0a81d5d
7815e345-1e6f-463e-bf12-df7f4655ce46
b11654e0-9bfc-466f-91c5-11df8afd894a
c62359e0-d019-4ed7-856d-3d8eb03e53d7
10088ba0-d52c-49d9-9ef2-65254fe0b780
45ece34f-63f8-4f10-8ed3-c475966b9889
bfe454a4-0827-4697-8261-f79ab7747703
44570c55-06ac-40d1-a98d-5ab716a044fa
c3137588-f5dd-4093-a645-d912d5cf2abc
d250896b-5c11-4c71-96c2-bd830c5f45fe
1a8b649a-a332-414e-b38a-3824b1c416b1
21f1cc36-583e-46d4-adab-0e14d20f9a2c
ff5e862d-6bde-4de2-9ff6-57c01a3bd094
e969baea-d580-4890-b33f-09e7c24dc9e0
e750ffe3-46da-4f7c-bf38-0ce95d6d2807
51eea400-46cf-4a86-acbd-9476ed6fe350
7c01d084-8be7-4446-bcec-b72f24f53ffc
c253a9fb-1ade-4343-807f-0be1da8cd47f
31c25032-4422-4736-a7a0-7f364168f5ca
75aff3f9-6b9c-4742-80fc-36fabecd3809
9027cf9a-767b-4310-bc09-efd9614e5b6a
291ce78f-4099-4332-bd58-d555c3e5c1df
ca8642f6-c30a-4b3d-8459-4da5332729f9
19aff0c9-6166-4092-88ee-e79a01ff8c1f
c0ef3759-0e1c-4c5e-82b5-ff20a872dae0
8dbf744f-4377-47ef-b96d-88a70c649162
8fa9a2af-720b-4846-afd2-0a4d864fa0a7
0d65f9a2-83bd-45fc-8689-7165ee4f151b
0b6936c0-ed35-4db7-97c4-553db9f680f6
562a1c00-ff64-4a66-a1d9-173534a85b07
62c5f3e9-38a4-4153-8fff-0134c671c818
41bfea70-fe71-4033-8445-24f093d2702d
f90562c8-fefd-4d2d-926b-5a2a5e54fc28
28cbf035-c34d-422e-8e19-4e6690416521
145cbd40-0f62-43e7-b034-b6bd4ddc99de
41aa630b-fd5d-4338-8ae4-4db53b0808f6
14caab2c-86a5-41c9-99df-4e26ec782ed2
f0b87384-ea2e-4a75-9ff8-58044bc6de02
432fb08a-ef34-44ea-b1bd-da0e20d593a0
01ae5480-0d73-4be7-92e6-40fa5ad36c86
7a5d17c7-8dac-40e2-a6ff-534313f556fb
d9971fa1-9810-46a6-8780-5dc2dc42c8d4
8e77806e-5f7c-4295-b42b-94889800f7b5
d4cfd09e-af25-445f-b153-ef7e18d8aeb2
d8f0b301-f5e6-4f54-842a-34e85b22f22f
1c2fa5ee-2231-40b9-bc9d-74dc91248c85
9d9d2e80-76d0-4ca8-9770-c0e5afaa639c
75983934-108c-4f9c-88c6-d311df07a3a8
3bfe67b6-452e-4a1c-9e7b-6905961172a3
744f7c18-8337-4d5c-8063-505ad70c33bc
3925f6d5-81d3-4ba4-ac49-41d70afc7ba2
9224cc72-9c0c-4f21-bdf8-7d4a0b0644a8
b082d905-f738-4bc7-958f-123cd3dfb321
083fae22-a984-4f76-9cfd-07aa15379149
614fb372-0b8c-44c9-ba38-4fc571c92f0a
7a01eb21-4be4-479d-a278-c0689fd42db8
642a7109-96e3-4983-a970-2a1d74e9d9cf
51871f4d-75fb-4578-b654-362033bb67c6
9284153d-a440-4243-9918-693a2f8fcacc
405d5632-ff74-4594-89cd-da9841ccd713
bf0f1de3-febc-4228-a234-4929d81032e0
29f99530-8bf7-45f0-8a8a-fc210542bc4c
b337297a-9883-4ae3-a576-320ddd11285a
fbb82034-de81-45bc-bf83-29c74d269a04
7088b53c-23e4-42af-9f24-5b8c8783dc8f
af43104f-2256-4966-8a37-34a4b0c0a4c4
91d35aa3-17b6-467e-ad69-bcc237c09e87
0329154e-246f-4cc2-a223-05f0107ca768
50f77b1b-60ef-4fea-9d9b-7b83c9cbed1b
408b19df-fb2f-4f0c-8f6f-4674dce2827c
0c9d2b89-50ed-40d1-8b9e-c8afd6063364
da5c9bd7-c43a-4ebf-bc0e-c1c12b1f96ee
62a739c3-6074-49d4-af6f-f796f503be25
7d049aa5-1bdf-4b2d-adeb-30f9cbd98cdb
2b550f8e-71dd-46ff-985b-71492e7d3ab2
7e05ec3b-3ccb-4a95-87dd-e2802cb2b304
16d36e7a-86dc-4db2-8841-b5d66d7cf140
2b1e1cab-19c2-4478-b7d8-eab47cf523cb
8b1c0705-cb4d-4a94-bcf6-c17791218b64
21fd52fc-f693-45a2-b5ed-e350c1e39187
25fb9fa1-f53d-43ac-9ab3-b39913786cc3
e65989ed-4280-40ed-a84d-c6764fcd1be3
26babf49-0c53-4f6e-944c-c6fdc0c2bc93
f9ce6736-1b41-4b3e-9774-01919589ec9b
52a99343-42b2-4a54-bd0b-260e7d72aff5
710e4b7c-eb2d-45ce-9b56-0dd4d69c5afe
9f7d67d4-a8d3-420d-84f4-664714c200a0
72e1d6dd-8684-4345-946d-6f7f29c138d5
e81f6f25-5429-4079-aa3a-f0f5ae963fa5
30ac04f9-c582-48ba-adb3-c6a984b5020c
444367b3-b5f1-4105-8e18-e4a81b21aa56
3be09fd6-93d9-41bb-a87c-17286584136e
287b8350-bab4-4f95-8fc5-012a01ce6110
929970cf-f903-4677-acea-58f1073d2cec
d9e065ac-79fb-471f-bb73-09f041aa9e48
9a0c4a22-3d35-4346-ae83-a4f42c5008c2
618d8259-cd7d-4795-b909-ed42e208130d
0f26aaa9-3998-4e15-8967-e3ef03df06f5
7b600772-258b-4c01-bbeb-b9041cd598c3
7d3f8a78-0fe3-4672-8dae-ae7c107909ef
e2c25720-cc50-4588-8b62-4f8373603b2a
38c2cbf3-0578-41c1-a06b-69838f5a475d
0c7be75f-e827-415f-abfd-5f30d5f464c0
7fe74d57-73ba-48a3-941e-9c3ed6cc9005
536aa3bd-dded-47bf-b830-284329529155
2043547d-f903-49b0-91f5-7f3fca23982e
d1d730c4-9bf7-4adb-bba7-915b85e7a4da
5814a123-e98f-48fc-aa41-b53626d677f6
5a7dac95-65c4-49b4-81eb-821a195a6632
001812ef-a871-4325-9dad-345f949be647
d68ef97a-9f7c-4878-9c80-254942f2e8f5
12e40be6-77ff-43d5-a613-a507a13422bb
4f2e63a4-a346-4c1c-a04b-fff8215e395b
c0b33b1e-833d-4b2c-8dd0-eae330224f72
219bd8d7-a06b-46d3-9c25-7c00931f15a9
b7a972a2-ef02-4dba-b4b5-6a2591a85af3
5de0968d-b007-4f01-b692-53c3a4293263
d848f8b2-f287-4c65-994b-c24b29d384bd
5e1a2dbb-8060-47cf-a182-0bd5d1c68cc9
d9a89506-0295-4680-85ae-87d7d5c95a31
ae5119ed-3229-4d70-a5d2-fd073c08c1ca
946c901e-ce05-4c6c-a2bc-6c4b5388015e
5a224b0c-10c2-479a-9db6-5030f7c3d353
9f1b5a5d-6755-47f5-bbc3-ae9b50aba4c7
45e7b402-1836-42ec-bc53-8073701fd826
5741daa6-e273-42f0-ab13-01c40b107cc3
7f698c78-0efe-463d-bafa-bf9ace9cb007
77fe0b54-baca-49ef-acbe-0efde9c40026
e6ddf362-5570-42aa-9456-bae5d8a43b6f
def21995-7fe6-4f89-9615-f1acbabbb705
94caa339-61db-4e68-b76c-955695ee8d15
9d37ed3b-712b-4712-a0ab-a1743f78ae55
5a76c011-87cb-47d1-93b4-74ac194df7f0
ea92ff97-4f65-498b-8359-d4e598eab744
4499915f-225b-4e69-afe1-4520bf2252f5
2d53a3d3-55ce-448e-bec7-5949e5a06562
e4eb5623-dbd8-48bf-8948-d3d19d08b76f
5f1bc8b8-026c-4e3b-bbd1-5c3808070abc
0872e34b-df1f-4522-a3ad-0ee5736c1b24
9cda583a-13c4-4c4c-8819-3258059827b3
2cf1a89c-6120-4247-a947-51e613304ce3
bd27c79e-16f4-4bd5-91d3-99e33d1ef985
fd1950d3-4796-4ff7-a40a-52e4bcc81d0e
2b32673b-b815-4b09-af97-2639aa0d0940
15e62dc0-00d6-41be-93f6-5184ba944adf
15920169-b8e9-4dc4-80a4-c178d0299fb9
a129d543-32b2-4cf7-b854-cd2a58c15077
8c198b6c-7ccb-40d7-8849-1e670837dc58
4acc514e-30a2-4e66-ba7e-a9161c7b4cda
7a7d6525-25fe-474f-a96f-fb008910645b
74695c34-2971-4617-9bd6-30f1b8e616f1
252b5182-de38-49d4-9a67-8bf7c546743e
880dd5cd-178b-4bb9-866e-7c165fafd65b
7d62f833-3266-453b-b3a1-58f0782f3764
5ac9e74d-ce81-41d3-985b-5cd0a91bc05f
6baa8991-1128-4b87-abb2-1782de1473eb
ea7b2dff-d586-450c-b9ba-bf5b0a6d2b24
7a7c99df-d3b8-4edf-bf4e-2e4675fa2514
c6aaeca4-4410-4983-b6da-1e5cf16bfefc
5f19650b-3ee7-4bd5-bfb9-664770a7fcc6
fb20c145-d6fe-4588-b8f8-337a5c74da5b
1d4aab64-dc4d-471e-9e3e-7f656a2ecc76
e11d8041-ccf4-4fc9-ae13-ce92fc847a8f
ed7a87c2-fc7c-491e-b761-631b5ab9e6cf
18392543-75cb-4c00-bd01-0e542cf1e046
93403957-f00c-45df-93f8-c9b6ca684a3a
7612dd68-81a3-4799-88f1-88b648a42582
5d664793-cea5-4b26-9048-cb90587365bc
0095f415-422b-405f-8d3a-11781f583b56
4baba85b-4f05-4d95-97c7-ba97ce4bd629
cc35060d-a020-4142-9ead-0abee424d354
28c1fc7b-35b3-4591-a153-663beadfaa3d
af3d65d3-1cf5-41ef-ac4f-c967730def4b
853f0b02-7658-4b53-afd6-ffb62f1f30d7
b1c74746-6192-4706-a4e7-7c4fa64171d4
1cf0f4eb-81d2-4d34-9694-8e8444274980
df24dd13-96eb-4112-a0a2-5beff0e7c888
f7773a8a-8d79-425f-aca2-ae4ea96efa49
f4ea3e0c-e5d2-45ce-8b07-bfd81439695c
12e4612b-8355-48ca-bb2e-ded986577a2e
4bceb17b-c151-49be-8605-341196c15dca
5c038a4a-8133-4bc3-9c71-66e0dcfedf02
9a8b7ca9-0088-4c0b-b3a9-bf0d3ddf6bf7
3e541b6e-faf0-4410-a055-9e4c6aab17e5
43f5a924-7a08-43be-bb19-98c199966a05
5921b594-b774-4771-8f7e-60ddda68c035
401fde59-e583-4517-bb59-c6ed215ba585
c0366adf-400d-48ab-95c2-795b9a84b08f
85122210-c84b-4bc9-a371-a27d418e3a51
0d44e969-c764-43f9-a783-f5e275f6aad8
6c68b009-eb39-4380-8b32-f890b445c7bd
9a993651-0d42-40d3-bdc8-339c40216ee8
0a46b1d5-22f1-4d4d-a07a-c6ebac258a60
c7ab6503-b95b-4a8c-b961-f1843ad03cdd
9c6f94f2-a8af-450a-abe1-7b0831374c48
2ce41c34-94e3-4988-af50-5190f5a962bf
cf7702e9-9135-4b24-838c-825af0ae4143
98304231-f573-419d-81ae-f25d0dfd82fc
299e3531-cb40-48af-bb4d-7a27148c2371
19aa3614-e733-4137-bcca-94a2b13a9201
5a71fd68-56d0-4fd7-b757-05cdefc5e861
f0b4a9c0-6651-4a21-a002-d20cad58564e
f68cce8c-59bb-477d-9765-e1abdf3c8e14
4573be95-8da5-406b-aefc-a21a2e802fcf
1f0254cd-6404-4922-b825-4d4ebac21e1c
f3578c18-ba84-4987-82de-b52a327f47eb
ed3639d6-9a4a-484c-87ef-8dcc7c8d23ad
6a637dd9-99b7-445a-bf63-2eebbacc942e
c87282d9-14b4-4c87-bdbb-8e0244ee0aac
b21f013d-2c86-4be1-90ee-4dde235e86df
0271f6fc-b6ea-4b39-9006-6071e7e9956b
74b614d1-7804-4023-9961-aebb8fb7b1ed
2d81a6c4-2838-41a8-9cbc-eceda6bf22ed
b4d621fb-d8b7-4bca-bbc0-d07f5c6bd336
52e4e501-ce7a-43e6-b154-c9e09ace846a
f87babfd-90bc-4cc9-9fb8-cfedae30fe23
6f972101-5e67-4fe2-9815-fd9fcb082740
d58ebf0e-9d02-4361-bc9f-b8300c762fe8
158dce5d-f018-44f8-9bda-94a1db89628a
71a6a5d5-fff7-419e-954b-d7d800efa3c3
52adb112-2bf4-4f9a-8545-297d26891d1f
49944a46-ee68-433b-a573-1f5be53bc1eb
4070e5b1-c196-44af-87ae-759f8f70cc3d
e6f6f005-47ca-4e71-a30c-4494d8792596
b2914994-1707-4659-a070-4dc3c1be973a
cd5a41f0-0222-4f70-b848-4c937224e22d
2f305a3d-a25a-45a9-97da-665fea3225d0
2feecab7-b3f4-4566-8423-102b165fb2da
230f00f7-90e9-4894-9673-008305985c43
f3bb27eb-adfa-49ff-ac0e-4cb6efed7fef
473f9721-d546-4eca-a3ee-b765faf4fec5
e7711313-3d26-4708-b7a2-4da644444983
df0f5234-4312-458f-90df-ce88f8399ad7
0f1a97de-7adf-44a8-b980-827e3bab5db2
b9763ee4-cf7e-4cb3-aa21-32d4cb94941d
daa7f45b-5377-4125-b76a-3227d9f68c21
426c7f33-f485-4d1c-828e-88cd02541735
e0a1a2b6-9737-4bf7-8215-38b34c3a7222
c4016ca3-a895-4dda-943b-3fb01dffce0a
e761d519-eaba-4513-8fee-698021addd1f
558af83e-a507-4feb-8bea-9e0759d3773f
4d2ef07d-d5e9-4294-9248-ddd429537f70
6f2d89a4-ffdb-4aa6-a15d-31c5e5de62e9
8ac55f1c-3c73-4994-ae62-451ed4f81360
fd20a09a-8ae5-4313-9446-dc652a1b29ab
ae1df2a2-e2f5-495d-94d5-0fb72e144404
956ffbe6-fb5e-4a74-bed7-82d9f13dd8c4
f821ef11-cfc5-415b-a6d7-22827381cc0f
51bea243-a67d-4565-bd24-02e8f7ca7079
e169aab2-0463-4ede-9599-a674d57c2c07
8a61cf0a-cd4c-4cf2-8764-233c1d30f963
36d2f097-eb64-4ab9-ba4b-aa03af55cc25
bda2eebd-dce4-4a94-9a6f-a996f70ab0d6
418a4473-acf5-4403-8f06-d0789a42ca3f
e933be0b-bd86-4f61-bafc-a398cb19c581
a801dc8a-46d1-43d7-b40e-04fb6ead5e33
fce9c917-ddca-494c-866a-5db6eb9ae4d8
e0a38f80-2e93-4271-b0c1-cf4ade1a877c
02f2556f-074a-4f3d-aa42-fe0ccea78520
5a1134ba-90ed-4164-9a54-2e235b5f75b8
20a83b1d-0421-44b9-9ddd-bf1efff321e1
c815b01f-db15-4005-9f02-07e3922815d9
f8879ca4-7cf1-4a3a-acea-742a321fe115
ec6733c5-4b9a-4e3e-9523-c74266b0085b
98891a8d-a1f8-47e2-8d85-b84e1226c258
b8c47604-d326-4369-92f6-e4a4291d641c
0d9991c8-ba68-44ea-9e71-181c42842c36
41216203-5335-41c4-aef3-d4bb8414aa67
2d74a210-9318-4544-aede-bd7f7e9e36b8
6132f824-e6c0-4b2c-a0dd-3bab4029ba64
2bb48099-633f-4f61-96e3-81f03544fc9c
39d187aa-1173-4c1f-a14f-dbe8e0af9fb8
a0751fe8-5f0e-4b1a-9e5f-022ba3fff439
17d6ddda-6cd3-427c-b2a8-bb047c63e5ce
54f16928-7438-4d00-bb7a-3d469174113c
3d671a54-fbc4-40dc-b9cc-857a7e64112e
99a65956-eb86-46e5-8ec6-dea2895abe61
c3bb3920-81e0-422d-a6a1-f92a16586539
30e73cf3-68fc-4981-92a2-5b06ac160e56
f99e1dea-f3dd-4d20-9678-106edf1d60c7
a1bf6c77-bbc0-477c-92d0-fc5662164106
754088f7-6182-4d95-95bf-5fd69d8fa370
10504a31-5939-421f-9454-b5320b562ef3
69adda58-71ca-4c13-bbbd-d29e0586e9a3
b4e08aa7-16c2-4ef5-82dc-bcb0ee8dd9c3
0c4625af-a958-416d-8668-4d20439cdcec
2175208d-b1d8-4078-8453-41bbdc661ac8
030f3049-6d41-4c78-b8e0-e5c38ffa9dea
4ed1cc1c-615c-44c5-8416-582418838f35
271affbc-9775-42dc-920f-2de7e2d2d13d
64b34521-7887-4747-a45b-f385e81f8217
1134c2a1-1429-461b-b7cd-415b8984fe73
36cb13e1-74b9-453e-a1e1-35687909c3d7
ece1bcaf-5c20-4019-b24f-4dbb58962c6a
4e61dbf0-f65e-4b41-9a49-7657093a4276
75a0dd55-125c-4af4-95ff-f46b60d35cec
14d78967-578d-402a-be91-f655079e1968
3fb67c25-f97c-42d0-94a5-d2371d9e05dd
8e3f22c7-2946-43f0-a423-6ebc0f072d32
f218288b-c0e5-4488-8858-055d4a88491e
0d484062-158e-48fe-b9cb-9a76da2d7eff
0f4250aa-07b0-4561-a19a-240f58aa3362
391dd9c5-62ea-4604-aecd-82dc4fc42d89
d67ba36d-c98e-4a6d-8e31-c4fcf42fe01d
ff0e070b-8325-4ce4-9cf7-4f77f74f35ba
560cf416-579a-45b3-a064-4e2f7c6b4d79
914fadd2-3a06-418d-9e4f-9523b9699af8
6c13df90-9cb3-4105-8013-54d940cf76c1
fcdad9ed-12e7-4341-ade9-b935a97072be
7a02cc21-dae1-47b5-8d9c-f23f518dceb8
77edd6f7-e945-4f82-adf9-e3f85c6fb93f
98702650-e53c-4656-ab76-609770c829ef
ecd2c542-3fe0-4a7a-8ac4-be4d6b1911d3
e6df2181-765e-44e5-b5de-391e74b1daab
d9ced62d-42d2-42a0-93bd-7b4442a341f5
8d46791e-91ef-4455-90f2-c1903649446c
6504a45c-6f9a-4286-a436-630c9ff234aa
a6d9481c-1957-42fb-911e-2cb976ed85d0
78b93a08-b018-4977-befb-0afe1a3eddd7
7e242a31-fea4-49a0-baa6-0ec091576173
1f6a9cf6-16dc-4e0e-9978-167a4f2f7a97
fa9bb905-70f7-4f8f-ba6d-1972c4f649a5
6d056eb5-1001-4400-9012-df9549b8b5ed
0e564757-e4eb-455f-85a1-9e1396d1bad5
9382c336-76ff-41ba-b6bc-16234d618efe
ff10939e-a42d-4a01-a5ad-3e91579914f2
e77710f6-d27e-4dc7-9c73-dfb9942ee964
3f84e717-f4c4-48df-9d79-ebeae0170325
d30d7454-af13-4444-a249-6aedce776e50
533f7157-8783-4f3c-8c54-3673b8976475
f7dba90e-c87c-43a4-90a2-95230698d5a4
3c9487a5-163c-4858-8c1c-8df58fb4b09c
e1ceb209-19b1-4ad6-bb24-78037beb166f
da1b9b75-0a7e-4457-a65a-095b6866daaa
52855458-a6e3-4f60-b08a-681a6e3dd64d
741e62ed-f15a-4311-baf4-deece6d0829e
436b455c-82e8-47ed-87dc-cfb33b743cc6
0b8e216f-07b3-4c85-ac27-ee873c52ed5c
fd3d1ea8-537c-4843-91cc-00cc15dd17a0
a083af7b-91b3-4112-8906-62422650763d
90e3de27-5253-4416-8da3-0a112e76b9e9
bceac54d-d2a2-447b-881c-5a0d51ce4c23
e660bf9a-333d-49c6-8144-1232c918bb59
4263e28c-b453-4b59-aba0-ad0e1ff03406
168df539-225a-465f-a6ed-a2c88f6d6055
aaa9a8bd-c8b9-4cf2-8a2a-b950fac38801
721dc01f-e7a5-4ed6-8893-b220161abde4
096d61d5-3116-43f7-957d-358fcf1183ae
a264390c-0b0b-40c5-8875-005a73f9dd2b
19825923-5bd4-4025-a548-da2becf3269d
0d09f533-a2a8-4e8d-8ed9-32245391e883
d004b17b-4207-4186-a928-9baa7cf28bde
43b15335-2624-4385-837e-d251866e8049
a9074d66-84e3-40d3-9aab-c3831c010530
d9e8dde7-774d-4cbf-8f21-3d83c52a3b3c
17249b36-79f1-49fa-983f-b71362c9f947
8df90d4b-faac-48fc-bdf8-48bb8105639f
d2025aab-9af8-48bf-a673-419ac6f491c9
90934b20-7061-4c2b-b4ba-7fb31b7b3f40
b4c3b8f9-d433-4445-8aa1-61ab9268f4d3
f830c3b1-9d6e-4fdc-8bcb-470dc7cee7c7
3aceb88e-759c-4fed-a821-fa5b5f5e4153
ea7ca4eb-c930-435c-b81a-fac94b729fb8
96ef30b0-61da-4dcd-8a1c-f5996f46003e
5322732f-9c22-4fdf-82aa-83b4ac09b49b
322ed791-b8c3-487c-b65a-4da79cd8ef4e
fea03aec-945f-47f8-aa91-92ceebf77d72
28171264-e433-45ad-9941-6c9e6692952d
0163fa6f-b991-40a7-993f-83748c5e5cff
3354d851-c6cf-4933-a598-369653ea2992
5d7a83cf-4cc2-474f-a58a-d3c59307f95a
2cdf5112-1cba-401a-8167-e8828317d188
e019e798-0d26-495b-8d1f-c15aa58ba21b
d3084a74-d7bc-433b-a8d8-321ad778f84b
132060be-2ba5-4dc8-bf31-5abba34efddc
faa55a6b-eaf5-4fb0-ba47-772d75975fda
48d5c8cb-a693-44db-8acb-db14c3d3eece
51446551-2915-4b52-b28d-ed31b27ca390
9ba9828d-cf77-41f1-92ff-b39dd864f504
a02db17e-6bf1-48ad-aef3-efb9a3974513
cfdf64b5-7e43-4a5e-8f07-4da8cdd7698a
1c794878-d665-4aa6-80c2-4253b5405cbe
44ebec6c-da3a-4614-af10-ad852b0a2568
b153d456-996a-4ab5-9327-e663e47e78ef
d898a345-bf6f-4a07-8549-2cbd55a5d1d5
f10385e8-205e-45f7-8a1d-e66edcc66eb7
e1cedfd3-c4d9-4d89-80df-7f02a0d75407
5cdab75a-558e-46b8-b551-b320dedf0ef6
af656666-0629-4d71-a441-4902f33dff59
7b6c7223-4759-4ed9-b210-8dfb7c48a0c0
8b3b3887-5a4b-44d7-91e9-4d7e15098131
a4df979d-c36f-4f43-9678-072912bf6a11
3e377113-1f34-46b9-b2fc-4ae6640c7967
b80c9d16-0faa-4191-8d3a-4d1e5585570c
cda3e7de-3cf4-4d3c-984f-93a18edfc8a4
fb940339-492b-4021-9d8c-e98a0ddaf8e0
f3336032-a228-4a24-b2c7-9ad006007cd4
803b0c24-c87e-4ff3-9ddb-491a7164679c
4fd56b15-a835-4870-96eb-0abd4df62e6a
2ca78153-b6c3-494f-adf7-dc0f41e615b6
e6c2c338-44bb-47b5-a835-658eed4b01c9
6815c22c-ff4e-40ae-bfbc-ff4606c60aba
51649d56-8154-4ce9-8108-69f9517b09bb
48c1c280-127b-41e5-bf69-369cd4d57365
424f44f7-cfd5-4284-b81c-f98b3b7f3b98
1bcc1fc3-925c-417b-bf26-b6d6ea2e1943
80db236b-81e8-43b8-b318-463cfdde4b6b
490000af-fa9d-4ae2-85c3-57d75b7cee62
85abe0be-1f0e-4b27-8257-997ed6b9aac7
04562a5c-0725-4db3-8782-48ec6ee8dc13
7982fab4-dfb3-4dba-b20f-5e856886beeb
f23ba178-9790-4d1a-b762-81e97e3a75f8
525c0888-e334-40a1-a7c4-665818b34198
3b7c80de-a12b-4b9e-9609-e0212ce7ec9d
e96ff2eb-a95f-4e3e-ab7c-0ecfce9a4f17
d68d4424-f32c-4f31-84c0-ef6d63f06b90
865215f7-3b52-410a-9cca-53dcf998409c
e43c43b4-22e4-40b5-930f-3d77d739658c
555f0533-b959-4155-976d-08f9e4181cc0
f1742379-79ea-4d0a-be38-0d6d131dc052
ac6c7cb5-ef3d-4e55-9377-f6bbafae10f0
5d61abe2-1b8e-4891-90a5-68fdae51084e
fb8988cb-df93-4c1f-a4ef-5345cba06f78
c8b8823f-d859-434a-a203-acf6a3fe1b65
c17c6b2d-1089-427b-a028-556694228213
55630337-e108-479b-b9cf-12c2e151c0c9
896d555b-e507-4d1d-9eeb-9bd7a935ed24
4bed5b85-1b5c-44a1-a760-659f60c3a77c
a0430068-d227-4f65-98e4-f14b7e11cb9e
54827d29-8f66-4b5b-8016-f8121e7445cb
33564ff1-59db-40c9-9d76-ac3a5d7477b1
189a2fae-decf-4502-ad8a-c5c081c36bb5
d87654bf-afad-4847-a7a5-ddde90c418ed
87ca6c8b-2046-42f5-9832-7c6f28b361db
0d378870-d100-4535-aca6-16b98e13a55d
3bc937b5-2045-48e7-9419-2a9d203fa922
8d763a93-9db9-478e-ada8-652adda35e71
b043d5ee-ff3b-4816-abdf-c8b08e172bb4
776032f4-3109-421e-bf71-9b6339662fe0
9717f426-413f-4970-a38c-c8b57110ddf0
6ec91ef9-c063-4883-b98f-977198259612
e203827f-382c-4fe4-bb55-253f3f33f82d
914b28f0-bcf5-41a2-9460-b903d9019cdd
fa7342fd-b6bf-4bfa-a308-5e2e19fc5fbd
c331bc79-d4e2-4c2a-b359-d8c49330395e
834ccf91-4ee8-4a6e-ae34-ae29f9444e0e
c56f4b55-5e3c-4e91-9411-df40185d3cc3
acf2ce39-d324-41fa-b72e-3849090100f6
7693354a-e94d-459f-a80d-788da4220cde
b041818e-b85f-4e76-8cb1-2aefe93666ab
97de8141-f521-41b7-9de3-ab4259ab7774
e3fd17b2-7ad0-4ccc-bacc-b7a5fc15826b
b8a4b5df-63bd-483c-88c8-3801622383c5
377368e1-9eb8-4d76-9d3d-ea1f1a968a49
6b634eab-32dc-4fce-89a6-627cf6f53ecc
341df016-51b3-4dfd-b5dd-8c90525cbb4a
d14cb6f8-7cc2-49dc-933a-6ac812c22c8f
1b23afc1-074a-4f91-8e5d-3f362a11d677
122f33fd-b3e2-48f1-8abf-3188499bee6b
2e2f4b9a-956c-41bf-9877-6ddeaba3c06e
df5040dd-9cc5-494b-aec3-f94a81d5b788
dfbb0e12-c89d-451f-9996-c862f7d8109c
ceadf323-d0f5-4da0-9273-9dcb51c564b5
e8afaee4-f593-4e98-acba-ace520c76787
3c08adbf-0bc3-4d82-a68e-31b2fcc33df3
981d5619-b689-4b5a-a873-0c8b8b7a5ef1
987324a4-e739-4da8-9e69-94bc98e4b8b5
e7be8445-9adb-43d8-9738-9e3eccee8968
64fc284f-b487-4bf5-ae82-e9a9ef2f7390
066fa609-f2fc-4f9c-95ff-689ffeb44acd
232c0d35-cb0c-4262-ba0c-3c24f13fae0a
341c584e-43b7-4d31-ad54-097ac0d61223
56bfa23b-1cca-4524-aeb5-73029274e616
0292bc94-2891-46eb-90d6-2e8d3bab4c57
d5ac7ca1-4611-450a-876f-c27bea8c033c
2e77bd5e-5d28-49ea-9e64-085decd8efa1
67f6a216-2be6-4078-ac04-db82213982c5
1ed71c59-71b4-498c-8051-1486932f6c91
d34a12b5-7f08-4bbf-b101-883d1ed6793d
d404fb7b-8409-46b3-ae83-880758763743
0fd6d60b-3318-4f97-a7fe-1b0e65329605
acb1fd01-fad8-427a-ab0b-fe062d0ec447
431dd662-cffa-405c-bd15-ad9cb6c98162
a3921d57-dada-4cb6-9478-5d739c508d6d
3004f0fe-ff56-41b3-a9e8-3a9d0274935a
ce8db52b-e69a-4b1c-96a7-01e378af51be
fd83ff9a-fb6e-4692-82b4-6e514d382933
77334579-f99c-45fa-8fb8-4012b8ebc911
809db2ba-869b-4252-a9a3-1039950c0871
4206cff5-b7f0-4217-bd06-d95a8992ea07
e5ae78c2-9d6d-4c33-826f-3061e1054fb8
7b6382e1-12d7-40a9-9e8c-9ef750e58e81
d8343f42-dfec-4d76-87bc-aa7767ca21ec
7b2ec964-4d47-4f16-95d4-b6b7d228a594
9b53df6a-ef91-43b8-9c63-3e0459893637
e1d8aaac-26fd-442b-92ae-1635d7b3ea34
3411ad51-9d40-43f9-83e4-eecbd89ba0ed
6c1abeea-9fb2-419c-8aec-e250c858329e
1127abc6-7936-48bd-87c5-a6e66ddbffd6
dc5e5d68-df6a-421a-905b-33f10ef97e49
25e088da-72f1-4ea3-84f9-c6482b10b4b1
e4c5abc4-3cda-4854-8d00-819c33a33ded
0ab9b73f-be67-4b38-9088-2c518db6f9dd
af9a5ece-a8a9-41e1-9b76-919d9b3a6f60
157ac631-4fb2-447f-830b-58ee697fbceb
ca9bcd84-a8fd-40b3-b591-16d6bf5dd9f9
d00916b3-e8e4-4111-b6f9-49a5d2471f74
e740567b-2300-47df-b417-ea26a86aea9b
adc000b9-0a03-4ca0-b549-32ce58620d66
a24c0ee5-b275-4f63-875a-02b03bd6efe0
7faa0661-e65a-4b56-8c3e-cc2bba544ef0
d60ee277-68c0-4a96-a96f-d812c35a2836
56f79252-ce54-4448-b57d-03507d9aacf2
504cd067-644a-42be-b354-a1a1ec2fd069
48a8423e-fb01-4701-bed4-5e1a1d86952c
937c64d8-d622-4ed0-af78-b719067aeab2
480f10dd-19e2-4fbd-8f49-90b3d03af6c5
20be1e89-c5b4-4883-a508-958da09ec129
26e3d263-0e3e-40df-9d35-8d16bb7a1445
c1258332-1829-4404-9c69-d82af368da99
221c3f9a-d561-4fec-95da-36e6f5c3dd0e
de7fdc18-8352-404a-bd44-65457749aae1
49859e5d-5e34-4ec4-a17c-f96539baebe9
b22edb80-74e6-4f09-89b1-79fec68ad34b
8d236074-36f0-44f0-a8b0-1f66e69dbbab
545eb62d-c879-4743-bd8e-0fb415c257fe
3a9f03ad-a3b1-4698-bb1d-82ab86b2f724
94f37b99-7be7-4a08-afd2-ee2549002455
15696c4f-f4f7-4e43-aadc-8d489553eafb
9e90bd0d-370b-4850-8f39-b9e7d0b9ef2e
b25402cb-45f4-40db-b1f1-b705f75156e8
1235db6b-7146-4378-bc19-6b964d528289
25034eb5-303a-4ecb-985d-760a3ecdce03
148964e2-ea5b-4114-b438-a01bca16ccde
2b5da6df-0a3b-46f6-97e4-943c1b7e511d
23004f38-fabb-420e-b88e-d28e6266218a
f2fe03b7-0f7a-4a88-b7d4-6ddb8d815280
87a5259a-2feb-4ec7-a426-94358cc050b9
30c5b5d9-6c1a-458e-9059-0838e0572b54
c33d2a28-62c6-4165-a11e-9448e2e7fd2c
810cc125-c8b0-48fb-a70f-0642407e1a52
f7738bbd-bacb-48ca-a36a-d9d50edc0979
5997abff-c722-4c18-9df6-685bc77bd879
948a8bbb-56b9-4a74-8d0a-c37e094c33a9
4751b4ec-0c5e-486c-965d-6929b66b212d
8ef58664-5b93-490c-828d-22b4b7f9619f
4f74807b-3c69-4da2-aa97-d5d73744f043
93461be7-30bb-44ce-8500-8be3dde66478
380b784d-8e12-4b4a-9f69-7fe1a3074ef8
59bbfced-0e7b-4779-9303-9fc23f1b652a
4bf25944-43ca-44ab-94f1-169847ec2a79
05cf0fdf-35a4-47ca-afaf-4cc36f8e2203
1770a125-94f3-48b8-a620-849d1008250c
3708e1ba-0e9b-43bd-b9a1-a4e3e91fefee
7505e87f-92fe-4c7e-b4ec-efdac1835c3a
88282984-f38b-4a73-b526-c77cd4fd0bb6
7b3d2d34-55ce-49b1-91bf-be6e2ab1113e
727b5ddc-fec8-4dfb-b578-34446597ad1c
1808f07a-9df1-45f8-b192-11c9df03b8b8
1b45784c-976a-418e-99f1-9bcfd2e83b09
c6fa14ff-5191-4e8c-906b-9ff7bb6171f3
e1d9e1a4-7dc6-4035-aa38-83901916876b
5f342b17-bb39-4096-a17c-50a8813ea906
9e94fac7-001c-4296-9898-e3e7956efc87
aec87da4-08de-48ab-952b-e7818cead504
0d41918b-7788-40b2-9508-deb8eec0380c
5971dc75-523c-4d15-817b-24711975ab0f
95e3327d-6441-420e-980b-5a1939936912
9e6dce7e-3edd-45bb-863a-20cfab6f7257
d5048a27-396c-450c-beec-ae97737c443e
4e14d094-8ad4-4e89-b744-500e1fd36cf8
9bd5dd9a-763e-4fe5-8dfc-a5db15044615
843f9ebc-7721-41dd-afa9-8f179d7f430c
7ed6ee0d-f508-45c5-b0e4-9da421ae774b
046a079a-97f0-45a5-b4be-5d79d2635e76
16632c73-1ddc-4067-822e-5e5ca9b080e9
3b7437d9-1efe-41fc-8402-4c79c8064733
7016fd76-db44-4206-9208-258954116839
6eb6b107-6ff8-43d1-b09f-e2b42b16f13e
75e52107-2348-403c-964f-e129e7ba909f
01b082eb-c98d-40d8-a7d5-55192e6edfab
39667962-d5e9-4060-b511-986098ae0c98
71b95ffd-c9c1-43fa-8e79-b9bda3fbc115
9bdb23f3-eb5c-4aec-91d9-de2af1299212
b0fda4f0-b729-4122-be6c-3e48477b5cff
568ade35-c12d-4614-a748-37013227cd53
773c7f2c-5b98-4a04-a6e2-53a1b03ed6f0
99e3f5c6-1e30-4be7-a02e-bd3c8614eb40
3a489ab8-31a6-4ecc-b3d6-917350942302
4164a6b8-3caa-493f-a43b-94aa4f880893
47f82bd7-3855-470e-bd2f-21c9e9ed3828
fe3ffdd4-4fb5-4737-921d-347fb97c9334
a4dc0231-ff2c-42b7-8cbb-238fa0265e67
7bc3f532-0562-4b23-a134-fb14908e1b7b
9e951d45-3c8e-4b7e-915f-93c5a3680d36
504185ed-2cf5-4733-92a8-ea4abb704d41
4689cc7b-92e8-4c2a-8df7-bca34384e96e
0328116a-37cc-45a7-b1f5-1bc7cc4745b0
0b4e3a79-6d47-49a8-bf17-8a777c75d5d9
2b8c67e4-da19-450c-87a8-a19944562375
6361f3e1-e467-43af-a107-a8703752609a
4265cb29-f690-4986-85f8-5482a1de77f5
189839d5-7233-4804-bdec-92f2125257bc
5f78dd3d-0109-4170-ac49-bb8d7123818a
de0bf1f5-8923-471e-a621-95ff8518e63d
d388ba37-94cf-4fb4-950b-b08d80274b01
0baf2ef0-fc02-48e4-9220-2642d8048543
f9fa5507-e1cc-480e-921a-d965ec0bb05d
4efe49fa-69f8-4b78-b29f-5eefb7cd21aa
acdddd87-be1a-4821-b2f8-ecb292aa020b
0fe5a03a-f25e-4413-a8e7-20b5f49800af
0dfa0e20-cdd6-4637-9468-98c64a363b45
43a93d37-f0e6-46ec-a64d-ca5107ea2af4
23fecfa6-fe16-4d35-b3a3-107aec0a3891
b4720a8c-a6c4-4e08-9a64-7cb928f883fa
63728e30-53f5-4a57-af62-49d0ddcf40af
46679bba-eb9a-491e-929b-82a3b5cc0a93
584c5a8c-4f8e-4032-bf9f-0688da3095e9
6986a87f-bbd6-452c-b71b-f3fd3c965098
378be432-e3d6-425f-8df7-b47fda8b83ce
12bfc067-4ba7-4c03-b5b2-22a556485325
4b1d5d2e-e2ff-43dc-9fe8-ae21fbef46d8
6b397951-e74b-4336-b088-fa6ded9c888d
8c9535c9-06d1-493f-bec3-eeafc1cbbadf
24fa2641-ffe9-4e96-b58f-6c62f3a4e308
8e15b10f-165d-4f4e-a149-26a1d08a0c8f
d5f9202c-3a3d-4246-9705-cdf8347c237f
a3283e07-c7ab-4e8d-88ac-cef0dd928e94
42a3fe9a-850f-448b-96c9-996f04277f60
84c57f1d-6c07-4ebe-af32-aed563fa0c13
ccb42c88-71ac-422b-b6a7-d7c95258444b
6ee25265-f39f-45e5-8e11-a899d50fac2b
d92018d7-718c-4369-adab-210a124df816
d5e10c09-0c8e-45d1-902f-493142492bbe
a32a0563-4d36-4788-bc10-1ed8d47a6507
aa60aeca-65bb-44b2-b9bf-4b42998d474b
64d5d17b-07c2-4701-a0d0-4dc151737910
0468ea8f-c5b7-4a83-8b64-4c5cbd11e0e6
3e619cbb-c209-48a0-81b6-dcc0ea6fc868
70386ee7-0765-406f-8c41-bb8b31f36b88
7429b6bb-60c1-40c0-a377-c232709efd50
683de17a-9d5c-405a-a967-3f657701160d
2cadcb7d-fbd2-4d0c-addb-45ccda9724d6
086136cf-d017-4bf6-830c-e740cc105fc8
133a3444-c95c-407b-b17e-a83109d0938a
8c879f6d-f5a7-47ba-8a8c-d942e096d4af
80e36f16-b437-4321-af52-b7e5420df21f
c2216ce3-9b0d-42ea-85a7-a1f723c79114
82c6290f-432b-4e86-b20c-e5f769d1c61c
ad5c5abb-dd12-493c-b26e-f1f2d37f17de
5066010b-932d-41ce-aa60-90fcc2af8107
a5789b82-468e-4cda-9399-cc5b8e579c90
8c2b723b-4f37-4923-a647-691c36db09fc
91ec4176-a734-4031-b49a-5b3885c2ced8
47b0f43e-3448-4ba2-bfe4-407f7e328c49
e514fc22-7d8c-4e86-895e-dd0379e2cbb4
3e0912a4-8884-47e6-b479-7932beb78037
33ddd433-abdf-4f75-a322-179aa044ba50
660ad0ca-a8f8-4805-8e53-e745475ff120
67542f77-b2a3-4047-8b23-55269f6acd46
d383a2f9-5c00-4097-a2af-651eb16d26dc
84010438-b4aa-4760-9aaa-27beeb80df5a
61a28cc6-1a03-4396-b4d1-144af763ee0f
065f97f1-3bee-4ef1-8311-a04ae3dcd8f8
30a79be6-96ec-4249-a88d-a6b30a06055d
d2ba4500-31f7-48e2-83d1-563a779849be
80c53227-8a41-4b06-8607-f3137b3a18c9
185534cc-0a92-4777-854e-4854f45ab0db
88c39660-f7d4-4188-b8b0-aa37202c05a9
f4510e84-25a3-462a-ab7e-01eedfb11070
889f5f52-994c-48ad-9761-10a3220c7a79
2a7106a7-d750-4901-b225-b5aa7565ba60
23dc7b2d-05f0-4f1d-a8bc-27a2c7dafd33
402eb499-6131-4d24-9cf2-65c8e81e151b
3768b343-024f-417c-b659-0e1e37ab4c5d
1e86c1cf-8dd0-4bfc-8ada-9aacf3ad3f78
06c85084-0140-4168-86d1-674b6d149d9a
73bf9f35-c354-4df2-a876-1bcaf423405f
c1236c76-9926-40f0-a452-22ca42ecf345
5b704d53-0183-48ac-b032-7f7469910e0e
f70681fd-fc8b-43be-bebf-823ee64fba67
261533f7-4408-4323-a109-421ad3b3e1d7
6bc74427-e056-4bd4-8a96-261a89c28262
ad446317-3de8-4c1e-a7d3-9f2e7cf77201
ff018b76-b60b-474c-a20e-9eeeaccf39ea
a6f35bb1-cc28-4286-9696-86478d2b3c2d
308833e1-e433-42bf-9937-b43c019bd721
1e12d7f7-e177-4238-8cdc-68c9d832ca81
25a09bff-ca49-4b2a-9e7c-7371f612969f
2940d5fd-8a8e-4fed-9a6e-e0b012d019fc
45f00f69-41e8-41bd-a28d-3bbff3076789
71e716a1-0342-46bf-b3e8-760bcfab3c81
28b6494e-b7dd-48ec-83b6-f41eb9b1a4f1
4a4ac262-e976-4cad-af53-2b3bcd60ac17
134d3a1d-704d-4d5e-8402-41ffe50ee317
033202d6-3f49-48a9-addf-2089fda350c4
39a635fb-2b3d-437d-a221-a6bfd4398e78
e7647ba7-b5bd-441d-8b71-23a880449d78
df8bdf22-966f-4cac-ba1e-c2e54249a712
f17e0302-24f3-44da-ba9a-e198dec2f116
f7e2fddf-08f6-4fe9-98d0-a40ad52b69e2
8fa7640c-2296-43c4-b6df-938e34435d58
bc361ba3-fb77-4ee0-bba4-df831a372181
15be70f2-a8f0-4426-8260-502799a632be
df7ec868-e124-40e2-825b-31da8e1d6939
95c4f171-12f0-4276-a239-c998e0d904f1
44ffdb08-fa8d-42b8-b73e-f1c7479d6441
eb58324b-3cf6-4b7b-85b9-04e63e28e230
31c9ed4a-df29-4bdd-bbdf-30dca1570894
6f44de6b-4098-4911-a8d6-ca34f52ee261
6b43826f-e0ae-4119-b1ee-409cecc848b7
634e6646-e2a5-4674-bf85-22bd69acd6cf
737aeae6-e86b-418b-b635-51f56bcb43a4
0b46b3ee-b84d-4fe7-8895-8469a098dd9f
72ba2771-31f8-4379-9d1b-12d943311421
c433e134-8dbb-4d0b-a3ae-44ebc41bcc7a
3d18da86-04fb-43a0-ba17-6009e3d30f3b
3d1d4b6c-94f8-476f-827f-de0a4b9479b5
940935af-22d6-4f0e-9c3f-e0fa6492fa10
5914b28d-8ecb-40aa-8ab6-d2dea83ea384
5e62e0bf-190a-495f-b43c-10040708d7a3
a948776c-965e-4548-a67b-f9c96fd5b6bd
3df27316-aa49-4c42-a1a3-610d6f79c12c
42964f7a-071d-4182-a0ed-7a8e21bc8a34
bb59e6e2-664d-4fa2-96e2-9f7595dd03d8
87b7b653-686f-4d9a-9a37-a5b1f43bc0a8
2a76e914-9081-48af-a935-6e55ea0e0dd7
eb8d7b2c-eca6-48ec-913b-25423cfdc6e9
61c16ee0-bc25-45b4-b409-9a31cc9dae01
4a5a4e6e-2a12-4e0a-a935-8eec0c838ebd
bc05a057-9886-4d54-ae1d-3553bbb53331
da62f7b7-527a-421c-94b6-f150e37f97b1
aba53bbc-d939-4818-abc5-50d1d529dff8
e0c574fd-adc6-4e16-a35a-cd8537ac5c8f
90b9ad27-7517-4200-9f1f-50f976ada26f
bbfaebb2-04dd-4846-a7a9-741166788bdd
fc132c92-f4c0-4d31-8add-6018880f520d
43bdcf86-8a34-4161-901d-fe5194075095
b0242df8-81c1-42f1-88ab-1ea1ac07cf56
eee284e3-5109-4e06-b0e5-47b1cd657081
6deb5151-c836-42ae-9394-266fbc24c464
5671b291-5b1d-40cb-b6a2-9bc4387bc847
3426282c-bd85-4bbe-8448-5e5a72ee766d
adb5eeec-ed6b-468b-bb74-178c32e4034a
40c76c96-8f94-4315-a11b-f25b9d2f6f1d
fc1bd0fb-a7d9-407e-8f18-e4ef32467874
331ea710-7c65-4b04-b32e-4651a878e5cb
80333ca5-c287-4af5-89fd-abb4a73abdad
b414667f-c239-4b91-a0d2-c3dd6e6d1c3b
d8c8414a-abdb-477e-9f55-9d2df2b91846
282726ac-3683-4d2d-a8a8-f44ae8476111
5dc2bdfe-7d95-49a6-b59b-f1b3695c63a3
cf9876fb-b9ac-432a-a30d-8f3121d2d32a
485d3e3c-91d9-44dc-bb38-6d9d939ae579
acec12f2-30df-48da-94c5-d3103123a159
67374f45-cb48-4fb5-bba6-a10856a15f10
1b166a3c-1b10-4b5a-9d4c-4861a1ee2504
cbee4093-91a3-4f95-b396-e62f41fde126
e786ed27-2b9d-4dcb-904f-f3b30e2ba0e1
d80801e6-5f3b-4eef-8d6b-cfe2a10f6a9d
5f8654fd-bee0-4a51-ad7a-67cfe2446208
273aba13-852d-41b0-812a-b6bee6aa1587
9552b11d-f707-4346-83c6-a0aa5b5f3999
b8acc449-4571-4e3e-a020-c8071475e533
6011cacf-f738-43c8-afb8-2c1bb5ae639d
ea995f06-c0da-4144-b01e-4ef2bc932a41
071e8c8a-a04b-4dac-a208-e5122bc0e617
75457e36-cd90-4665-bb22-637f38f2b32f
5de7a6aa-4763-427a-8196-4b3ae30dfdd8
7cc002fc-6e83-4712-b497-d0a33b251aef
83f22713-a2c7-4116-9875-a868f33d598d
a3cdc1c6-b8b7-4460-a62b-f5801f566d45
e0de4d77-f299-4e45-9d6a-d9e4a5a634a6
ec3955e6-fc13-4572-b749-7042b259c7e9
f5163fe5-0f78-4e1f-9425-3e1443da8656
1d5c6e4b-5258-4d9c-ae17-fb5f79b029c0
dbbb4d9b-8f59-4f79-82ed-ee215ea62c8d
eafe0e2d-8cdc-4360-b469-56e64d5fb7b0
34a94efe-9eed-469c-b3aa-700fe275f5a7
979478bf-3ade-471d-ad86-c01c38c34e45
a4006484-2cf3-46ab-9227-47518fbf9301
9ba36883-38db-44b9-b302-8aa93b6c657d
f3643e59-b0e2-47d0-874f-27ebd84a0710
ae6eab07-55dc-4370-8ef3-c9c644de46bc
a78ff5f0-24d8-4bf2-97f1-c7f3ff620c1d
818f0a5e-0b3d-40ab-aa7b-39f996f95028
f7772d7c-874c-4e3d-bae5-85e45abe7a54
f17afa59-f978-40b4-9786-d33596c5f645
a07cf7b5-4ecf-4c42-954d-cdb353f89ae2
c00ef890-5389-4a85-8ee2-53c51e81eb60
503b2127-34c8-44ec-9785-8ba419dcee52
f83b229f-b40d-4850-b725-b9d0d96b8b14
52ff260d-3357-4ef4-a8b8-eaedf7dab8c1
80a63e83-0e97-469b-9e2b-f02c746facda
b2dca275-6106-47cf-8c49-5d15106e1a2f
1674b37f-4e5b-47c9-bb6b-60bcdc1bfcab
722a5d2e-1de3-466d-bed4-2fbc313e836c
67b15234-2e70-4ed0-80b6-b28dfb44a36a
fb2d8c6f-c274-49ce-9652-f0a86cbf01a0
4d0e10d2-62be-47fb-b1b0-2dd5439917c7
d5e7ad58-b462-4c2e-8e28-6aaa03c0fe61
c5b48f2d-093d-4fa3-9123-c622c09d9929
c840996c-5d68-4480-ba6d-9fd8023fa3a7
58986190-bbfc-40e0-8572-95a8dd7fbaca
3afb49ea-6c42-43d2-9a71-91238e89372d
dc76ce21-7153-4a74-aadd-7054241cbaaf
650e0be6-0c31-4853-99c8-a8a01d060cbb
252f5345-35f2-4e7c-8d8f-17c497ccd5a1
9183c6bb-8e24-431e-9fd6-a6163700327f
a104a0a4-2c90-490f-86ef-d3bea402f585
87d04d27-f1eb-4ea4-bbe4-9ac872a9eff2
41b52723-2cf1-49ab-9805-54301178ae07
c666e529-d4f3-4e30-bb37-8c2da7a19c91
c8ec866a-d576-4d32-bed0-2aa7bf49a862
17a4c281-dc6e-4e9a-b45d-1fcc1b266132
40791ca4-a02e-4f02-9298-fa34ffaa452c
ebe69ebd-34aa-436c-bc4d-252973c1c528
12ead626-9e96-4917-ac6c-892c209a2607
37daa210-3200-496a-b0c3-e5e017adb357
80fb5f0b-5fe0-4a2d-82f7-d93e016f91db
1df4c636-4e90-4058-8af1-04222913d076
4bbf2173-06ee-47f9-ab67-fd880ea62b00
38df93e1-6d35-48ff-8e9e-1739178015d6
cdeced0a-3268-488c-8bf2-17b94e4e6e65
57d22b9c-a0b6-4fa6-854b-e93fda93a2e6
596538f1-48d9-4761-87c1-a4c0206fc292
43d3a5a1-4c62-4f4f-bdf2-7d6e9dbea58b
cc70a5a3-808d-43c8-a522-94d3659c7684
9de02ed3-2c9f-40b2-b1e6-a10b47c7f289
3a5f7615-e904-4860-9131-1ecec2e0f67f
fc7c9d72-03a1-40b9-97d7-aef990eb9ab4
55a5336c-84b7-42f3-93c2-e7cd4f89af5a
b5767930-aabf-424b-a66b-6348292a4628
d2a16a43-4a13-4612-878d-fb8692a714fb
39fc8a4c-9962-40c7-a038-c0ff18a41176
d7b0daf5-8995-4aeb-b4bb-341824a86fa3
def3f00d-7f3e-4869-919a-40135ef8d5ba
81ea43ed-4dd5-486c-9ec9-46c6c9b6e09a
7e301f12-f094-4501-9f23-eb93603a8dfa
8e5a834c-645b-406f-a4c7-3274a59c2c94
918f481d-7ce6-4e2c-a34b-059dfea29337
036ecb67-692a-420e-b0a4-24385fc76946
214dd098-0dce-4bd1-aa5c-242fd9e241de
2b92923a-51b6-41eb-adf5-681d3aa2020d
88fcb7a4-ca81-41fa-ae51-d0ee4a1caa54
12b3d2c5-57c7-4946-b568-4600a7fd5c26
4ab29dad-275b-4428-a0e8-ccba2cca8c09
679e3aa1-3d5d-42a6-abac-b8a1a02fa850
cdfafa55-34fc-4c4d-ab54-0a00536e3c6a
5cb1ca3a-a206-4427-9f46-2980511f7979
35e1db92-b1b8-4d3a-8336-d3be309029b5
ba3db14e-b396-42d1-b26d-7660e5b30845
cc850983-04dc-4d4f-976c-60c6f6ee8f54
32f899ff-89e4-4a84-8938-5556fc09e2b5
8a7d9c79-325b-4185-88ad-07d473311263
220d0bbd-820f-4507-ae9c-92807e72e68c
7491fda6-8f02-43da-b45a-ec7894994b25
44b7cba0-cad7-43af-9358-5507e3f7e86e
cbcbd2d1-d0d3-446c-8023-e9b540cb5c6d
3dfe617c-c806-4d7d-ba2f-234ed0e99d6d
b41d1072-0989-46c7-93dc-ca00d76ec1d9
5af7dfd5-0cf0-4873-85a9-feedf98832f5
5245eb02-e913-4399-9c80-fd81a2b02a6f
e7453219-1e27-4257-a2db-d2425fdef97b
89a1a55f-6b4d-4d81-af41-bf3c5dcc9bc5
652cc5c3-e3cf-40d0-b273-35073d2c544f
b6df3a12-21b8-4be2-9a3c-71fda89ba1a8
db3c28e0-3167-44ea-8989-f4143a88f5c5
e6b96d38-4d2f-417a-9e95-a6ff74eb218c
86f8f47d-9b2c-4fbd-a11a-46025c2a814a
41c64cb2-64a8-4fc4-9166-22f028cacdf0
de040e50-6821-4e3a-8efe-236bb09188ca
4a972e77-060a-4c0a-95d4-269458f80482
b14161f8-47c5-4c7e-982f-0b3de160fb5d
8395e53a-0288-40b5-8cad-4feeb372a870
20a6e180-e578-40fe-a347-485bef480d80
8eb7dfde-ae86-4dce-b0bc-8688e001a1b3
843d8884-0cb8-4a41-9aa1-a417845226ec
94853fdc-480c-4110-9e46-c40f5e45b50d
679632a9-3135-4245-a8c8-29c011a03a9f
b759ca91-8d2d-4381-b32f-35b3ea47ab22
0045f26f-2deb-410f-9f2e-1f2385f6c2da
d08ded71-ca95-49ae-94b5-3681bf35cc91
287e827b-adba-478c-9d00-e49b417c62c4
70dcd9b7-2ab8-4c32-951c-4cc4e84f998d
99103db0-5a7c-46ff-b08a-d6e86704d23a
81ca46c7-15e2-40fc-a227-3c0dac64699f
c04cf7ab-3447-49ef-8deb-91ef707432b4
ab4583fc-5ccd-459e-b19a-c1f03c6a8fd0
2dc5587c-cf51-4b78-a368-74e13b402920
b1f709c4-6b9e-48a2-80cf-f2ab1fd74e4d
805a9df1-fc43-4b9e-a884-213264a292bd
efdfbbcc-61ad-4d05-b38f-fec9a3f22968
381cde0c-a8e8-48f0-ade1-e7fe4692103c
8bdf6049-5d80-4f03-9649-9ff93e9c6180
d3af6fa1-b62c-4942-98c4-76d86a679bc4
b1dcac23-ec94-4442-8c72-4387f2d8dc63
6f9b3c67-4e92-4570-999f-08628021364a
94f8b16e-279b-4223-98a6-7c01ea014d49
42ca2913-3f28-4754-bd07-5b54714cf123
cea8c260-cc80-4ce9-b650-be49c35621eb
24162946-16fa-4f82-953a-92047d0592eb
198456d7-e62a-45a7-91a0-f3f43259f5a3
56bf0000-3ab8-4b61-b41a-845b83283ab4
5a601078-9603-49b9-bcb3-7e75a7f5d46f
7f27de62-0a72-4273-8bbc-87e77ad84126
7f28b587-09d1-4a97-a472-fa4afa181092
86f2680f-fb70-4cb4-a3ee-fe424c665dcf
192e61d1-f829-4435-921e-f249ce2260b9
4a817ff6-8a68-405e-a27e-f3f8a832f9b6
fc65dfc3-6824-49ec-8658-7ffdc27c2b89
3ba6218f-ebf3-43be-80d9-908a372e258e
834ff2bb-69f5-4571-adae-7fd4fbcad1b5
d6bd04cb-b990-4825-ab47-4e44837147d3
fedbbcab-b79a-41b9-bb60-8bad0a14a993
f7a9249c-4905-4a90-b0f4-19ab6c9ad5f9
f1660bbf-27b2-472e-a3a2-13bb08a6aef5
80aa0183-0413-4340-b428-ab8c094f816a
400e93b6-1ae5-4be3-9569-cc89c1092ffb
ce5f1fcc-ec08-4973-800c-db85d056b2c0
f78be47d-a6ad-4bcf-81fb-1bf63d8f052c
6e996500-1b79-4e49-ad31-e0734d144d6d
89475927-8906-446a-8fd9-497b345fbdfe
181bf40c-63a1-4447-a3b7-868bb905d17f
2020e4c6-3366-4453-a032-2c3d6e11cb1f
57b7631d-bcb9-492c-a54c-15ee023a24f0
bf5c129a-e8e3-4fbe-b2f2-b3b096d6a27f
7affadb6-a6d9-4114-b44b-933cd40195f8
965432a0-8534-4102-85b1-e2020b6faea4
d0524115-3604-4377-9701-c6c4d772c8e2
0a433885-6023-472e-a669-54363a3c8471
dd13644e-2334-46ad-9188-584a6bb2992a
203f72f0-ca90-4a62-9db0-5737004d792d
86b0cbcf-4d38-48bd-b9c6-f1fa6164a298
a00e7664-3931-4e6f-ba17-d55324cf7f16
8e832f5c-4b17-4d00-877e-22d5363239bf
0b39b229-c9de-4ec6-8c35-ee0b60419eba
0dc698c7-0fb6-4e76-b429-ff39fb4718ff
217d7da3-9bcd-47d4-844c-68ebb1da4f93
0a6b0300-bdb6-4c87-8726-41087afc6d17
cad74bdd-4f7c-4f5f-b489-3e11a3b498ab
cd14c686-ee1f-41f4-bc75-04bbeed37ff4
46aec85d-e75a-4d3d-bfac-f8ea6f3718e5
a48ec34b-5e21-4a79-a0b0-b940ba963655
e5894481-0dea-416e-a596-146ec5f0d849
574cbd22-2e35-4ceb-b9b4-313914c7d69a
bee0cb3a-1dbd-435e-88b1-e093cfe12199
f711bb62-a46b-453c-8681-d3185522ea50
afc7ed6b-e444-4468-af27-6a01bece4987
56c10589-cab6-41a1-9046-48c7dc02dae3
b7ccca0a-0898-4dab-98e9-b748d6bcd73a
21c60a23-8bc9-4f72-849b-d2c9ddb115c8
39e2c141-e430-4181-a67a-3841b4bfc5fd
b43571fa-622b-4300-ae44-e41033c2a3bc
eabf93af-6d2b-4838-a123-b40a3df9c6f9
1b6a7862-9aad-4941-b6cf-ee7d2aa4fb16
6eb2960a-d0a4-43b9-9915-5ba38f916f08
bf01835d-1291-49ac-bb3f-54c1a09d7ac5
7525ed3b-e1ba-4220-b2ff-f47fe095635c
97cd5f22-a1d3-4f9b-b6a4-6e82175c5b78
da685c95-8bd2-4022-b593-7dd8337980d4
778ff608-43dd-4b7d-8cca-908ff465217b
53c29344-e20f-48d5-ae8f-8058cf0b7bb0
556b8243-c604-4f9f-ab35-e9a80eaa6dae
ef2f14fa-9eb8-49bc-847b-439dacfc9e08
81d8f8ce-0bc9-480c-a904-d28ab72e33ab
a6ba3697-a81e-42f3-be00-fe0f34f90720
a0bb93d9-0d0d-49f9-9ccf-b816ee9a329f
370b326f-6710-48fe-9b12-e815a00d304f
dbe0926c-bdd2-417b-a62d-9ea3eb26cb83
713fde1e-7fe7-4302-adab-fe75ec7846e1
94eb656c-d7f0-4ef1-9091-410f06816088
2d859514-bf22-4e1c-995c-f15dcfc89c82
74ab3093-3455-4dfb-9c5d-6277bfe9fd64
845cf63f-feaa-4f43-9b71-d37526ee6b01
af6922b0-ce41-4480-ab5d-ee95650cdae3
0a9af823-10fd-477a-8b19-5149102633ec
9e1c41c4-32e9-4972-8d77-c4f4921a57db
e6621c7b-a25b-40bd-ba06-c129b00f25f4
a96f87a4-697f-428e-80d3-06c85af73668
d6be9334-45dc-4da7-a093-e1ca275fe139
2b1bde9d-11d1-413d-82d0-17298b020d5e
253934e3-415d-4145-b16e-5cd6da4706ff
c8a1c6bb-e50e-4792-969a-1cc06ddd42ea
db5bc103-d839-429c-9727-96daac3d7d8a
88105613-b195-4fb7-acbe-dfea1d02847f
57d60aab-b4ca-40bb-ba71-431e666c2f89
ac4b610a-4da4-4720-bd04-87d118559a29
0fd9a6af-11c3-4b93-91ab-5461a4e2d7f4
a31d7619-8754-4509-8c1d-4ed470bd0c0a
40e01bc8-a1b2-4894-a1dc-4d1c8c38a585
2c70b33c-07a0-44a9-a763-7d61be10e86f
cb19eb0f-36a4-438f-9068-4776d756660e
38a515ec-8f93-4ae0-8a42-f4c935a0afc4
a8c817c8-f730-4487-b654-28b04390836f
0b6c4140-9749-444b-acc4-947e090531f1
2de11c74-a8f5-4e94-b67d-b91983759953
25feb001-0f96-4fdf-997e-2172f5d13bfe
15a7f9db-af8f-4cc5-bde1-a322ddf3b7ed
084f6d1d-0a35-4140-b45e-4548e300bfb7
327779d4-5d8d-4cd9-96e6-fd9c65c659d2
20e8f4e8-f0f9-432b-bd13-beb159d83e58
f2922b7d-0346-4368-920d-f6451377ae20
5d35761a-4d1b-417e-b62e-878e1baa64e8
c034c78b-2453-4e25-9147-214a036a2f8c
822339ed-c33d-4888-b575-8b9498990d51
a4d36e9a-17b4-4db9-83e0-d832cf8b70ad
be3b66f2-0ceb-4c0e-b586-89323eb9380f
2a3f99c1-d96b-468d-8602-fbcb1611a1c5
2cfadb4a-7120-437b-9d65-033cd0d3f1e8
87a24f83-3d9a-4535-857f-f5d3e0dd48a0
fd33d626-80fd-46c1-8d8d-f90a8f051539
dab13a84-bd5b-4faf-854a-171aa7d9c0c3
000137f8-c0f3-46d6-bc04-d88681c37b2d
8113340f-160a-413e-a3f6-b44fed17c4c6
e5aa52c2-abaf-430c-842f-f83c9ea7bb57
23361a28-d4eb-48be-8ba7-166c9656a581
7ab113ba-04c2-43ce-a26b-dc64134536bd
a87676c8-1cd9-40a8-b23c-7f1c87406173
176a6d3c-1e36-4ad1-8b44-7ac88860e1e1
dde44c66-4994-449e-a627-ed521d130872
9bf20340-5a61-4012-be2d-19239d516b10
c0aaf4bd-b0b7-440a-a680-591c7a344a56
88a1dbe2-228a-4aed-bf42-0b13960595fa
717413f9-85a1-4f3b-a797-7dbb2b436611
ee4f8d83-e3bc-49d8-b3ee-cf327ecff266
fad1ebee-3f97-4e1d-b3a3-414ba1b201bd
da075b19-6118-49c9-b75d-5c52ef203940
2b026d5d-cfe0-40a7-a229-dda061606a1f
7be1e808-47b6-43ee-8e1e-db9f3c197515
26b4c09b-91d2-4ddc-b9fa-747392e0650f
464271ed-02e2-437e-8246-cd907203ecc9
08136904-393f-4abd-8794-2bc340567a37
c4fbef05-b94a-4d9a-85f4-2da1330e84c0
4747b0bc-06b4-41de-9f68-ea91f6b91160
fa655f22-fe2b-47a6-a8ce-39398e4624e4
5625b324-af90-4ed2-8fdb-289152dd6d13
fb7c0435-aa5d-408b-a56b-18963863a467
4753dc49-ea44-46c5-9a1f-0b102bc02cbc
516d45be-b668-436d-ac62-e1e5b9cc6bc7
15621659-334e-421b-8214-cbd792250a49
e3059655-ac5f-4714-8dbc-f1b8e650a2bd
a942d30f-f278-442b-a111-6bf0965c915c
bfd78ad8-48a1-464c-920a-e7ee5f8eaa56
271e5b46-db59-403a-99fb-84373bb84c52
61bc29b2-c500-444c-80dd-3ef19a1d24a7
574fa550-2e91-487b-8855-a04150aaafbe
0bbeb8dd-bd49-4a1c-8af9-636d1fd896f5
19d098f0-ba9f-4b89-bc44-8ee7a1243c20
b80d9da5-f430-4435-9370-2a34c05a1482
04fdc355-dea6-4991-bb06-2f7abfb4d73f
be9e959a-63e1-4fc2-bd6c-d8adbd460d42
7a363afe-fe06-4514-831a-002e2beb9578
98b3521a-329a-446d-bca2-5a21dc3943da
7eef1011-ca0b-443e-85d0-5871295faf10
598aae35-6b40-4501-b4c8-7850f7169733
6210c6e3-e9ac-4325-bfd7-e67f088ba64c
8db904ad-5e44-499d-93f9-728573dc9de5
b4c4d3f8-48d8-4fcd-a72d-671c17d8e4b7
7255f58f-0b80-4cea-b52d-465a730fd0ce
43ae701a-2363-474c-842d-ac41669365fd
f6a8e1cc-1098-4214-8ec5-41f7e2f6425f
eff92c7a-20df-4f0a-91f1-405d12a0e831
22e7e52a-921a-483b-9a87-9063804aaab2
4062e94b-eb04-414a-8c31-51883d7aaf90
c381e310-f6d9-4467-94cc-c937357d884e
c04c88ab-b23d-4e37-ae6b-d702bd64c8df
f7254351-4de4-4b93-9a8b-4b61cf19cedd
fadebed8-d95a-4a35-91e3-a752a5c752a4
4e02f721-4e6b-492c-83a6-b4c8bb05c43c
4bbab262-5e9f-4cb4-ad43-c4fdbdcbc27c
87b81656-7d5c-40d4-b344-c7ffa0b34150
9b1fdb63-2172-4b61-a3a3-5e08124fa088
d1bb4e64-775d-4041-a7f3-7bb345d5aa4d
8bc3d361-74b8-44e0-80a8-e254e73664e9
df33bc97-98cc-48c1-8496-4f7592424cde
a9552f17-d609-454d-a9c9-90d3ac674cf8
5ed5b90b-5e1d-48cb-bf9d-84dd56408a1e
ad7c9b8c-5583-40bc-ba6e-b8c996bca6cb
b7e228d2-23dd-4167-abd4-68fd69124434
cec55168-aad2-4567-9668-179828923543
e498d4a0-676f-4cd3-8391-53edffd10fe8
61180fbf-2d45-4352-a41a-33a74fca63c1
3879ba76-8678-4e24-b0d6-e2b0e0485fc1
3b06dddd-8f0c-44c3-9816-6ab18bc89127
71a50c75-ddc3-4937-8acb-db1c6a12fdb4
73fa539c-14c5-45b8-aa41-d4cfe661917f
286887c9-050c-4b5b-ba04-fb4e94b4b4e0
f4b8e7f8-908a-4a88-9387-bcd60ea399e5
f3bba29e-bc82-4423-a82b-72c1518f1f37
2251fd7b-0418-46b9-8e1f-acc4c84a6abc
df281334-fc8f-4f8d-b6f0-ec3742580717
9358f73c-b57b-4c86-9612-e66319772ced
4634dbdb-4e80-4eed-bd5e-08984d6abf38
bae75d0a-d2b0-476b-aad6-5fb72a13f063
2b113035-f5ef-461d-962e-00aa79b662d6
47504b76-46ca-42c3-bc83-53380f5fb1cb
e302c4d7-82d2-4ed1-af98-eec77ec5a39d
ba0d5d05-4005-4d32-bb47-5195ba1f8e83
4fecc8b3-c28f-461b-9d56-77ee4d67978a
c96a7257-4c1c-4b62-b213-dac840e73599
2ac413e1-31c1-4d26-8503-2d270b040549
e526c9c2-037c-4ad8-af30-a82319d7d5c5
26a7173a-efd9-4942-909f-a9503f22aeaf
110cc6ac-6b7b-4145-9af8-72886252274f
be5d7446-5260-48e7-b40d-0b550fbfce4e
e8312d65-0b58-4665-bd7e-318816473512
924dc9d9-2000-4f65-af6a-2fd0ce89620c
acfc8f5c-d199-4939-acb7-cd8f3034e082
8235a26e-e83f-46f9-98b6-ebab4bec6445
0acbf719-6baf-45d5-b896-874da147aa9c
602147f7-960b-450a-8cda-460a8147edcc
b8b58c09-9fb4-4d3c-8841-e927d03f94fc
9344c365-3d14-43bd-afa2-2b1460a01f1f
7f8e337b-84e3-48c1-83e1-7551c5cc7911
68eafea4-2539-4e6b-bc9f-a4b55416824c
91a1c1f3-7787-4776-a2c0-9f5a228859d5
f08dbc9e-4fbe-455e-b103-01d981014e3c
42d2a377-e888-4a51-8484-a770c214c6c4
727f8e41-ea50-4f13-a965-821559df8b91
a1a705df-6d50-4d1b-8496-4dbb879f936c
d34c9d33-4174-4bda-9f1c-dc80a09154e2
9aacc7dc-323a-4e87-849b-985f09e4bd2b
993e5623-813b-47f0-84b8-8af2fc9161c7
77c111cc-9920-43c6-b97d-022c80b35239
1ea0c5ee-0f46-4c41-ae56-8a2923b5859d
dd57cf5b-613d-4e7d-8ac4-1d4585115748
dcd3b97a-82dc-4511-95d5-b7404abb20a4
d155ddac-b034-490f-8ac0-645a73fff5f8
5d76735d-80ac-47e2-84ec-66fa49f5eba4
d91513f4-a5e3-44b4-a126-824d66777bdf
76dffa15-e1e2-4bb7-8893-4db5e4acee33
a15b01f5-bb4a-4866-9c9b-17312f90c474
230d078d-bf01-4314-99ab-bd68e4e58474
493e9e74-d245-4507-81e9-d7ca70d68f68
7a9a2076-e079-45a9-8946-dfee961463f1
df380f75-00b3-451e-94d4-4566258882b3
4a2bb795-155a-4f22-a9e7-5863724b99a0
c30b448d-b087-40c3-8cbd-67aefba82e42
b5822905-bbba-4a5e-8a3a-6e0cffcf87d1
759fecca-b71b-4408-bc44-bd93974cb6d1
f54fc984-834c-41df-a1c4-7d06a5294efe
5d0368f4-d688-4f40-8217-7b1e113a9586
3c0819b6-11e6-4dbc-95a2-5cb5fc105cab
82a7b54d-1698-4591-9b07-1493e6c79268
8fe1f232-f66a-45b7-883c-2a9f0090298c
c283f9e7-6f88-4744-8ec4-cf8c182977d2
5dbe97c8-3539-4395-9fe4-8167cff60ef0
b72f7ec5-3f80-4ed7-881e-d3a9da09647d
9ab999aa-8f12-4677-8cd9-0b92928185ed
21f47d0e-7852-4356-b5f2-e1acb78b231d
c64b7476-1323-4f4b-b0a2-cac1ed071d08
f8319502-0f79-48d7-8125-87ede91a86e5
718d9cca-4c97-46de-85ed-add1f456f617
7c7da1a7-6013-4efc-96c4-79dc8c972f87
8e798898-33cc-47fa-8d95-132c10a0fdfa
7ce6d78d-b204-4b66-b4a3-bf755f0c9828
286d3eff-5717-4574-b04a-0f4d6d995b62
8ee75609-6587-4502-adae-686e5227050e
d066ad63-34fb-4295-86f0-1863891086f9
a78b6126-f0db-48be-836e-4edab8e99474
70fa53ac-df84-48ca-ab77-f5cd11977ef9
1c97b76b-0cae-40c3-8b75-dc31db22f64f
f8e0def4-fa41-432e-b098-c7cd4ce3fc33
8bfa07b2-7269-45fe-b24a-cf395ca6a94f
6ae81fab-400f-4156-b0e6-932d11ad4128
73286fa5-2ccd-4fef-85f7-f1612f7e4d67
80320b5e-beda-4ae1-99ba-086d4b6ce952
00ae13d8-d8b0-40de-8cd0-84796339a0a3
9739c1a8-56d5-4c3b-89e3-b5fcc38db6ce
725e8241-16a2-43ad-ab7e-47fb14bf0fcf
85ff873a-47ed-464b-8721-b77c7b85039c
447ee509-570a-477c-bc46-9d6e5d62dd96
98b1c539-587f-4219-8222-c214a109f781
69e1072b-60c1-4039-9e86-ab1cdb6d42d6
79200cce-72c0-433e-8d67-c3e54184bbb1
9adea521-6185-4b4c-9ee7-eab7c51f7329
4559f133-90e6-442a-8066-fd4d87239efa
dbd77346-ade8-400d-8cf2-393c9ca2c05b
9fa78189-1996-4923-9e33-70694624498d
f0d86056-24c9-470b-be12-89d135ec024c
c4017461-1306-4f4e-bc33-1429a251dfd7
c244f824-0e9b-4378-ac5c-b66e4f9e6ce8
ebf5c709-2837-44df-b365-d17a9eb45950
21b3ea89-10e2-4220-8d3d-6d29340c7337
9dd5cb7d-d98e-48b5-8954-f94776f61b3e
9aff8e69-a45f-4a4b-aebd-cc68a1eb07df
b66ec8e5-be60-417f-b339-468ee8a3b22f
da4bcd86-0991-45b8-8771-fc5fb9dbe20f
beff8cab-34d5-42f0-846a-6167af186ed8
5e97ca00-4568-4ee4-8ec7-9cd869b1c3ff
ca3a7b1b-1c01-422a-9c6c-8b50d757b463
74257bc6-33b2-4c24-b65f-0c8dba901744
c864d56b-df6b-4aea-a578-e53b240eb8a7
e8b90d4e-64a6-4b30-883f-f04786982e5e
8996e24a-b4c4-44b9-87a9-ce9479d061bb
75bbe925-15d2-4391-80f3-a85f7c720186
d2bf39b2-188e-448d-8ba1-9afa18af0d4d
b3e9a449-6b4e-4064-95ab-702b0d5537b8
52f8a799-f4c2-45a5-948b-502de395bec9
a0cc6f86-7411-4a63-9b14-2bd80f718b2c
8b95c99c-73e1-4987-9feb-d23d612b089c
5a234ed8-2a91-4059-9c4a-5f7f41a01180
684cbc98-a1f0-46ab-ba25-554898c85d02
0f59df37-60db-49f6-814b-98430ad1ae4a
ef0434a8-7443-427a-bf0a-186526b858ce
37b90472-337a-4a6b-b898-4e17e5c93507
e813a9b3-401c-49ad-93f3-95d104bf77da
e96a9075-82e3-4ebc-96b0-292124ad7a78
7bc9be83-60e1-4d06-a5a6-ffc726208dec
0ae2a4a7-aada-456d-a4b1-8cef57ffe010
5227e128-c432-4b04-92a9-0d54799bba08
7763b1cf-01aa-4e94-92be-e2ddfc2630c2
8b6ff2a6-b256-4350-b9c2-c9c3fb77b4a9
1cd489f2-15df-4621-b4ea-6ccfa2a313d6
c8a66701-8e7c-4fd7-bc09-511e6f0b8ce5
9173e16d-cd95-4e49-b7cb-50ce7c87af9c
4db02e10-ae23-4bdb-9c6c-5709138bdd2b
79930f70-3995-4a36-9dba-ec4d7529fd31
152bdd9b-7865-4afd-ad98-e9382e938a91
039fb7e8-2538-438e-b171-11aa7efebfe6
415c0617-10be-4042-898c-d685564df6ef
89be4b61-5784-4dec-8c2d-ef5ce1557804
ac0651fd-72bb-4740-9f3a-9d25b51fc69b
7555fda8-20c4-4879-9824-dfde0294ae53
611b044c-16c3-4fcf-a530-721bb8cf1c9b
bd9da859-d39e-4135-9867-90d3a742ad16
a5ba70f7-723f-46f9-8f54-9e58aac05ff8
b6df48c6-1799-4ec6-b5ab-ca6177cbafdd
9d58efc7-bc87-4e4a-8f5d-78e4cb49b1b2
c45a504f-9e7e-4911-b1e6-34466a486675
60c63bab-6c4b-4aaa-81f7-a2e6f2d58f4a
65ecdf7d-72c7-4017-9f05-6be008ae192b
8539acdc-1d2c-4ecd-b3a9-1fd995458425
0b67bc77-999e-418d-92f6-5ffbd3c5ebf9
4100513d-b7ce-490b-8ba4-91eb2edd4968
16b76af7-eba5-4741-b052-1459a09aad18
e622fcdd-10b9-4fe6-97c1-4e0fc070a164
c88be7f9-9fb7-4e21-baf0-ce4b95856ddb
2a16cd2b-b226-4877-8273-50eac183d0f9
5d5f0947-b40b-4ffd-9177-0e671301a253
ea5b3f1c-d027-4103-afb2-e8ce7d55f3a0
9534309e-9803-4dca-933b-7601fe800c28
5ed2ab0f-70d2-44d4-8f12-92dd6109689a
e1aa873d-5c3f-444e-8347-10f79afc4045
2fa7d3d5-2e4a-4464-9de9-14899f98a611
8560b60d-b51e-4a9e-a023-b8db77241699
1ffee743-f6e4-41ee-9707-09da10d1a678
441472db-baa8-4616-a091-a51e21b6a336
71fb6c02-fec4-4f78-9048-7a2532019492
84389aec-849a-4081-8318-4d19c03f960a
4fec0dcf-4014-4a5c-ab61-ad74bb02519f
ca2ba4fc-c7b0-4651-9834-0d99ab53fc3f
a8a36c8b-36a6-42be-9ab1-5eeb64952e6f
01b1115a-b126-4e2a-9420-a3d70dd46cf8
bb104b30-5b6a-46d1-84f6-824e8a48778d
cdb16b52-4da1-408d-be79-9e414e249072
77190da7-bd29-4d8c-af5a-b4f512fa6d04
f6a538a0-1b5c-4533-a408-7f721fe4f5cb
81cfa353-5534-4307-93ac-99420bb8affa
f7578b24-c4c0-4884-bc6d-1b22a94481cd
3bd613e2-a6de-4cc9-a52b-2473d5162bd4
aff53c19-c8fe-48af-bed9-b059e72b1ade
d0bfd566-b8df-44aa-8310-5185f5106381
6d49608e-43e6-4dbc-9455-576bc64cff91
259c6df7-6a97-4716-aedb-39ab904bc09b
715bf9dc-685e-46d8-9f5b-797389d52431
64aecf28-99a5-4236-9331-158d1a22df2c
717da2f0-f7fb-4055-a327-b014acfb7427
99b32d97-1d58-454b-a828-23a5b0a8f9fd
55581ba7-8bfa-4dfa-8e61-98251960d4b9
76a26c9e-dee6-4e6b-9382-586593554984
207c8739-e16d-4072-a16b-f92f07170e68
eea613ca-aa7a-4c27-a3e8-35edf5743632
05a3dc10-6b37-431c-89e0-9207df83bfaf
f1fe239d-e089-449d-a493-a172da08e235
afd738a6-407c-4f34-8a34-37faed599c3f
7039a71c-63ac-4b09-9935-66491c31397a
48c1e72c-4049-4cd8-887d-e33e993543d0
e15edd9f-ba05-40cc-bd9c-e8d2bbffc413
18b4c3e0-20aa-4212-88f0-da253f6c13d1
e29c8f8b-1b87-4c96-b15f-10dd1d56b47d
ca1ef384-1cc3-4380-be58-7505dac19b74
a639fef9-6e14-44b2-b991-63e1087d5d67
c7b508f0-216b-493d-bb08-cc200683d987
ddb8376d-e48d-471b-bfb3-9e927268867e
03d77d85-8a54-4513-9091-92fa28e2227e
31266fcc-6da6-4f18-b63d-6afa96934dfe
e82a0544-d52b-453c-acbc-c500bda256f9
0a448925-7203-4cff-9dbb-0c33d1660b34
a5db2574-e5f9-45e8-bb36-1bebd0870d82
789e9182-734e-42ff-b769-9d6d96a7c531
c6a6f216-4a11-40c1-bf54-ee2e4b0d5b81
6bd386de-1d12-4c83-85d0-d989c0f677dc
6c20cf08-e9c2-40c3-80d6-6e22dfe16ab3
de4bcea0-2996-45de-bcec-c2599ed1ace3
3e8be3e5-fd6b-4fe3-bc1e-443f887d54dd
ea97a9a1-2a36-4ac6-bc13-ede653bba58a
ae3370f4-1e0d-4a15-a56a-4649598a9003
b307dd17-012f-46b0-b1c0-0d10f9b9d6d7
c4131017-eb97-4fd0-8a11-b8ee6a8ddd1b
1ad13cd4-3cc6-41cf-8f11-a60c6d7af9a3
e7100613-528c-4fe4-9604-912747a2ec25
0cb6a5b7-ae78-4059-b5c7-71bfe1b9fd84
ff313222-210c-4758-bd27-aa0cc776cfee
0bcaf7d2-e05c-478e-aca3-6f69ef10b02e
ca5614cb-2423-4b28-8357-92a0cfb6e7f7
b012630a-d42e-490f-bef1-c0e2d7075e28
22331c9d-5aac-4e94-b76f-b5d52ee4fe27
565ce78f-39e1-4cfa-a867-0a3587bd94cc
804a6dee-69e4-4526-8e45-a6cd5827613a
fd3fef13-e8df-4414-83fb-31664b7f8e5f
4e97df18-5946-424f-b636-aca6ebb522d6
6790db90-3cc5-448f-a869-e78df6cc63a7
ef14ef4c-ac5d-4234-a6cb-f4def991fcf5
895d4f23-6e35-4a39-b264-99cde3e80de9
92c6f0c0-4eb0-4ae4-910f-c9bcce8799d1
00f7ce93-a1ec-4b84-8f9e-ac867fe4ae69
1120f603-5554-47d0-b955-c8052f500c02
c65186a2-1138-4af2-be96-dd803d96cf5a
12b2342c-5125-43e4-8a57-d30a90ab36b3
4c6ff260-4632-4b58-8f18-25aca263d620
87d83156-0437-413d-ab86-88e11f69df90
9ad1ff67-65b7-4e14-80e2-accb644ea0b0
a0f32794-c7a3-4924-a883-6247ee95a986
2b3547d0-c859-4432-8c93-2117b7e66f97
601141db-b0f8-4332-8db5-a21530ccb0bc
03667f38-98b9-4ce5-9465-e786af3c6b49
9bb5d0c6-8217-4cbf-9e5f-c4aee41527b8
e538e5e4-fbb8-4495-b520-e9ce91f533b8
bd616db6-336b-4af7-b38f-0922fadfea4d
6f096b63-60b0-48dd-b6ae-576e5702ee50
eb4554f1-562a-493c-8d14-ff721065b820
7ec83d07-6e8f-4e24-b859-81d84155e507
31bf653f-160b-498c-96f3-122ae5a4521f
9604e7c7-ee6f-4e5a-acb2-05582068051d
c5192d85-ae47-436f-a791-7b6af818a686
94705e8e-881a-470a-a9d0-ecba6a383c13
47457783-0386-483f-8ba6-523e16095dee
6d850d71-0f22-46e5-baec-09014b25c287
32e5986a-da26-4379-b6ca-1d3e06e28560
f68a5ec5-1582-4561-bf45-849ca7df0dbc
069d92f0-f791-46df-b31a-e8d06c606315
16281c36-ac2e-4f76-b2ee-4ab398c83be2
6af8a477-8112-4afc-8a13-0a93c9464e08
cdb82553-c499-47bc-b029-0e0eebc7078f
4b6674df-f2f8-46bb-a92c-f88127995732
78ebb4d7-3c94-418f-b73f-cd26a6a4d452
b85f1528-9a39-4054-91be-3fc5c61f1fcf
e3741317-f9ea-4a84-b93e-eb571e53bf19
ac28aea4-1b47-4bf1-9b01-ed65f9142bc2
e668d264-c216-4e05-ac00-2a73f180a85d
1726496b-b4ac-4b80-ac8b-4c68a262dd27
c6c70de1-e0c6-4244-a143-855bb00a3f46
7d95a87a-6773-4ca6-a96c-d018612b331e
730bf610-3c3a-4af3-bf43-aca7b5e2dd86
4b7b0bd0-7315-4846-88f2-267151e6c168
26bbdc4f-65f6-4f7a-b443-6273baf3f21a
b7d58fd7-10e0-488f-9cb7-1c184f07e49b
42a03938-4339-464c-b5f9-5b037d73ba81
bf1443be-dfdc-4c53-8a24-131597b4e1f1
089904ed-78d7-42c4-84c4-fef5bd533c64
906cadfe-7123-4acc-9ee1-2df44d3f06a2
294463ef-be79-4b10-bd51-2607c2ae5437
3731057f-1aa1-4483-ae52-894b8606e764
36c9ecd5-6644-45ec-a489-afe0a664d76f
29444c46-47d2-44da-9b49-dc0db0508d23
54322d9a-5bbb-48e1-ac4d-2b228e740744
1bc20048-bc45-468e-b5ce-720d9537a5f7
6b490da2-7bb4-4ab5-b6ae-49340668ff07
faada142-23d2-4b7e-8c92-7b5364abd6e0
864c2642-2c9e-4fd0-b295-26d56c01ad69
eb3d922f-c124-4ea3-b592-a8fa63a45034
94d523bb-02a1-4dc2-a0ae-f9ca2f0cf254
e1eecc9c-fd66-4d13-bc2a-9c20b241ec97
4dcbfa61-660d-4cfd-8095-8f5ba2e9ce4a
60ad75fb-fc9c-40d5-b219-bb2292e032ee
84e6bd6f-734f-4137-b710-ad45eedc425a
3374272b-7bad-4ab0-be4e-d5dc56a0cca7
19c8aa1e-88e4-4d1f-9edc-182dee777803
fa27f60e-39dd-47c9-83fb-45d6c56e4d63
71e3e5ba-2463-4ed4-b794-90555ddf6182
3eeb9905-392a-4d2e-97a7-ec972b0477ad
5550ec86-16ad-41c1-860c-96e6775215dd
797364d6-4480-4821-ad33-2ea36f3f5e63
361331b8-580d-4950-bc73-3b133c305048
e219a93f-bd17-40d7-9ca4-33219bd3566b
d5e0c318-d8b3-4db0-b3f0-e23b48bd411d
a46f086b-06d5-41c1-8cb4-e21d5bc7cbb0
57aaf0af-0908-4900-ba09-0a7c3b5ce31e
24198111-acfb-4e9e-abc7-013b8d40af50
dbdd3824-9def-4ff1-9342-e31de46c9bda
5515c3f0-6a26-4ec6-9fba-22d0f96eab87
18aeb6c6-06e9-43fa-849e-9822fb6990a7
1472cb2d-c6f9-4ecd-9307-2e29275d7180
c2501d52-1f38-444c-b7d0-dd512cc5dff4
5e17afe5-f06a-488d-9704-125363a92010
32e29112-550d-4057-9e54-3d1b0bbe0fff
9c483cfd-be2a-4b08-8f24-665f5ffac3b1
a0f89648-1daa-409a-b125-73db367776c2
1e2682b7-0551-449b-ac9f-9946c1d3cc25
1b16e6f5-cd52-4a9b-adee-066c3dee44d9
d127add5-1dac-4590-bd96-beea381992b7
89218cce-9a35-4b95-933e-9cf4fd00b230
e0ea453e-98fb-462a-b800-156bb723f303
080b7976-732e-4d2e-b86b-db3b9e3ec63c
1c3bfa48-02e2-4c56-b7e8-710e7c8a374e
a2020913-3a6e-4335-b280-3543f5b67d00
e8868258-5892-4dc5-b96c-f28ef51a84c3
11bc53e2-61d1-4b37-b757-2a1aad323933
5f7d6200-791d-437a-925d-0dd5933214e3
d4904ccb-d813-4e62-bba8-2f47050a9be0
1048c0a1-3b9a-4fcb-b4ec-bdc04beb6051
735df128-dfb8-4fd5-a654-b4152cc67a02
59cd4bb0-2b73-41ff-8665-71bc4f6ebf3d
8ec76b03-3ea6-40cc-84e4-6dda572b03e7
e4ba3a6a-4f1e-473b-aedb-0f863819e694
2ca95a81-feb8-4e0a-a10f-afa45e6ada23
44bc5549-42f5-49ee-9d38-05bcf2e5b634
96fb542d-1f85-4e6e-921f-a3d64a81ad47
34d50ad7-40fa-4fb1-9749-c39c440b596d
11b3e54d-2086-4c9a-b834-84d2564d974c
77010c35-8cf5-4620-96ec-bcd92af910b9
3983a728-a4f9-4457-8af5-f053821bbbf9
ced993a0-4ff0-4a7a-b5af-38dc00675c5d
2c8f7ca4-3917-4dbe-93bd-39cbe621f36a
640970a6-8431-40f4-904e-af60dbfdb704
8b3666dc-3812-494d-88a0-add51c4adea2
4d552f70-e5e6-477f-acc8-9d5acd3e5c5c
d31c25aa-e20e-498b-b28a-0ea4922f46fb
200710e7-868d-430a-9344-f9fe77de4e9a
7ee5d5b8-48a7-4a02-8aef-fdb721ff0570
d1656157-9005-4fd9-94e8-36b31d09ae14
debc822c-50a0-4373-a4b3-259c0557202a
eb1df271-4db9-46a2-a3d0-fecd7823035c
f27671ed-f945-42da-9216-4a6dc37a6268
86121e17-74da-4a0a-b157-c628345cc024
76300607-a686-4d5c-94df-88f59f6c7d49
a8852c2a-ddcb-4f8b-9673-9cce09ae8d0d
26f5aabf-06e3-4409-96bd-89afdb4de65d
17118b7c-71ea-45d7-8f6c-60ad5a82f4af
de0d8054-fc6d-4a51-90d7-6cc2055d5bf8
24e1bf13-a068-4413-ba26-44937606c7d8
4258099c-e10a-4da8-a036-347799122262
aa70ee70-e788-466b-89af-703065a4e47b
05e41d2e-8e35-4990-9da0-dee8eb9ccbaf
60e8c4d5-1062-40ff-bb77-751af382e009
84eb86f4-0e88-4364-901a-0d3af75e2794
43c891c6-f4d1-4004-a328-a15a94d65eb2
baa98d81-7e26-4329-a6d1-ca6e14fa29d1
9d45bd7f-e167-4dad-9034-f2b153f5816f
cb2c1ba1-ff86-4805-b8b1-c03ae53aea09
d8f78528-be48-4d4f-8d8e-1e46a0a49115
7fd33445-6e30-44c9-acbc-7c12e741b1ba
58888ee6-edaf-4f94-8331-21249d78be9a
c153cd40-ffbc-44f6-82dc-c668ec108c4b
2d72a5c8-2ff8-434c-8b26-65f1e6dea77f
6b4e0e6c-8b5f-4966-b3db-e325a2671ecb
33985ffc-b683-4141-9b11-56fdec675e9c
1c5236e0-f53b-4144-8688-c7993dc85778
d2c57495-f7b3-4f9f-8e8c-93ab5c35c5b1
12cb7338-028d-48b8-943b-5999efbae98e
7b727787-1409-4578-9baf-7d0bf8889057
653847a3-4755-4edf-bd32-9bb9a289f58a
f9402d8b-8d66-45e0-b0a7-32e354ee145d
befa76b8-daf5-45f2-b504-35daa4e2a9d6
f2eb26d0-1cb7-46e1-b576-687653b6d6a5
7569af7e-2582-4155-a5d3-437bd8523bdf
b08fbd7e-6efb-4c64-9453-118c591a205b
6a1f0fc4-04f7-4096-86ea-0facc78dfbfb
224b6c74-0200-46a4-8ae3-2302c5a69273
7a0605a4-6088-42ca-9ffd-2c870fde9c19
581905f9-9857-470f-b26e-b482cf12289a
f787a8ce-e6ff-4f5d-88a7-bb4ac1bac388
2eca8946-a72a-41f6-8459-7c20c31717cb
d07156d1-6bb7-4270-8d6a-152137523027
e92c9e5a-55d8-4be1-8edf-c7fc41e322f5
d677b86a-54f9-47ae-9fb0-afe9bf9584f6
5bcdef59-81c0-45e6-beb9-3c0dd97b043f
6f911b8a-7d8c-408c-b69a-8041dce4ab96
ed4987a7-acc1-460d-b33a-df174234c323
4f70190a-62e2-464d-b8b4-b7ca8b90923d
95d20692-be16-4592-95a8-baecb61c4d2b
5ba54e91-d801-4bc4-abd4-98d62eeaf35a
a5426b6c-308a-40bb-914a-08891d209600
abd40139-fad4-4db7-819f-14a41af89941
093c66f3-8473-4aca-9adb-4e21679f7a37
43842cba-b47b-4423-a3fe-7d9c31669bcc
77a67672-f542-4058-a983-4bdfb9ba2360
718696dd-d1aa-4d9f-abd3-05024f0f90d3
a2173a10-b5fd-4ea1-94f9-7b774e6412f7
ed870adc-f2f6-4a46-ab0c-0dc6ae96b25c
c87e1904-9349-41c6-ba37-f90e7e65504b
a77dfd56-58b0-4d03-bc48-88f352732228
1ecbb19d-6c2d-4be9-ae29-80b8a8b09fcb
1cb8c1f7-2179-4dee-a7f0-d09f219767bc
c11433c8-472c-4297-85a5-fdf9366819aa
7da051d1-eb31-405e-8381-ef58a293d721
35a37622-b032-487a-80a1-2785d6281b16
98e1f0b4-fe84-47ef-ad6d-dd5a38861f23
67f41a24-b981-4b62-9fc0-1d58e468d0df
46fe29fc-c0d5-4f69-88c0-2e1eb9980bc2
f4ff74f8-f43d-40b0-a7f9-fc08d42f43bc
cb1ecbfa-8910-4490-9317-e8a3c2815288
1bc71977-b04d-47e9-8dfb-edaa4383d0f9
c4851a68-e9b6-4e5e-9010-18089b85d609
287ef86d-6fb2-461c-ba3d-6849d304bba1
5f855399-1e02-4ca2-ab5c-23f923459587
53bfda6d-1095-48d5-a0df-c150b6f6aafe
f7b78eaa-8dc8-4c83-a6d4-26c7c07868a8
9bbcd3e5-6e87-415b-b5cc-a11d60177be9
b86e7af0-2bd4-4af5-8196-d310045f8d49
c26df1e9-c189-454e-a28d-0b22a6265783
2b499d87-3b68-4c2e-b015-725fa7c28461
362d1c4e-6134-4575-b81b-d82b670fa9b5
9957371b-c8c2-447f-91f0-f4e54009d993
33c90e0b-13be-4478-96ab-bb56930ee24a
fb0d42e6-432d-4e18-b65b-32e8872fdb97
f2d7cdc9-902b-4122-927f-c98d68de2c9c
c40ca494-4924-4608-b36d-95223ba07a84
e31d94a4-f5c9-4f3b-9493-20f4853a2bdb
2ca66433-553e-413b-a184-0858a11d2784
e615abf9-9b3d-457b-ac2e-4e09b45bab00
d7516cc2-0c1e-485a-92cd-feed9af512bd
c93f18aa-e670-42be-bb84-7b3020a1834a
87d9e0ef-dffd-4ab2-a7f1-01c066eadf34
cfb5fbf9-fbd1-4bac-92f2-436353a86713
469a9c0d-3763-40bc-988c-a4abeadaff99
ecdb3729-5c84-4b51-aaeb-5a59ab425080
62b392d4-7159-4e8d-8599-4bade10f112a
0566eba3-cc50-43f1-a483-99e56f45693b
ef53dfbd-3405-4971-82a9-3aeae759716a
c1110593-e3f0-42f4-94cc-67744a5a7b0e
2f06387d-e349-4304-bd4e-12b770c16d70
544bb11b-c680-4cb6-9fd0-6c0c0aa0ad3d
6719d3f3-68f9-477b-81ae-bd4dcc2a9cf4
49f33612-817b-44fc-b167-5453f12f6818
a704f688-e6f6-45f9-8786-635f4c46e14a
a400ca1c-13a7-4a46-bce9-f20ff11b599a
ce42d47b-9201-4bf5-861c-53fa705db176
d19208d1-a235-469c-b52b-2a5a96ac2e74
f4011805-d7e0-4f93-9f2e-375276fde93b
ad406ead-bb6d-46fd-bb62-5f3f609daad8
7c08340e-c86b-4b42-aa86-e2f2e2d905b1
9ce01778-a6ce-410b-95e7-a43502de5b76
c6824af3-6fbe-4092-aeb5-9532b60c8d63
96c90aa3-a454-40c0-aa8b-cdacf0b78937
ffd522c1-1c8e-4c3e-9729-21e5c0c75430
3f59182c-bdb5-42d2-9bc3-96e9ed0ff572
27caa299-648b-4dae-9ff3-795254e24a86
a1b7f0df-2a2e-4541-8afb-36c76b976575
46e4ce08-d2a7-434c-b2c9-6b4d8ffdab98
f56fdb36-6e15-4e04-b60c-d783d0176c1d
0a33a7f6-eb63-4c0c-860f-fdbe370e3046
4d258ada-170b-470d-a2c0-fd8814c91393
17ef80d3-5682-46c6-bc7e-3ab628f2bd41
8071369c-11a8-4653-aad8-cc1fac1fb04c
3a894416-7b03-4edf-a569-72f24b2c4ca7
6d4b338d-dbf8-4c51-9953-3eb99d41e3cf
4fef9a73-579a-4bbb-a344-dcf950680020
4a8e2871-e874-478e-8b40-0e693e4b1112
3bee8c17-70ea-4800-934d-0c663fa14ed1
c7ff3e8e-5e35-43a7-91b8-fa2f52732626
fe6f4503-4089-4a36-9b0a-d76bd0baab9b
a4933157-6841-41f0-ac6c-9ee45eaa5246
2bb15d07-aeb3-456a-b584-795569594731
f368ffb7-892f-4c30-bb06-a99c117f25b3
80f8db21-95af-41fa-90bf-b5add74706be
6f654d5c-f342-448e-a079-ac13e606ac3c
69905715-74d8-42bb-b24f-20097a2f2a00
d083133d-0738-4c7f-bd69-484c1f7ecf46
1c9c282b-e5b7-4d32-9035-9001dff6dea7
48f85ba7-2074-453a-97f1-c2764410f739
7ffdd2c4-0bb9-44ad-ac75-06d06bc0a50e
3935da72-61cf-4b0d-acb8-349059f818f2
339a1f4b-21ed-4be6-bc3e-6eac13951495
966892ad-bea1-40ed-a1c6-5607dc52707d
6748da7c-8466-4345-a136-dbd71748595b
fb5e197b-6897-473f-8287-8283344de0ba
3eb2dfc9-c832-44f1-bf1f-ca03ec2e84ca
5652d7ca-94d5-4974-866c-2396c086b9fd
782cc98c-2a74-46ca-8d91-1ed256bbf534
05606b54-7d4c-48a2-82de-446f380973ad
59a51fd7-8298-4990-9f5d-ecde89a85961
89294186-e921-494d-8223-e201a6c9f2ac
3825097c-7a7b-4dfc-a8ad-9318cb0ccd64
7659950a-7234-4806-83d5-6c10ec303f48
afb04473-31ab-43e4-ade4-c37f49bf86a3
08ae79cf-50ad-4966-ace2-677a3a27f1bf
f470b52e-18ee-4fbf-84f9-0928c3c19241
31d3b13c-c20c-44f5-b730-cde8d05906c9
0bfb20f2-53d8-4546-8477-862cdb9865f7
1849d104-6805-4091-9409-671b7b78e2eb
84cb5168-06db-4819-82f6-a265a18b1d84
f5bee52e-8c81-46d3-83ab-2a643aa56658
7a60f7ca-63a8-4904-9a75-6794e18ef09d
aa3060e6-60e8-49d7-ae7d-4d676487991f
2f9aa674-6d88-4611-8318-1cb8a9af100d
328b48f9-b091-4870-ad01-3bfc11754556
6c944998-c191-4414-b4a3-fa402d1f3001
c0812815-1096-4d92-aae2-492d97d8df95
ae85c5f9-99cf-445d-9f07-f97e036dfb5a
64c13cd5-e3e0-43e2-b8fb-66983b66c814
9ba9f38c-c99c-4199-a4af-ff15f1dd8674
9aebdb50-329c-479d-bb6c-d501da56661f
4bbd9995-5c7c-4789-8c65-656c41167c31
21878964-a82e-4d34-bc9f-48e3eb95450b
5437bb13-4490-4e42-8c7e-c2dd17bce046
54f92e9b-1dd8-41e5-944b-453b7c032317
35e108e0-4055-47de-926b-aa11e6f24e42
88178473-cdee-4904-97d5-5815cfa88058
60e7054f-fe16-440c-9d4b-fd898e06aa2e
f2948056-b278-4a28-8224-4c1eab8fb139
3611bdf5-babc-4a62-b9dd-7fc047e937f8
646743c0-7530-434f-a53f-f86a72c95b8f
edbba6de-de9d-4f0c-84ae-d807431098ca
89a814f2-b968-4026-8704-210ab7caec00
00c467e2-dda6-4e68-a321-d5f01dfcc98a
4296e045-43da-4b6e-a0e1-e54a11008ffa
84388672-d453-49d0-a20e-51c9f849dd5f
a4cdb438-1122-48d0-9c53-d8cab8b9fed8
32d9b50b-8049-48d6-99c2-ac8cca0fc323
c8b67d83-2019-4a97-9b1c-9b133d7eca81
9203903d-2db8-49ac-a16d-42232c17374f
d9b45cf1-6e7b-4561-a228-18e89435cbc5
17f3931f-9448-4055-87a1-5f991e29b40e
2c7bd293-7850-445b-90d4-657048bdb250
93b6e736-b7ed-4617-ac1e-0e2dad9af1be
9cb8bb55-bfca-4eee-8b34-338bd27c68cd
486ec719-21a5-4e65-bd51-3f3ee77d2ad9
a4d717ce-cdc5-4927-a8e2-bb96c03dc824
a1ece31b-114a-4056-997c-1a1b37080d2a
3c9baf40-b7fd-4f29-96fb-b83c38ede01b
27e2970f-49f4-42c1-8583-44b8d7117619
f7259b16-a58b-4efa-b327-c6cc3b17591a
b0b1069b-d0b5-4b7b-8453-cceb2c98622f
1366211b-98dd-4490-a6ba-acf7a490fca3
de37dfce-0573-445d-b895-8ec33d0655c6
0381aa96-d065-40cc-a926-b648dafb6eb1
40f8d577-6a0d-4b18-a5fd-15ba6dbd3971
8b0d5cb5-ffa3-4166-ace8-ffaf968159d2
2c2c6c3c-e1f0-4fb1-8720-d7add331949c
1a8a150c-dc51-42ca-9edf-ef9282974543
58e2edd2-0620-4c8f-880e-def7abf2ef32
b286bbd5-c6e4-46ab-8fa8-aefa1cbe8ce1
9d5e35ad-6bc6-46fb-b33d-0661c09817dd
d1168bbf-c9a6-4625-9af3-12e95bab466d
d616d134-f398-49a4-bb96-37f5f1f37bcd
3d8b57dd-aea8-4bea-a1a0-33ca17916823
f3f8ab23-96aa-4ea5-bda0-fd2705eb8bac
a0246d09-62b1-4254-9ef0-0e5c6e804ede
028b4956-3884-4725-a357-7049806897ea
2766b1b1-267b-401a-b879-443302b4a134
60afa2d3-e08b-4d8b-8e92-0112281102cd
6f78b52b-f136-4f43-bd9f-0672aef3ff39
ac9a23f0-02fb-4ca9-a9e1-66e4245fed54
ea9593da-d10f-494b-b99d-4a55604f5f1f
d48d7c03-f6b0-449a-922e-774b7bba2165
812ff38b-d44a-4175-a89e-aed1ad6ad5f1
5bbf6642-4103-4c6c-9722-979018ff9709
c48f2408-09a3-43f3-82f2-3d7d4eea1872
94b77d1c-45f6-4130-83a2-599a1a698d56
988da662-44d1-4d3d-b0da-1c60fa6c492e
f7470d96-94fc-4c9e-a789-d00c76f681e9
97719949-74be-4076-9926-6766da496ed5
9563f32f-6d7c-47e1-b89b-e2801a0338ac
740322eb-f14f-4205-aa4a-e648a1c4723f
8ad30ac8-e450-47c6-96a9-dc79efb36137
4aa21468-7796-4e69-aea7-617c55dc1819
61fab372-0b32-450c-940a-3b15cedb4b5a
d7e30769-2feb-4de0-8beb-eb7b54894a3f
4da3ae0b-12e9-45ed-bde5-387996b21cf0
04966350-a95c-4f4d-bc5e-17c49399c046
75e4c226-596f-418d-a22b-4ae1d0fb39b1
4d4028b1-1329-46ea-898a-7520d30ea265
6cf045c5-35f9-41a8-aa93-4756fcf1f6d0
30ede727-1b47-4327-ad7e-3e72a34dbcad
15fadc69-8559-4316-baa9-ea212b5b6bd0
8c0200c5-c088-4484-b94b-14051ce142fb
2932a9ef-fde7-499a-b0ad-66c6f0da5e15
a3295fb6-7a76-4791-a4ee-7b462ccb3b1b
f4b8ee99-f7f6-46f6-81ec-3852960e44d3
8c5f486e-d853-4e90-a84f-293276a7e34a
85c02cc9-e347-4430-9aaa-673eaed5c7ec
49975bf9-de2b-46d7-9f85-757ac50bb772
11270ea6-ff4f-4f4e-97f8-7209fb2a6e2f
8fd06915-7341-4c6a-8347-8192c81456ea
db50a249-c383-464f-a450-145f359c82a4
aa2c1bd5-1ac5-4b27-b6d7-4e26df9e4e0f
5e170454-fa25-477b-b872-f3600b365a0d
9acabad5-7eea-4bf5-8cf4-3b37a75da7d9
a7691886-464a-48a5-86be-70f2bbdcde99
a380cf53-ce42-4657-8be4-b954c47beb41
ccd3754d-b17b-49d5-98e3-dab47e703f59
93190d3b-397b-45b6-98b9-cfa937568efb
f46c026a-a8aa-435c-8b1b-8fd1ed99486e
8a9767bb-698e-4123-9264-5dbdd85af002
16915f89-0488-4b49-bbe6-facf651f0be8
c89be5fb-a1a8-439d-abfa-aa8444518d87
781b1662-6d97-40ba-a0db-5f1b97a6d575
a0b3191f-8d74-4c9e-a22d-990027f3eb06
8b5e2fd4-ec99-432e-a55e-b64afe47362c
4ab62d6b-ed6b-4ad3-bb02-a40b817ceef1
6cee537c-c488-457d-8207-7fab5e29cc7c
295de884-bf34-4fd7-bb53-84e4fa20965f
1283e85c-70c9-42a1-ab07-2c39eca47430
d10f0fc8-ea6a-458a-acd3-98337f58edeb
f315aebb-539e-4923-847b-a8a34282342e
7483cfae-6256-4ac3-83fe-816597151ad7
8e0374ed-c330-4f4a-96fd-f6792c2fcb3a
024d628f-eb87-43ef-b88d-6686c8d44837
80feeea5-87e7-4b9f-b533-080fbd73837a
9bc29982-f16e-49e8-98c1-07f5ac8e4dcd
5e123381-e6ae-42d7-8be6-1a3d8a52c074
515735ce-1541-4416-b916-a286f2da2334
9b9f9b29-62f3-4626-b203-3905e8ffbb8f
65a39bc7-5fe9-4398-93b5-e12be33b088a
cef2f8ce-08f8-4265-849c-2514320512a1
3e533620-c3c5-46cf-84de-4628cb56ccff
29dfd20a-f9bc-437a-b9c8-3b7bad33d3ba
b4a906c8-0591-4671-bfc2-5f9a9baf4b47
b03e469f-1677-45da-9410-96c1da66ebe4
13c27792-b784-4168-a654-1960639f66e8
21fa61fa-d143-4cfa-a5d7-03c28601c545
f6363193-a713-4d0b-906c-bb773c66c485
770d8edc-6891-4b38-b920-4e6010c75e92
6f987e00-9b78-4f16-b7bd-f9cf368ac47c
b815d2f0-ea4f-46bd-a950-fae378ff5ec3
055e8d35-6efd-4fed-87f2-d0454116af41
b9e1340f-cc98-4b30-8cea-745cf468c7a8
82b8e700-44df-4492-8fba-ef6488243dec
93ca5ef1-2f8e-4314-8273-3c458a18bd2b
c737c4bf-31a7-464c-a774-09ef53095a26
a6f72adb-9494-446e-8806-7945d88f4678
f0c0e4d9-0118-4365-9d4e-8667eff6872d
f92d8ef5-5348-4040-acba-adc78025442a
2e16a79e-ee55-47cb-b061-91bfad4dbade
12760dba-ed1b-4e51-ab2c-bc809bd30032
de5387a5-8d92-474d-b708-fce053c0cb00
16f89faf-af48-4a76-bdd5-5584489bd052
cc18042c-556b-4264-aaaf-a6a205b231bd
87f13507-eaaf-40e2-b5cb-beee62d4643b
408c7f09-ddec-4032-b6ed-667ebab9617c
84ab8ae1-b08d-4242-aec5-7be9be18bb45
2a5c56e9-fdea-4fc1-bc99-68b5f8732255
58fcbfc1-6042-474a-aa88-2d96b2b7db15
16ae991f-1da9-43ed-9d55-ea8364e7dc5b
5dd41f26-fc6a-4f67-8bb5-e1c85c7f8263
ba363ac6-cb4f-4bc7-995e-e8b83743a777
1553794e-8dfd-4a87-9725-02b108317087
530e4847-93a9-40e3-bf74-8a721bd9faf0
1950fbc7-49e5-454e-a459-6d05bfb6c29f
44d89f5b-28fe-412b-9b1a-468405f5bfa3
ec0e66f4-8440-4507-b5c8-5de9295ea569
27b57c17-57bb-46d7-956a-b868ccf230d7
23505a32-3be5-4016-a58c-210e62eb331b
2f56d731-4d45-4e1b-9d33-202dcb061fac
37668f50-5380-4db2-ae65-e78b0f3c5145
11dad5b2-61dc-406a-9656-24631a9dfd08
4d5f4148-f358-4d64-aadd-c16a61ecf961
2f05a1a0-30ae-4fc9-80fe-aa053a9b1979
88048872-b725-487d-b0bb-4940efb104ce
09b2f80a-fa08-4edc-9ba0-8fe88e008349
757dc28d-66cc-4c75-aba4-54c6b7a5a64e
1c8efc6e-9662-4922-9582-9cf0836df478
c63bae57-da08-4995-9f0c-cd65363e9f6d
41ba6ec9-14b5-46fe-8003-7dc46dc00d6e
f6d6009a-68d1-405a-ad1e-e6ff397fa643
226dd0fc-259d-4e99-a3d1-7520c9fa562d
847617f8-d902-4aa3-86ce-3395e8a81a31
628eaaa8-eb1d-47c7-874b-6e177dead800
bf99bac1-39b4-4bff-9acf-af9b7abd0296
6578a407-65f4-4830-928f-704c5f968940
011b9a5e-14fd-4fc5-8163-5e644e25c01f
e73a9da3-2274-45da-bfef-cbc2114ccc58
1547fed8-6664-4633-966e-3589f3e025be
9e5ee5c4-8891-43ff-a085-41c55b8381d7
add68f12-fe1e-4c87-b3bc-d669129ea98b
56faf9c9-a186-476a-8d66-8d9264da21ac
5528ea03-a5f9-4b92-9440-518f61878fdc
3841f80e-c1ef-4483-958d-9f0d6653154e
53e34cdc-1b2f-467f-b939-3d5c56f5f5c7
662b2956-af8d-42c3-a495-7d97da3d0e03
5d6ed5eb-f594-4965-a672-0b4ceeb00404
3171816e-443e-4c65-87a4-b574a673a96c
387ce118-3e4a-4f56-93fb-2256eb105281
f5542a51-d9f9-40a9-8f52-fa69e1910be1
efddf5ee-87d3-4991-a870-7a8a289b91d2
96d2ba9d-082e-4581-a521-9212304ca03a
4204a993-0c3c-4dae-836c-cf3c17e67a8e
9270ef7a-eab4-44d0-91a4-b78b2dc76a06
2e0a4814-c19e-4771-9d92-3795e820328f
007526ea-33f6-4580-8388-9c99c071c5fb
5532b43e-3ba4-41fa-9b6c-982b9b2fd14a
c78873cc-a3eb-4388-983e-30b5c5f33924
83d1eb71-29fb-4fd7-b133-fdc56918933b
ed84384e-c133-4693-a35a-ae44e95eb983
ca9b04aa-7bef-4879-a1dd-c1ab7991ddcf
b5bb2081-63e6-45b8-82e3-f81448cfbf07
e8095334-5466-4958-a7a9-af39565d34bb
027ec9a2-8114-4c2f-b81a-ba520767770c
3d9ab192-435a-407a-8c3e-19b97d93d4d1
a98749d9-96a4-471e-9c43-2a1ae9e82558
8e2d6680-4914-4cba-b079-2e11b8d029e8
a7e7eb84-b071-49a5-b74a-1690d22163fa
b11dde43-dd37-4083-80fd-81c350da4a5e
c80f8de8-8caa-4012-8915-fa8c348bf822
9f25bcfb-512c-4f27-8dc1-fd174b66e302
7c4c1102-aba0-4b02-9ae0-6248def22ba1
e1edcdb1-8513-4830-ac38-7028b8539d45
a37bc278-baa3-45fa-bdfc-654b09381195
49922ac7-812c-4575-b102-8fa1ddfcaafb
4b5b19ec-30ae-4da6-bd56-f421a9f74751
4975f888-e420-435c-a162-972a328d2f57
35eef785-292e-4861-942e-3ffbc2b0a430
