742ead21-1965-45e8-a52b-714aeb4acf58
eb3a24bd-3b4b-48ba-b958-f2461295882c
e7fe8f5c-2dac-4b0d-a57f-0693a57214c9
5a607211-5bac-4003-8793-d24c78be6a24
99b4a24e-7684-46fb-848c-024468bbe234
95a8cd46-a01b-4983-a851-0b8f3d3176e5
1caa40fc-dc42-4bad-a48d-aa8bc8c5f590
a1e5d132-f635-487d-afe2-1056a6afe5d8
8f49518a-e2e3-4674-9754-b3bb4b5c1340
124cc561-62f4-4fab-bf73-d0c654ec9052
7e3c1d34-e099-4e17-8431-8ac950d0a611
cc027439-d7fb-4f3a-9386-78a666cb8bfb
60c20e92-72eb-4f7c-a964-9d53b80489b3
7b2d2b50-63a9-4ede-a74b-7ba64ad22ffd
0b93284d-3fc1-4398-b19e-7f4e491b4392
946370c1-65b4-47d9-a6f7-feb197c71c05
a00c4c72-6646-4115-80a6-b40fada4dada
dc441171-dc3b-4e78-92e7-e2fe9b8a5c27
4eafea97-f135-45b7-baec-d54a1e581a4f
f2b4d702-d894-44b3-914b-053bb290d0ad
381ddc6e-43c5-4d44-8b25-d02096b73f57
b38c9769-948b-42af-947d-5d6c4ff69c5e
c51720a3-1b50-44dd-ace1-5c06d52b89a8
1285c261-9492-47e3-a7f0-e0cca99c3e9a
ab3f8b00-00c8-400e-b1af-27c66248af6a
9b8d7836-fe9a-4079-a6c4-baae8f48bf97
3a07337d-ade8-42ce-a39a-8920bf0c5561
7f114425-c7bd-4af7-99e4-576edd1fb108
ddae8cc9-7d58-4732-b402-2de4c0999ab7
2093b9af-0fc5-4430-b9f7-703a6ee5201f
fe5cdc42-06f8-4b36-a618-c4ea3d9dde29
d1aebc19-7979-4016-ae3b-676f3d88335e
325be86e-8988-46df-b4e4-6e70a4022e85
105d2c2a-1e7e-4ca9-9a63-1d51d5ed7bb6
b5ed04e6-b615-4457-9679-fa7be318130e
cad422c7-0100-429a-b4ed-34ac3f3a0564
90ce5c3a-8383-4321-9e8a-1458d330298d
55e78b3f-2bdc-4858-999d-79089dc7badf
73bbc6ff-e8ab-4d80-b5f2-0a664a26f527
fbd6dd9d-f893-4f6d-ba7e-aa20b38356d8
6eca245a-c7cb-47dd-81ba-9244b2ed8134
a33bae6f-b36b-406a-9d77-97355d38f136
adc2ea95-ffa3-49ad-8bef-417164a146b0
8acdc7b0-eed3-44b8-915f-3d23631843ce
e59ae72b-57eb-4584-a427-30660e91043f
52f6f703-812a-4e7a-89d8-cca9dbf879c8
fee0dd7b-a2e2-4593-85f6-9e70909b7dd4
59991910-4b12-47d1-b6e8-a383ca2d8b44
d7053293-7f38-41d0-b579-fbf72662a6ac
e0041dd3-01f3-44fc-b892-0232326d6768
5e2aa96f-dd6e-4983-96bb-5d22af2b81f8
ac83a0a1-0ead-4950-8493-d119d0598068
9f33133b-58e4-40d3-8294-01a8c03eb976
26a5127a-f586-42d2-8015-7bd20bde0d96
1f399062-7015-4c9e-802d-c970af66d570
d5e86414-09d4-4b5f-82bf-f5be6a011192
805c1d33-e8b1-4eb5-9f54-f8c31756d28a
d58f23a4-0244-4b28-8249-f6ae3c2e5328
79a30dff-1959-4860-86e6-7ea9caffdd25
673f9374-1d5d-4fa6-80fc-ea76e60feb54
29466733-3490-4ed9-889c-729073fe3add
d991991c-93ff-440e-ba0f-18730622c2da
a9be1c33-a80b-479a-8a19-258a846fffba
a5b65ef8-b27b-4d56-89a8-5ea505d0ef3b
0159bc20-b76b-4a2a-92e9-5faa57fda2ec
a0b004f5-aee7-4c86-82d8-a02af36d852f
bdc74e5b-a67a-44db-bced-d6c43811174f
d801c537-1f72-4f79-a925-ca159b0c0951
d5da6026-406a-46fd-ae7f-4032df2de49f
f8c0739f-d86a-4171-9261-6a174b38e043
ac3addeb-bf3b-4fff-ba33-d59c99db800f
b9586211-877b-4be0-ae47-d498f6f7697a
9b6ea553-d8e4-4cb5-b6de-24e6dd2bc62c
861bb138-c2d8-486c-8f71-af6b658c0368
b276360b-0ec2-4de7-81b1-f412960715f3
f2bb5aa1-6a77-49b2-804d-30420d077f88
7885771b-30bc-4d53-b129-6c9d359c6dfd
ad07e158-acd5-4428-850b-2036174c7afd
257a4870-6a25-4e34-837a-c77ec1c0aa42
306b734c-182f-447d-a2f3-3ef21f138779
c22f621e-afee-401d-9fba-358d6c8cde13
17b6df52-fd2f-4c67-a38d-5e3dc161cc13
d6af617e-303f-4276-ab79-160f26813ba7
97f534ec-853d-411b-9bcd-556e7f200e76
e0d13259-e86e-4b9e-96d3-130af1832c2f
9b170038-63a4-497d-bd5c-f55890749ca5
f3ad609c-71f3-41ef-b29e-01abc1478957
8cf9311c-d0ab-48c8-bb0c-9b278953aec7
682234a0-0e7b-41de-a731-64d131afffb1
e124bb3f-2837-4022-9ec7-03a4ff70aa1f
ec9cdd6e-6b8b-43a7-aeb5-3fb77d136e8a
f9d9db5a-1f22-46b8-8603-2e3820976f4c
461ecdca-1415-4dad-966b-4536748fc2f0
87bf69e5-3e14-40df-90e2-38f5e882385a
7ece79d5-9df5-488c-b474-68c27a1025b8
d53cdbc2-3de3-4e83-8c7b-6990855d6670
42fb48cf-c97c-4a8b-8643-9930d27ab2ff
bda130b7-172d-4d24-800e-1040b055fcf7
52830320-68b3-4f1a-b9b5-1762ef5f3ed4
da736e08-b659-45ca-89a0-4a17526ec563
04c9679d-575b-48f4-a3a6-f0f25b0c5073
2680d3a8-8b58-40f7-aa29-718d74a139e5
7b010f57-d39e-4e26-b503-b296d210633b
13c1a294-4c0e-4dfa-a840-4aeecfe3d019
5c347ae8-8e52-4b74-96a5-63140ba52561
f9d36315-2732-4299-b29d-b701cffd5ccd
91c69240-67cb-4e6d-9228-23352c252235
dc7d44d4-9765-4ee8-8016-fd367c669b93
4b3c97ed-b947-4279-aa6c-c8eba0dadd79
abeac69d-66b6-42ae-a680-d13c912a5d48
c83b44af-bf60-44e7-bb35-62b6727b2b5a
ec4ab70c-94b9-4d35-bf02-e2c6c9debfcd
d61b2e3f-acc8-4e64-8012-61a9dc3f6528
177b9e62-0724-4903-8e9c-837583413590
db0d7031-ea2b-4e1e-8488-9680fec8e7e0
4b222bd5-d84e-4b90-a382-2f6deee7a477
740e0aeb-0379-475a-a851-3f6fad019f8d
5df75cc2-d4a7-43dd-9a42-daf374df91b2
9b34de88-c10b-4f6b-a657-f89eb9427325
9eb4fdf9-7ab3-4b7e-8b81-32bbc4d1dbb5
318e407b-5c28-480b-acc0-346eeef8de7f
00ece082-3366-44c6-b86b-14102c74eb2e
f58e5f60-c35f-4932-bb48-54450d42aeee
45c70ea5-9a13-454d-9b48-c71b17b4ccfa
e6b546ab-cca7-4ab8-84c4-cdb2b759b216
33b70452-6558-40db-a521-d55a6c872803
45dbe0d5-8ea4-423d-b52c-8af8a43233cb
c86b3a29-1bbb-41b9-a7b5-b2fef8ae0b10
0f271d86-7179-43df-9df0-273e3b57ec04
4b27e639-4cdc-4c7c-bfd1-63e0056cd0ef
8e62dae8-41c3-43b9-9032-4dc89e7d725d
540e1ea9-6291-44c9-a490-8964bf59f16f
a9beba6d-64f5-4670-8c54-992bbe689cdc
c1f3e879-dada-49c2-be54-5b5a62c9a797
161c505a-1cf9-48d4-8c1b-b25a6f6b7eff
27bf7a49-215c-4599-850f-437eeb80b947
ed0ddce2-3501-44c1-91ef-18f7eff9146f
d89c798c-b451-4afa-83eb-9998af1bd758
65baa6d5-daf6-4ac8-a16c-3c354150914d
3d43f719-be96-4783-afd4-66851ebcd8a0
54dfe24a-ad57-4674-9a6a-00940e72fb43
74f90195-d7fd-4271-83ed-54cb258d1f71
e12bb996-b9a6-4f7a-be1f-2ffd304a71c7
70e71f88-2327-46c2-9455-25182c6d0e47
1926b317-8ebc-4ea6-950c-9f7ac8f59de9
a89a24e0-ff4b-4950-878d-9c993aab32ea
0c8ac0c5-4ee4-4815-905c-581346840b42
e15732d0-b9f2-44f2-9530-aa6822afdadb
f2fcad8a-705c-4b7d-9e95-8017b16cc5a5
ce5305eb-5e59-4873-875d-38f8570ecd6c
323879da-e8c4-49f1-98c7-4323f4cf92fc
13ec7448-2f66-4e67-91d8-72ea8a1bcc6a
2b9db2bf-721a-4f17-9bf8-fd241df0c9ad
46e988e9-29b5-4351-baf3-cf2b4e4dea39
71021c69-8584-430e-a0c6-6ce56ccbbf2a
0f7403d8-75e0-4430-a701-b3a44e883a1d
d86fa2b6-86ac-4465-b3fe-3f0a17ca34d4
b7fba626-84f2-45ed-945d-9b2184b53bdb
26d794c1-2b36-44fd-8498-1cbdcf501075
527ac191-3852-4ce5-9ffb-3b03a77a4b65
d36313f4-fdab-43e8-80ec-c133cf9ded2b
d2a3fd53-435b-4824-a6b3-3fbcf303a609
0de1fa1b-b13b-4575-868c-e12abd431ed7
b24c26fc-8b2a-454a-91cc-4af3cffbb0b5
fb6e7f52-b889-475a-9747-f29c2a049115
9747655f-c61c-4db8-b82c-4fc8acc5a14a
6a109856-48cd-43ae-8ced-0ef87c6cbf68
ebc31281-7774-4b88-b624-6cd2e1600854
1b12df6c-7aa7-4e03-916b-51a57a1502b4
3fa8371e-e179-4914-8e2e-c47eb8987a0d
e8e2183a-9c68-4a08-9727-b84495066402
13ccb23a-374f-44d2-b988-627b02eb6cff
afe53ee4-b9bf-4ce3-b8b2-f2c5f53a1855
7d74207e-1d9e-4411-a256-771444def5e2
0de0c9a5-eae9-441b-bf3e-94fa0977cea3
4eaed61d-e579-4f11-a74d-2d4d0aca9039
78819d30-9740-45f9-a9b3-a0f6983c94b8
b5acdd46-0574-4753-a333-3caecfa00f4b
56bff56d-73fb-4256-9776-5bac8cdd5370
7565ab02-4efc-4eef-b0d9-6dd1b8f79b26
e347a30c-ab5e-4490-858f-5ed43284a8c3
a52cbf33-c616-473d-96a6-3934e2ddbe90
9aa25bd2-dce2-4eb3-908b-2dbcac03248a
8b8ffaa3-cffd-486c-a6a7-1d3288d41f70
05fcbba0-a601-49a8-9ebe-fc2954aec300
53605207-4d39-42ec-9ae8-940a2e00e778
94ac47a0-59c2-4df2-8714-da486a638152
51d8fe8a-9398-45b8-a274-82eb3c77640c
bfebabd2-e9f9-4f20-96ad-5aca872cc719
6bff9f2c-1450-48c7-bec7-906e0981c506
fbca8bbd-39ff-40a3-b7fe-5f0158c17d15
71902c10-e51c-4c57-ad8b-4d140333fd80
68b673e6-6db1-414b-b9d1-783a30037089
21b5dff4-3cee-4c50-b4d8-4036a0cf2e0f
80da6f75-4589-4a25-9b88-5e7dcd5faab4
09414ede-7244-4851-8a0b-14048449b474
92188be6-920f-4375-bd92-e0e7b0d6d1aa
9e28770c-31ca-4e9d-a244-b9218fa0194e
38051e01-63e7-40c0-a93d-fccf0b7fa5f9
fdb4e872-08c4-439b-94c2-a691de5f28dd
1f9f0393-d69c-4629-bda4-2850a4351187
65514cb0-4ad0-42bb-838e-2ebb4fdf5814
9aa72b15-6d0e-4a3d-b6d0-2e12dfdc2c1c
ea182a47-9d96-4823-9af6-2b06930c46c6
8864a987-1e3e-4028-a775-677370e8e257
64ccc59f-ae58-45a5-82ed-9e07d0fa92f3
0291c030-eee8-48fc-8da4-47fc8ba0662f
8e90c4b1-4d2c-4bec-8a84-e751ef8086e2
2d7e5d7d-c018-4c3e-9e00-464ef78dfea4
13dd6a0d-0970-4805-b208-586cc6186684
699d822f-892c-48aa-9cc4-1d3273eae283
d34c530e-9566-4de4-9a8d-8492fee04d4d
be58e485-dc8b-4da9-8c6c-f956abc34344
a4237df3-3862-455b-a52b-024729afe06a
d38ef877-f9c7-4fc0-abff-2d1bdd7bc031
1a67e09a-58fe-403e-ad0d-f6aaf2b9d192
6887144f-9cd7-44d8-b188-9aee56939af8
80d05018-b184-4c0c-907b-8640d1081aea
35bbec28-9e19-458a-b3c8-4de9ca341775
2dc0ce76-eded-4e06-916e-06267225f8c5
65b4cfad-aead-4cb4-9cbb-b1cdfb0fc4da
52316787-3733-49be-a879-2a121972f03a
7d9293aa-69b6-4daf-94f9-34262d87800d
96553d15-02df-4b85-bc49-0310daed5e45
aea2c116-e263-4e60-a8c2-972ab893e755
a475fe4e-d76f-4d70-88f2-9763683ad3d5
e31a1bfa-7365-4f0e-8ef8-fce793aab4b0
d1a3f991-beac-434e-b934-40cd70a3a4c1
3b487e89-5d62-42c0-9aff-39a0bdbabc78
f3f2d283-a5ef-4eea-b4c7-581935ac912a
1f9489a5-faa9-473a-9b27-cb8f891c66bd
f8779eea-e95c-445f-abea-c67f094c079c
772c1297-49ea-4462-8f2d-f114b6172c96
9395bb93-b990-4901-99a7-b55069ebdc81
1723c73d-2efb-4d3b-9812-0f9dde9ff055
90d005ad-b757-4209-82f4-a22671ea93ed
526bc097-3ce7-409a-9f65-f045f448ab4b
976ad2d5-71d7-4f73-af98-6418718f72b1
265123f0-2739-41c8-9cac-155f340bcebd
1837283d-44cb-4b45-a918-79c72a1f5983
73505333-d9c5-4cb6-bad9-bfb486fb4379
80eed1a7-9597-4be7-b469-ab33d9da62d9
a9fecc4f-0b48-4c97-baec-0e7a6f7b00e8
c5aeb361-a4eb-448f-a0e5-9befecae08e8
a7d95e19-40c3-41e2-a258-a3ae5e29b284
495867b1-6157-4d03-8cba-fc23db43c4df
cc35129a-e5cc-4b42-b6d6-551a2c978bb6
49c12340-dfb3-419f-a482-bd02f465a219
e72a50d9-b801-4877-9755-22f696989fb4
b4666322-13bd-4806-bfc8-99b1be760fce
a28478cc-fc92-4b16-852c-ce890e1c4de4
14758303-d527-4bea-8cf7-09caac5694f7
2d5f766a-4439-4222-b853-a58278a0c69b
1590e9e5-1a5b-40fe-a2a0-f02fbab8a0a5
a600e860-f1de-48ec-80be-ade0842a8542
1e09f9f8-b1f2-4346-92db-0adc023e1453
7da11de3-f22f-498b-a59f-c13114971b16
420d7995-382c-4b7f-bbb3-640660015646
725d1054-3761-4ee4-bb8f-c6738680d221
d222cb2c-694e-4105-9013-60438c5cc64f
9510ef83-d9d4-49d1-88cd-44ce408a3bb8
ff311e11-bf5d-464b-a6e5-a9fb5c06cd8f
fed82d56-0029-42d6-aa53-5570459f88fc
0165700d-09c9-44bc-b0ff-c8421f6bbf7c
6efc23e3-632c-4601-b229-150d11f8ef9f
f729cfa2-ed5f-40d5-b5a0-b3a5e35ff1fc
ff8ab853-f13f-4775-89b4-4ec1fa2d09bd
f035d2d7-f045-4877-8a5f-890a75029f5f
a6161aea-6038-43e5-bc1a-62051c11120e
d629b826-4c35-4354-8866-0f5e339960cf
87a6051e-5b8f-4fe6-b5c6-e9ffca964477
eed74dfb-0e4e-4d8b-82ef-cf59779bd77b
3524a5cd-18df-42b0-a952-8725d37ed5ac
84871c49-bdce-47fe-a19b-2c04960cec29
7a7ff31b-10c4-43ba-a74c-3262d9caf1a5
cb7f53ef-ae83-44a1-b286-d7ed09f5aefd
7d1914eb-ffd9-4b96-bf37-3deacbaffb9f
6110efbd-cbef-4714-baca-f70788f4c2c3
6a4d0854-7b89-46f0-b804-cdbe36afc018
dae8a42e-3eb8-4065-b7b7-ca9005a45c63
7419bdd5-f11e-423f-9ef0-d3803a704aef
fdbc6da3-2ee2-4636-9545-b9e960f717c3
770eac34-fd2c-4e69-a3b9-79c81b0379da
d6c2552b-2008-462a-9b06-e9f1ff012fd1
1d280c01-8514-4dc5-b638-cb5b49cce7e3
9b24985a-957c-448c-a658-d7d1b26afa84
db0d2a1e-0bb9-4333-b9e1-ee4d5d6ffa00
9fc3e2ef-15a8-49e7-9cb5-adf175dc3dfc
fd933cba-893d-4e8a-b677-c299522c2e53
7ba5edd2-ff61-4f76-b1e7-e5f199ddbe21
671a67f6-1f17-41b1-882e-90e2259341f3
72368c86-679b-404e-8a41-c50c60788a28
b729c168-ed8f-4a7b-978f-7e890bb34557
1e43a89a-4fdd-4097-b2a4-2fde8404f417
8e86c461-02c5-48f2-9b46-f99c58494c81
b22342b3-587f-4fdf-844e-24181aebe32c
879d42c7-caa0-4ccc-be5a-ee58ec41a1ed
6f75b266-dd99-474c-a2e4-4974173b5ec8
42e2162c-bb55-422a-b782-48e851a8d5f3
685a65b0-02ce-4f46-bbea-d98447bb1552
c182adca-6f20-4cdf-9812-329befa681be
ee0a7bc0-86bb-4091-be66-89041758f783
5015e07c-3deb-446f-b809-461c5c43e76b
c1dd98e1-259b-4ed5-b3d8-28a6c11249a6
5fe01f2f-5f8a-4c07-b0e4-530960272ee0
cb97ca2e-6e8f-40ab-bc66-c00af916af83
af09e2e4-ab8b-4969-8a8f-462e9b98f036
c19a9e82-6627-41aa-a345-589190e614f9
a989c441-b8ae-40cc-aeba-a539305e2127
0750f569-dba3-416d-8100-7fbd35858761
e88b557e-20e1-43ae-9d47-cdceea848c3d
ff6d6757-91ae-4304-9383-df877697e6f4
79ba2dbb-7ea3-4fa3-8479-d4765e705933
124fa6a1-2c68-49ec-8d64-84c9fc18b05f
2a8b9536-43fd-4e82-8e7f-1b19e8e6ba3d
bdec504c-59b6-44ca-b7a4-532b33cccf0e
5d83d174-a46c-4f86-9fa9-03395748e39b
065a0a27-0629-407b-ac2b-6980b993847d
9e696524-7dfd-4534-a27b-1013882600fb
9c6773ec-bc4b-42f3-95b8-cd040998bdd9
ee69e621-5dc3-49c3-8128-ec3edd62c607
8a926f9d-99bc-4d51-9d09-dba84cf36953
4d85241c-3262-46f7-ae5b-849ce50b5abf
f1b0b167-064f-4cb1-b5ef-a185a642a44a
14c1845e-c99c-4808-90c5-2c8e49c65238
470aebf3-d162-45f0-b17a-82497bcbe890
a538dd28-d425-40a4-8d04-354253da5625
b9cfd1c6-4eb6-45cf-8b4b-770f29332c6a
23674e46-d575-49d8-8708-1488a546f99a
7959298d-6631-4126-8f91-1565de5d57bd
81869784-a776-4f1e-81b3-f211a5219c76
bdbc094d-853b-4e15-b556-a7c50bbe2c60
507229d7-3d2a-40f8-9727-66574af91f5e
ae6f8cb1-1eba-4691-b1bb-e6a980bf2e6f
9ed47b6b-bd46-4e9e-b849-ed85ddf02d53
572d3a36-4f70-489b-93ea-8a264d7d8654
7d8c12e4-39ce-4449-9f95-6991f6b814d7
defd7e65-b645-46fa-8b3f-2b576156542c
d12d6d48-bf3e-44ba-9fcc-8e611abca00d
96284696-5729-4cb6-b06b-2e20471fe02c
cd206b2f-a67c-4bdc-be8d-c1ea1ce2343a
19a79649-e9fc-4d14-bbb0-51080dc924bf
7ed8ab06-7bc2-426b-9833-335b22c160d5
aca477b4-35c0-4d78-8163-5921a169ead3
5d9c7fd0-0ffb-49d6-b1da-fd56e2d432d0
52b6eb2a-fb5b-4b53-8b59-eff1d57cae54
c0b6b81d-4b7a-4784-8798-b9af11835ead
c14922e9-446a-4719-b160-c44451d1931f
4593882b-9854-4aaa-bacf-d2e76d017c4f
fc3d33bb-cd6a-4fb1-9ddd-c39b1756e6a6
4e69a036-a37c-4ba1-a6df-3b5ff7d4299c
1aae1df2-e13c-4e49-97d0-bd45b2c4f35a
44a86bbd-29aa-4480-a690-7b372fe9a41b
cf942623-3162-42bc-97ed-c0090a89c294
affe7981-c1cf-4257-b6de-530bf678aa8b
da38a6fd-d2aa-465f-8f29-7a7ff454045e
647384f8-0384-4186-9473-0dbd784f6306
0218cc58-50c7-4ffb-9a63-5dc9f35d7b7f
a983de57-cc6e-4842-8139-c1fb4c83fbae
26bcffe6-8d81-46c7-bc12-d8d8eb15052d
a8d8f8d2-5e5d-4643-8145-78be531be356
13ee88bc-ef54-4341-9945-7171a509a33a
87e28dc1-422f-4b88-a7e9-20a821f3172a
ef3e4779-cafb-4164-8558-b38d4183d8e7
7f00be69-26a7-48a7-a724-51145ad5b0b1
ef6fe3cd-f09d-4881-ae3d-60dc0b3a8063
56730013-e201-4b6b-9c48-d303da36cde7
1ea09ea7-c57d-410a-bd2d-e986d4e33eab
2a957c01-89e6-4126-929f-b55cdcf26664
0c01956a-7dce-4ddc-b55e-f31bc9712b36
63af6f9f-eda5-4c69-904d-4d669edd7943
ae00f571-4713-4aab-b847-5963faf488cb
4cae744e-4393-4a08-a73a-a24df57571b1
c1bad88f-8c9e-43a9-8102-b411a4be15c9
70cb2edd-a4a7-4364-b54f-06b15c1295c6
5d185dc8-5b2b-42f7-a9e4-8bca0061b2ad
94840c84-b5eb-4f1c-9162-12acc15d8dfd
ef76188e-021a-4985-bf1d-5dd87e1ee404
35a531f9-2abb-4124-841f-4874379cdea7
f0f18c7d-c7f4-4199-bb4c-cd66c264ffa0
b956c846-9a12-4015-880c-b80ec9593110
1f296ba7-f29f-4953-991a-950a514a6cb7
b468aee0-43e7-4d7c-bab6-b504070865fe
07d0f1ea-6091-4a0e-add7-e2bc41907970
5225f53c-45df-4384-ba15-f8c4d586b747
63b57d94-c521-48ab-8e73-2d431f2b8ac3
75c8cd7d-7427-4dc0-816e-fb06cc31ad0d
a8aeee16-79b9-428a-bcee-3f2d57b29457
914cca85-fcc7-4af4-8cb4-91800f0b7e6a
f1f294cf-a8af-42c5-8b1b-ab42cfb4b289
eb0ecdfb-49f0-4749-aa68-646193282ab1
3c4dee38-79b0-4ee1-af7c-d72ab6663d2f
ce0999ed-8fd9-45c9-a1ec-f01d49ad57aa
5ab17af2-6944-465e-bdb5-efc50c3bd51d
fdffcb26-6a25-45dc-b813-a261945d746a
bbc2cbc3-e539-46ca-8e5e-509770ad09a6
14440a19-3803-44b7-87a9-4610c6a25dbb
a8b086ff-6871-4334-8f71-c9e5362fc2da
627b46a8-6c49-40a8-b1a0-6be9306e5657
684e7040-83b9-427c-93c1-ea9ae49a16ea
ab2350b2-62cf-4fe1-8abf-232ff3d1c5fd
bff37e39-b86a-4f24-ac14-d300bd6d8a4d
f4a83586-118a-4395-aa89-0d8b93de5f38
56fbbc37-6301-4adb-9143-4212b4abb6bb
d1f94087-6afc-4854-8ca1-20d0bcd1c1ff
5d2cb1ee-3beb-4f18-ad0c-2f0142159b61
e728471f-a66e-460e-be3c-7d013417deae
6f54a931-999a-4b29-b207-23e54098732a
688ab40b-0a0f-45d3-b95e-80a4874bbc69
e317b1bc-db6d-44c0-9514-fd0d02d63014
444b470c-ab46-48d8-94d0-687f0e252441
7c2bddd1-2702-4c0e-94af-e60a0fb1afe5
d1e18685-0e3c-497a-baaf-40d49aa95d5b
07e894ce-9405-4777-9bce-eb316a5cddcc
9b2f1f93-a0af-4938-b743-fc853142c156
106fc883-9f03-4a65-a4c0-0f23dae17d16
12b9edc7-490f-4ce0-b18e-ae19ba28ff65
2e62dc2c-25ee-44c5-bd64-2bbf234ad310
f3730d9c-43c4-45aa-b48a-be2c7dc65a7b
846aca2d-9116-41ef-bf8c-a1b1b49c969e
640accf2-267b-4e82-abea-11ce242b6a2e
42a34a46-d34d-42d5-858a-deb8fa9fe666
b646e494-86b1-4b29-abe1-1146811ea940
a6bcce75-460b-43a4-a1ad-627f9cd332a8
6ebbf760-bb84-4fbb-b5a5-cbcdec20e7e1
70d7cf86-e709-41d8-8ba3-d34688e918b7
8e94b2bd-343d-4352-a285-a82bf7b5a57b
285d29a9-f933-4d0e-a7d4-b5b4085160d3
3bf6f836-b4aa-4886-86aa-edc43549c911
044bec75-b99b-47cc-a36e-fc6bda099a4f
448a1081-0476-402e-8e5b-1adc4afcb24d
ed0429b0-6b22-45f8-a61b-ec240b778adc
a2c217f4-0369-4d86-813f-4fc364632dd1
356ae7c5-f81d-4275-99ca-4daf190a433e
414b68ce-d745-4a1b-96e6-6949777fee81
613db2d2-ef90-4951-bea5-329c39ec7576
e07656dc-4eea-47b1-9d36-14db9daac106
854d0a1f-2441-4c5c-b732-20e5df20809c
3e63e4e6-b05d-42e2-93d6-ab97ebb7aa5f
7908c6ab-7313-48ca-9342-45ab2b66e9d4
03bc7d62-058d-4b6a-9509-c1f67bc91516
ad4ab384-02dc-4dbf-9381-2534b239fdef
02cfa86e-72ac-4dde-82f9-1c287d50849d
09f916d5-8fed-4b98-8c82-8881a92941ce
aeeee886-3779-449e-9e87-1e01b5f74d00
9968fa48-74a0-4171-baee-4a9112798882
f8f4e8b1-6804-4045-a05d-0ae3a2c8852e
35aa10f9-cb60-4495-8925-455901e6e55d
9dfb9d35-c0b9-4784-b9a2-606f85c60d96
72525df8-abc6-4aa6-89c6-23dde4626447
5d13280f-67ee-48c6-9864-131bcd4bccbf
cc18d060-7b63-4981-8e3f-fd43bf63d452
9a021144-7191-4622-aec8-7f79401fb82f
d48ddb58-00f6-4864-8e71-c326af11a730
57829f11-e4ea-41cc-b15a-34c022b2d7dc
75ac7b5d-e085-4b45-960d-e94879bd44e3
f57349e3-4981-4ad1-ab51-4976fc185eca
72cdcd7f-7009-46c9-acee-b02e72e91ee5
2a0b4744-90bb-4ae9-900b-3b92b71aa073
9938422f-f723-4c9d-979c-e651fb19a0f5
b8ddaf76-ae69-4d96-a5de-a2b09e0149ef
93b840dd-7347-4681-9a0d-866d9fdd65b2
343ff309-83a1-4b37-8b72-99a21fb6196a
191e6d74-1094-4a45-aede-4784d1c698aa
46139a1a-4db2-4b05-bd3f-40e53bd7ce83
42bcc11b-0bcd-484c-be5b-8ac834537137
d7f95299-75ff-46ab-adad-12fca6d2fdbb
65e19029-e423-4625-aada-a9de1b1043bb
1d93e20e-f276-43a9-baeb-336363aca197
f8015c31-1fa7-4fae-9930-abaa3911e090
8479a8d7-48a1-4589-beb0-acfa33eae649
55485555-c2ef-4459-9e38-e94d5b068a65
a5869565-417d-495a-a63d-d6082ba7ca02
4b084dc0-f220-4df5-bd62-f2d69b83b21f
503c0388-85ee-4002-ac3b-8889046c5147
e19bd122-ac0b-4c06-8775-fb391e37224a
c8d787d3-0ed2-4726-b2b3-ac9cc93e9c44
45382dee-9d10-4fed-9152-6d9db1bf7587
3c154aa0-b1b6-4e78-a617-cc7fe8fa278a
fe725594-10fb-4f21-9f54-0ccaa3f9905f
928e842d-2458-4d10-b7a2-4b56c3179579
e3efd12a-65c8-4192-b6bc-03e0698dd326
b4b65913-51e0-4284-b073-4b01aa2479a4
fffd52df-f959-422e-9801-c9d26ef5022d
1ac86312-4646-418f-8109-e4360e3c4664
b138c535-c857-4d84-8dc5-1a0a672a4d2d
a5528f52-6329-4301-9e50-892ca7d0e590
23bb2f72-95e0-48b3-bbd9-f32e60ab67f7
6eef28b2-3c85-48a2-a80f-8a588b8a6619
0d4a965f-9a55-47aa-82ab-ee7992d76f29
55eb63fd-d880-4119-ab08-0f61842e9ac9
2b5e8338-e86c-450a-85af-c9b709535cc3
522ba386-1c4d-432f-91c4-ee98a2e2cea9
c1a1ea6a-ea65-4e2e-8b8a-15e8da5f407e
02b776dc-6425-4712-b775-925283c9db5a
e792aff6-d0d4-478b-945d-4e1b4a0576b5
343d0f4f-bc8d-4c65-bc16-6448d990bffc
8e69d817-c2a1-40f4-869c-723ac76edb8d
0d43a8cb-5a65-4143-8bb2-aeee984b7d44
1d4ceba0-fba0-4c5e-9be9-d0eb47b31a89
558c9af4-949d-4632-8bf3-76d2ce52feb0
bc122a85-6c7e-4ebf-aeb8-a87158b735a4
ed331051-9e62-4aad-8908-aa026aea0065
16ea9129-eaf8-41ac-bdfa-ed48a8259029
a484c19b-d10c-4921-a88c-2ad3a3108932
d2266f88-4fbc-4b79-b83c-8057c53232b8
ad5a7c36-33a3-452a-9e02-e3b8f79a3864
8659f4b4-1d1a-43e1-973d-b8991f734aef
9158c108-6490-408c-894b-3244319569ea
caccb410-7293-4e7c-8b59-aa499ea019b3
53b56890-b39b-4a59-825f-a52e4737531b
7de6630d-13aa-49ad-9b6c-5fd3c95b442a
028c3213-4e43-42bf-96e0-83ff2e829aa1
f61d6f64-a2d6-49ea-b408-fff1b63645d1
a5de8345-0ecc-4629-8c5b-d194fd338d64
a96c0c99-dc4c-4787-ba80-e63e7f20912e
52830547-6faf-49e6-ba76-0c1ad5955108
1dbb48d6-14a4-4358-80ef-8a6a83474969
37263587-3084-4046-89f6-6b167b69c7fe
f841def9-1a3b-4360-9ad9-119a63b4aa91
bea1a6e3-ec9e-4d3a-9a4b-7d241262dd86
fe1100ec-3d99-4cfa-81ad-f59dd614298d
d6836748-7187-4734-b4de-80687ec34446
8a437153-c0e4-4975-adc9-c398e014622c
ff6fa188-5bdf-49d6-ac24-318bdd36ae0b
eb67a7c1-65cb-4674-b2cb-21567b487c94
651f4ba8-61a5-4c0f-9b0b-40192a984bfc
c0be964f-2338-4bb6-a880-ddc045d7f7e5
f1b6d1cd-5c5c-4032-97cd-5eec25301dfd
9f7f744a-3652-4af6-bd41-dbb9783b18ab
9b477398-5028-41eb-96c8-e88074de4d30
2e3b9905-8e96-4eca-99dc-99d9f1685942
90bc2709-1bdb-46cd-9d60-ae9450e22092
4192bcc4-948d-48f5-ace8-22e4c2e4602c
20f28d45-158a-470b-95fd-e69ef897519a
c7a3aabb-71fe-43fd-ad37-288295a9107b
06899467-fb50-484c-86e6-6c1edb070318
cc3ec64b-3ae4-4397-bed0-d7d23eda5349
86b1b670-9784-4c31-95d4-ee8ee28218d3
7bbb301d-bd36-4de8-95b5-1d8928d31838
e8334ad7-c27b-4d6f-b08a-c6975cb3c8d2
185482af-742a-409e-9c64-d318476f581f
158eeb63-db70-48d4-80a3-a77dd5c754ff
42d4bbd8-fb49-41ef-aa58-3609dd7c9ff2
3f1bb2ba-0499-4c86-aff2-ffe41f6e73c5
4fc5b1eb-81b0-4400-8511-d8b8df421268
163c2dbf-b850-48ca-b6e0-455a49b849a7
9b4dea1e-cc76-4a55-8b32-8de86f569dbf
8adae835-47db-4cb9-91b7-be31b7b58100
aff0a047-0052-467d-a7b7-1297852fdf03
a6ec2873-af46-42c6-b2c3-52552f741d66
71fa7de5-3250-46e2-bd44-e3f179e760a8
8c933f2f-f258-4335-b519-07118007e669
d6f9c19e-e1c3-42ef-92ff-c15556da777b
09fffedf-5b0f-4d00-be07-2f7356f04c6a
3904ca8b-2b82-4968-94d5-ca73a4e07c19
1e83d0ac-a2c2-4a70-80f1-acd4cb9f3f05
b777774e-8aa6-4908-ae11-a31d89200037
59141ceb-9005-4718-ac10-e6ac4dffe3e1
2a49ef03-a092-41da-8bec-40f55d2f2a2e
abd1e96c-df09-40d0-a29b-db9add77a5b1
dcb55a60-1a27-40e9-8d8e-a5b40575a9c9
cf6471b0-4b0a-4d50-a679-35a806a95ea1
a024997c-1c1d-4f6d-ac81-e372c6571586
d2c412c2-8b0f-4f40-aad8-7eca939cb719
c266c914-0d6d-456f-af9f-b2c2bc16b86f
ef09dbc7-993e-4a6a-b8df-344457ef5836
9ab43291-095b-4130-a509-7a3359214ce5
9744cf0f-81e2-42a5-91d2-a251f7eb3bac
900a4099-2ea0-47a2-999b-c4f1c96d43c0
f6cd6434-523b-461a-a484-a375cea81201
ea1ebb4f-845a-493c-897c-4615ff5ce7c7
ccceae1c-bf0c-4dd7-9e7c-938dbc34a4d6
e4cc8722-6edb-4018-9c07-1fac239136c9
712431ea-6736-465c-b4ed-1b70dfff650d
a7ce179a-466e-4d2a-8db8-05c379e9d059
92c980e4-2bb0-417f-aaaf-7138800225a0
b3c09d59-b6da-4e6d-bd1e-4aea4e3c91ca
45422cf6-4ab0-4d8f-8d8e-110cec4fb32c
c000eb1c-946d-4272-95cb-6a1e3bdfce28
1d1f6211-3011-435d-91b4-933bba9139a2
ab434074-6a55-42ad-be0b-69b13b49c86c
ada988c7-4cef-4003-ad6e-fc73adab353c
1b3b733d-9e9a-4259-aa65-bcc9d63b203e
90bc26bb-4b19-4d8f-bff5-c09aee50f6fa
138ffa32-8d54-47a5-919c-421cecc61308
d94745a9-eca1-4fa7-8525-969cfc5d546c
a6b0d2f8-2545-4f47-aad8-2a513588a105
6f0afe6f-ae7d-49be-b656-73b0ade16f39
85bc32e7-f7ff-439f-aef0-047d9ea61e7b
156bebf9-0894-4ae3-905c-d1a8e2470f00
c98096d3-2c01-456d-b268-967898e75277
79433c6e-80e6-400c-878b-f66698eb22c6
1db8d028-33b1-47d0-8ec9-5f65392f1acb
d25b53ea-5e87-47fa-8f21-1e007744dad1
d0073b1b-f6f6-4190-aaba-2058946d1a18
dd64dcd2-5ecb-4df2-88be-fe6e43c3f0ab
8fb85283-7d74-4938-bd0a-ae700393eae3
cc2af27d-42d0-4f58-90e4-469a32211a2c
6f917b50-42c8-4dcd-a0d7-f6fbb65d8083
a675f633-71a5-47c6-b48a-6279e0a5a10f
bb09d1d0-be90-4f82-a652-b26cb84d514f
2f7fd90f-5cb1-4cc2-972f-63d24c9cdb8b
2fe0f01d-f24b-4c9d-aed1-ae303ff231e8
cf515b15-0c87-445d-8bd5-39941ba35d8f
ebe17f47-b2b2-4219-b8db-7109ce754167
cc41cd56-1f97-4f91-a172-f10a856d3063
47ed7729-fcf5-40f3-9a1b-38ad1cf083e6
65dcd6ac-e1e8-4fd7-a47c-4f1402ad6da8
72f1f051-205e-486f-b546-8e69988b8cd0
0df63be1-9db8-4677-8d09-6b490423a2cb
a40123d4-8819-424b-a2e5-e7d262f9a5cc
0617c29a-be3f-44ff-aab7-c4e79f8d0ef9
c580c63e-7424-4077-95fc-e94b93700943
d2f41476-f354-4fd6-85dd-00709af4db84
f722bd23-2055-4497-a1d7-d12aa0ce3644
3c0d03a7-9e34-41db-8f4a-3aa6d82e474a
529554f4-49f7-40a2-8f58-5866895af0d6
27556096-7c08-4136-a2f8-a7094fb9817f
7ff27968-71dd-4a09-9bf5-694cf946bad4
6a8f5fce-27f0-4680-b66c-5acbc75973cd
0199ae3c-0061-42d6-9303-2e6e44c4c7fe
bd9de82a-affe-4c7e-9ade-e1728ecf7d06
c957dc6f-6044-4d2f-b595-a936f87b5cd3
fb5a99b3-ed3f-4630-8680-38d264f695ec
d7a2ed0e-8459-428a-9c7c-5a34c79b6d08
144c3955-ea35-4837-acf0-9d1b653475d7
4381cbd5-7b5e-4e9a-86b5-4d61def4b444
14c2b715-e724-4725-b1f0-af17a39903e4
749bdbaf-c1ec-499c-864d-fd255049d11f
57779746-1614-42bf-b90e-52d2aa3c9b21
203c79ab-f50e-4c65-9b26-1e4ffab0309e
c90f2f4e-5865-4741-af17-e4d2a06d9cd4
cf59c8a6-e223-422d-907e-be7040c4fc30
ef5a2457-19dc-4dbf-868b-75b48abbda07
89ee616c-cd74-40ac-bff8-4f32691f7167
f360561e-ee13-49fb-b699-eabd1d683414
7914b9c0-975f-4f76-84a2-c0839726c358
355b0702-5b32-4444-903b-901ca7c3ad46
567f50d8-3179-44bb-a057-5eedc13ef4c7
3c471d1f-a7e9-47d5-a8cd-73041de80966
156e769c-3072-4ffe-84b0-68ba47b029ea
829881bc-a674-42b3-85a6-507b2ef53a54
92524b1c-96a5-4a50-bf8e-c1d7615a4b48
4f6e91a6-4838-4e18-ba0a-28b43000e349
526393de-bf4c-46c7-8720-0867676d2561
59918980-96fa-4669-b15e-99f9d14aaedd
e259a853-e73d-4731-b924-c2354d131375
dcce3e39-a4e7-48e5-ba96-86f77a63812d
a0dad38c-57f3-4697-b2b2-78790f0b2f52
7a62391d-bf12-47b3-833e-2f07f38a544b
0fd862f7-c058-4fdb-b667-22dd03b11ca2
d1fadcf4-ccca-4188-9d0f-24ea9a19e920
be5caa84-5a34-44e5-92db-d788cc8a3f65
7a25ac3a-7ecc-4368-8c60-4b0c959f0ae4
ea658a12-8921-4202-9ff5-3ed49e2c9c99
a6711865-5c3c-4b3b-a4b8-873fb8222e3e
986d42ab-c307-43e8-ad0c-b82605f7da05
3d073280-aa8f-495d-acb2-765462179aee
8705133e-3bbf-4b6d-9bf2-e19e5ee29cca
f9df8b6f-74a1-4f97-8568-4ad8d97be91c
7599ebc6-b318-41c0-bbf8-9067580e2212
b3252f0d-51e6-4a9d-846a-c2765a6ee0c9
175200de-c9fd-4ce5-9940-2969f69122c7
3598703e-64d8-4d67-831c-405f3e6eef72
ee866fd4-cdae-4b4d-9315-1ac8236cb430
13dc2db7-c309-4798-9424-ac32f28469c0
673f84e7-14a4-4255-97d6-7961f7f1ce8c
6175839b-601e-4526-bbba-3333ebe4afd7
de643741-0e58-4657-8d4f-737a8959b284
69924070-cac0-4a7f-80a2-f93ae457c7b1
0de9e2ce-3070-440e-8fa0-11f6b3351524
30ec0f79-c9bd-45fd-ba03-c61354b17e8d
f8ec9209-fecd-450e-9833-5cd1faf6d527
f6a10c51-75b3-489f-929b-489d50a85c61
7f0d7f6b-cb00-4971-b7e1-571f4d38fc84
2cd5fcbd-a7db-4160-96e6-f31cfaeb33d2
0a7c164a-f76d-47ed-bd3f-208287587943
fdfa2d86-3087-423b-aca7-1f7448721b3e
7726a333-3304-4c22-ac68-7e2a0f33ab00
4aff187e-4914-4dd4-a34b-d279cb67dacf
c8d7755f-c7b0-4b5e-b674-a2271d5dcac6
66f1cba9-1b80-4908-940e-2ec711acf718
f6d1282d-41c4-45bf-a644-f3e78d0b8ef4
21eb4da1-623a-422f-9392-fec0c5a6de4a
20365f7c-54f4-4c0b-ac11-4d1c90cb2141
5c9a66ff-2888-47c0-9a00-0b03c23c3bf1
df9335ca-d5c1-437a-85d5-a189ea279a93
da597452-a308-4f27-bbd0-11289699284f
06f69869-0615-4529-b571-0b2650932f6c
aba61fe7-bbb5-4e72-924c-26955e556213
9e853d63-abc2-471f-9090-5983d2fcc23b
a5a0ca17-4516-452c-bfc7-f17493757171
75f29341-97f9-4372-887c-944949e4d463
c4d4c0dd-f5ec-4e50-be63-bcd5c67da631
ac5c8304-4517-46a1-a8ad-b069ca08a86e
62c2c7c1-1462-4d21-a600-4e15c4d9c827
1e509511-1c62-413c-a468-21dc8413a860
36727144-78e0-4d37-9cc8-fdd570944400
75cd6e6b-b989-4eb3-8056-ef3e89aa8e1c
6a471722-3020-4380-8578-d1e987b2e95a
ef8d6673-82d5-4f03-8a6d-8365e2bb4d70
46f2fbbe-944c-44c2-8d05-f32cab3e1c90
17a2598d-72f3-4fd3-9402-c2c749af3370
a7e168e1-8acf-4a9f-bd58-37ad91301d6b
73aaf07f-85c3-4ced-8cbc-a5a2b4a21a4b
7b98d77b-4e48-4e32-817f-7642e62ba861
289bea30-7247-4aac-acaf-3caad667057c
91e3752b-781d-4f1f-a19f-29ecfc520ab1
dad049f6-3477-40b2-a235-399a71cd2705
99d8e0a6-eaa0-4b3e-bc38-d2d05d8821c5
7df098bf-e2bf-4253-b256-df59eba583dd
0e90f3c6-bb32-4a1f-bccb-f83ef0e2ce84
922b1564-aead-417c-9fc4-db7709211f8d
9c809582-69b2-4ced-ac99-99b09e9c0976
fcc673cf-933a-479d-a1f0-b70c9561d2f7
7581d1f5-34c2-4617-9d02-73e74e01493a
95bad1a8-aaae-47a1-ac98-445e3a172d1a
0edc7d29-82c2-4de9-81bb-f06b39460ba8
685b7511-7dc2-4773-9d6c-cdbe0ef360e5
c5bb8c78-56db-47b0-9d9e-281a9a078708
5c2bef62-b60f-4b6e-8180-a87b2a59e9f9
924c6344-5d9b-4b09-8ebb-11b107498a6d
408c7469-338f-453c-a578-4458b52aee94
f5567388-4147-4dbb-9f2d-f62915db3f22
a834c2d7-e747-4f35-8831-32624da96152
a4ed50ec-6b2f-4c93-b682-bc4347ef8f22
e269ecd7-791b-4359-a9b2-55aa53cb9469
7791a306-8911-4c64-97a8-8431419b10f2
3b4f1bbc-2ca1-46b6-92ad-334ecaef0f45
f6463e02-d3cf-4847-952e-2a23e840e273
b81313c0-a006-4982-8f3c-ebd99d408106
e6c5d0ee-8438-4a37-a7be-9d1605dc7a73
0aaa11f6-b56f-454f-afff-4978191d5448
0f89f946-e574-4981-9019-b224f4b8ed3e
e2e19d7a-394b-4335-91d1-e946bab4ea79
eea6dafe-2e26-4298-9203-e3f2d1ab8e49
605b0563-eeaf-42a1-a7dd-8bd03f589372
aa3670f9-e223-46ce-85bb-aeb4dc4dcb3e
7fe614d7-c551-4fcf-a7dd-4cf97de2eb88
08131264-5667-428b-8f69-d2f941b78baf
eb993add-5a03-4ef8-b29a-cd8a68a15e57
7aee6c66-2225-4069-92f4-97d7768a1946
2ec05f09-8ad9-4721-88fa-1240968a7349
7e922be7-4376-4e7e-910a-590674edadbd
1829159c-8eaa-422a-83f3-5c8668369132
e23b0610-ac6b-4a2a-b071-718b24cc49fa
05aa62d9-9514-4302-8ff0-f72eaf2d2463
750feb2e-6e96-4e29-8b98-3923e703b7cd
5a1ad04f-4844-4d49-b2c7-2e8c6be0daac
77db55fc-eeb9-449e-87f6-fa2d20283b2d
61bba7c5-ce2c-4e82-8218-74c67be96bc9
2d2a2839-6775-4b42-aa41-d3aba501061d
fe845692-8a67-4be8-941c-8e20e3204ddf
27369640-341c-4e6d-8697-a98aaf86dbbc
8f63bb7e-766a-4d58-9ea6-04c230c8af1a
13845a79-dcb1-41e7-a0ad-2a401c0ce771
81f9b8b3-633f-480d-bdbe-f64ceb8492cd
6a21c489-9a5b-4a0b-bc30-960abd771fd7
ccec308d-f904-4fe1-9299-f6838d0e59c4
398a40e5-b820-441a-a55d-f31f8c247c8b
c62bd290-5446-4f95-b56f-12d3fe183c6a
803de3c9-6420-4d3d-86ce-6d1190a7caa5
ef86f6ba-ed24-47d3-b5a5-17755abc212c
550b7f3b-5ca1-475b-9c0c-4859996dc13c
134b6903-563a-4feb-ae9f-ef14bf85ec15
19576e52-bf48-48ce-bbc7-cb28c5cf5bb9
5405de4d-373c-4280-b7f7-2088fbd0f50a
b0923ca4-1a2d-4934-b730-4e1b5f565cd9
7a877971-58eb-492b-a646-372d5aee010c
444789fe-1989-42b9-817e-beaa420d1455
e1cb5f7b-7fb5-4484-924e-5eb2399fd743
7045ea14-92c4-43d7-82fc-6c9019013592
42d86901-7a65-4f2d-9f22-6b90a2ec2d7c
50401631-1c6a-4c50-9c7e-4d7b4722bc95
9b854cf8-25cb-4531-97c4-a39c17123ed0
43f53a27-03ba-4bbc-99b4-0558d3acf8bc
2d74956f-bd6f-46f8-81aa-8fe7b9268388
b92540c2-95b2-4f77-9377-090b79fc1cd0
364b72ad-8a50-4459-9763-8864fcc03185
92e3b69b-120c-4768-896d-d4a5b4b0b3e4
b238bdcf-02a4-41bb-ae27-b33c92fa24c1
d0cd6a81-3329-4be2-b1c2-7500c59e7745
cc017f1c-c9d0-44a8-bddd-b1b060af7c0e
2a1c571b-a909-4df9-9d5a-9283b666769f
6038781e-e034-4bb4-ac69-3afbbb8e71fc
a0dac1a3-d0b6-47af-8fd3-51228ba83ca6
20c286c5-df1d-4197-a72c-463264a89313
21459c80-6724-445f-8d4b-6ceb21ca308d
b9f63faf-9fd9-46f8-907a-47ef84163bf2
b3272bfe-d83d-4a5c-8757-6e78e9efb733
a19f4fdf-22e1-467a-9870-dcb8757cc9ec
34684d6e-23f3-45c8-b5fa-61656f85c398
19c13119-a704-4a5e-b605-93ce307e9166
baa4f122-1c3d-499b-9820-52f9ba1e50fa
9e49fe68-6b07-4553-bc4c-5f7cb71f37d6
34f7b51d-11e0-4b13-8f70-225103bc6505
64ade45a-de3b-495d-8bf4-c1fc9c775c56
b0519bae-a905-4e93-8a56-ddf68d10a6e4
fc6dd0ba-2843-4227-8b62-a87340147ac2
a7948372-f99f-4ae4-9da1-35e1bcb7affe
2f4c7820-4921-4adc-ac6e-3d76464cadb1
d458bbe4-3300-49ed-968f-8efc2d6327f6
c413f056-ef19-42fd-9472-48440584e36c
9a957fd1-4521-4de8-ae0e-b14ffa6f7f69
72d77419-27d4-49a6-baa7-c3328a21d4f0
ca9d360a-228e-4c9c-90d7-16fcd45e0b35
051ff966-239a-4690-a500-e7062df37f92
07c1a83a-c6a2-41fd-ba19-7700364bc4fe
9f85f084-c3c2-4f26-a547-a95d55ada0d5
f0a43a28-8751-4bd7-b43f-3e6378b8796c
4531b824-6014-4202-8827-8486ab193b24
d8434813-b257-4742-81e6-4cc2614327a3
0a4eb86e-97dc-4ca6-8408-51f38ae03208
7fb7a2c7-77ec-491f-85bf-fc6aa9b91bcc
66a2c2bd-f0f9-4332-b797-b3cf38ef4ca8
6743a2a9-b594-45dd-a0a3-5824bae36e6f
67c8337e-a4a8-4ac9-bb47-8cb5bb685704
694faa48-415a-4eb2-88ea-250832eda59a
176adbd1-39eb-4672-9ff3-dc1faf244caf
9c89b46a-36f0-4cc6-9a94-82fadfa755a0
059af6af-00bb-4970-b720-87a8992687ab
3f3fef66-f2c9-462d-8075-5b552dde4643
f0cb8d1b-b67e-4991-bda1-2c9423530014
45675ad9-659e-44c8-a010-2662c58ea537
c7fa2ebd-fba2-475e-992f-2fa0424c1beb
dd7608f4-6c36-4354-9abc-d797fa7d53a8
071cf41b-2ce3-4d3b-8aed-1ccb6c264470
69c8e3ba-1ab1-4e96-93aa-1ef766ce889d
4907bcbd-c92c-456a-9f93-10400502cd21
dea6e6a2-26f1-47d2-8c73-51613c8e2d21
18a154b1-81d9-48d0-ac29-695c6c5af07f
1c937a36-1b86-463d-8d03-b140c6693b99
531c4f97-144d-4ad3-8415-9a567e7a9378
ee95b250-6dde-4abf-a25d-4633f41362e4
bf50eafd-9aa4-4d75-a123-15f3c6d49abc
98c2f451-a1cb-4ed8-8cf8-be7ed62d320d
0363a847-b345-4012-8195-d8c1b8490f60
1beee780-e6c0-4fc0-9a9a-619b97df8266
ecd23029-b0ce-439f-80dd-158384534708
55960764-62e4-418c-99f3-9164fbb37732
d65cad02-5814-4feb-9181-c1820ba726e1
7123780c-b1e9-4af3-80ff-5cac2597855d
e4e71621-ab1a-4df2-9edc-0542846e597e
df0e90a8-bbfc-4d00-ae9c-b02cc87b0251
dcd4ae0c-7c0a-4168-9d75-f31ab5960b83
602888a9-ede8-4703-9a08-8e6db1f39a88
25af94e8-1878-4620-a844-89389a38ecd3
8c0ed6f3-4c05-4cc3-92ed-7181993c9bd3
8331a815-c014-47e8-ba56-2ecac868a7ec
335ec4dc-68a4-4894-86ba-70a4f3b1bb9d
8b786ae4-cf33-4fb5-808f-8b54cfbebe5f
d79eb290-37c3-486c-8aee-2b36cf5d821f
48dae89d-6445-4416-b76f-67a872f8e7ed
f5e2b96b-a261-4b14-92ea-3d19d6a0e7d5
b93e766b-ebb8-4f87-8e22-7213377a68be
23f350b0-5337-4aa9-bccc-6998e3cfc505
082059c9-8ccd-4d2f-89e2-4388ab0ae728
c410abba-623d-4428-9498-b084058aa459
f3b0603b-e4b8-4647-a72c-1d4fc091d6df
17bd7a52-d145-4e6b-ab0a-c53c5eb38855
2b5a420e-a2d5-403d-bb5d-d86d5ebe8afe
792a808c-5907-4971-9137-411b4e175a01
18f6fef7-f991-4270-be34-53685a4f5722
3f4ba7ba-d1e2-4539-bafa-912543a8ae5e
f0c0318d-ce75-4675-895a-3040a74d8cd8
dac57d06-a58a-4d74-ae37-e928738453a2
7fa4573f-24c3-4638-b001-ec460083d18b
d272f49d-2684-4a12-acea-da1bd512551b
6b26ef7d-49ab-43b0-90f7-7bda833829e3
dfb9a12c-eb2a-477d-9d41-d34b144c5684
0f2f1102-9448-4f6d-84ce-f0c0e8bbad5d
af53a831-62ed-442a-8fdf-5af1b86f09fb
eb3e24de-2b17-49cc-a373-056180c29851
33d6cbb0-7127-4d21-af92-fe5ceeb11fd9
0acbb3aa-d263-40ca-884b-1cf60305e6d7
80268097-afba-4f9f-bd8a-73e97abade73
c17e224b-7c07-4886-8086-ef835f45861a
ab9d41c9-f4ca-461e-9c1c-445e1468c1b7
d5090cf4-1516-4af3-bb3b-ab5a5aec30e3
82a4c02b-d110-404a-8f5d-a284a2537a90
7108c200-c90d-4eb6-b650-d388d4c25ef4
7e3db256-677d-440b-86a5-6b91d3076198
09e2ade7-c6ee-4c48-9ba9-3a5b1fa85afc
53439bc9-6be7-421f-99f6-29749020575b
dc3b740c-94d9-4e90-96ea-0bfa7e192b25
5d75ccaa-e9f2-45a0-9ee9-117e69e77d8d
fc3c9d3d-24bc-4f58-9612-e04a8a04ef66
36a017f5-6502-4377-ac33-140b8c2535eb
5b3a913d-2fa2-4c80-adcd-e302b27831d7
43f1bb13-0e3a-4621-b841-b76ba4fdf4d9
296ee963-b0b9-48e3-8480-7b54e6cde69a
622263b7-972a-4ba4-86e7-5913ea70dc29
f8cb65ea-96c4-421b-a1a5-895535c32f97
45259927-3071-4fbc-9b37-78726140a7bf
d2208217-55b4-4ded-b108-2d3059e91c65
c3fe8faf-1863-40b3-a0f7-39b057929d5a
04c1746f-d5d5-4605-98bb-897fdd1693e9
83f61b66-9ffb-408a-82a9-0f9b3e18f726
e010ca1c-a700-4cf1-89c9-8ab9930aae53
72135c31-be73-4319-a5b4-094262a500fa
1c4bc3b4-4cd5-4b37-bb7f-c6e42ce55cd7
15384dea-e420-47f2-92e4-e8ccc60aa5d5
25692a6d-ff68-4830-9091-54ec9e06ea7d
48ee8a3b-0a7a-4d0b-8f16-4e58b903f996
e166a59c-d3c7-4ff7-992c-c05d5b6307d0
ec7160a3-59c8-4124-aaf7-de4dc5b29bfa
5401f12a-b4a1-4b1d-8d5c-b563f6eef82b
addc5301-ded9-4f57-b992-07fe55d8e8eb
0befde83-f52a-4953-83f1-538138b45e06
26deb051-0f5e-4a7a-af29-c037d5f04f54
4d69854b-001c-466a-a4ea-c6fc6093073d
c3e378fb-31fb-4ca9-9559-26ddf49db32a
e5931a9e-dd54-4f9f-9596-d7d2dc8e73ae
19a0130f-2146-434c-97ff-2aa1ab1f4eac
9e624831-8d62-4a65-8b3b-c5c4de33b996
8c5cb0f5-3904-40bb-9d57-6644acf6b333
296a11f6-cc5f-4899-b510-1891cb914401
75e5b3ed-06e2-43fe-a938-14b58ecd681a
d8b0c821-f3b0-48ea-aa52-c7541022597b
1ace8422-cf7b-4032-9cf9-4b8fa005b60b
93b1500e-b1ec-4980-8b79-ba03beac075e
8d6046f0-3d38-498f-b0ba-e5d01e6ac100
0a137efd-ac98-4a04-a154-5e9cf376325f
8a117b5f-59e1-4344-8dc0-06b636272e5d
5994e188-40e2-441e-95d1-4e63c96dbb79
de9015c2-1e5b-4636-bd48-4898887f1367
ae555c85-649f-42f4-9aef-2240cf179682
54b72781-2bef-4883-bcc3-7ed5ac91091b
787a2b7f-8c07-4b0c-a3da-84b3a798a212
21bca375-3967-4718-83ee-4d85b8ca935b
5f398818-eee1-4406-a713-891e4e590409
ebc6480b-3ebb-42db-ae90-e1cafbe753de
6d4a3682-f862-4710-a725-e9b73273850f
f175a20d-e2ea-444a-af3d-33ed950c8779
128af185-8246-4746-85a9-5c427859516d
aa446056-ec8e-489c-9cc5-74aacf44fd0e
f29970f6-05c3-49b5-b0d7-54ea4785bbe9
1820794c-0760-459f-857a-af0e07ab3312
6db76fd4-625a-4f1f-922e-afd7a861e25e
a32ea861-1a03-4000-84a8-46c4a790b8b0
3b92e611-62b3-4063-93c9-056e16b3f1ca
48b57cf4-5aaa-477a-a073-b49c251ae241
077858b6-024e-42b1-afb1-c9ded520ad5a
a798c0fb-43ef-41c2-91ae-bb15092ea629
506abccd-e603-4445-aa2f-097eb60b3a2a
e1217613-55e9-4d69-9e73-c536e4c11d22
266e6776-4a87-4a55-95a4-fada1d0f80a8
58802cec-e9fb-4aa4-a5ee-949246722533
3d1e6a34-d65c-4143-b9d1-8f9bd64be14c
a5c1d956-4e7b-4b5b-a1b3-636530871835
d4d2b295-41e3-478b-a495-84711bfb6d2f
6939edf7-35b1-4524-aa5c-bffbfd1c43ef
e879c9a3-9b95-4730-b558-d6c532a7156c
87df5b25-d05e-4adc-bdfb-28996b9f146c
4e33d82b-c0de-49cc-a829-c04c0798fb56
380a0a75-1de8-46a4-90dd-3649bdb2e85e
eae3c1b9-09ff-4d0b-981f-92a283dbc48b
52077461-5afd-4228-9d6d-adeb45b5bea7
99bbff4b-7991-4994-a555-98002266bdf9
f3f60431-60c6-4102-88c6-8be7e9dd2878
55c6aac3-841a-461e-86cd-0afa0eb255f7
eecda314-bb33-4636-beaa-7acf9305214e
152d7f9d-264c-40c1-ad7d-59aefc2fd0f1
b6e25da0-bb30-403e-8c36-826c65881795
5c500c04-2e5a-4017-9a5e-44989b611896
80c8b30f-937e-48c0-92d5-c2c1a17f39ed
1cb769e2-30dd-4e5b-88e9-c0a74e6f6901
cbb17bf6-f146-415b-b074-75a78dbbe917
44cce52c-12a9-4f57-a220-fef410fc5182
be5016ef-1cba-4203-b92c-034d3112ac56
1ff8d3e4-a941-49e6-ac5f-b72621d48700
2fcfbf42-ea9d-4a72-869e-ccbb33f54b67
fd1a95aa-4a3c-4ac0-b079-40168653c914
2f1d6963-dccc-4860-82c5-7fbd1feb6159
049aa0b7-fcaa-4957-86c1-9f298f8cd5e8
f1a06b81-cfec-4bd6-9e1c-f296ccd3255e
b99debba-f1c8-4273-bd7b-487864d6caa4
faf30bd8-5970-40c8-a878-846bbbe9f2e8
4e10d1ad-6b2d-4815-aac1-2ee45ebdc7d1
d613cd87-e39f-4cd1-b029-850c3f5c60df
8ffdcfe3-1e19-4712-9886-d3d7d4bb154a
c5dacba0-a89e-4ab1-914c-ba7d714880eb
78c19b63-c793-4165-abbe-51249f948bd2
ab4b318f-1c34-44e9-a1de-4739e9dfdc30
5c58f51c-19c0-45b6-9f03-73e4650daf3b
3adf4ee3-9526-4a79-865c-9155120228eb
034310d7-fca3-497f-b195-d1e81f450626
474eb5fd-ca0f-40a2-90ed-7b975af9145f
a84a7e1e-c3af-4eb6-a7ef-1c5080b92f5e
4732fa9c-cfb9-4fe6-901c-6c7551aab549
7bfa052b-3126-446c-9f07-4b300b00b910
23dd08c6-cf69-4843-9dff-449c4cba3985
c6b1594c-246f-4382-80b0-0b1b91dd93d1
c2fb98d2-679e-40a0-9e0a-99a7b0d8af61
3112be76-b84e-4b12-b644-7b2552de29f9
871f5f66-a6c6-44ec-a70e-2e877e748e05
df36fa83-80c5-4205-8c71-f1e18dfacc8d
eca2f192-f4f2-4942-a61e-ac2c31946be0
8468a9fb-29a2-4b86-9f47-8a78deff1937
454d835e-3dfe-4c0c-bcb1-4457a84a7911
9ccbea9b-5c57-4ee8-9dc0-7975cb7be7cc
d7e85849-4f15-4145-92bc-a06356ab158f
604c1302-f382-48ef-b08f-e374cae485af
26d9fd6c-39a4-49ed-b756-4f73b76518c3
d41fc60e-3305-443b-8d9a-fbf1b606999d
e51149e5-8a7c-4b43-894b-5def1bde2958
0ad92603-095c-4c4c-b79c-7180370cf0bc
9bd7bec4-6511-4817-a360-bca063b10902
c440f9bd-5a1f-4166-bcab-2492713ae8a1
fa2594f3-fce1-40c2-81cc-10b626f65c99
c56f2a8f-7bdf-4f8d-b93e-28eda84ac252
00035101-4595-45e4-a1fa-7ac3c76b9321
a4fd3e69-ffda-4749-ab03-9227757e2625
3bfe9a15-6d41-4ac6-9a34-0db1762c0105
53dfd2ff-fa32-4eb3-b9fa-8b7df430942b
92d0e9d5-cdbc-4e59-8cb2-afaa81242f88
16afa07e-6d48-4ca4-937c-7b4e24080b1f
4626d33a-ff39-4769-81f8-bc3fb8b12c39
04ab095e-0939-4f43-b25d-37f69623b793
e3638a7c-0c47-4edc-98c1-2d1e86d7c7c7
a898c5ba-249c-4c74-a90a-21b209fbad1b
3cfaea9d-ac03-4077-9737-a4ba34264d79
8b75ee7c-dc68-4fa4-8784-da43a00cef8c
1e926c91-f4c1-4e32-9211-ec3f4043c294
b3d467ea-3dc0-498e-a5b6-ad7752dfcbd6
75b729d8-e978-437c-a0c3-e3e58519d4f1
9413e4d5-8338-4045-b35b-0b351ea1be41
bd68654b-0478-4515-9c6b-d141f48388ea
618d31a8-fac1-4339-8b28-9468f57bd968
913dbfa0-c158-47a2-b5a2-1b62babb0e11
0b82d228-e615-4f62-a68c-161495e84a47
ff8ac332-52fa-4b26-9599-da4f76ce5d61
953e945c-7c18-4ade-b614-2fbff839bc0a
0a2743c5-5c99-4e3e-a4f2-d31e4c1c7f8c
c1ff4a01-6584-4d4e-9162-d499bf1bd8b4
5ca2ca94-ff31-4fd5-aadd-f58fcd61bb8b
8faca760-60b2-4882-9991-9863ac85e733
4d2c296f-ed8d-4d2c-b326-ff2d7df58afc
d14d206d-8a84-4442-8e1d-4c8bcc19cbb5
a88c9107-88c2-4794-87fb-cea75e21ffd4
00f11633-f0d8-4c10-8e49-2e42f8de6da5
544db581-2fa6-4cae-ab73-3db73122eba6
6c6110f4-5cdd-4696-a090-2d335d38be30
706425da-63ce-4c3b-9854-bb998887e668
b2ab228b-4633-4fcd-b41b-6e4849796c09
23cfb9a0-db44-4d45-9213-17fcd9eadaaa
14075b80-0c6f-46c6-80cd-3a9eff840d97
fd72d89e-673e-4cb4-9b4e-f1acbffcb67f
ee1b216f-fa6f-460a-9310-9f4f8174e512
6c5a65be-813b-45dc-a6e8-49336fc760b0
452ef14b-5ede-40f5-ac11-fe782803c5a2
14c340a7-816c-4aef-b442-3e37bdde09d5
8b45dfcd-72e8-4fe1-ba26-fe48572cf19d
9f203870-b908-4ba1-b196-5dad8ec8a2f6
1e448765-7506-4fdd-940c-54191272a517
6d23483c-2dc2-4ac8-b56d-8320a16fa1c5
3cdae540-c74d-44bc-b88e-ef0039af019f
02f5a4f4-805d-4ece-ba98-6bb269d7c006
b116e28c-f8e7-4fc9-bfd3-355097b3f092
efac8fc7-f35b-4a06-b66b-79c635f4e734
6b9a14ed-3529-40ab-bef4-7ff6c5c31790
b3fdd4f9-6806-4cd0-80fc-e974dc91c9f1
42b5bbb6-4cf2-44e2-97d8-0e5fb1cff742
995a8a36-a528-410e-9444-3921a65c90da
3707581a-a9a5-4e79-99b2-7fcc8e4bca46
140b8d9e-5085-409f-a8f2-1483a1bb523e
ad2206cd-7c5c-4dde-8f64-e22009a748ea
22230c83-e7c2-44fe-b0b7-6247b442ada4
4e09a080-6fbc-484f-83df-d88d5e959e3f
fcd97201-6fc8-4663-a833-eaedfacc5107
55e92970-3606-4104-aa68-a5b6e4f61349
3664bfb0-123f-4341-b5f8-62da0e6e74dc
0cab0647-72ef-4aaf-9d29-d2b3a1203ffa
30aee4f6-f4de-4ff3-81a6-34a639e52653
e1db5fbd-0aaa-4e20-8817-f2bed1c5c17f
30fb9281-5f09-4036-bca8-2aaf0501c7f2
a33662d3-2716-49a3-abd7-ae6f84153380
b29b44fa-c5d6-4bb3-a202-ec8998b84020
537affbc-427e-4830-9a3b-165a3f0d2b79
2f059124-4978-494c-b10a-52ece3e2874b
01c2b799-71a2-4e87-bc1a-afd512670887
516d290a-e7c4-4cd9-a2cb-ac3e178dcd67
50f0a43d-54ce-43d9-86df-d2bff49a882d
736fce61-62be-4f82-b480-32f3ad97b891
42c9ca34-9fc9-4ded-8cbd-d64ec418ec2e
a5608c54-6d17-4049-84c8-99a451ea7310
50989acb-1d03-42af-97eb-8a5b9bd585f2
bde01f08-77e0-4ed7-8d62-f243aff0ae6b
6cdfefc8-f227-4dce-8480-042a10b2aa55
b17a7ab1-151a-4c99-b81d-a42d67fa64e4
794b6547-948f-460c-bfbe-94f698a2c48d
44687284-8c8a-48f1-af66-a3699c5bd08a
e1af480e-cf87-4f28-8cd5-7f425da4067b
439c66bb-438c-4596-9b65-f9bdd9a56c05
1d165d3c-d1ad-44fc-be1e-0be14242a557
971f9fe4-6182-4dc8-8793-4e69e24dbd9f
274510e5-e397-4557-83a0-47bfcdf600b7
a8014a0c-eb2c-4a8c-ae02-e771cf9fd3a0
925e4da8-8374-4769-acf3-faa826dfa578
4d792e33-793e-4608-a2f1-df28cc616c36
5350f7cd-92a9-40ae-bb7c-639f02312071
e5a31ac5-147b-49cc-b87f-63acb3b06362
05253d52-b834-4bb1-96a7-6f6a33398cb6
7f657866-2ec4-4c57-a679-6b48d1020651
22df1b89-8148-4437-a0ce-e3da36e7ccd4
92b19b74-604e-4920-9da2-c1270c6055ad
4e555deb-9d5f-44fc-a2d4-c1749e2b46b4
aeab4cc4-c3b6-4e23-acde-390ec192a725
a2f0824b-ef02-49e8-b375-0063bc96f5e2
ba9df8e5-ae19-4a76-a2fe-11e35c75016d
5d85144d-b7b0-44ca-9981-68bcc97c23e1
106e9806-7109-4866-b32f-f9ed47cf53b1
03a0d30b-0c3d-4e9c-9d25-aa5cceb27472
6b29ac54-3e75-406a-8596-a673a2a16a45
31f7ca06-5d2e-43bc-9d60-68ceff6f2ec6
0f3bb993-3604-4b8b-b40f-f48bd969e3a3
23233e5d-2c6d-4683-b1b8-c72b6597f423
e41547f9-6093-44ad-ab55-8ca57b3b4355
4741318c-fe17-49dd-aca8-2d5b12977728
21898878-2eb5-4e11-9131-5fcde5a0af64
a5c64e05-33d0-4eef-be39-faa91b39629b
40e374b9-24af-40d2-a2ed-1eb8bf15bc0b
8eae2803-e73f-4697-af55-4571bd8fbcf0
671609a2-90ef-412f-9f3b-f7db71b9cc13
0cc347ee-9df9-4fd1-a595-2f53a700b603
af471e14-477a-4dbb-9b40-93b92fae582f
36e9a33e-5a48-4218-b9eb-602a351d848d
94ab4b88-b2fb-4435-ab13-692c69ac8fc7
6430b6e9-7123-4d48-a192-0ea203f0a6b7
42f727b1-6a71-4744-a4ab-24289ddfbd7e
6501cb1a-77c5-4224-89fd-69a390b87f20
281b9891-23d9-4922-a7de-a4f4a2f57574
205f2ffc-5022-46e8-9139-876273599445
e6e38a6d-eb16-44d8-843d-02be62a536b5
846e54da-2364-4071-8be9-999109c8fd9f
418d4065-6c83-4fb5-abfd-34147a118deb
f1cd3875-addb-44ce-9545-aa6f8093ebef
99ade261-9f92-4866-983b-a059dc026cdd
ba67c99b-ec20-41c2-97d0-45f920369c3d
29616c5b-7623-46d1-8b6b-1efb26f7c26a
d174f50a-3bc7-40ce-8c5b-113b6ad0588e
df4d495a-feaa-46dd-a050-3ca287b2753b
726a6f9e-acc2-421b-abb1-28a04ebff80f
2f8ab5ce-3b9c-4687-8519-633b1743a41d
c61b01f4-ed8b-4774-b706-f451e23eaac9
644a7c80-a489-4e8c-bf8d-d4f0323d72e1
e51804e5-4a88-4465-8f26-4123b41ee5f5
dd900b95-a3c9-48f1-8958-32e466641547
c6893929-0939-439b-a720-40b77c0fdfee
c2be5436-7086-4e69-8aef-cf9dccd20915
fbb4ebfd-1c95-40eb-8835-2fe7401fc1fa
b32b6db7-34dd-4e89-8ef2-52a61e045484
189162bf-6ab5-4ee5-b5ba-44d53271680f
75fb5260-0d4b-47d4-bb8d-75f901893d5b
2dd2e2fb-47f7-4cbd-8653-7ea08e281667
b2e2de15-09c2-4410-a538-d4c99627b974
c98ea106-dd44-48ff-9ab3-08cbe7e64c23
5c50b6f1-d96c-49c6-930b-2e0f0d6a364e
a6d3cb2b-a891-495b-9850-b3ded5ad7c8a
629949a7-4447-49fb-a517-3a401703667e
af6333e4-32a1-4288-9420-20c9049ff5ad
ce5c1893-ec7f-4c83-9517-63da5f8b3bd8
db035152-12ef-4435-946f-6186965050da
c41576bf-7eb9-48da-a572-07d1fff72add
b6edf36d-15db-461f-8cab-b5ec5eedca7d
e766ffd7-add7-465c-817c-c5934825e8f9
557cd85c-0823-4817-9b8b-368bcb94d5d7
c18830a4-aabf-4ebe-aea6-da2780a9bbbb
7b5c1e3c-f6c0-4a6f-b42c-48942e9654af
bf61eec3-f1d1-4428-a6d0-e323d9907f30
342db9e2-1e0b-4a7e-a662-3a24e5df60d9
dbec6acc-f90d-4931-b39e-2558d7399613
1f2c1f09-9f16-419c-b4f7-f19fcf5a674d
d492f991-6837-46ff-8197-fc8d1e4d6ecc
8117326c-a7ac-48c3-b18a-ac55e2f1c680
5ec952fc-cb9c-478a-a5cd-9bf45cc1282b
3b83e7bb-d4bb-4950-a28a-fa593225b5bf
3cfbb122-77ad-4ce5-a7ad-3ea56451a661
e48aa6d5-b978-4990-86f5-c020b017bd62
33e3201a-13dc-46b5-90ce-986402857e3d
94caa7aa-8481-43bd-8a59-81655f2111dd
24ef05d2-1b21-43d5-a8ef-061ed2653f4b
d506d135-7a99-4e96-ac18-fe4fea611d58
16719c5d-7727-4d4d-a78a-8023261024e1
389de302-67ca-4250-a8ef-cf73171aaa40
f24cee31-8358-47c7-a04b-04e30e7faa1a
7d82a716-136c-4faa-b1e9-384edfe96e26
25b73a82-1039-4288-b22d-b4357edaf79f
efcfb5ed-cb63-4b78-9eae-d3879e4d14a1
b7682137-a2ea-42eb-8519-3ee4d2860839
f5e28d10-82cd-47b0-a8aa-bec582536851
f94d7960-1dc3-44fc-96fe-019dc21cfeef
56c0ab6e-7443-4cd2-89f8-24827f8b51d8
d3ae7894-8abd-4a31-bf7d-fd641990cd9e
bbe36cc5-018c-4ff4-978d-761c83810fdb
48b4dd00-a68f-4ead-b606-9af5d30f3dac
a5d07101-88b0-4c02-b47c-37d89dc9b14a
041935d7-8c17-4956-8ea4-a716cabb79b8
02c7f5c2-a754-43c2-ae53-4c8fd7d01a64
0acb07d5-af15-452f-954a-11f0a3cb0e82
49a254ab-45e8-4db1-9229-a7425ec6a58a
52d6f13b-80fc-49cd-aa50-caf12006b895
32aee3fe-705e-48f9-9db1-42b9213974f6
dec01911-546a-4dad-ba65-2e45c12fe0ea
71d6e513-2fe6-46d8-8b86-d7f761880207
0a57a6d8-598f-4ebb-b891-5ffdcd63baaa
7826cf02-6459-4ac1-813c-fccf99eac0fb
51b97666-f675-4938-ab92-4f5b817caead
ce274589-71f2-48c1-81dc-72a5059c1f77
1ab533d1-8834-404d-b2a1-cb99efdceb80
c79663db-a407-4ebd-a668-a9d7d40a685e
1c50a213-e520-4c2f-b6d2-9a63b8d7f17f
3f4d62ac-d055-43bf-b86a-6ce0a65b828d
531a2e31-b493-4f5d-bacb-1bc84bf8ba88
edb48691-1d7b-442d-a908-3c1b630d6f96
58331938-792c-4ce2-9c64-1065b82e2333
8bd48923-d21f-4274-82db-a3b5645cd82a
555d699e-ce3a-4c52-9709-a1bc14fac949
236aac1d-659e-4002-a8d5-2ddd28a58af6
67d6da9b-9322-49ec-99a7-85e6d96024d3
c12775f1-9c81-498b-94af-1b5c271b42e0
9841b2b6-b499-486c-8a64-4a9041caa361
4454b855-c03f-4e40-abe0-300b04eb67dd
c0ec6938-7496-47f9-a935-c4e19b34680f
e6f6efb8-ca85-4f48-965f-ea4007820397
cd0bdc91-1c1f-4427-8d34-9786f6da813a
4a19182e-9cb5-40c7-a470-ee713b25dce8
4dcfc56d-445c-4b59-9443-2c8b3db75401
998c8119-c802-4b8a-b9c4-d5ff98e0d46f
2b18826c-c3bf-4069-afa5-aa34437f0805
b3e71e68-4896-49dd-9123-5c1a3cd89448
ed8fd018-7155-4108-8245-5fc540809491
59f92cd9-eb1a-40c1-97bb-70b26a549f50
d100d0e1-f0aa-4b7d-8822-c4dd12b934c3
c5c46f08-999b-4053-aaac-69288c8c4268
d7792e08-590f-42aa-9643-2b4505654eba
64527675-6391-4d9d-ad80-f6b8354c91bb
4bfa4da6-f243-48f9-b386-f7ca45724998
1ffd276a-af99-4017-96da-b18215c8e7e3
2f490838-4a96-48f6-8731-ac228511226e
135135e1-9bba-4d70-b30a-11b4a7340f39
43ced67f-a7e5-460e-9f72-fd5c8c9254a3
780ce234-b1be-4015-8a6a-e34d7b68e1ad
6ab6b754-57f4-49d9-b62d-0d8fa22c708a
c7ad4b42-edbf-4943-a1a9-ebe7b8159aba
defec53a-b90c-441b-ba03-7211b372e311
8cfc095e-c04b-47b2-a560-ce27c19999fe
a922d715-9649-44bf-a187-e62f252d2527
d994841c-6d0f-4410-ad4a-37e423fa5466
c40d3710-b68e-4f58-8688-baf5565f6eb1
2871dfb6-578e-41a7-b6d9-7fe49b310c59
5b70d6de-e1e2-4742-8bcb-f892ce3da15e
2c20548a-70ee-42ef-86b7-1bb2b9b28520
ec9bf614-33b9-45e8-8659-22260042e0b8
6bdfa843-4b98-41fa-915e-50a3f5825d4b
039c79e0-928d-4346-a85a-a76c8209b176
a228891f-e2f9-4492-9abf-c22b7008ca88
b3326b2e-bfc1-4c05-8dd0-76364fbe2a9a
0a6121c8-dac4-4927-8ddd-a4f2388641cb
07ba821c-a6b0-4fd8-9a47-63b7adbf8a2f
65d871ee-7a46-4c5a-a5b2-372d782e6659
b5683c76-460f-4a5f-9b4f-ff368102d788
58b11b8b-e58d-4044-849f-8e5ace914801
6bfbcc25-3de2-4526-972e-998eee95d999
c5dae4bf-46e2-4219-b9d8-38b6fa74f9b4
0ff2face-5880-477b-abb9-a071fe0eb578
19bc1e5e-fe9e-44bc-9585-21d2b3c0ce9d
64d738f3-afac-4dce-bdb8-504822b557be
f1dac0aa-8328-41ee-babc-33a1dc2eb615
2760d93b-a456-4c6f-9cbd-36674e15d37a
a29fef00-9e70-4604-9183-cbc1f69bba51
5feb17dc-87ee-4fc6-bff2-6ebbc44aea5b
5a8c97f3-135f-4775-b331-0d274325a862
a107c10b-3daf-45a9-aff0-2140d6f7d049
3d010b9a-5d41-424c-b326-8dc2fd1752ef
016b8566-d231-408b-9555-8c992e091ace
b317a96a-f4ae-4700-bccb-6aec0209663e
fee35dc7-3afa-4126-9d68-71eb1c16841c
7ad35ffb-a625-4283-b489-383f726361c4
d2c2f036-a26e-46cd-aec3-5313103c216e
3eced036-251a-493b-80a2-2aadf4cc4cdb
bdd861e5-22e3-4601-a6b1-6537336d051f
f96c1376-c2e1-4388-a009-52c0f1dcacce
189eae94-1def-4ba9-bbcd-13d7f9e61ca1
ec44bcaf-5d5a-47dd-92ce-5fe45d362894
972fe080-4655-485b-8326-557172ddff91
f0476d68-371d-4b76-9fe3-a20d2ed7bf7c
d978e945-eea6-4942-9ddf-01ea9b6c8d9c
98a464b6-aed9-44ef-8d30-0c89f7f2cfb9
c1e556c5-0963-4809-bb33-22607e48913a
aa34694e-1543-4dd3-b0ed-13b588e8fed3
c87b6354-51d8-4ca3-8c2e-7ee2d690ecad
ffb88c18-9690-414b-bd37-dfe43ac5f942
803bf70b-9609-42dc-84b7-6406f4ea1deb
90bf688d-4fdf-4b5a-8ebe-023bf0833d2b
bf49b4c9-2401-4480-bcc0-2e04cb1bc85f
dafb2490-acaf-4053-b615-2c1d4ab78166
e1efc5b3-1260-4322-987d-9ed022848b8c
94226198-aae9-4a9d-a562-fd45f46a6109
b5dca4b2-b6fa-4a2f-ab31-8faf747b2a2f
81e39f82-d356-4311-b298-a85afda1683c
fa75a449-dcd0-41ab-963d-3a114c4f873c
154457f4-1769-40a0-a67e-2f13c670ce84
a8eff245-eccb-48f7-9d60-614a54ab1b97
d5fad878-31ba-4ed3-bc26-54f7a19d0e6c
51f525a0-7480-49db-96f6-ddcd815e37b7
bceb2eb6-05e6-4156-8974-081c9e03bf64
05855a31-2f9d-4a2e-adf3-888be9e37b0b
c0092683-50bf-4ada-bf6b-5f4ac3774fb7
2a4f2787-a77c-4455-a3a5-7ccadaf17cde
f3a36f64-71a9-4663-8ceb-c58ef2e4aeec
7084618f-4d62-4b7c-b3a5-c69e7b6764d4
10513de9-2ab0-4654-b482-2d283b6975e5
378acd37-4d80-45db-9918-9c79e7b86e97
bb64258e-982b-4662-9f41-416cc4092457
95406c89-1fce-41a5-8a02-62de65ba5562
f2b8cd84-e1d6-44dc-8b8f-db67fcd65f87
3c52da90-264a-4181-ada3-62d4fb0da338
3ad710c5-7ae6-4680-b83f-e84088d37155
3f07a900-34e0-486c-95f5-c1c7b5c7cf9b
47073498-69e4-4c8d-9931-d6ff30f25bee
5674fefa-425c-4db9-a26e-bc067406ce7c
dd99d404-d622-4342-bfd7-2047da9137cd
8ef75f15-9d86-4f47-9efb-75c138b20575
6d1619f7-12d7-4adb-b5bf-ba12a9fa63dc
ada19a7f-d0f7-49aa-a399-ca58f4d6830b
b0a23c46-252d-4052-bf3a-cb31f6deddc2
ee0fffd1-8006-4bfd-a77c-4b774ec0ad63
a85a56f9-e4d1-4a4a-9a2f-2af0602a0088
6d8826ab-0061-4376-a4da-f52fa6964c99
ea436f7e-0b57-407d-86be-99f9dc4bad31
17980063-bb4c-4706-938c-f0d0e4b606c3
7e033e8f-192d-40a0-a755-4d2b82a832bb
170979ee-4d36-4adb-b03d-1417bf34bd94
60c9e136-305e-4e0e-a761-a2378a2dab90
c341857d-e8ad-4486-9e2a-28c95382d57e
f55fccaa-3909-46d2-929f-288cf743cc24
a0aa3976-ef1e-43cb-bb78-507d81eb993f
286c0e6d-908f-45bb-b541-c596f4b4583d
67d848ff-239a-4bc2-bf95-60ded6a8cbbc
34722923-bd4a-4e7e-8799-1ac9e3b80545
4076cdc1-5c7b-4486-bf39-bb7785a71292
ca5d539c-5c64-4356-8d9a-2bb59a573b19
4b07bb0c-3cb2-4db2-bdab-239dd355a2d3
b3382498-57d4-4dcc-9ec5-851ac28d961a
932157bf-5a5f-4b7a-b4a9-0ce3cc9b7c82
31f65a12-bae5-428f-a568-8d24dd64a12d
2c3c0d70-6957-4855-9046-b2ccebe7242c
bb1b21c3-260b-4c33-a20d-807d92575166
f415c85a-eab7-4ea0-961e-4b20c8193cff
69ce5a2a-fe5a-480c-953f-f1d244d6a4ea
ab13eee4-2bdc-4491-8b5f-ae912e6fb76e
ab53dcf8-b07f-4bcc-aa79-e531d3ccd4a0
be4b7a7f-0616-4c35-a712-47b38073dc0a
8fbf8a25-6f8d-46ac-bb40-21cb2be516d7
64e4b147-4d3f-456e-84a2-c10a23a79bb7
31564145-6e15-4e59-9528-cd887ad587e9
1622109a-19d1-47bf-82cb-d73aad200d49
35798515-6250-40dd-beaa-8a6f03c69577
cc127f82-3d21-46b2-8303-20125a926c79
4285d7da-5e38-4463-86f6-72d641344a5b
e0078abd-72a4-4cd3-b460-0b30b993cdb3
0857c741-b000-42e7-97b3-8d986257b595
9a196f0e-80e0-4563-a4d6-5c025f5c8291
16a6ba8f-6619-4f5f-b5dd-4827b4e1be2d
4475cdb1-a414-47cd-a8ff-c4447b1a44e3
34c2a7d0-5997-486a-9abe-275de607041e
ff64ebe2-6a4a-4212-a55b-68ac1861d5c6
e56aa2f4-90f1-4983-a1c9-ec6b64eb7ba5
d63fa727-10c0-4ad0-a05e-cec65228b13b
704d1763-542a-4a4a-bcd1-e541d679c537
806f503f-a505-4346-87d4-d138db454717
4cd66635-dc7c-4907-a571-34e08b0597fb
00af35ca-dc74-4576-96bb-9c2c790fa8d6
b999a5b8-6af4-4728-b412-6d25405f139f
1340525c-55a0-4fbb-8e0e-a171716df7ab
34ae791b-9363-47ef-b6e8-838da2a4befd
11c80840-9084-49c8-89e3-1b399f4f6170
13989be5-04a5-4fd0-a098-cfd4a2efb829
8098c432-509e-4c51-8f03-97cfdc032e0a
2de3c831-3a80-4c8e-a1cf-db72c2f361c6
f2371e83-172d-4446-878a-8fd802c60c65
3b6a9ccf-9d9c-4c28-bb83-94e7772bf1be
89325b35-0001-4243-8eaf-b0b62f8c48fd
3caa3462-f375-4adc-ae31-dc5b9aee5127
b3308015-d05a-4604-be6c-99f9a71cbbeb
b6948c78-00cf-40d0-b7b9-e3ecbc1e67b4
a732ea6a-1e30-4658-ba3c-474ceb17b4c1
08a0cfc7-fcda-413e-a4ac-39dcf7796c50
024676f8-cf05-4628-8490-d676ed4fdf65
e9e4481c-11f9-412b-a99e-e458a76aeb56
3a46fa4e-1c48-4945-9162-c0b201cf778a
7186997f-2198-4dd0-b162-8d0be571587d
50da3044-780f-4183-a600-317e4f1bd53a
3462c015-2d30-47f9-a4a7-69de3fcba62f
b7a68530-1700-45d0-b1ee-850d2f61ad6f
2ca2be7b-c457-4120-8380-cbfa7755c73c
f3865ef9-428e-4a29-8374-576b8b510efa
f5c3127a-ec04-417d-81a5-e2f9e466286d
0491c9f2-1846-4608-9341-6d14c1282378
1f6093ec-8d49-40f1-9ada-54edc0c65295
7265595e-f11d-4d6f-83e2-1c6521c63494
a2a4f6a8-a357-4646-a9e9-7b8814b8fe9f
d11cc303-cb87-42df-a637-7246aa2cad25
b08f3e0a-6ad7-4f2e-8e9d-df83dbf51f22
afc83084-e320-451d-86b3-8e052ad26020
6e841b20-e14f-43b4-80ad-605e4bd62503
7e39f40e-5a63-418a-8ea8-6625c5e47b2d
60072e20-762d-4336-8c66-4fefa77d9b58
26ad5d7f-9e1e-4269-ad3f-e70ef4667013
b61b01db-63a8-4a50-9790-224aed68f033
48478549-e841-4c1d-a6dd-8a16e7750357
42be65b8-fb7f-4dad-aec9-df54389b0721
83400bb4-4afc-4715-8fc2-d618b4f97f53
b3946de8-f81e-4fdc-b2d1-83ba75372ba2
2262e34c-2dfb-4ff6-8531-43e0aada0111
a6d6d72d-617f-4226-ba50-fcb8ba2ce360
c91a439b-d5e7-423a-85d5-fafecfdf11a6
23e0e21c-51ab-490b-962c-71e80db94253
25060074-faae-4c01-a3b8-0b2389ac70d3
b487ffe3-5206-4d30-905f-4f323394da78
51391da0-d1cd-4e65-9612-71e7b5005b1a
bb89485f-201d-4b5b-999d-1f4f6af2c6f7
62cc0c60-5db1-4e27-97ab-325937fb49fa
83a5cc2e-f28c-405a-8537-e46b32326287
3074f6b4-9f0c-4142-bbfc-3cff4cbf41e6
b1e6ffdd-4b59-4c00-917d-8fa48cd3587c
09eefed8-8f55-457e-97b8-df3cf31b1ca6
4ea946e6-8c62-4f12-9aff-d0a86f678f47
a3b96d9c-9671-45ce-bab4-305c2d48548f
79041d1c-70be-4915-8470-0f694d3b6e28
ea09b8da-a5c2-4159-9451-0b6e352f8c91
ca0db069-7fa1-4872-b2a1-02773662fef0
e9c4889f-31ac-4fb0-bda8-2e842069620d
dde90ade-031f-47ce-9d05-7dfe9502fcd9
7b0c79ca-9bf6-4014-ac6f-45133c3df68d
eca940aa-b71b-4393-b15e-1dee56e82f0e
71378f4c-0a7a-46ef-a37e-07cd2529b071
3119cca3-e0fd-424c-b301-e008e101b6b2
6436f94b-5700-4dbc-b0fd-44a59bbd7969
b8a97638-83c1-403a-b920-8e91a5e4e118
bf9fd23c-aed5-4f33-8c47-fc54938a049b
14a9a682-ca76-4ce2-af24-649616abc125
0ba25385-970d-49be-b467-ea01dfe65f8b
ae60ae5f-4c51-4e6e-b6e6-9e238a9482e6
faebf901-dd0e-41d9-a736-6fda4a1124ee
17b6ba57-34d3-4f8b-aedf-15f0cd0414f7
262c8654-fb46-4c91-94be-e198d906bd81
61298dad-4920-49b6-97e9-270426535ae0
fdf2de20-7004-4986-a3bc-802e8781dc73
d060ae28-4fa3-4e1a-8a68-7c386f3b0316
ad8b750d-02b7-4a86-91b3-0ec66dc556f6
e9a5d61a-208a-4ef1-95fd-922526fc0ffd
958dc884-4a58-4365-a856-d26663922647
19ff55cd-957a-4444-9866-82d5887f6a42
e3bf0202-d24d-4b94-8022-b5a58f16195a
27f66576-4142-4085-b534-68aef16b4d2b
59d11bf5-e414-4432-b457-22475225a263
49b8da2f-7c39-40cb-885f-c81b905ecbf0
2034fef5-4b05-41e9-b55f-5276e429a47b
bada4258-00a1-4ce9-9cb9-0747b8554d11
c02434e8-4625-4717-a18d-e5c84d27f37e
1b7acb53-1944-4ee3-a8e9-a24c169c035f
623a9ce2-f4d5-4ad9-af0b-eb65344fea77
71510cb2-560c-4e2c-8cb9-1f9ddfabe529
3de520a8-cfd1-4af2-91c3-8d77ffd19864
80d9fc87-ca46-4d50-8a9a-f48fed3fe0c5
eb8616e1-550f-4bec-a2e3-447e0b4d1990
ebb916f0-faa3-4172-b2af-fb0e97aebd01
e3577eee-19b3-4e33-8222-0e3a02cf2a17
7de1ec00-081f-456a-8129-8f573ac8cc1f
414c6623-e8cd-4b3e-80d2-e29facfb9224
500d53dc-86a8-4a65-be24-5db4d797dadf
c696e854-525f-4206-8ec1-28e32b9ac6e0
4342d7be-8825-4f06-970f-73a8e21fdfed
1248a91f-15e6-40ae-82ad-0cdc4bb41812
9be9dd5e-692e-4a29-8347-617d0cda3597
fc5c2433-d322-4d15-84d2-fd10dee1142b
f1c0e9f7-0605-45e2-a8ef-e0145e12bf6d
64391048-5614-494d-abfc-e9259ecceaab
e6e30c2f-0a7c-453e-b4c2-78f1d33c0ce2
bd1632d9-ed9b-42b3-b3b0-ea04543b5fcc
d0fedd04-8d40-47ad-8f76-6653f3c0c75e
2ad7abc5-638e-4800-8db8-df14cf3f9d5a
e4d76cc5-6ea9-41e2-aa10-622d09fc0239
793dc781-0da7-42a0-8b65-2f04cb862a02
18de9332-5476-4e50-92eb-9491071766e4
95db2dd1-c020-4f16-b98f-6cf9a30a7ae4
39152063-45cd-4d32-973c-30477a0c3f49
45920d2e-1687-4d75-8b50-2019351e9b4d
e7bd6b1c-04e5-42bf-b8ca-900276afe22e
37a5d362-ba5a-495b-98e1-31894a36e31d
a3ccf175-e18c-45cc-b756-7eb4421c604f
cf706589-58fd-49de-9660-301f10e7c477
19818860-913c-48e6-8940-fc7b46baa68e
76ed57b8-b1ef-4bda-b244-5e9d30d7c9cc
b514e96c-f4f5-4f7a-932a-95b808e2af9c
2cc0f96b-1f23-4f37-be9f-5493c1e23454
27ee3f66-690c-48a0-af79-f59d405003d3
980d88ef-d8a7-47fc-a1b3-dade43eb78d5
d83801b5-c792-4e15-9370-f35d0a15de89
7138106c-d903-48bd-90f5-d98b5ad36f77
8e840b7c-556a-457d-a81b-4cdefa462f6c
3b68f823-9e4e-4b4d-b669-2c815b5d1a1a
6c5c80c1-0585-4766-9e72-e96e8a023819
dff28170-a4db-4df4-a511-63157544e55d
9f71dcc6-d052-4efe-bc30-07c6581c1023
a39304e9-98fd-42d5-86e0-76a6fcbd4b42
5a778abc-007e-4692-be70-fa6e26e619f5
c6dc72da-55aa-471e-8a26-b707a864efc4
9b90cff6-e731-418b-b37d-4d91a3ff5396
a5f0a391-f6ad-484b-8b09-72c09b2288a5
9bb5334a-ba7a-4791-aada-57cba0f8df88
236d1f56-14d6-469a-a859-cc46e74b554c
940303ec-1b03-4315-b1a0-8a901cc29ba8
8b615044-fd18-4e53-af49-a4d6dfd5d9dd
b15efedb-81e2-4443-a9da-d39754c6269a
1fcc2651-805d-4b79-8bbd-a650f65b1bf1
b73e5c41-c1aa-4d7d-9dd8-f2ce758c2969
f9be64e2-3d3b-46e0-a822-72165c3efb37
f2e0b8e0-fd2a-4661-8fc3-f73dbd082013
e6473648-058c-4511-8313-9c947120b481
6a86d626-9d1f-4c52-bcf7-42b673aa85ff
530c2767-efad-4326-8af7-2f03eb236c24
9a7b18d5-2269-4f14-89e8-69cc2de320f2
e43d5517-4dbf-4229-9611-f0a739228250
0e4357c7-4afd-4601-93b6-47537e99a8e5
82440de0-0728-465a-b15d-7e6862f87a4c
90cc3737-507b-4284-8ebe-1a2831b6252f
06e2e058-31c8-4dde-9443-7e5a4477c25d
3a94aa6a-64e7-4067-934c-b2cbd51a9ac0
a58dc25c-6ff9-4be9-a371-b438deb842c6
47190248-7659-4e5b-b661-769a54cc21d5
c84e11ab-0afd-49ac-ba92-6d120656f653
2112a07d-7ac7-4861-a4ea-1fcd7f27002a
8eac52d5-3304-4fce-bdac-48c681234afe
54d2c46c-b385-4651-aad8-9713225b97af
d2639c95-f0ee-43e7-afff-37ec1269a51a
5f76c5b4-24fe-4bca-9b91-db2e65feab45
6047d1cb-a592-4c16-9b3e-0565dc6e5289
3d3874eb-aaed-4350-a9a5-b1784b0198cd
51c1637e-4b1f-45cb-847a-1e0ec7aacbe3
eb169ba3-c158-44fd-a422-d107fe482c78
22170608-5cb6-4180-9244-37a67eb1cf41
2f3c0606-e5ff-4ba6-851e-b002f72b454a
4d1e362b-889d-4c53-a098-47b517b80c81
bdfbfba9-8e0e-4f01-b902-6cd26c1fd021
916d49af-661e-46c7-991a-37f9b3cab060
a0978bcf-8a2a-4ee2-87b8-779b88243dcc
75c5a0af-fd95-4069-9dd5-c7da035feaec
393b6ed7-1936-49f4-a88c-fccf0ee08814
edfe8095-342d-46be-a68a-ca789e1965d7
ab7fbf12-2b6e-4454-8bdd-6ae00c27ef32
53d30bc5-b169-40ed-8eb2-23dabcab219e
b6277673-7ea6-4f7b-bef2-52dc0351be16
1875adba-a752-427b-beba-655ac2e39ddc
88a72a7f-0900-482f-9490-12d76c1b633a
a4381697-e8b7-4ced-89a0-a37e47a9eb7b
09a40702-33e6-4af4-a99e-7bc33542a45e
77514d5f-c700-445a-a1d5-ad855aff818e
352aed62-dba3-41cc-9ecd-65aabc77fe70
d69abee3-2274-4304-a7dc-4ac5031a8acd
d9327573-c1c3-4e26-9271-ed1232bcd313
ef083421-7987-4e3a-917f-7bf557316c21
e81efb88-84c7-45f1-bd97-3429d8d320ae
993331a3-a572-45e1-aa26-a4a30952b00a
9130ad17-1dad-4b77-be34-57092b563d07
d5eb6f78-6e9d-4335-b357-544908db5f53
7a0e22f8-abd0-4620-a766-27601148f7ef
16c323a7-8b41-4831-b7b0-d7570de92472
8a0b8f4a-7131-48e2-856f-44b06d682192
611ee144-869b-4d81-967e-84f727eb3246
f2b3c0c1-ed27-4e01-8c01-6ba4ff29e38a
4055db80-0a6a-43c8-8819-2a043032092e
6162a3ee-d0d5-45e0-9c1a-1d0922a2b7f7
4abf2c74-30cb-4978-bf41-b2a5b598ee12
a91b177d-487d-47e5-8b77-efd5b1f6aae8
5ebf3eae-53b7-4a8c-a63f-303a2565a74c
8b40ed22-449b-462d-abe8-d085d1eeb54f
8ac79528-02aa-48c8-95ae-44eb3f932fab
dfcd0e0f-52dd-4e54-94fe-24bb065a9e24
9ef365ba-c0af-4f69-a3cd-dac7211725c5
b2b97a8f-afd6-4f29-ad63-e0e7eb8399f9
49ac5f77-8dd7-4d9f-b44c-4b0b283dc9f0
46bd7503-4712-4900-bef9-6e428812c1e8
b6d37dbf-8502-4ba4-a71c-dbfb9a7cb141
63a1d283-b676-453e-84db-38122b2f0cdf
9fb40d24-6496-4557-b0a9-b0becb77748b
e937e4f9-84d4-4eda-946b-2933787bbba2
4123f6c9-2058-4257-9070-bf1f3bfc3a0c
3be170e8-5a90-4364-bbcc-1323716c4f0e
5f9878c9-364b-43e0-8406-ae446afbe964
fc307dcd-b2ba-4ed5-9c1f-3cc520054522
fa6d25a4-da45-48b4-805a-ed3a1350e2d0
c534f78b-7c69-41e2-8364-b455dcc68f4c
6fc42f5b-373f-425b-82b7-0513bcab2e32
0c3e9f73-3987-4896-b4ec-8810b733d2cf
306b846e-155f-4c3d-9242-10c89d2b34bb
2456e239-d730-4984-bc98-7154d6fd2ddc
3ac6383b-7aaf-4056-a58e-f129a1f8abde
8d76a8ff-e0d9-4c69-81f3-ec35f5bd49a7
2e8925d6-808a-4f3b-b23c-5583b016b5fe
fea2959b-62ee-4768-b104-69edfce5eb58
e23c528e-5222-4c6d-8575-38b72df77763
d60c7b6d-5f57-43df-8d39-1c7cd8092303
c0f71dfa-a05e-4a7c-be25-29ec2c0f55ce
4cd88921-2dfb-4eb2-8b1d-8a046e2d831d
c5aef43a-7849-4431-b32d-dc5a8e0f2ffb
455f7fd5-df66-4547-a469-d028865636b8
7b26e104-d795-40d5-84f1-61ec33d99114
aad6baae-1c33-4dc5-9a48-f8b68a8e1372
d6a01809-ba2d-4660-a535-3ae552d45057
024325e2-e446-4173-9c97-1f64a56141aa
cf4e2956-896c-4f50-adbc-a793ec0d715f
9024b233-a5fd-4059-87b2-c66a753c3a7b
8d96bc95-ce84-41f3-9151-91995bfc2458
14cbe41c-f135-4217-8dc6-276317408676
f7b900c9-6449-413e-b7d3-0313ad43e585
ab8f46a4-386c-4098-ad82-3591c865329d
87f9362d-5887-412f-be52-682b22ece983
b9d8db3f-4812-4f5f-acba-a9b7398a4126
cb16db19-3733-4e3b-84b0-c560a8b79516
44d8b3e8-de30-45cf-8029-b0bc700db166
f4cdf5ae-572a-4737-9de1-42de0e050f7e
b8b52807-23c0-48a2-8e50-e40a503adbdb
ba2ebdc8-ad4f-49a3-ba4b-957e1de6b8f6
dc394b2e-2be6-4e3d-8b3c-5c16dd171395
5226a784-c211-4899-9337-86113a457894
56e6aed4-a442-4ed5-92db-a2bde49a91e8
14d5ee78-761a-4d4f-98d5-c27a25bb4efe
ed4622f6-da70-47a1-80bb-0d190cddd573
d4a576cc-6861-4b01-b8a0-049f7a33f189
4ca5c42c-613a-45ae-a2ef-9481d53a6970
fdd2dc4d-7329-43ca-adb9-0eff52f004cd
efdc6902-8b23-497d-9391-e0cfefa47577
0f545d8d-f0ec-4bbb-b2db-5d736dd19fb6
3b6e5501-0acb-4df9-aee9-ba81eb53b67d
07e8c463-1a4a-4e61-a6a8-e0aa2fb6dd0c
d6ca1cba-6963-4b1e-b20b-7b502ef7730b
a9b05190-7f0e-48c8-946a-3ae2c4e2d4b9
6f20714a-592f-44b8-9a71-c8ae9db44abc
83e6745c-06ec-4a28-9bc3-2de9a60835ee
e7ae2e29-02f8-4000-9e8f-130666c5a577
d6251c97-e39c-4053-ae8b-c3b28605a5a3
15f776a7-8299-4703-83bc-6da134f29000
d85ea580-575d-43c8-b154-9cf479c95c0b
8694bd0d-095e-43ed-a30e-639c03ff3623
6ada1d4b-e392-41b5-bb61-799f33ca9db0
cae337d4-221d-486c-8024-5c6484e01025
5334276c-223a-42a5-8a7c-92ce68b4150c
41c2148a-3f32-423b-8d7d-d096f61975d3
de4067f4-41fc-476a-a239-481598356988
66836f08-7e80-49d3-843c-ee3e5b33cf5c
f372b4f5-2a56-4212-9d78-341cdd3d3121
e7e3f0c1-a946-4b7b-84ef-a1102f7baebc
833c34c4-71dd-4128-b756-88e0673a2df9
e55a0df4-67ed-40d3-9280-fb2ba1c4e609
1c8f33c1-b590-4852-a186-19db0417abe5
2773b733-32f6-4d09-aa37-f3b2fdb73278
12d8826f-ace0-404a-bc13-88eacf42f334
cf70f51f-2b9f-4bcb-bcfe-92d9f21f8d6f
476492af-bd6f-4c4a-aa70-3f2ca0c359c2
e95c5bb5-4c3f-441c-b396-85541a9bd367
9aab542a-39c3-4841-afd7-82523dbcd4d0
1f97f534-3f40-4e9f-83a8-6b79daaff3a9
fd090c02-3cdd-4cc9-923f-309a65f29cfa
e415f598-cd3b-4d61-b1fb-e2fc5ce1c30f
c9c543a9-cafd-46b3-8237-4d2a998d1df2
ae83b208-4085-4167-81d5-2068e47c043f
28ce0a25-091d-4ad1-9ebc-4551a6669064
c7a8cf2f-7741-4648-a1eb-ca16ec1f1e03
a7c6d9b3-551e-4b8c-a022-77ed4fdfe963
e2fc548d-0a55-4f9c-98bc-2e8af2f03ca0
a0f709c6-b474-4ab3-98de-c6e5c57687a3
9940c174-6569-420e-99cc-c7c28ee10311
47fe9263-4e86-4a9e-9f09-e9d667e3169e
b70f13d0-e774-4de0-896f-f343cfd9d9be
2d3b225e-b119-4f31-a4ff-7521d73419aa
a3be742d-6661-4bb9-9774-0053c2c8346f
6e69d34a-adfc-4d2b-89c1-b5923fa0ecec
3b56567c-2b2b-46c0-9529-f498fafb29a2
2d91a08e-caa0-4e4d-8d85-4d07ce08e8b0
52cae0de-12a7-43af-9c48-f8ac18516846
b6d382e4-03dc-4b85-b488-2a2b8dc7db9a
ca3ac3e7-f55e-4a47-a1ec-bfc3267395bc
640d5af3-f3c4-4920-ba4e-787bf064a713
56b3c23a-840e-49a4-9081-3ff44ab22ec8
fd29ca55-5235-4902-b247-2cea669e8a10
b551aab3-2206-4ce0-9e0f-207f7004098b
6fec51a6-eeef-426f-b91e-6f556e282c31
89b64881-e027-4760-84dc-eb2288648459
f3a5efe9-cc56-4b39-a3d4-09d699f17305
63facd35-cb4a-47a5-b47c-7a063d762923
e2bd9df9-01cc-4608-827d-a78a2b20cdfb
99b5b516-d837-4547-86eb-b726b6bf390d
a6ebe95c-c51e-4d5a-b853-a01dfded8821
875d4dcc-a184-41be-9f41-53135fd215ab
e95a9f50-2d78-4c77-984d-c0ece594945f
b10d5999-5a97-460d-a2b3-61f2ffabeb33
35d5c20f-18c2-4975-9a8c-58d915ad20ba
aea2c7d0-5d90-4f42-b4b7-8484c8b05a38
1d13699e-38c0-4ebe-b7d3-1d28a091080e
2e0f9597-eadf-4285-8298-245537f75681
9733b9fc-ea0e-4c60-920f-46ef7fb26e3c
4da92805-854f-449c-850b-7df1790ed73b
bb930015-5ddc-44b6-be51-16e8fe1455cc
ac21cfa2-fa39-44d9-a79e-f8b404101c08
f35ba446-58df-454f-8167-012b86c47896
ae97c166-6ca9-4412-9e6e-4f0d5bd82088
c8a85947-3f2e-4ee3-b33b-da5fb721b7d3
baff6849-c0b0-4117-b504-d7918b444abf
35bb6337-1cbf-44e0-9a9e-c2b21cc731a9
3cb250db-ffa3-4cc6-871b-82a79b546246
85c630b7-e0bf-4c4c-bcde-2bdce56b0630
0f271f68-580e-44a4-8c35-50c35b86acb1
47c02a7d-fc91-4e82-bd1c-9fb0bf445c36
b607d858-1315-471e-b941-1535c78ab576
5588df2b-0bc6-4691-8e9b-d64a76063f78
3500ec18-68ff-44ca-af8d-f569d38d6a3c
b60c3f91-a5a8-4976-9cbf-d679d0ba9c66
88c9ea3b-fdcf-4b31-849e-fde3d1e1e35b
0bb53368-0e34-4455-9207-ebb0d43bf166
27c3d066-33d9-48fa-b3cd-85519a3abf1b
584d9b1e-1774-446b-a6c7-baa69ecbcc25
f7a8e527-1e4b-4c80-91e9-ddbd48191a8c
59fc5aa5-3fe2-45d3-bb0a-fa294595e6d2
9b89b04e-ed98-4f63-9909-a544bd280a23
d6a2036f-9079-489f-8462-920d6df6b7a9
6e18fa3a-13ed-475d-ba0c-fd157dc3eab4
95d466c6-1bd0-4f31-bda0-84510aab461d
1949c22b-b904-4540-a784-700f4da930d2
3c1603f5-f2cf-47e2-b894-a666ad67ba96
f6b5ec29-31cf-46c2-b80b-5e34b68b6ffe
bc8a19a0-48cb-4416-bb8b-ffa066ada9e7
4aa6c06a-96ce-46da-a350-390b8b34827c
549cc530-7f1e-4cb5-a1bf-8909c8acb591
d1be84b5-b666-4b57-b2c5-f8f35c0b4d28
a676ad19-a762-429e-8b2f-ceb8e6b7f9df
1d777848-9079-42c8-8bf7-f3921b653e78
ff728905-0198-496b-98c8-6e4219b745a4
98828b03-4966-4cca-ad33-7aa0c1af9fd0
e58a12f5-e9aa-4acc-8b32-00b72d8a7616
7253dffa-6df2-4015-a87a-4f057b96af37
7bcefb3f-35d4-49d7-817d-6e3669229c8b
5faa8b69-d068-4348-92a2-a10bfcda1101
85749eee-810e-4237-b8de-664fe8c74910
a2f4ce91-eeb6-448d-a906-44313f92710e
19ec171b-e062-4d35-9c00-6801a14475fb
e3e5c220-cc67-43f6-8b6e-54843b73ad4e
5960d278-f7d5-4d35-8af2-915fbb74d2d2
a22e9660-0985-488c-bced-0bbf8b1c9de7
08b9577f-509b-4903-83ea-09b5ca797359
d1bd4b8e-f4ae-466c-9a46-7f6f8830f9e8
c73b9e2b-be8d-461d-9d09-96ee6b508f2e
7e75a2fb-69b8-4759-bde6-d08eefbab878
98a011ad-7fdc-4735-8ed8-6256499bb06c
93a31918-f9ca-48cf-ab4e-3e96af34d228
e1d043e2-5e58-4989-8ce8-eecd18f79cef
84331146-1659-4871-ac84-05c16affd564
d5fe3186-33f8-4ef9-a26c-dc22fc8560a9
00566d4b-59d5-4a72-b539-862cd38913aa
e4802e93-e0f1-4bc9-9bf6-ae48087cc296
d193a961-0405-4bfd-ad2b-434459b5ff3b
36b548dd-6935-4e0a-b47f-7f263b57864f
54d60b17-4694-4d8c-8117-4d3b0057b03a
f1454571-0562-490c-a725-1738de5b3b81
48aba11e-3025-4879-94ae-de0d24a017f2
8080eb75-af36-4d22-8a12-a64762472f33
e76a5ca5-f7e7-40c1-98e7-551d0f78e93c
5716d1a9-d127-4cf5-8d4c-8c3213601330
dbf75a68-e7ef-4433-acb6-df145630f92d
27995de9-4f33-4583-875e-14dceb8ad5a8
61ea9f17-9b96-419c-9021-2f02511f469d
9a051cfc-267a-472a-ad6d-9bcd914fec5c
3bce00cb-afe5-4fac-8893-e44bb6e0f6cc
2da7c2ac-5693-4c2d-a512-014921b921ce
6b50fbeb-c43b-426b-8e03-31c04b0a00b3
0e40edd2-b05d-49e5-bede-26124148e49a
97a6d574-aaf5-445d-bb0f-52c5a27b9f47
4962ae7c-270e-47d4-bd92-fd31b2b0d2cb
1f00522a-26ce-433c-b557-db806fff167b
12de05eb-b3a5-4847-8144-ce3de0293ad2
a8ee0e89-028f-4fa2-857a-207bcd7d15ae
ef4f5a92-3c66-4d32-93b8-12cee263e469
70de1b6f-da60-4ccd-acb3-76a75f3b895c
35b9e8cb-12a9-4fb9-bb22-e1098ca0b216
af8fe422-eb47-41d6-bcf3-bca31e26746c
3c19dcda-97c7-4f2e-bea3-b01f0b9af2db
3aa1b6b5-d911-467f-8280-6596ac07a868
2d9c109f-18c0-4628-8b8c-eac766a72717
deb1010f-2dda-4aca-8e86-504486933363
3392c348-d95a-422d-951b-79c9d0262fbf
2256d13e-a0be-4258-88ef-1d2a852d10ab
26114e20-edd3-40fa-b794-94e5674d5cf6
7259691e-ac1d-42aa-af13-2950725559b9
64a577b5-16ba-45a3-be5f-8c7d562686e4
0d5064d6-17f5-4979-a868-07c0d1f48382
c88c935f-5e97-432a-9956-c3d2f3f526c9
95a7481c-b62f-411f-9484-4f8805cc18ee
ba8487cc-cff9-4e62-8060-c18c18c96106
80676f65-5053-4c56-a123-64267f88f348
0511a205-5db0-442c-b676-a50401942689
4bdaf675-ff66-4c57-a814-e2c6e97a3de4
ff315981-04cc-4f0c-a1dc-f3da491e97ff
b780d642-105e-4a50-8688-85886f010aee
d3359a99-7f9a-4016-9e62-9b06ad01d4b2
05bc68c6-79a5-4d8f-a7dc-1fbfc37ce0e8
84eaa093-73e9-4e22-a38e-4777ea686c55
bcaa0e41-a965-4895-8c8f-67b683b104e6
76106aae-60e8-47b2-b9fe-0e3380939e97
acd09c3c-49a2-4229-bae6-2e7b55aaa6d8
df30648c-6a01-42b3-87a6-62840ae6a243
14782e36-0088-40c2-9efb-21e4360fee30
34cc0b77-8945-475d-89f3-518f0141f85b
c6cde41f-c0c3-45b7-aa11-8a1adea2961f
0cc8e58f-8b25-4d55-ac04-ac2d602c29b5
c0bfff9f-8ecd-4b2b-9f17-187ce60e797f
c6d41ac7-1f22-4ea0-999f-f40e5a679933
67126994-0f6e-4c7d-8595-2558c575d15a
a87581df-15d5-4ea3-914b-ee0802ad02f0
b2c75d65-02df-453b-9a49-c89ce9c2778e
b089974b-7529-42ca-b67d-cd64d4c7c2e1
c6e1a8f7-2bbf-4315-af71-6032aa716259
1d6300a4-ed30-4dd4-bcca-c06ac082e355
7c0da1d6-723a-49b8-9ecb-093711733702
198d3291-c64a-4d1f-b342-8a4e88f64725
3a160993-4176-4a1f-921c-2835686bdf46
58cc1632-42aa-4fb0-821a-25f821344649
dfce404d-4ca5-41d7-9aad-aa3430ce116c
42117d23-8e3f-4df4-aa6b-61e7d6782fcf
073b74ac-5dc1-4ce2-91f9-b53d3debb2f6
38e01ff3-5563-4414-98fe-7357fef1af4c
9cc326e1-ed23-43ae-b95a-15f161675d3e
87481a3b-1abd-4244-8315-9625e91e738a
bf0eb04d-7acc-4628-a43e-7a7645aa20e8
29d917d4-d42f-4e88-9431-ca40ebd255af
5f603bf6-60bf-4d93-9a09-0178e327ec3b
060b90df-5902-47d9-a5b0-d0fb6994a0b9
b4b32534-fd68-4e3e-97e0-0b9336929633
4b1c7cb4-ae38-48b5-9447-87695c6375ff
e871af55-e0ad-45f1-b6f8-9cd0c04ed967
d904530e-0905-41e8-bb1d-4b23f3ea1bc6
858517ac-e923-4076-98c1-a0833bb440e6
3f7c1fe2-46e7-45ed-bd15-339562a7b753
43fbcf35-bbbc-46f0-8ffc-067b29656e88
e62d6ca7-8dcb-4cc3-9677-9763383547e2
e1a5e454-5952-4e51-bf57-c700f01069f6
9572eede-3a2b-4837-bdd0-aad7827c683c
bbfb4f8c-1216-4dbd-9dff-a0fbc61cfed0
e4193e51-c7b3-420a-8e4d-1ec67bc7de4e
d3fb20c0-d1ae-4eec-976c-657116ad8ee2
7355f2f4-049d-41b6-86e3-6a1a10041751
d241ee0e-0c5c-46ff-a016-34ab00e532c5
6d2bc320-7216-49bd-8883-95d51d420fd2
34d86753-8c0f-47b0-9134-2c95dddfb6aa
4ffb8aaf-b9b0-41dc-abf0-02042d7c1200
486105e4-ad2b-4927-82ae-a0baeb8c68f5
21830f3e-ca52-4b36-b18d-891c902aec75
adac48f1-b0f2-478c-afd3-9e87ddbd34a1
9e161d21-3ad0-49cb-99a9-81e387a02b7a
5ec202cd-6910-402b-87ff-3132a0f358cb
bae9677c-7d97-45fa-a895-c13b32fe8d48
06b60a6a-ce48-48a5-96a5-06b6b23e36b0
fa82698c-957d-4b0a-9800-b4242f428b7e
0fe13afc-2ac0-4470-9138-1ed9c7c64030
175d2958-4c30-43c6-8b86-353934a61529
7897ccd4-8de5-4ae8-aee2-c8a4137b747f
1bc447ea-c885-47fe-9b2f-55966cda4fb4
4f163349-aab9-4abe-8296-e1bb986b6aab
60938782-07d2-4c68-9e35-69a6dfd5bb38
30e2957e-737b-4788-a65d-84037137ff86
1cebc264-0c34-42f1-8822-30072cc6e45f
0a556a38-e7d4-4386-8927-d4ff71c6c505
c0cf0356-2b2c-481c-8ca4-a2fe2c3c6bc0
ba5becd7-f535-48cf-8da4-b3f61b5760a3
e78d7299-f7d0-484f-b56e-9d3d4b306c99
c233b65c-1ce1-49ee-8cce-77b028b219b7
046a1132-9676-4d01-a2f6-192e1093f4ad
5459bf06-5598-4cc7-b64e-b03a2be26e45
1ccdeae9-ef8e-41c7-800d-af68be348618
01c24dbb-57c6-4468-89d8-dd4090d8f0a9
90e45906-c1bb-4a4f-8cf1-9f8653887b36
ab9e09fb-8f04-4b4c-8a08-bbb4cfeed897
b2b55099-4eb1-446b-983e-6dda74ddbd8e
e5ed40a7-b89f-4143-9b4f-58b24a1932da
97b0449e-4c8b-4db4-b424-497ca631d2cd
37753a81-32b1-4654-a1f0-ce8626fb21b5
ea2b4fa1-5a96-4e52-8881-94251663a9f1
dda1dd55-26f0-48ff-900a-fd55a533a988
2147b4c7-7d9e-448a-a0c6-084139c1d1d3
2b2e0ac8-7835-4a4d-ae70-2ca52df2541e
a8480561-74d6-4cba-aa0c-44ddb682c364
946ded98-77e6-4f0a-8426-aed7790294f3
852c165c-8c57-4121-b5e1-109500ac24df
2ef8d78b-08fd-4e46-95f0-fd6ab2378392
341b49c8-4e1e-4dfa-9b78-1ed04a63fcae
a79d556c-5d9d-4616-b2d2-5f3c320532d6
fd8ec92c-8419-4b11-b302-479d0830ccf0
4c977ee6-92fa-4457-95ec-ec0eba278a8f
cbba9e96-98e8-412d-b71a-b79f98377c82
7ef82227-3d6f-4a53-8078-427eb70b0b7c
6caedc94-50ae-40c4-ad42-248cd9dc8bf6
2c79b74e-fa9a-4ebc-83d6-2ca54647ee47
3261d449-e1ed-49df-a68d-a55e922ef174
f8be0d06-d528-43a7-80cb-beed7dc67f60
771cfc6a-601b-44df-9565-5834bce2e591
8b8a0bc3-bf33-4c2c-aab6-5fd4fddf1886
47c5320b-19e4-48f7-b531-29cefdac6283
5a4206bc-8431-4804-bc05-d49cb20f8f01
9e103186-039b-4b2b-bc8c-8245f293d318
adcd8ff5-d2bc-49bd-bddc-dbfac0e132f0
ee109c8e-f50d-4692-8642-2cdbf73c22b0
a80d28b5-f250-4c25-8bfe-ffb585a6486e
7c520361-9f69-4afe-9944-e0e46e08c3d0
03e36f01-7d40-4a84-91ed-025c4345cecb
30a5f656-099d-49bf-b5a3-aa1fc176cf1a
c899c85e-5577-41c7-b7c1-c3f3890fce4e
6ebd7666-c508-4885-a0bd-ad9b7835f9ad
819891cb-201d-43f8-9633-08b958174d93
ff33e25d-342c-424d-97c2-844ccc54e382
ce7e069b-87d0-4850-87db-75cce55c3d92
a7e50600-ff4e-40ab-abee-98e9735c2a01
f0595b49-449d-453b-8507-0fa05ed84dc2
bef04c7e-bf06-4faf-867c-29be9b2bc3bb
e70f5451-5ce7-4b7b-8bd7-e0dcb2894aa8
3bd155ab-baeb-4287-b2e4-5ae5ef5ff697
14498c29-97a3-49df-8fda-3d1d847ea77e
bab7f0ef-1b76-4e4f-a3ae-63168a865d6c
6bdc8764-efee-42b1-a2a5-899b56c4ccf2
4de0a360-c38e-4325-bf46-36c9b823cdd1
26fa5235-bb19-4613-845c-1c1df00d29a7
15744278-da21-41be-9aca-9abe5b7bc2fe
8a8defa3-f9bc-4e17-b091-882301523ac5
0a6ad268-6465-473f-aff2-b498c31c9225
26a15d6f-6ed6-493a-8d64-d9cda0c733d8
1e6bedef-da70-4918-9cfe-6ccb997688d2
e8629979-1572-4077-8d88-964b0a27ee03
43041221-282c-4a4d-b970-1e6454e98402
4d252db8-f297-4bbb-9d2a-b6940fafeee4
b4a07e38-f9dc-43db-bc6d-5d7bab79ca20
0594d14f-8302-4a08-b585-def26a27f022
4965350e-7214-4b0f-8bc1-2420058cad07
847ea82c-00fa-476f-95e0-5404f15e7f24
f48a5482-c5f0-4f1c-a08d-f70040f1b15b
79718f62-e08d-4b66-9751-e4aefbbc76db
82125ab9-9094-4051-8a6d-522e43e68d83
14c6079c-b9af-448d-821e-6af7f64c5254
be2d43ba-fcdc-4194-b232-431708a12b45
03fcfd40-b0d1-411a-9bf2-1fc4a6b2af1d
fe9d1071-23c3-4a16-bafb-12b205b00c40
4840f120-73ce-4fa8-a979-e60463718ad8
9638661e-5696-45f1-ab53-d1c33ea4a5d7
b39a40b7-6f78-4d71-8319-0a8364debcdb
21f43504-5f58-46a1-9fcc-423e99b315dc
307a05bc-4e4a-40c0-bdd6-4fae5b1a7b37
4c404af5-53e5-44e7-a7b6-95b8ca93a146
f0b82fd2-2ca4-47ad-a45f-72750fa7a828
faab8f3e-5fb9-4cfb-8802-576a56cf70e1
67f850c7-3a42-4120-ad6d-43ece95ef7ce
10cfc747-1c46-4eab-bd29-b539dc2fa8f6
c8385302-6288-41c2-81be-cfb6c51f1485
d6131280-2b42-48e7-9ec2-5cf32b52731b
7a88fd61-acfe-467a-b680-da3030c9b7f3
5d9c216c-890a-4801-b2b3-7a29f65bbdf3
15027ea8-2a5d-4a77-8e2e-0a8bacb04e29
8380bd3a-07a7-45c4-a19a-2f2da53f2d15
15434049-5635-402c-b8ae-c3b801e7ea5f
6ed01641-5842-4c5b-8979-dc81cbf1a243
a0597968-ab5f-43ce-bc07-43d81e6e7807
2e1e7605-a43e-481c-8ac0-0a0c06323af8
1c571c0d-0f01-417b-9a83-e1d6770d6c92
51c090b0-9b3b-4b83-b522-a37b83f37e70
7f513137-3b8d-4951-a8d6-37606eb72304
d18d227a-958e-42fc-af3d-c30a6f334c72
bc937288-a485-4349-88c9-dc85fb51b11d
e2ce902d-db3c-4e67-9e9c-e2964a06d57a
5b6b29eb-bab8-417a-a654-491f4ce49fc2
8811db72-b2af-4af9-ab14-1b562264c146
c0f19472-ad8b-40ce-8ed7-eacd0d7b697f
b4615b03-06f0-499b-a41c-f0d190d7de34
22f3788f-a931-493b-bebd-ce1435573130
26c8d333-b8bd-4780-afe7-7cec86add0db
088ff602-14da-42a1-a3ab-dbec38fea264
16dc0cfd-8d36-49cf-ad3a-8fa8d072865c
f6e957fe-34d2-4389-95ce-3b643d229136
23137cb9-f81f-4492-81ec-8e381f7b1935
133eae11-d867-4edd-93d7-a62d18c29ae7
5ee0fc19-ea02-4d6b-858b-bc4d63f37dbc
5f31560f-9786-494e-bd5c-412d975a3187
46ea6c2a-8492-40f8-9c49-4281c4a040f2
2bd59dab-94d4-413d-8e11-2d5b4e385757
444ee7be-579f-43ee-9763-fb0c5dd8c091
42f124cb-fd64-4ada-9aa3-eb6d20128bb5
4a43ef8e-0fcf-455a-a0be-56f5f7177f9c
3d130c10-0526-4f7d-b447-c102befccfe3
92d451b1-17d7-4ec2-823c-c35b814e4a82
2ce59fb8-304a-46aa-bad3-cffa23333130
d0b32c57-3c2d-49e9-b660-5002c0ebe1e4
fd5ca14c-7708-40e9-beee-ae073230b619
d3556d1c-df4d-4bfe-b807-1d6ca4b3afe1
bbad79cb-1bab-4f2e-a815-c34ec99300db
9b9d3030-d805-49d5-834e-8a4bc814396c
acb6ba5f-a7de-4430-9d5d-e445403c8fe1
04a7aef0-f824-411d-b904-3bd2ef20c88b
0bc3e162-1c54-427b-b92d-a6ccfffb8870
f2ffe9b4-6d66-4401-9020-e1dcbee16362
aa998936-76e8-405b-a3ff-cf38ec2723d2
dc9a878d-2fad-4b56-ac41-6b4e6f78b438
52f696d4-3c31-4094-81c0-4b5b2232f722
46fd729f-3132-4550-bed7-37875b6ae49f
4ce09dbf-e286-4dd8-96dd-5a6c4ce48d1b
6db1668c-95d6-49f0-9a38-9eb30de20f27
66d9bf7b-a850-4d01-852b-47658a26eb40
8d75ee2d-3927-4df2-b3d9-17f293f71633
22fc9d19-bb59-4fef-af49-24229bdd0e38
6bd337e5-92be-4219-a235-cbe6b2c3e139
91803051-7517-4f0b-818b-257cacd34f48
5d3b7694-540b-4783-b361-41d09875bbe1
b1b2294e-9d45-4b08-a7ca-e88b1ff8d89c
260b1ec6-48cd-4a8a-ac99-fe34794f2af8
b8ac518e-0081-47de-858e-7288cec4ed1f
316273ef-accb-424b-b854-3a8d2e2e2a3f
50d7101c-b838-498f-ac64-303897ba2648
0eea36fe-f723-40d4-baa2-c63fa07ef91f
461499f7-2f3d-4c32-a6c9-ff3c23553f06
d78292b1-848b-4eaa-8677-7325797c4a90
cdc3dba5-e082-405c-bd71-66b472b5e471
5eaab87b-31f7-43f9-b2bf-4b979e34f05f
0392abcd-3506-4260-83f4-c9eb8a242233
4c49bb3c-efdd-448e-a4eb-4f4121b2fab9
68cebfa1-fadd-489d-9d47-3bdbfa674f83
774d67a3-38d9-4b3a-89c8-08ab2dc24205
837d3ef7-060a-4307-8c50-bf7b7b354050
cfaefe3d-be7f-484e-b5b9-ac92d9951897
e60eaba0-23f6-40eb-828c-bea827792ec0
74a7a540-c487-4b83-a23a-ba90cae9f85a
c096fa3d-c67a-4f85-9f63-05aa42f5e43c
c6e9d6b9-5c82-4b87-8aa5-dc09ded56ba4
10616133-3a39-4d72-8fa2-c83501159ece
60a88cc1-fbc3-4138-ad30-7a842c3070d5
3e71553c-b3b9-4576-8e5e-ed45acc54f1b
4e238fee-c86f-4899-958c-dbcc577bcd1e
51300c7c-6ecb-46a7-b3a2-c50b8301990b
0efc5cbe-fbf1-4952-a178-1bb3d73cb8b6
4b531f6d-fb64-419b-a8dd-f0b89c60e7b1
98b7ff4e-63ec-427d-966e-6653fc528157
7bb2c375-64b6-4dc0-bf62-32e24b341184
35e7f597-dfe0-42b2-8300-e657706ed4c3
d8db7f65-aa33-475a-ac01-b7b8e53dd73a
