checkstyle Start: Mon Jun 2 04:25:42 EDT 2014
Current Running Time 0 minutes and 4 seconds. for  93403a12-00cc-4160-8503-77f51ecd1b20 Defect Count: 12
Current Running Time 0 minutes and 7 seconds. for  a33560db-1c9a-4101-918d-3699240f6278 Defect Count: 9
Current Running Time 0 minutes and 12 seconds. for  226a463a-d698-41b9-8484-69b9f009370b Defect Count: 5117
Current Running Time 0 minutes and 15 seconds. for  dc1cc5e4-011e-4cc4-9d2f-744531d0e306 Defect Count: 6
Current Running Time 0 minutes and 20 seconds. for  7f3f50af-1276-4239-9655-7af55de6e83b Defect Count: 3679
Current Running Time 0 minutes and 23 seconds. for  91245636-c991-44c7-89ab-b9271719c617 Defect Count: 9
Current Running Time 0 minutes and 26 seconds. for  0f453b47-c488-48b3-a065-c53877b2902e Defect Count: 13
Current Running Time 0 minutes and 31 seconds. for  7c5b7171-d3e8-44a5-8e30-0322454971b5 Defect Count: 3660
Current Running Time 0 minutes and 34 seconds. for  6a34e5c0-030b-4c0a-935e-b474682d6179 Defect Count: 9
Current Running Time 0 minutes and 37 seconds. for  f26e4b82-40b4-428e-a8d1-61cf55150607 Defect Count: 9
Current Running Time 0 minutes and 39 seconds. for  38bdff26-111a-4e79-bec2-f90d999ffb14 Defect Count: 6
Current Running Time 0 minutes and 42 seconds. for  0a7c4268-3382-425a-b13a-6cbff264950e Defect Count: 6
Current Running Time 0 minutes and 45 seconds. for  ffd92999-0c18-4080-b8a2-0d711a71c582 Defect Count: 6
Current Running Time 0 minutes and 48 seconds. for  69eebcea-c9fc-4e4a-ac4e-27874ec94eba Defect Count: 3
Current Running Time 0 minutes and 51 seconds. for  47ed55a2-5002-44a8-81fa-411b4aa6b81b Defect Count: 6
Current Running Time 0 minutes and 54 seconds. for  547e353f-ed52-4c60-9e8c-14b91a0e514f Defect Count: 6
Current Running Time 0 minutes and 57 seconds. for  f5713779-2143-46f6-ab60-a4f352b501f1 Defect Count: 15
Current Running Time 1 minutes and 0 seconds. for  0dfef90c-22f1-4e31-b4fa-6e7e6e8a87e0 Defect Count: 15
Current Running Time 1 minutes and 3 seconds. for  a28face4-bb31-4194-a4c4-9295847f57b9 Defect Count: 6
Current Running Time 1 minutes and 6 seconds. for  11909f2f-64d7-4f9d-aa5e-ca0ec5b79491 Defect Count: 6
Current Running Time 1 minutes and 11 seconds. for  f268bec8-43d3-4d9b-8d53-bc5bfa0e00b3 Defect Count: 5132
Current Running Time 1 minutes and 14 seconds. for  f3647518-8931-4805-b063-30e75478b581 Defect Count: 6
Current Running Time 1 minutes and 17 seconds. for  025092d1-a240-4b72-b9a5-f84ef83f8259 Defect Count: 12
Current Running Time 1 minutes and 20 seconds. for  c511d542-fd59-4d47-98e0-16897417471e Defect Count: 21
Current Running Time 1 minutes and 23 seconds. for  fcc8cdc7-f90a-44b1-9c52-bc0395415ddf Defect Count: 3
Current Running Time 1 minutes and 26 seconds. for  81691fee-af18-47d6-a160-44821c17f513 Defect Count: 3
Current Running Time 1 minutes and 29 seconds. for  5c37125b-5759-4278-9db6-f96b2fc884bf Defect Count: 12
Current Running Time 1 minutes and 32 seconds. for  1ffab975-ac0c-4749-ba72-b7b8aa04522b Defect Count: 6
Current Running Time 1 minutes and 35 seconds. for  e00e7f08-5dbe-4330-bc9a-e7b65eaabcdc Defect Count: 6
Current Running Time 1 minutes and 38 seconds. for  665d16ab-1671-4a82-933d-056ee3a65501 Defect Count: 3
Current Running Time 1 minutes and 41 seconds. for  c6bd6a39-2f6a-45b9-a048-92288ed01cec Defect Count: 12
Current Running Time 1 minutes and 44 seconds. for  3ecfd426-b151-4a34-939d-a4feec222aec Defect Count: 6
Current Running Time 1 minutes and 47 seconds. for  48e0c00f-24b7-42e2-b54c-85128c49a665 Defect Count: 18
Current Running Time 1 minutes and 50 seconds. for  d46b5b7a-6b37-42c2-84e7-af7956847a3f Defect Count: 24
Current Running Time 1 minutes and 52 seconds. for  1ca8bbc2-1b91-42aa-84ea-22d26e171838 Defect Count: 9
Current Running Time 1 minutes and 55 seconds. for  7f18ee1e-0648-41e8-9e0d-cb399cef0213 Defect Count: 6
Current Running Time 1 minutes and 58 seconds. for  9bb13797-696e-4f1a-b393-227e40679ff1 Defect Count: 19
Current Running Time 2 minutes and 1 seconds. for  9e5277ef-c9ba-40b2-a6e7-3856939ae563 Defect Count: 9
Current Running Time 2 minutes and 4 seconds. for  f575350d-0402-4575-9792-12ae52204977 Defect Count: 9
Current Running Time 2 minutes and 7 seconds. for  00677afa-f11f-423b-a1e1-3710b75e5f14 Defect Count: 6
Current Running Time 2 minutes and 10 seconds. for  6bd245d3-b067-43b7-85d8-81214fccd797 Defect Count: 6
Current Running Time 2 minutes and 13 seconds. for  3786c1c8-fda8-46fa-870a-95574c6d0cd8 Defect Count: 24
Current Running Time 2 minutes and 16 seconds. for  3d7d8b47-c079-4326-ba71-d7d0326dd9f3 Defect Count: 3
Current Running Time 2 minutes and 19 seconds. for  3de9173d-d056-4636-b9be-017425663da3 Defect Count: 3
Current Running Time 2 minutes and 22 seconds. for  a22bae97-df44-4018-8aaf-13b64a5a8c9a Defect Count: 3
Current Running Time 2 minutes and 25 seconds. for  84f7bbc4-70c8-4373-82f1-980ef36aedfc Defect Count: 6
Current Running Time 2 minutes and 28 seconds. for  29f6ad3f-4fd6-4599-a0c3-d9e84842bb85 Defect Count: 6
Current Running Time 2 minutes and 31 seconds. for  9e386ca4-2017-4715-b2a9-c06df9610740 Defect Count: 9
Current Running Time 2 minutes and 33 seconds. for  40b4a723-71d4-4d97-9452-3fa73049f705 Defect Count: 15
Current Running Time 2 minutes and 36 seconds. for  bd9fcd63-9e70-4f69-a455-2a8748b386fd Defect Count: 9
Current Running Time 2 minutes and 39 seconds. for  cb4d569c-09c8-4b8e-89af-d63a8f5011d1 Defect Count: 6
Current Running Time 2 minutes and 45 seconds. for  f428cc92-4b61-4314-863e-53f8a4c3c8fb Defect Count: 5095
Current Running Time 2 minutes and 47 seconds. for  334397e3-84b7-4962-9992-57489c7457ee Defect Count: 6
Current Running Time 2 minutes and 50 seconds. for  462094b2-4b4b-4f0b-8cff-7a98b198c3a5 Defect Count: 3
Current Running Time 2 minutes and 53 seconds. for  fd0e5818-e3b6-4da9-9568-7b9b948690aa Defect Count: 6
Current Running Time 2 minutes and 56 seconds. for  ba0a4d24-ef0b-4e54-b18f-dfd518e99fb1 Defect Count: 3
Current Running Time 2 minutes and 59 seconds. for  cbaa7e0a-3e09-4cd2-9146-0053f1ec9b72 Defect Count: 6
Current Running Time 3 minutes and 2 seconds. for  8669ed81-28e9-43fe-aa8a-a45903a3ebc8 Defect Count: 6
Current Running Time 3 minutes and 5 seconds. for  a5129eee-52d5-4bda-b1a9-b35a41292ff1 Defect Count: 9
Current Running Time 3 minutes and 8 seconds. for  d4bcdf3a-2ce0-44e7-be82-362eb022ac78 Defect Count: 15
Current Running Time 3 minutes and 11 seconds. for  9b793b82-6909-4818-963e-57e65e395e7a Defect Count: 3
Current Running Time 3 minutes and 14 seconds. for  153ee13a-9912-430c-9e1e-010d3eedfd58 Defect Count: 9
Current Running Time 3 minutes and 17 seconds. for  9ef35b32-4658-47b4-b0b5-1ddbb0df41df Defect Count: 6
Current Running Time 3 minutes and 20 seconds. for  1caf55e0-552c-49bf-94ac-73ee7332bc08 Defect Count: 6
Current Running Time 3 minutes and 23 seconds. for  c29cf076-9ff5-4ca1-934d-0528a3383411 Defect Count: 33
Current Running Time 3 minutes and 25 seconds. for  a2a0eaff-c187-4163-8eb5-4b72ca290a87 Defect Count: 9
Current Running Time 3 minutes and 28 seconds. for  d2d31b48-7ad4-43ea-a61d-37283c31d168 Defect Count: 6
Current Running Time 3 minutes and 31 seconds. for  42a7bbe9-a2a1-4838-8d3a-b8a33045d95d Defect Count: 6
Current Running Time 3 minutes and 34 seconds. for  3182b09d-d7db-4e12-ada4-17a72ef39a1d Defect Count: 6
Current Running Time 3 minutes and 37 seconds. for  bc76e169-274f-4412-b324-8c4b56309fdd Defect Count: 12
Current Running Time 3 minutes and 40 seconds. for  fd0e9af6-9861-496e-ba68-bd1f18462b6b Defect Count: 6
Current Running Time 3 minutes and 43 seconds. for  b6b1f972-2e3e-4884-8ec3-0326c0f99e3a Defect Count: 9
Current Running Time 3 minutes and 46 seconds. for  173843e5-e087-42cb-a8ef-cabaa67653b0 Defect Count: 6
Current Running Time 3 minutes and 49 seconds. for  62ac0b29-93f8-412b-b672-ffe50ae1d8bd Defect Count: 12
Current Running Time 3 minutes and 52 seconds. for  403b883e-53e1-44cc-bd0f-c45a98921ea1 Defect Count: 12
Current Running Time 3 minutes and 55 seconds. for  22fcc4f7-6087-4674-b5ef-8902c9e08440 Defect Count: 9
Current Running Time 3 minutes and 58 seconds. for  7f0170cf-11b9-4fd5-96a6-7aba11e17494 Defect Count: 6
Current Running Time 4 minutes and 1 seconds. for  8772ebab-85ca-4a58-ac79-438dcfa135d7 Defect Count: 6
Current Running Time 4 minutes and 4 seconds. for  9cbe42a7-b9d0-4196-a74b-559412662e72 Defect Count: 9
Current Running Time 4 minutes and 7 seconds. for  65c26496-3d74-45ca-a288-f5e8e67ae413 Defect Count: 21
Current Running Time 4 minutes and 10 seconds. for  80fc9b80-a580-4ad1-839f-7a838b8e8263 Defect Count: 3
Current Running Time 4 minutes and 13 seconds. for  29c08e1f-e886-4896-b352-f1852bfac2e0 Defect Count: 15
Current Running Time 4 minutes and 16 seconds. for  b443f86f-9360-4c8b-b753-b4f42a9b2b35 Defect Count: 6
Current Running Time 4 minutes and 19 seconds. for  3f27a5f7-fb52-4356-89d3-315d842f3af7 Defect Count: 3
Current Running Time 4 minutes and 22 seconds. for  5fb2c7d1-83f2-4638-9956-44c64388ced3 Defect Count: 21
Current Running Time 4 minutes and 25 seconds. for  f4c913c7-b077-4d45-ae0b-b5bfee36c4a8 Defect Count: 6
Current Running Time 4 minutes and 27 seconds. for  50915f6a-21a8-4a0b-aefc-bc978c7bd5e2 Defect Count: 6
Current Running Time 4 minutes and 30 seconds. for  b736f669-ea16-48d8-9e3d-bdac7cc887a8 Defect Count: 9
Current Running Time 4 minutes and 33 seconds. for  c49151c1-4a01-48bb-b13c-f51a55d8d787 Defect Count: 9
Current Running Time 4 minutes and 36 seconds. for  fc8a329a-9fc1-45e5-a5aa-27a1628db9de Defect Count: 9
Current Running Time 4 minutes and 39 seconds. for  fab4133a-85f8-4c85-bd53-ee9331f068d2 Defect Count: 6
Current Running Time 4 minutes and 42 seconds. for  c44bba94-c723-493b-9a1a-f3d11fb01227 Defect Count: 3
Current Running Time 4 minutes and 45 seconds. for  3e01f7eb-dcf6-4b2f-88d8-28a12169f5cc Defect Count: 3
Current Running Time 4 minutes and 48 seconds. for  0292be20-63ab-4e2f-8cd4-99f5077b0dc5 Defect Count: 6
Current Running Time 4 minutes and 51 seconds. for  23212522-9a51-4ae4-8eea-bedfbb23f732 Defect Count: 15
Current Running Time 4 minutes and 54 seconds. for  f5a8ce1e-fd5e-428e-814a-fb19e62387bc Defect Count: 12
Current Running Time 4 minutes and 57 seconds. for  eecdaf71-7c37-4390-9163-3a78d7969216 Defect Count: 9
Current Running Time 4 minutes and 59 seconds. for  57bc9361-4b07-45e2-9d96-f96915dffa49 Defect Count: 9
Current Running Time 5 minutes and 17 seconds. for  71e5b8d9-63ce-4ff6-9278-8a533c5a88a5 Defect Count: 141713
Current Running Time 5 minutes and 20 seconds. for  536de712-6b0d-4a18-b6e4-7570c48c52b6 Defect Count: 6
Current Running Time 5 minutes and 23 seconds. for  105be154-e672-4bbd-a2fb-53a421014b4e Defect Count: 9
Current Running Time 5 minutes and 25 seconds. for  4393af05-fa02-448a-8e66-a008c2315d27 Defect Count: 3
Current Running Time 5 minutes and 28 seconds. for  eab6282d-4ac5-43f7-9467-e2e74c4a8684 Defect Count: 6
CheckStyle Total Running Time 5 minutes and 28 seconds.
CheckStyle End: Mon Jun 2 04:31:10 EDT 2014
