Jlint Start: Sat May 24 19:46:53 EDT 2014
Begin Jlint Analyzing: tools/java_Analysis/javaOutput/489419a6-45e9-4ea7-9a58-f5e1213e11e8%apk Sat May 24 19:46:53 EDT 2014
JLint Count: 97 in tools/java_Analysis/javaOutput/489419a6-45e9-4ea7-9a58-f5e1213e11e8%apk tools/java_Analysis/javaOutput/489419a6-45e9-4ea7-9a58-f5e1213e11e8%apk Sat May 24 19:47:02 EDT 2014
Begin Jlint Analyzing: tools/java_Analysis/javaOutput/69e2e569-1f44-4cce-b226-1584e168f987%apk Sat May 24 19:47:02 EDT 2014
JLint Count: 23 in tools/java_Analysis/javaOutput/69e2e569-1f44-4cce-b226-1584e168f987%apk tools/java_Analysis/javaOutput/69e2e569-1f44-4cce-b226-1584e168f987%apk Sat May 24 19:47:05 EDT 2014
Begin Jlint Analyzing: tools/java_Analysis/javaOutput/7053d35a-8066-47c6-ae83-851f6406132a%apk Sat May 24 19:47:06 EDT 2014
JLint Count: 258 in tools/java_Analysis/javaOutput/7053d35a-8066-47c6-ae83-851f6406132a%apk tools/java_Analysis/javaOutput/7053d35a-8066-47c6-ae83-851f6406132a%apk Sat May 24 19:47:39 EDT 2014
Begin Jlint Analyzing: tools/java_Analysis/javaOutput/5a371af6-09a2-40d8-9fdb-d23a6ef95f2c%apk Sat May 24 19:47:40 EDT 2014
JLint Count: 162 in tools/java_Analysis/javaOutput/5a371af6-09a2-40d8-9fdb-d23a6ef95f2c%apk tools/java_Analysis/javaOutput/5a371af6-09a2-40d8-9fdb-d23a6ef95f2c%apk Sat May 24 19:47:56 EDT 2014
Begin Jlint Analyzing: tools/java_Analysis/javaOutput/633e9208-7f6f-49a5-ae52-c46b910bb282%apk Sat May 24 19:47:56 EDT 2014
JLint Count: 1089 in tools/java_Analysis/javaOutput/633e9208-7f6f-49a5-ae52-c46b910bb282%apk tools/java_Analysis/javaOutput/633e9208-7f6f-49a5-ae52-c46b910bb282%apk Sat May 24 19:50:03 EDT 2014
Begin Jlint Analyzing: tools/java_Analysis/javaOutput/b949b915-a44a-442e-8222-180723fe6aa3%apk Sat May 24 19:50:03 EDT 2014
JLint Count: 262 in tools/java_Analysis/javaOutput/b949b915-a44a-442e-8222-180723fe6aa3%apk tools/java_Analysis/javaOutput/b949b915-a44a-442e-8222-180723fe6aa3%apk Sat May 24 19:50:30 EDT 2014
Begin Jlint Analyzing: tools/java_Analysis/javaOutput/9553ab75-0a18-4e08-ba91-b39bcfa021d8%apk Sat May 24 19:50:30 EDT 2014
JLint Count: 40 in tools/java_Analysis/javaOutput/9553ab75-0a18-4e08-ba91-b39bcfa021d8%apk tools/java_Analysis/javaOutput/9553ab75-0a18-4e08-ba91-b39bcfa021d8%apk Sat May 24 19:50:32 EDT 2014
Begin Jlint Analyzing: tools/java_Analysis/javaOutput/353f60a2-8693-4a43-8584-80bbec8d3eb4%apk Sat May 24 19:50:32 EDT 2014
JLint Count: 233 in tools/java_Analysis/javaOutput/353f60a2-8693-4a43-8584-80bbec8d3eb4%apk tools/java_Analysis/javaOutput/353f60a2-8693-4a43-8584-80bbec8d3eb4%apk Sat May 24 19:51:32 EDT 2014
Begin Jlint Analyzing: tools/java_Analysis/javaOutput/4cb0ca7b-98d0-4047-be98-9432d6111c1a%apk Sat May 24 19:51:32 EDT 2014
JLint Count: 44 in tools/java_Analysis/javaOutput/4cb0ca7b-98d0-4047-be98-9432d6111c1a%apk tools/java_Analysis/javaOutput/4cb0ca7b-98d0-4047-be98-9432d6111c1a%apk Sat May 24 19:51:35 EDT 2014
Begin Jlint Analyzing: tools/java_Analysis/javaOutput/18c8004e-b300-484f-aa33-0326b7c92a3f%apk Sat May 24 19:51:36 EDT 2014
JLint Count: 189 in tools/java_Analysis/javaOutput/18c8004e-b300-484f-aa33-0326b7c92a3f%apk tools/java_Analysis/javaOutput/18c8004e-b300-484f-aa33-0326b7c92a3f%apk Sat May 24 19:52:04 EDT 2014
Begin Jlint Analyzing: tools/java_Analysis/javaOutput/81e1edc3-a624-4fb2-a087-836f08dd17a3%apk Sat May 24 19:52:04 EDT 2014
JLint Count: 618 in tools/java_Analysis/javaOutput/81e1edc3-a624-4fb2-a087-836f08dd17a3%apk tools/java_Analysis/javaOutput/81e1edc3-a624-4fb2-a087-836f08dd17a3%apk Sat May 24 19:53:17 EDT 2014
Begin Jlint Analyzing: tools/java_Analysis/javaOutput/b470f227-9070-4822-8948-08cc733095da%apk Sat May 24 19:53:17 EDT 2014
JLint Count: 68 in tools/java_Analysis/javaOutput/b470f227-9070-4822-8948-08cc733095da%apk tools/java_Analysis/javaOutput/b470f227-9070-4822-8948-08cc733095da%apk Sat May 24 19:53:21 EDT 2014
Begin Jlint Analyzing: tools/java_Analysis/javaOutput/e52f7e53-0113-4d4f-95c2-ae43774a0a32%apk Sat May 24 19:53:22 EDT 2014
JLint Count: 104 in tools/java_Analysis/javaOutput/e52f7e53-0113-4d4f-95c2-ae43774a0a32%apk tools/java_Analysis/javaOutput/e52f7e53-0113-4d4f-95c2-ae43774a0a32%apk Sat May 24 19:53:35 EDT 2014
Begin Jlint Analyzing: tools/java_Analysis/javaOutput/0e6c1740-1e33-4d46-9bfa-679f23a50867%apk Sat May 24 19:53:36 EDT 2014
JLint Count: 291 in tools/java_Analysis/javaOutput/0e6c1740-1e33-4d46-9bfa-679f23a50867%apk tools/java_Analysis/javaOutput/0e6c1740-1e33-4d46-9bfa-679f23a50867%apk Sat May 24 19:54:16 EDT 2014
Begin Jlint Analyzing: tools/java_Analysis/javaOutput/14a19fdb-c1d9-4214-a8c6-dad0eb059cb3%apk Sat May 24 19:54:16 EDT 2014
JLint Count: 506 in tools/java_Analysis/javaOutput/14a19fdb-c1d9-4214-a8c6-dad0eb059cb3%apk tools/java_Analysis/javaOutput/14a19fdb-c1d9-4214-a8c6-dad0eb059cb3%apk Sat May 24 19:55:12 EDT 2014
Begin Jlint Analyzing: tools/java_Analysis/javaOutput/186cc13b-f068-4fb2-96a8-f82dac2ad54e%apk Sat May 24 19:55:12 EDT 2014
JLint Count: 73 in tools/java_Analysis/javaOutput/186cc13b-f068-4fb2-96a8-f82dac2ad54e%apk tools/java_Analysis/javaOutput/186cc13b-f068-4fb2-96a8-f82dac2ad54e%apk Sat May 24 19:55:27 EDT 2014
Begin Jlint Analyzing: tools/java_Analysis/javaOutput/ca192933-e4c5-47b2-8fba-8d8efbb8647b%apk Sat May 24 19:55:27 EDT 2014
JLint Count: 958 in tools/java_Analysis/javaOutput/ca192933-e4c5-47b2-8fba-8d8efbb8647b%apk tools/java_Analysis/javaOutput/ca192933-e4c5-47b2-8fba-8d8efbb8647b%apk Sat May 24 19:57:10 EDT 2014
Begin Jlint Analyzing: tools/java_Analysis/javaOutput/e239d20d-f1b0-4ec6-b49a-abdbdfccad58%apk Sat May 24 19:57:10 EDT 2014
JLint Count: 579 in tools/java_Analysis/javaOutput/e239d20d-f1b0-4ec6-b49a-abdbdfccad58%apk tools/java_Analysis/javaOutput/e239d20d-f1b0-4ec6-b49a-abdbdfccad58%apk Sat May 24 19:57:37 EDT 2014
Begin Jlint Analyzing: tools/java_Analysis/javaOutput/facb3cf4-f5a7-4c3d-8a88-54900fbf4e7e%apk Sat May 24 19:57:37 EDT 2014
JLint Count: 1155 in tools/java_Analysis/javaOutput/facb3cf4-f5a7-4c3d-8a88-54900fbf4e7e%apk tools/java_Analysis/javaOutput/facb3cf4-f5a7-4c3d-8a88-54900fbf4e7e%apk Sat May 24 19:59:39 EDT 2014
Begin Jlint Analyzing: tools/java_Analysis/javaOutput/bd605ae7-6836-48b5-a851-334bc98f4c97%apk Sat May 24 19:59:39 EDT 2014
JLint Count: 718 in tools/java_Analysis/javaOutput/bd605ae7-6836-48b5-a851-334bc98f4c97%apk tools/java_Analysis/javaOutput/bd605ae7-6836-48b5-a851-334bc98f4c97%apk Sat May 24 20:01:00 EDT 2014
Begin Jlint Analyzing: tools/java_Analysis/javaOutput/e116d72e-7714-4105-8061-55d243599977%apk Sat May 24 20:01:00 EDT 2014
JLint Count: 57 in tools/java_Analysis/javaOutput/e116d72e-7714-4105-8061-55d243599977%apk tools/java_Analysis/javaOutput/e116d72e-7714-4105-8061-55d243599977%apk Sat May 24 20:01:06 EDT 2014
Begin Jlint Analyzing: tools/java_Analysis/javaOutput/fd6bd73f-8b06-40be-a35e-d1246f45a01d%apk Sat May 24 20:01:06 EDT 2014
JLint Count: 21 in tools/java_Analysis/javaOutput/fd6bd73f-8b06-40be-a35e-d1246f45a01d%apk tools/java_Analysis/javaOutput/fd6bd73f-8b06-40be-a35e-d1246f45a01d%apk Sat May 24 20:01:08 EDT 2014
Begin Jlint Analyzing: tools/java_Analysis/javaOutput/4b60aa6b-7ccd-4c9c-8d5b-c26507644764%apk Sat May 24 20:01:09 EDT 2014
JLint Count: 0 in tools/java_Analysis/javaOutput/4b60aa6b-7ccd-4c9c-8d5b-c26507644764%apk tools/java_Analysis/javaOutput/4b60aa6b-7ccd-4c9c-8d5b-c26507644764%apk Sat May 24 20:01:09 EDT 2014
Begin Jlint Analyzing: tools/java_Analysis/javaOutput/9d53a8ec-d010-49c4-8f14-8e355e71d3f8%apk Sat May 24 20:01:09 EDT 2014
JLint Count: 255 in tools/java_Analysis/javaOutput/9d53a8ec-d010-49c4-8f14-8e355e71d3f8%apk tools/java_Analysis/javaOutput/9d53a8ec-d010-49c4-8f14-8e355e71d3f8%apk Sat May 24 20:01:36 EDT 2014
Begin Jlint Analyzing: tools/java_Analysis/javaOutput/989c5308-86d2-44d9-aa14-8ce02db0f38a%apk Sat May 24 20:01:36 EDT 2014
JLint Count: 368 in tools/java_Analysis/javaOutput/989c5308-86d2-44d9-aa14-8ce02db0f38a%apk tools/java_Analysis/javaOutput/989c5308-86d2-44d9-aa14-8ce02db0f38a%apk Sat May 24 20:02:21 EDT 2014
Begin Jlint Analyzing: tools/java_Analysis/javaOutput/a59604f2-f744-4407-acf9-cd3f94817373%apk Sat May 24 20:02:22 EDT 2014
JLint Count: 98 in tools/java_Analysis/javaOutput/a59604f2-f744-4407-acf9-cd3f94817373%apk tools/java_Analysis/javaOutput/a59604f2-f744-4407-acf9-cd3f94817373%apk Sat May 24 20:02:33 EDT 2014
Begin Jlint Analyzing: tools/java_Analysis/javaOutput/892fb063-3260-4b08-a2c3-20aa0191e0e1%apk Sat May 24 20:02:34 EDT 2014
JLint Count: 519 in tools/java_Analysis/javaOutput/892fb063-3260-4b08-a2c3-20aa0191e0e1%apk tools/java_Analysis/javaOutput/892fb063-3260-4b08-a2c3-20aa0191e0e1%apk Sat May 24 20:03:29 EDT 2014
Begin Jlint Analyzing: tools/java_Analysis/javaOutput/4c5ee8a2-6096-4bbb-9be8-b7f346f66add%apk Sat May 24 20:03:29 EDT 2014
JLint Count: 289 in tools/java_Analysis/javaOutput/4c5ee8a2-6096-4bbb-9be8-b7f346f66add%apk tools/java_Analysis/javaOutput/4c5ee8a2-6096-4bbb-9be8-b7f346f66add%apk Sat May 24 20:04:31 EDT 2014
Begin Jlint Analyzing: tools/java_Analysis/javaOutput/2b51b9d2-5860-4cf4-92c1-5e24a832df71%apk Sat May 24 20:04:31 EDT 2014
JLint Count: 347 in tools/java_Analysis/javaOutput/2b51b9d2-5860-4cf4-92c1-5e24a832df71%apk tools/java_Analysis/javaOutput/2b51b9d2-5860-4cf4-92c1-5e24a832df71%apk Sat May 24 20:05:09 EDT 2014
Begin Jlint Analyzing: tools/java_Analysis/javaOutput/bfb6b59f-2608-4783-9c15-855b1bb9920b%apk Sat May 24 20:05:09 EDT 2014
JLint Count: 405 in tools/java_Analysis/javaOutput/bfb6b59f-2608-4783-9c15-855b1bb9920b%apk tools/java_Analysis/javaOutput/bfb6b59f-2608-4783-9c15-855b1bb9920b%apk Sat May 24 20:05:49 EDT 2014
Begin Jlint Analyzing: tools/java_Analysis/javaOutput/78c4f311-6a3f-47bd-a952-32e1d996e8ec%apk Sat May 24 20:05:49 EDT 2014
JLint Count: 288 in tools/java_Analysis/javaOutput/78c4f311-6a3f-47bd-a952-32e1d996e8ec%apk tools/java_Analysis/javaOutput/78c4f311-6a3f-47bd-a952-32e1d996e8ec%apk Sat May 24 20:06:33 EDT 2014
Begin Jlint Analyzing: tools/java_Analysis/javaOutput/14f8d6dc-ae35-47da-aa6d-71fc257871ac%apk Sat May 24 20:06:33 EDT 2014
JLint Count: 176 in tools/java_Analysis/javaOutput/14f8d6dc-ae35-47da-aa6d-71fc257871ac%apk tools/java_Analysis/javaOutput/14f8d6dc-ae35-47da-aa6d-71fc257871ac%apk Sat May 24 20:06:48 EDT 2014
Begin Jlint Analyzing: tools/java_Analysis/javaOutput/5e867fc9-ff57-4036-b334-8b2006d75c10%apk Sat May 24 20:06:49 EDT 2014
JLint Count: 718 in tools/java_Analysis/javaOutput/5e867fc9-ff57-4036-b334-8b2006d75c10%apk tools/java_Analysis/javaOutput/5e867fc9-ff57-4036-b334-8b2006d75c10%apk Sat May 24 20:07:50 EDT 2014
Begin Jlint Analyzing: tools/java_Analysis/javaOutput/c316ff5d-4c2f-498c-958b-dbd3465852ac%apk Sat May 24 20:07:50 EDT 2014
JLint Count: 877 in tools/java_Analysis/javaOutput/c316ff5d-4c2f-498c-958b-dbd3465852ac%apk tools/java_Analysis/javaOutput/c316ff5d-4c2f-498c-958b-dbd3465852ac%apk Sat May 24 20:09:40 EDT 2014
Begin Jlint Analyzing: tools/java_Analysis/javaOutput/0a6081b6-ce1b-4d57-96fd-562c8356b34e%apk Sat May 24 20:09:40 EDT 2014
JLint Count: 544 in tools/java_Analysis/javaOutput/0a6081b6-ce1b-4d57-96fd-562c8356b34e%apk tools/java_Analysis/javaOutput/0a6081b6-ce1b-4d57-96fd-562c8356b34e%apk Sat May 24 20:10:41 EDT 2014
Begin Jlint Analyzing: tools/java_Analysis/javaOutput/8d17044e-a2db-4608-888b-c100569e1d22%apk Sat May 24 20:10:41 EDT 2014
JLint Count: 608 in tools/java_Analysis/javaOutput/8d17044e-a2db-4608-888b-c100569e1d22%apk tools/java_Analysis/javaOutput/8d17044e-a2db-4608-888b-c100569e1d22%apk Sat May 24 20:11:36 EDT 2014
Begin Jlint Analyzing: tools/java_Analysis/javaOutput/31a3fa63-403a-41f8-9539-62fed9d90713%apk Sat May 24 20:11:36 EDT 2014
JLint Count: 171 in tools/java_Analysis/javaOutput/31a3fa63-403a-41f8-9539-62fed9d90713%apk tools/java_Analysis/javaOutput/31a3fa63-403a-41f8-9539-62fed9d90713%apk Sat May 24 20:11:52 EDT 2014
Begin Jlint Analyzing: tools/java_Analysis/javaOutput/864ea1f1-4da0-4e0e-8de7-c6ab338fed93%apk Sat May 24 20:11:52 EDT 2014
JLint Count: 850 in tools/java_Analysis/javaOutput/864ea1f1-4da0-4e0e-8de7-c6ab338fed93%apk tools/java_Analysis/javaOutput/864ea1f1-4da0-4e0e-8de7-c6ab338fed93%apk Sat May 24 20:13:08 EDT 2014
Begin Jlint Analyzing: tools/java_Analysis/javaOutput/0889e5f5-4f25-4fd0-9f9f-5b027fc49234%apk Sat May 24 20:13:08 EDT 2014
JLint Count: 45 in tools/java_Analysis/javaOutput/0889e5f5-4f25-4fd0-9f9f-5b027fc49234%apk tools/java_Analysis/javaOutput/0889e5f5-4f25-4fd0-9f9f-5b027fc49234%apk Sat May 24 20:13:12 EDT 2014
Begin Jlint Analyzing: tools/java_Analysis/javaOutput/c5d0950e-1f7d-4c49-bb01-b7f870dd883a%apk Sat May 24 20:13:12 EDT 2014
JLint Count: 876 in tools/java_Analysis/javaOutput/c5d0950e-1f7d-4c49-bb01-b7f870dd883a%apk tools/java_Analysis/javaOutput/c5d0950e-1f7d-4c49-bb01-b7f870dd883a%apk Sat May 24 20:15:02 EDT 2014
Begin Jlint Analyzing: tools/java_Analysis/javaOutput/efdbae7b-bf9c-4728-b048-56e847f7d0b9%apk Sat May 24 20:15:02 EDT 2014
JLint Count: 118 in tools/java_Analysis/javaOutput/efdbae7b-bf9c-4728-b048-56e847f7d0b9%apk tools/java_Analysis/javaOutput/efdbae7b-bf9c-4728-b048-56e847f7d0b9%apk Sat May 24 20:15:16 EDT 2014
Begin Jlint Analyzing: tools/java_Analysis/javaOutput/52d94fd6-ee29-4a7e-a19b-9d2ef49426a8%apk Sat May 24 20:15:16 EDT 2014
JLint Count: 604 in tools/java_Analysis/javaOutput/52d94fd6-ee29-4a7e-a19b-9d2ef49426a8%apk tools/java_Analysis/javaOutput/52d94fd6-ee29-4a7e-a19b-9d2ef49426a8%apk Sat May 24 20:16:48 EDT 2014
Begin Jlint Analyzing: tools/java_Analysis/javaOutput/125ddbec-56de-4795-83f1-3205f058a295%apk Sat May 24 20:16:48 EDT 2014
JLint Count: 57 in tools/java_Analysis/javaOutput/125ddbec-56de-4795-83f1-3205f058a295%apk tools/java_Analysis/javaOutput/125ddbec-56de-4795-83f1-3205f058a295%apk Sat May 24 20:16:50 EDT 2014
Begin Jlint Analyzing: tools/java_Analysis/javaOutput/6bd52b5a-9be6-4f8d-8b10-913bbdf018fc%apk Sat May 24 20:16:50 EDT 2014
JLint Count: 45 in tools/java_Analysis/javaOutput/6bd52b5a-9be6-4f8d-8b10-913bbdf018fc%apk tools/java_Analysis/javaOutput/6bd52b5a-9be6-4f8d-8b10-913bbdf018fc%apk Sat May 24 20:16:54 EDT 2014
Begin Jlint Analyzing: tools/java_Analysis/javaOutput/900e5fc7-6f5e-48e3-8bfc-160a200f2a22%apk Sat May 24 20:16:55 EDT 2014
JLint Count: 1630 in tools/java_Analysis/javaOutput/900e5fc7-6f5e-48e3-8bfc-160a200f2a22%apk tools/java_Analysis/javaOutput/900e5fc7-6f5e-48e3-8bfc-160a200f2a22%apk Sat May 24 20:18:37 EDT 2014
Begin Jlint Analyzing: tools/java_Analysis/javaOutput/ddc7e3ed-43ae-4e9b-bc1d-c4f1e348aea7%apk Sat May 24 20:18:37 EDT 2014
JLint Count: 377 in tools/java_Analysis/javaOutput/ddc7e3ed-43ae-4e9b-bc1d-c4f1e348aea7%apk tools/java_Analysis/javaOutput/ddc7e3ed-43ae-4e9b-bc1d-c4f1e348aea7%apk Sat May 24 20:19:31 EDT 2014
Begin Jlint Analyzing: tools/java_Analysis/javaOutput/5ce30697-8430-4b75-a65c-1abee1a9ecba%apk Sat May 24 20:19:31 EDT 2014
JLint Count: 398 in tools/java_Analysis/javaOutput/5ce30697-8430-4b75-a65c-1abee1a9ecba%apk tools/java_Analysis/javaOutput/5ce30697-8430-4b75-a65c-1abee1a9ecba%apk Sat May 24 20:20:01 EDT 2014
Begin Jlint Analyzing: tools/java_Analysis/javaOutput/5a980a14-e971-4bf4-81e3-c338ac46dea0%apk Sat May 24 20:20:01 EDT 2014
JLint Count: 291 in tools/java_Analysis/javaOutput/5a980a14-e971-4bf4-81e3-c338ac46dea0%apk tools/java_Analysis/javaOutput/5a980a14-e971-4bf4-81e3-c338ac46dea0%apk Sat May 24 20:20:41 EDT 2014
Begin Jlint Analyzing: tools/java_Analysis/javaOutput/9db49e52-2c1e-47a8-97f8-d918db724533%apk Sat May 24 20:20:41 EDT 2014
JLint Count: 58 in tools/java_Analysis/javaOutput/9db49e52-2c1e-47a8-97f8-d918db724533%apk tools/java_Analysis/javaOutput/9db49e52-2c1e-47a8-97f8-d918db724533%apk Sat May 24 20:20:47 EDT 2014
Begin Jlint Analyzing: tools/java_Analysis/javaOutput/3cd12876-6c49-4fd8-a95e-bbd5f04be57e%apk Sat May 24 20:20:47 EDT 2014
JLint Count: 46 in tools/java_Analysis/javaOutput/3cd12876-6c49-4fd8-a95e-bbd5f04be57e%apk tools/java_Analysis/javaOutput/3cd12876-6c49-4fd8-a95e-bbd5f04be57e%apk Sat May 24 20:20:51 EDT 2014
Begin Jlint Analyzing: tools/java_Analysis/javaOutput/2dfa374c-c457-4e68-8477-3279484419a9%apk Sat May 24 20:20:51 EDT 2014
JLint Count: 140 in tools/java_Analysis/javaOutput/2dfa374c-c457-4e68-8477-3279484419a9%apk tools/java_Analysis/javaOutput/2dfa374c-c457-4e68-8477-3279484419a9%apk Sat May 24 20:21:02 EDT 2014
Begin Jlint Analyzing: tools/java_Analysis/javaOutput/ede8bee1-a4ee-4a57-8b12-271c94d2ebca%apk Sat May 24 20:21:02 EDT 2014
JLint Count: 190 in tools/java_Analysis/javaOutput/ede8bee1-a4ee-4a57-8b12-271c94d2ebca%apk tools/java_Analysis/javaOutput/ede8bee1-a4ee-4a57-8b12-271c94d2ebca%apk Sat May 24 20:21:23 EDT 2014
Begin Jlint Analyzing: tools/java_Analysis/javaOutput/9606f31e-8e94-49ea-94a4-4589c6baf795%apk Sat May 24 20:21:23 EDT 2014
JLint Count: 192 in tools/java_Analysis/javaOutput/9606f31e-8e94-49ea-94a4-4589c6baf795%apk tools/java_Analysis/javaOutput/9606f31e-8e94-49ea-94a4-4589c6baf795%apk Sat May 24 20:21:52 EDT 2014
Begin Jlint Analyzing: tools/java_Analysis/javaOutput/f46c36bf-857a-4ec4-90f9-d69dc5449853%apk Sat May 24 20:21:52 EDT 2014
JLint Count: 23 in tools/java_Analysis/javaOutput/f46c36bf-857a-4ec4-90f9-d69dc5449853%apk tools/java_Analysis/javaOutput/f46c36bf-857a-4ec4-90f9-d69dc5449853%apk Sat May 24 20:21:56 EDT 2014
Begin Jlint Analyzing: tools/java_Analysis/javaOutput/35d4803b-500c-4237-bab2-234960bec2be%apk Sat May 24 20:21:56 EDT 2014
JLint Count: 731 in tools/java_Analysis/javaOutput/35d4803b-500c-4237-bab2-234960bec2be%apk tools/java_Analysis/javaOutput/35d4803b-500c-4237-bab2-234960bec2be%apk Sat May 24 20:23:06 EDT 2014
Begin Jlint Analyzing: tools/java_Analysis/javaOutput/1d10b2c6-ecce-473a-abd6-fce4d44bf679%apk Sat May 24 20:23:06 EDT 2014
JLint Count: 141 in tools/java_Analysis/javaOutput/1d10b2c6-ecce-473a-abd6-fce4d44bf679%apk tools/java_Analysis/javaOutput/1d10b2c6-ecce-473a-abd6-fce4d44bf679%apk Sat May 24 20:23:24 EDT 2014
Begin Jlint Analyzing: tools/java_Analysis/javaOutput/0418c787-941a-4679-b068-3428914ca4de%apk Sat May 24 20:23:25 EDT 2014
JLint Count: 342 in tools/java_Analysis/javaOutput/0418c787-941a-4679-b068-3428914ca4de%apk tools/java_Analysis/javaOutput/0418c787-941a-4679-b068-3428914ca4de%apk Sat May 24 20:24:41 EDT 2014
Begin Jlint Analyzing: tools/java_Analysis/javaOutput/4e534167-ff0b-411d-b75f-b485c6322ae3%apk Sat May 24 20:24:41 EDT 2014
JLint Count: 77 in tools/java_Analysis/javaOutput/4e534167-ff0b-411d-b75f-b485c6322ae3%apk tools/java_Analysis/javaOutput/4e534167-ff0b-411d-b75f-b485c6322ae3%apk Sat May 24 20:24:50 EDT 2014
Begin Jlint Analyzing: tools/java_Analysis/javaOutput/34b3b724-344c-45a5-9fe7-969afcc5f3bc%apk Sat May 24 20:24:51 EDT 2014
JLint Count: 58 in tools/java_Analysis/javaOutput/34b3b724-344c-45a5-9fe7-969afcc5f3bc%apk tools/java_Analysis/javaOutput/34b3b724-344c-45a5-9fe7-969afcc5f3bc%apk Sat May 24 20:24:59 EDT 2014
Begin Jlint Analyzing: tools/java_Analysis/javaOutput/2e92a996-74ad-40d9-bd6d-217cbd9e8afc%apk Sat May 24 20:24:59 EDT 2014
JLint Count: 484 in tools/java_Analysis/javaOutput/2e92a996-74ad-40d9-bd6d-217cbd9e8afc%apk tools/java_Analysis/javaOutput/2e92a996-74ad-40d9-bd6d-217cbd9e8afc%apk Sat May 24 20:25:41 EDT 2014
Begin Jlint Analyzing: tools/java_Analysis/javaOutput/5f351783-c19e-4a31-9d5d-d2436cb34fea%apk Sat May 24 20:25:41 EDT 2014
JLint Count: 548 in tools/java_Analysis/javaOutput/5f351783-c19e-4a31-9d5d-d2436cb34fea%apk tools/java_Analysis/javaOutput/5f351783-c19e-4a31-9d5d-d2436cb34fea%apk Sat May 24 20:26:16 EDT 2014
Begin Jlint Analyzing: tools/java_Analysis/javaOutput/f9261c51-290a-4bb3-942d-44290d8ad51d%apk Sat May 24 20:26:16 EDT 2014
JLint Count: 202 in tools/java_Analysis/javaOutput/f9261c51-290a-4bb3-942d-44290d8ad51d%apk tools/java_Analysis/javaOutput/f9261c51-290a-4bb3-942d-44290d8ad51d%apk Sat May 24 20:26:44 EDT 2014
Begin Jlint Analyzing: tools/java_Analysis/javaOutput/ebfa48cd-a927-404d-a1ba-5aa23097fd10%apk Sat May 24 20:26:44 EDT 2014
JLint Count: 150 in tools/java_Analysis/javaOutput/ebfa48cd-a927-404d-a1ba-5aa23097fd10%apk tools/java_Analysis/javaOutput/ebfa48cd-a927-404d-a1ba-5aa23097fd10%apk Sat May 24 20:27:08 EDT 2014
Begin Jlint Analyzing: tools/java_Analysis/javaOutput/75eb1366-6706-42e3-bd35-14c8b3313f8d%apk Sat May 24 20:27:08 EDT 2014
JLint Count: 976 in tools/java_Analysis/javaOutput/75eb1366-6706-42e3-bd35-14c8b3313f8d%apk tools/java_Analysis/javaOutput/75eb1366-6706-42e3-bd35-14c8b3313f8d%apk Sat May 24 20:29:23 EDT 2014
Begin Jlint Analyzing: tools/java_Analysis/javaOutput/3c914cda-3cea-4ff7-b36c-98f770832490%apk Sat May 24 20:29:24 EDT 2014
JLint Count: 176 in tools/java_Analysis/javaOutput/3c914cda-3cea-4ff7-b36c-98f770832490%apk tools/java_Analysis/javaOutput/3c914cda-3cea-4ff7-b36c-98f770832490%apk Sat May 24 20:29:37 EDT 2014
Begin Jlint Analyzing: tools/java_Analysis/javaOutput/32bd8697-26c7-4bd3-ab9e-ef9c0ab915a1%apk Sat May 24 20:29:37 EDT 2014
JLint Count: 201 in tools/java_Analysis/javaOutput/32bd8697-26c7-4bd3-ab9e-ef9c0ab915a1%apk tools/java_Analysis/javaOutput/32bd8697-26c7-4bd3-ab9e-ef9c0ab915a1%apk Sat May 24 20:29:59 EDT 2014
Begin Jlint Analyzing: tools/java_Analysis/javaOutput/aa6cee4d-694f-4b0f-a1c0-53b023c5b796%apk Sat May 24 20:29:59 EDT 2014
JLint Count: 401 in tools/java_Analysis/javaOutput/aa6cee4d-694f-4b0f-a1c0-53b023c5b796%apk tools/java_Analysis/javaOutput/aa6cee4d-694f-4b0f-a1c0-53b023c5b796%apk Sat May 24 20:30:42 EDT 2014
Begin Jlint Analyzing: tools/java_Analysis/javaOutput/03662623-4184-496f-87b7-5eae24237849%apk Sat May 24 20:30:42 EDT 2014
JLint Count: 1228 in tools/java_Analysis/javaOutput/03662623-4184-496f-87b7-5eae24237849%apk tools/java_Analysis/javaOutput/03662623-4184-496f-87b7-5eae24237849%apk Sat May 24 20:33:31 EDT 2014
Begin Jlint Analyzing: tools/java_Analysis/javaOutput/38e30ae9-5419-49d8-81d4-e607e1393505%apk Sat May 24 20:33:31 EDT 2014
JLint Count: 132 in tools/java_Analysis/javaOutput/38e30ae9-5419-49d8-81d4-e607e1393505%apk tools/java_Analysis/javaOutput/38e30ae9-5419-49d8-81d4-e607e1393505%apk Sat May 24 20:33:49 EDT 2014
Begin Jlint Analyzing: tools/java_Analysis/javaOutput/29ce3e6c-b2f0-4f70-991d-63f84543a57d%apk Sat May 24 20:33:49 EDT 2014
JLint Count: 53 in tools/java_Analysis/javaOutput/29ce3e6c-b2f0-4f70-991d-63f84543a57d%apk tools/java_Analysis/javaOutput/29ce3e6c-b2f0-4f70-991d-63f84543a57d%apk Sat May 24 20:33:58 EDT 2014
Begin Jlint Analyzing: tools/java_Analysis/javaOutput/c0f93425-7c78-47ed-89f1-67fbf54bf5c5%apk Sat May 24 20:33:58 EDT 2014
JLint Count: 186 in tools/java_Analysis/javaOutput/c0f93425-7c78-47ed-89f1-67fbf54bf5c5%apk tools/java_Analysis/javaOutput/c0f93425-7c78-47ed-89f1-67fbf54bf5c5%apk Sat May 24 20:34:19 EDT 2014
Begin Jlint Analyzing: tools/java_Analysis/javaOutput/7187a05c-d338-4d83-9fe1-8f1d2a03ff88%apk Sat May 24 20:34:19 EDT 2014
JLint Count: 138 in tools/java_Analysis/javaOutput/7187a05c-d338-4d83-9fe1-8f1d2a03ff88%apk tools/java_Analysis/javaOutput/7187a05c-d338-4d83-9fe1-8f1d2a03ff88%apk Sat May 24 20:34:39 EDT 2014
Begin Jlint Analyzing: tools/java_Analysis/javaOutput/39524930-6486-4d3a-bafe-cb0ab804c034%apk Sat May 24 20:34:40 EDT 2014
JLint Count: 1148 in tools/java_Analysis/javaOutput/39524930-6486-4d3a-bafe-cb0ab804c034%apk tools/java_Analysis/javaOutput/39524930-6486-4d3a-bafe-cb0ab804c034%apk Sat May 24 20:35:44 EDT 2014
Begin Jlint Analyzing: tools/java_Analysis/javaOutput/000a6f04-f3cb-4568-96fe-18082cfc4616%apk Sat May 24 20:35:44 EDT 2014
JLint Count: 176 in tools/java_Analysis/javaOutput/000a6f04-f3cb-4568-96fe-18082cfc4616%apk tools/java_Analysis/javaOutput/000a6f04-f3cb-4568-96fe-18082cfc4616%apk Sat May 24 20:35:57 EDT 2014
Begin Jlint Analyzing: tools/java_Analysis/javaOutput/38509aea-00ce-4669-b5ef-a2dd58de0b9e%apk Sat May 24 20:35:58 EDT 2014
JLint Count: 169 in tools/java_Analysis/javaOutput/38509aea-00ce-4669-b5ef-a2dd58de0b9e%apk tools/java_Analysis/javaOutput/38509aea-00ce-4669-b5ef-a2dd58de0b9e%apk Sat May 24 20:36:34 EDT 2014
Begin Jlint Analyzing: tools/java_Analysis/javaOutput/116923ec-28fb-44d8-939b-bfc452964dc1%apk Sat May 24 20:36:34 EDT 2014
JLint Count: 89 in tools/java_Analysis/javaOutput/116923ec-28fb-44d8-939b-bfc452964dc1%apk tools/java_Analysis/javaOutput/116923ec-28fb-44d8-939b-bfc452964dc1%apk Sat May 24 20:36:51 EDT 2014
Begin Jlint Analyzing: tools/java_Analysis/javaOutput/bb86691f-5dbf-4e07-872d-a7dc523e975e%apk Sat May 24 20:36:51 EDT 2014
JLint Count: 1630 in tools/java_Analysis/javaOutput/bb86691f-5dbf-4e07-872d-a7dc523e975e%apk tools/java_Analysis/javaOutput/bb86691f-5dbf-4e07-872d-a7dc523e975e%apk Sat May 24 20:40:35 EDT 2014
Begin Jlint Analyzing: tools/java_Analysis/javaOutput/2c9125d3-49a9-4f38-9a1a-ed2b6f496d38%apk Sat May 24 20:40:35 EDT 2014
JLint Count: 21 in tools/java_Analysis/javaOutput/2c9125d3-49a9-4f38-9a1a-ed2b6f496d38%apk tools/java_Analysis/javaOutput/2c9125d3-49a9-4f38-9a1a-ed2b6f496d38%apk Sat May 24 20:40:37 EDT 2014
Begin Jlint Analyzing: tools/java_Analysis/javaOutput/13f21e32-a8fb-45a2-8dd2-5a45fa81ff86%apk Sat May 24 20:40:37 EDT 2014
JLint Count: 509 in tools/java_Analysis/javaOutput/13f21e32-a8fb-45a2-8dd2-5a45fa81ff86%apk tools/java_Analysis/javaOutput/13f21e32-a8fb-45a2-8dd2-5a45fa81ff86%apk Sat May 24 20:41:28 EDT 2014
Begin Jlint Analyzing: tools/java_Analysis/javaOutput/6589e5f8-420d-408e-805b-0d8e7f1c5c3f%apk Sat May 24 20:41:28 EDT 2014
JLint Count: 48 in tools/java_Analysis/javaOutput/6589e5f8-420d-408e-805b-0d8e7f1c5c3f%apk tools/java_Analysis/javaOutput/6589e5f8-420d-408e-805b-0d8e7f1c5c3f%apk Sat May 24 20:41:38 EDT 2014
Begin Jlint Analyzing: tools/java_Analysis/javaOutput/78ff2227-2cb5-4ab3-9d5d-cb0928f02cbc%apk Sat May 24 20:41:38 EDT 2014
JLint Count: 630 in tools/java_Analysis/javaOutput/78ff2227-2cb5-4ab3-9d5d-cb0928f02cbc%apk tools/java_Analysis/javaOutput/78ff2227-2cb5-4ab3-9d5d-cb0928f02cbc%apk Sat May 24 20:42:54 EDT 2014
Begin Jlint Analyzing: tools/java_Analysis/javaOutput/5f0f1f13-ccf5-4147-906b-7944c7f7f3f2%apk Sat May 24 20:42:54 EDT 2014
JLint Count: 3 in tools/java_Analysis/javaOutput/5f0f1f13-ccf5-4147-906b-7944c7f7f3f2%apk tools/java_Analysis/javaOutput/5f0f1f13-ccf5-4147-906b-7944c7f7f3f2%apk Sat May 24 20:42:54 EDT 2014
Begin Jlint Analyzing: tools/java_Analysis/javaOutput/b753d597-f6a5-4741-8afd-9fdc0742592a%apk Sat May 24 20:42:54 EDT 2014
JLint Count: 12 in tools/java_Analysis/javaOutput/b753d597-f6a5-4741-8afd-9fdc0742592a%apk tools/java_Analysis/javaOutput/b753d597-f6a5-4741-8afd-9fdc0742592a%apk Sat May 24 20:42:56 EDT 2014
Begin Jlint Analyzing: tools/java_Analysis/javaOutput/3a7a1c12-cbd4-4eed-916a-47a000fad65e%apk Sat May 24 20:42:56 EDT 2014
JLint Count: 262 in tools/java_Analysis/javaOutput/3a7a1c12-cbd4-4eed-916a-47a000fad65e%apk tools/java_Analysis/javaOutput/3a7a1c12-cbd4-4eed-916a-47a000fad65e%apk Sat May 24 20:43:21 EDT 2014
Begin Jlint Analyzing: tools/java_Analysis/javaOutput/9581c8ce-6d69-45d4-86b8-a5f0c3dc6b8c%apk Sat May 24 20:43:21 EDT 2014
JLint Count: 76 in tools/java_Analysis/javaOutput/9581c8ce-6d69-45d4-86b8-a5f0c3dc6b8c%apk tools/java_Analysis/javaOutput/9581c8ce-6d69-45d4-86b8-a5f0c3dc6b8c%apk Sat May 24 20:43:34 EDT 2014
Begin Jlint Analyzing: tools/java_Analysis/javaOutput/270adad7-f1d3-4c82-9cc1-5f51bbd5eabc%apk Sat May 24 20:43:34 EDT 2014
JLint Count: 821 in tools/java_Analysis/javaOutput/270adad7-f1d3-4c82-9cc1-5f51bbd5eabc%apk tools/java_Analysis/javaOutput/270adad7-f1d3-4c82-9cc1-5f51bbd5eabc%apk Sat May 24 20:45:27 EDT 2014
Begin Jlint Analyzing: tools/java_Analysis/javaOutput/3109296c-e211-410e-ac99-c44ce7c17435%apk Sat May 24 20:45:27 EDT 2014
JLint Count: 172 in tools/java_Analysis/javaOutput/3109296c-e211-410e-ac99-c44ce7c17435%apk tools/java_Analysis/javaOutput/3109296c-e211-410e-ac99-c44ce7c17435%apk Sat May 24 20:45:49 EDT 2014
Begin Jlint Analyzing: tools/java_Analysis/javaOutput/2b30d631-d835-496e-8fc4-2fcca5a2fe8a%apk Sat May 24 20:45:49 EDT 2014
JLint Count: 1 in tools/java_Analysis/javaOutput/2b30d631-d835-496e-8fc4-2fcca5a2fe8a%apk tools/java_Analysis/javaOutput/2b30d631-d835-496e-8fc4-2fcca5a2fe8a%apk Sat May 24 20:45:49 EDT 2014
Begin Jlint Analyzing: tools/java_Analysis/javaOutput/dd7efffb-41fd-4531-8699-275d2dd42d53%apk Sat May 24 20:45:49 EDT 2014
JLint Count: 729 in tools/java_Analysis/javaOutput/dd7efffb-41fd-4531-8699-275d2dd42d53%apk tools/java_Analysis/javaOutput/dd7efffb-41fd-4531-8699-275d2dd42d53%apk Sat May 24 20:47:09 EDT 2014
Begin Jlint Analyzing: tools/java_Analysis/javaOutput/cce57a7c-8ff6-426d-ad44-9854f53cbc21%apk Sat May 24 20:47:09 EDT 2014
JLint Count: 544 in tools/java_Analysis/javaOutput/cce57a7c-8ff6-426d-ad44-9854f53cbc21%apk tools/java_Analysis/javaOutput/cce57a7c-8ff6-426d-ad44-9854f53cbc21%apk Sat May 24 20:48:26 EDT 2014
Begin Jlint Analyzing: tools/java_Analysis/javaOutput/f56b9b19-ae08-4106-b440-28fa5a6698db%apk Sat May 24 20:48:26 EDT 2014
JLint Count: 636 in tools/java_Analysis/javaOutput/f56b9b19-ae08-4106-b440-28fa5a6698db%apk tools/java_Analysis/javaOutput/f56b9b19-ae08-4106-b440-28fa5a6698db%apk Sat May 24 20:49:34 EDT 2014
Begin Jlint Analyzing: tools/java_Analysis/javaOutput/d8361a9e-8a4c-403f-90c1-59a4893bda58%apk Sat May 24 20:49:34 EDT 2014
JLint Count: 161 in tools/java_Analysis/javaOutput/d8361a9e-8a4c-403f-90c1-59a4893bda58%apk tools/java_Analysis/javaOutput/d8361a9e-8a4c-403f-90c1-59a4893bda58%apk Sat May 24 20:49:48 EDT 2014
Begin Jlint Analyzing: tools/java_Analysis/javaOutput/f6ce0b80-b436-4cf0-a4cd-46ac8cac7d71%apk Sat May 24 20:49:49 EDT 2014
JLint Count: 389 in tools/java_Analysis/javaOutput/f6ce0b80-b436-4cf0-a4cd-46ac8cac7d71%apk tools/java_Analysis/javaOutput/f6ce0b80-b436-4cf0-a4cd-46ac8cac7d71%apk Sat May 24 20:50:26 EDT 2014
Begin Jlint Analyzing: tools/java_Analysis/javaOutput/f47b4333-e047-437a-a27d-77899d56a844%apk Sat May 24 20:50:26 EDT 2014
JLint Count: 435 in tools/java_Analysis/javaOutput/f47b4333-e047-437a-a27d-77899d56a844%apk tools/java_Analysis/javaOutput/f47b4333-e047-437a-a27d-77899d56a844%apk Sat May 24 20:51:59 EDT 2014
Begin Jlint Analyzing: tools/java_Analysis/javaOutput/1001a3cb-8521-428f-b41f-17818967cf7a%apk Sat May 24 20:51:59 EDT 2014
JLint Count: 4 in tools/java_Analysis/javaOutput/1001a3cb-8521-428f-b41f-17818967cf7a%apk tools/java_Analysis/javaOutput/1001a3cb-8521-428f-b41f-17818967cf7a%apk Sat May 24 20:52:02 EDT 2014
Begin Jlint Analyzing: tools/java_Analysis/javaOutput/250cdd6e-c561-402d-a898-6913fb586487%apk Sat May 24 20:52:02 EDT 2014
JLint Count: 123 in tools/java_Analysis/javaOutput/250cdd6e-c561-402d-a898-6913fb586487%apk tools/java_Analysis/javaOutput/250cdd6e-c561-402d-a898-6913fb586487%apk Sat May 24 20:52:15 EDT 2014
Begin Jlint Analyzing: tools/java_Analysis/javaOutput/3ab8050d-4457-4f18-a74c-782075885a04%apk Sat May 24 20:52:15 EDT 2014
JLint Count: 0 in tools/java_Analysis/javaOutput/3ab8050d-4457-4f18-a74c-782075885a04%apk tools/java_Analysis/javaOutput/3ab8050d-4457-4f18-a74c-782075885a04%apk Sat May 24 20:52:16 EDT 2014
Begin Jlint Analyzing: tools/java_Analysis/javaOutput/673f2577-eb2d-4816-9f68-76e429b1f223%apk Sat May 24 20:52:16 EDT 2014
JLint Count: 33 in tools/java_Analysis/javaOutput/673f2577-eb2d-4816-9f68-76e429b1f223%apk tools/java_Analysis/javaOutput/673f2577-eb2d-4816-9f68-76e429b1f223%apk Sat May 24 20:52:19 EDT 2014
Begin Jlint Analyzing: tools/java_Analysis/javaOutput/8f846a32-3ddc-4367-93c8-4aa4df9dcd07%apk Sat May 24 20:52:19 EDT 2014
JLint Count: 44 in tools/java_Analysis/javaOutput/8f846a32-3ddc-4367-93c8-4aa4df9dcd07%apk tools/java_Analysis/javaOutput/8f846a32-3ddc-4367-93c8-4aa4df9dcd07%apk Sat May 24 20:52:25 EDT 2014
Begin Jlint Analyzing: tools/java_Analysis/javaOutput/0394bd7e-ec3c-450d-a0f6-a1a9707677fa%apk Sat May 24 20:52:25 EDT 2014
JLint Count: 372 in tools/java_Analysis/javaOutput/0394bd7e-ec3c-450d-a0f6-a1a9707677fa%apk tools/java_Analysis/javaOutput/0394bd7e-ec3c-450d-a0f6-a1a9707677fa%apk Sat May 24 20:53:15 EDT 2014
End Jlint Analyzing: tools/java_Analysis/javaOutput/0394bd7e-ec3c-450d-a0f6-a1a9707677fa%apk Sat May 24 20:53:16 EDT 2014
JLint Total Running Time 66 minutes and 23 seconds.
Jlint End: Sat May 24 20:53:16 EDT 2014
