Clean ../apkOutput/Pinterest_1.0.3_output
./stowaway.sh: line 40: unzip: command not found
I/O error: ../apkOutput/Pinterest_1.0.3_output/unzip/classes.dex (No such file or directory)
java.io.FileNotFoundException: ../apkOutput/Pinterest_1.0.3_output/unzip/classes.dex (No such file or directory)
	at java.io.RandomAccessFile.open(Native Method)
	at java.io.RandomAccessFile.<init>(RandomAccessFile.java:241)
	at java.io.RandomAccessFile.<init>(RandomAccessFile.java:122)
	at hu.uw.pallergabor.dedexer.Dedexer.run(Dedexer.java:59)
	at hu.uw.pallergabor.dedexer.Dedexer.main(Dedexer.java:14)
Getting the XML files
I: Copying raw classes.dex file...
I: Loading resource table...
W: Config flags size > 32. Exceeding bytes: -1FFF0000.
W: Invalid config flags detected. Dropping resources: bool-v13-ERR0
W: Config flags size > 32. Exceeding bytes: 68010000.
W: Invalid config flags detected. Dropping resources: integer-v13-ERR1
W: Config flags size > 32. Exceeding bytes: -BFF0000.
W: Invalid config flags detected. Dropping resources: integer-v13-ERR2
W: Config flags size > 32. Exceeding bytes: 58020000.
W: Invalid config flags detected. Dropping resources: integer-v13-ERR3
I: Loaded.
I: Loading resource table from file: /home/notroot/apktool/framework/1.apk
I: Loaded.
I: Decoding file-resources...
I: Decoding values*/* XMLs...
I: Done.
I: Copying assets and libs...
The application is overprivileged.
################################################################
Clean ../apkOutput/textgram_output
./stowaway.sh: line 40: unzip: command not found
I/O error: ../apkOutput/textgram_output/unzip/classes.dex (No such file or directory)
java.io.FileNotFoundException: ../apkOutput/textgram_output/unzip/classes.dex (No such file or directory)
	at java.io.RandomAccessFile.open(Native Method)
	at java.io.RandomAccessFile.<init>(RandomAccessFile.java:241)
	at java.io.RandomAccessFile.<init>(RandomAccessFile.java:122)
	at hu.uw.pallergabor.dedexer.Dedexer.run(Dedexer.java:59)
	at hu.uw.pallergabor.dedexer.Dedexer.main(Dedexer.java:14)
Getting the XML files
I: Copying raw classes.dex file...
I: Loading resource table...
W: Config flags size > 32. Exceeding bytes: -1FFF0000.
W: Invalid config flags detected. Dropping resources: bool-v13-ERR0
W: Config flags size > 32. Exceeding bytes: -2FFE0000.
W: Invalid config flags detected. Dropping resources: bool-v13-ERR1
W: Config flags size > 32. Exceeding bytes: 58020000.
W: Invalid config flags detected. Dropping resources: dimen-v13-ERR2
W: Config flags size > 32. Exceeding bytes: 68010000.
W: Invalid config flags detected. Dropping resources: integer-v13-ERR3
W: Config flags size > 32. Exceeding bytes: -BFF0000.
W: Invalid config flags detected. Dropping resources: integer-v13-ERR4
W: Config flags size > 32. Exceeding bytes: 58020000.
W: Invalid config flags detected. Dropping resources: integer-v13-ERR5
I: Loaded.
I: Loading resource table from file: /home/notroot/apktool/framework/1.apk
I: Loaded.
I: Decoding file-resources...
W: Cant find 9patch chunk in file: "drawable/seekbar_progress.9.png". Renaming it to *.png.
I: Decoding values*/* XMLs...
I: Done.
I: Copying assets and libs...
The application is overprivileged.
################################################################
