Stowaway Start: Mon Jun 2 14:37:58 EDT 2014
Begin analyzing:  48e0c00f-24b7-42e2-b54c-85128c49a665 Mon Jun 2 14:37:58 EDT 2014
Begin analyzing:  65cf0bbd-0eec-4f80-888b-b182e66e66c6 Mon Jun 2 14:41:23 EDT 2014
Begin analyzing:  9b12449d-bfaa-492d-aac6-b6f5c838283b Mon Jun 2 14:41:29 EDT 2014
Begin analyzing:  5ef06848-b2ed-4f15-a783-d7f374b15447 Mon Jun 2 14:41:44 EDT 2014
Begin analyzing:  7bfbfd02-0116-40c6-9f0a-533fd5aa5a59 Mon Jun 2 14:42:39 EDT 2014
Begin analyzing:  15dda46a-6a39-4e0b-af11-33341a012ce9 Mon Jun 2 14:43:01 EDT 2014
Begin analyzing:  998ef9b7-c6c2-4a3f-922c-9f0ffc59e493 Mon Jun 2 14:45:08 EDT 2014
Begin analyzing:  9e0d496c-3779-406e-8453-95415590a9a1 Mon Jun 2 14:48:52 EDT 2014
Begin analyzing:  25d1ab00-6155-4e0c-9bda-142291961103 Mon Jun 2 14:49:27 EDT 2014
Begin analyzing:  19829e54-e4f9-4a5d-8a35-8ef30e1bf5ac Mon Jun 2 14:49:50 EDT 2014
Begin analyzing:  97c450f1-b701-41e8-8243-a067a3330efa Mon Jun 2 14:51:11 EDT 2014
Begin analyzing:  f907cb30-4788-46d2-82e5-a7f72e2c2900 Mon Jun 2 14:51:36 EDT 2014
Begin analyzing:  8073ed11-38c9-48d1-bfb5-8f84972d7883 Mon Jun 2 14:51:42 EDT 2014
Begin analyzing:  c57b92a0-7765-4085-9fad-d69b220251a5 Mon Jun 2 14:52:20 EDT 2014
Begin analyzing:  9b64ff92-1626-46c3-9167-164668dea651 Mon Jun 2 14:55:26 EDT 2014
Begin analyzing:  cf7d937f-d377-4efe-bd5c-28a0105736b8 Mon Jun 2 14:57:13 EDT 2014
Begin analyzing:  88fa559e-005e-48f2-a269-dd68f2b0e509 Mon Jun 2 14:57:22 EDT 2014
Begin analyzing:  fb1ff0b0-e3bc-4838-9975-b366e0c2217e Mon Jun 2 14:58:59 EDT 2014
Begin analyzing:  1866d830-ebcf-431a-96e5-b0482ce593cf Mon Jun 2 14:59:34 EDT 2014
Begin analyzing:  27ce5e8d-e95d-48dd-bbf2-c9fc62e0cd83 Mon Jun 2 14:59:58 EDT 2014
Begin analyzing:  592f370f-b4da-4b81-b37d-0711bec72742 Mon Jun 2 15:01:11 EDT 2014
Begin analyzing:  5cd19815-8a84-4762-9735-3b8da0461034 Mon Jun 2 15:01:37 EDT 2014
Begin analyzing:  1bf1f1c0-40c6-4792-ab52-c54e805e0be4 Mon Jun 2 15:02:26 EDT 2014
Begin analyzing:  a575ff80-8c5c-407b-a060-6595407a1837 Mon Jun 2 15:03:18 EDT 2014
Begin analyzing:  8ae8f08f-c367-4eea-940b-bc2619d03029 Mon Jun 2 15:05:35 EDT 2014
Begin analyzing:  8c2c1d87-8c5b-4019-91d9-305b21db5117 Mon Jun 2 15:06:41 EDT 2014
Begin analyzing:  9863bbfb-0d52-45f4-8250-36b5cd5383f0 Mon Jun 2 15:07:52 EDT 2014
Begin analyzing:  e24fa6d5-cc4f-4e4c-96a4-e15b94839b0b Mon Jun 2 15:08:25 EDT 2014
Begin analyzing:  f5c176bb-7679-4c57-b27b-aad08c61c5aa Mon Jun 2 15:08:34 EDT 2014
Begin analyzing:  65df250e-8048-4418-8f91-86a9489477f5 Mon Jun 2 15:09:35 EDT 2014
Begin analyzing:  a704592a-7191-4831-ad47-bd70d724a341 Mon Jun 2 15:11:53 EDT 2014
Begin analyzing:  589d791b-1712-45b0-9565-207bda84dfbf Mon Jun 2 15:12:04 EDT 2014
Begin analyzing:  b57f83f4-31e1-4d85-a2d0-85432566e894 Mon Jun 2 15:12:20 EDT 2014
Begin analyzing:  bed4edf3-ca75-44a4-a2c9-df845fa7c882 Mon Jun 2 15:15:31 EDT 2014
Begin analyzing:  4cb0f2e8-d357-4a91-9856-52c02af49e8c Mon Jun 2 15:16:02 EDT 2014
Begin analyzing:  7f771a44-c838-4b50-b01d-506289c43f14 Mon Jun 2 15:18:43 EDT 2014
Begin analyzing:  a743c441-c5e3-44d8-bc3a-568c8dea5f05 Mon Jun 2 15:19:09 EDT 2014
Begin analyzing:  b5e761aa-a31b-49c9-b55a-1b0b04cc2bc4 Mon Jun 2 15:19:35 EDT 2014
Begin analyzing:  4e78a880-9bf6-42ce-8f1a-7e5d67993271 Mon Jun 2 15:19:57 EDT 2014
Begin analyzing:  454ee3cf-7d6e-4dc5-850f-9d65fc384d44 Mon Jun 2 15:20:23 EDT 2014
Begin analyzing:  5c3fdcc9-d748-4a43-b399-85d9f1ae0209 Mon Jun 2 15:20:51 EDT 2014
Begin analyzing:  87178c2e-4ab0-4583-9732-2288b6127166 Mon Jun 2 15:21:17 EDT 2014
Begin analyzing:  9189a67f-e470-4f2c-8bdd-eebd2d620d8f Mon Jun 2 15:21:35 EDT 2014
Begin analyzing:  1bf0c21c-26c9-49e5-97fe-442e31617f1e Mon Jun 2 15:21:42 EDT 2014
Begin analyzing:  df3a9ed9-b92e-42d8-985e-fbc223c67845 Mon Jun 2 15:22:03 EDT 2014
Begin analyzing:  4feb3afe-2652-4190-b051-b6f1e3b828c2 Mon Jun 2 15:22:09 EDT 2014
Begin analyzing:  d4b5d608-8b70-47e3-b34d-b2b474ebd8fe Mon Jun 2 15:22:41 EDT 2014
Begin analyzing:  6f2118f9-5bac-47c9-8740-6f8733859d8d Mon Jun 2 15:25:31 EDT 2014
Begin analyzing:  1bf64df4-fd29-4e60-9b59-3b0ed86472cf Mon Jun 2 15:26:09 EDT 2014
Begin analyzing:  0f8850e8-18dd-4a5c-92fe-e6a3efa824bf Mon Jun 2 15:36:47 EDT 2014
Begin analyzing:  b79ded56-1e0f-46a0-9b79-96211ce47ef8 Mon Jun 2 15:37:23 EDT 2014
Stowaway Total Running Time 59 minutes and 44 seconds.
Stowaway End: Mon Jun 2 15:37:42 EDT 2014
