Start ModifyAPKInformation: Wed Aug 27 01:02:54 EDT 2014
Start Java APK Parser: Wed Aug 27 01:09:36 EDT 2014
End Java APK Parser: Wed Aug 27 01:38:35 EDT 2014
toolsScript Total Running Time 12459 minutes and 3 seconds.
toolsScript End: Wed Aug 27 01:38:35 EDT 2014
Start Stowaway Analysis: Thu Sep 11 17:28:04 EDT 2014
Start Androguard: Thu Sep 11 17:28:04 EDT 2014
Start java Analysis: Thu Sep 11 17:28:04 EDT 2014
Start ModifyAPKInformation: Thu Sep 11 17:28:04 EDT 2014
Start Java APK Parser: Thu Sep 11 17:28:04 EDT 2014
End Java APK Parser: Thu Sep 11 17:28:06 EDT 2014
toolsScript Total Running Time 0 minutes and 2 seconds.
toolsScript End: Thu Sep 11 17:28:06 EDT 2014
Start Stowaway Analysis: Thu Sep 11 17:32:24 EDT 2014
Start Androguard: Thu Sep 11 17:32:24 EDT 2014
Start java Analysis: Thu Sep 11 17:32:24 EDT 2014
Start ModifyAPKInformation: Thu Sep 11 17:32:24 EDT 2014
Start Java APK Parser: Thu Sep 11 17:32:24 EDT 2014
End Java APK Parser: Thu Sep 11 17:32:26 EDT 2014
toolsScript Total Running Time 0 minutes and 2 seconds.
toolsScript End: Thu Sep 11 17:32:26 EDT 2014
Start Stowaway Analysis: Thu Sep 11 17:43:21 EDT 2014
Start Androguard: Thu Sep 11 17:43:21 EDT 2014
Start java Analysis: Thu Sep 11 17:43:21 EDT 2014
Start ModifyAPKInformation: Thu Sep 11 17:43:21 EDT 2014
Start Java APK Parser: Thu Sep 11 17:43:21 EDT 2014
Start Stowaway Analysis: Thu Sep 11 17:48:06 EDT 2014
Start Androguard: Thu Sep 11 17:48:06 EDT 2014
Start java Analysis: Thu Sep 11 17:48:06 EDT 2014
Start ModifyAPKInformation: Thu Sep 11 17:48:06 EDT 2014
Start Java APK Parser: Thu Sep 11 17:48:06 EDT 2014
End Java APK Parser: Thu Sep 11 17:48:08 EDT 2014
toolsScript Total Running Time 0 minutes and 2 seconds.
toolsScript End: Thu Sep 11 17:48:08 EDT 2014
Start Stowaway Analysis: Fri Sep 12 11:11:35 EDT 2014
Start Androguard: Fri Sep 12 11:11:35 EDT 2014
Start java Analysis: Fri Sep 12 11:11:35 EDT 2014
Start ModifyAPKInformation: Fri Sep 12 11:11:35 EDT 2014
Start Java APK Parser: Fri Sep 12 11:11:36 EDT 2014
End Java APK Parser: Fri Sep 12 11:37:06 EDT 2014
toolsScript Total Running Time 25 minutes and 31 seconds.
toolsScript End: Fri Sep 12 11:37:06 EDT 2014
Start Stowaway Analysis: Fri Sep 12 13:54:26 EDT 2014
Start Androguard: Fri Sep 12 13:54:26 EDT 2014
Start java Analysis: Fri Sep 12 13:54:26 EDT 2014
Start ModifyAPKInformation: Fri Sep 12 13:54:26 EDT 2014
Start Java APK Parser: Fri Sep 12 13:54:26 EDT 2014
Start Stowaway Analysis: Fri Sep 12 13:54:42 EDT 2014
Start Androguard: Fri Sep 12 13:54:42 EDT 2014
Start java Analysis: Fri Sep 12 13:54:42 EDT 2014
Start ModifyAPKInformation: Fri Sep 12 13:54:42 EDT 2014
Start Java APK Parser: Fri Sep 12 13:54:42 EDT 2014
Start Stowaway Analysis: Fri Sep 12 13:56:06 EDT 2014
Start Androguard: Fri Sep 12 13:56:06 EDT 2014
Start java Analysis: Fri Sep 12 13:56:06 EDT 2014
Start ModifyAPKInformation: Fri Sep 12 13:56:06 EDT 2014
Start Java APK Parser: Fri Sep 12 13:56:06 EDT 2014
