../../scraper/downloads/full/ffdab900-8d01-4c2e-b9d9-1304cf10a5f4.apk
	RedFlags
		DEX {'NATIVE': 0, 'DYNAMIC': 0, 'CRYPTO': 0, 'REFLECTION': 0}
		APK {'DEX': 0, 'EXECUTABLE': 0, 'ZIP': 0, 'SHELL_SCRIPT': 0, 'APK': 0, 'SHARED LIBRARIES': 0}
		PERM {'PRIVACY': 0, 'NORMAL': 0, 'MONEY': 0, 'INTERNET': 0, 'SMS': 0, 'DANGEROUS': 0, 'SIGNATUREORSYSTEM': 0, 'CALL': 0, 'SIGNATURE': 0, 'GPS': 0}
	FuzzyRisk
		VALUE 0.0
ffdab900-8d01-4c2e-b9d9-1304cf10a5f4.apk :
FILES: 
	assets/ShareIcon1.png Unknown 426fd446
	assets/add_credits.html Unknown 3a651633
	assets/add_quiz.html Unknown -12f13c6b
	assets/facebookIcon.png Unknown -47e30548
	assets/twitterIcon.png Unknown -461de6eb
	res/layout/main.xml Unknown 4a2b0efc
	AndroidManifest.xml Unknown 6e266c36
	resources.arsc Unknown 6fb28954
	res/drawable-hdpi/blue_hourglass.png Unknown 7c2475fd
	res/drawable-hdpi/icon.png Unknown -dd2c2c4
	res/drawable-ldpi/icon.png Unknown -dd2c2c4
	res/drawable-mdpi/icon.png Unknown -dd2c2c4
	classes.dex Unknown f09f5ad
	META-INF/MANIFEST.MF Unknown 6748624e
	META-INF/CERT.SF Unknown 2341ab27
	META-INF/CERT.RSA Unknown -22e1356f
PERMISSIONS: 
MAIN ACTIVITY:  com.ADD_Quiz.ADD_Quiz
ACTIVITIES: 
	com.ADD_Quiz.ADD_Quiz {'action': [u'android.intent.action.MAIN'], 'category': [u'android.intent.category.LAUNCHER']}
SERVICES: 
RECEIVERS: 
PROVIDERS:  []
