../../scraper/downloads/full/ffe47659-76b3-4fb3-9501-82f4aa1a3252.apk
	RedFlags
		DEX {'NATIVE': 1, 'DYNAMIC': 0, 'CRYPTO': 1, 'REFLECTION': 1}
		APK {'DEX': 0, 'EXECUTABLE': 0, 'ZIP': 0, 'SHELL_SCRIPT': 0, 'APK': 0, 'SHARED LIBRARIES': 0}
		PERM {'PRIVACY': 0, 'NORMAL': 0, 'MONEY': 0, 'INTERNET': 0, 'SMS': 0, 'DANGEROUS': 1, 'SIGNATUREORSYSTEM': 0, 'CALL': 0, 'SIGNATURE': 0, 'GPS': 0}
	FuzzyRisk
		VALUE 0.0
ffe47659-76b3-4fb3-9501-82f4aa1a3252.apk :
FILES: 
	META-INF/MANIFEST.MF Unknown 1e680f32
	META-INF/SETE-REL.SF Unknown -6dfc13e1
	META-INF/SETE-REL.RSA Unknown 21af6775
	assets/private.mp3 Unknown -b01aaf2
	assets/public.mp3 Unknown -4334f9e6
	res/drawable/icon.png Unknown -5de1cf38
	res/drawable/presplash.jpg Unknown -3185863f
	res/layout/chooser_item.xml Unknown -109e8516
	res/layout/main.xml Unknown -26844f17
	res/layout/project_chooser.xml Unknown -24288afa
	res/layout/project_empty.xml Unknown -7a8b6f2c
	AndroidManifest.xml Unknown -44740929
	resources.arsc Unknown 22c17e53
	classes.dex Unknown -5f81f002
	lib/armeabi/libapplication.so Unknown -1743bc5a
	lib/armeabi/libpython2.7.so Unknown -26634d3
	lib/armeabi/libsdl.so Unknown -31f72150
	lib/armeabi/libsdl_image.so Unknown -ad13123
	lib/armeabi/libsdl_main.so Unknown 174b5b5a
	lib/armeabi/libsdl_mixer.so Unknown 61265b6d
	lib/armeabi/libsdl_ttf.so Unknown 65c8959d
	lib/armeabi/libsqlite3.so Unknown 110a2486
PERMISSIONS: 
	android.permission.WRITE_EXTERNAL_STORAGE ['dangerous', 'modify/delete SD card contents', 'Allows an application to write to the SD card.']
MAIN ACTIVITY:  org.renpy.android.PythonActivity
ACTIVITIES: 
	org.renpy.android.PythonActivity {'action': [u'android.intent.action.MAIN'], 'category': [u'android.intent.category.LAUNCHER']}
SERVICES: 
RECEIVERS: 
PROVIDERS:  []
