../../scraper/downloads/full/ffe7458e-69a5-4746-818e-16317b4433f3.apk
	RedFlags
		DEX {'NATIVE': 0, 'DYNAMIC': 1, 'CRYPTO': 1, 'REFLECTION': 1}
		APK {'DEX': 0, 'EXECUTABLE': 0, 'ZIP': 0, 'SHELL_SCRIPT': 0, 'APK': 0, 'SHARED LIBRARIES': 0}
		PERM {'PRIVACY': 5, 'NORMAL': 1, 'MONEY': 1, 'INTERNET': 1, 'SMS': 1, 'DANGEROUS': 9, 'SIGNATUREORSYSTEM': 0, 'CALL': 0, 'SIGNATURE': 1, 'GPS': 2}
	FuzzyRisk
		VALUE 95.0
ffe7458e-69a5-4746-818e-16317b4433f3.apk :
FILES: 
	res/anim/fade_in.xml Unknown 455feff2
	res/anim/fade_out.xml Unknown -512f86bd
	res/anim/hide_fade_effect.xml Unknown -2435968b
	res/anim/hide_navigation_container.xml Unknown 381242a3
	res/anim/hide_tell_friends_dialog.xml Unknown -a7ff6c7
	res/anim/message_center_anim.xml Unknown -68db9f1d
	res/anim/message_left_item_anim.xml Unknown 2f154800
	res/anim/message_right_item_anim.xml Unknown -75dafcf
	res/anim/show_fade_effect.xml Unknown 3045ffc4
	res/anim/show_navigation_container.xml Unknown 2d9e4b3b
	res/anim/show_tell_friends_dialog.xml Unknown 662bab1c
	res/anim/tab_wave_anim.xml Unknown 16557673
	res/anim/tab_wave_scale.xml Unknown -4d2d19ea
	res/drawable/add_event_icon.png Unknown 16ff6192
	res/drawable/add_notepad_item_icon.png Unknown c891e5c
	res/drawable/add_photo_button.png Unknown -78f86465
	res/drawable/alarm_on.png Unknown -4f25bfe7
	res/drawable/alarm_red.png Unknown 1c228995
	res/drawable/around_us_arrow_icon.png Unknown -24eb6d62
	res/drawable/around_us_center_button.png Unknown 24d32560
	res/drawable/around_us_green_icon_bg.png Unknown 13888794
	res/drawable/around_us_icon_bg.png Unknown 13888794
	res/drawable/around_us_info_icon.png Unknown 3d9d64e5
	res/drawable/around_us_left_button.png Unknown 1570c251
	res/drawable/around_us_list_icon.png Unknown -74b5477
	res/drawable/around_us_map_icon.png Unknown -36e39f8d
	res/drawable/around_us_purple_icon_bg.png Unknown 13888794
	res/drawable/around_us_red_icon_bg.png Unknown 13888794
	res/drawable/around_us_right_button.png Unknown 39b409ac
	res/drawable/around_us_tab_active.png Unknown 235c7015
	res/drawable/around_us_tab_footer.png Unknown 1fd5c555
	res/drawable/around_us_tab_inactive.png Unknown 38cd6823
	res/drawable/arrow.png Unknown -885dc95
	res/drawable/arrow_left.png Unknown -63d198ba
	res/drawable/arrow_left_disabled.png Unknown -7296b126
	res/drawable/arrow_left_white.png Unknown -795c5557
	res/drawable/arrow_right.png Unknown 7e0f794e
	res/drawable/arrow_right_disabled.png Unknown -54b74b19
	res/drawable/arrow_vertical.png Unknown -64825a52
	res/drawable/arrowd.png Unknown 6919867f
	res/drawable/authorize_net_logo.png Unknown -2ef890a3
	res/drawable/background_transition.xml Unknown -57b706e
	res/drawable/badge.png Unknown -2e99a44
	res/drawable/barcode_button_icon.png Unknown -4a2403b3
	res/drawable/barcode_icon.png Unknown 3836ae4d
	res/drawable/black_button_rounde_right.xml Unknown 11a17603
	res/drawable/black_button_rounded_left.xml Unknown 15d4ced3
	res/drawable/bubble.png Unknown 271ed64d
	res/drawable/bubble1.png Unknown -3c7ea8a5
	res/drawable/button_black.9.png Unknown -187fdb0c
	res/drawable/button_black_selected.9.png Unknown 35376f8a
	res/drawable/button_black_src.xml Unknown -356d9a08
	res/drawable/button_blue.9.png Unknown 65c347ec
	res/drawable/button_blue_selected.9.png Unknown -29fe29ca
	res/drawable/button_blue_src.xml Unknown -46bd07aa
	res/drawable/button_gray.9.png Unknown 72deb124
	res/drawable/button_gray_selected.9.png Unknown -45fd816
	res/drawable/button_gray_src.xml Unknown -117e1c65
	res/drawable/button_toggle_active_center.png Unknown -dc18be0
	res/drawable/button_toggle_active_left.png Unknown -244635d
	res/drawable/button_toggle_active_right.png Unknown -239585f9
	res/drawable/button_toggle_center.xml Unknown -790c4fc4
	res/drawable/button_toggle_left.xml Unknown 2c9af9bc
	res/drawable/button_toggle_passive_center.png Unknown -4edb4b56
	res/drawable/button_toggle_passive_left.png Unknown -21396e1a
	res/drawable/button_toggle_passive_right.png Unknown -5c651bfb
	res/drawable/button_toggle_right.xml Unknown -6483b72f
	res/drawable/buy_icon.png Unknown 3ed7a668
	res/drawable/calendar.png Unknown -64d71cd6
	res/drawable/call_us_icon.png Unknown -20d5123a
	res/drawable/camera.png Unknown 5c6da8af
	res/drawable/car_finder_bg.xml Unknown -40d05a66
	res/drawable/car_finder_section_bg.xml Unknown 69ec29b1
	res/drawable/cart_btn.xml Unknown 600051df
	res/drawable/chat.png Unknown 55aa2424
	res/drawable/chat_window.9.png Unknown 6544e9ab
	res/drawable/check_total.png Unknown 324bbb11
	res/drawable/clock_icon.png Unknown 7771bb2a
	res/drawable/com_facebook_button_blue.xml Unknown cd3150f
	res/drawable/com_facebook_button_blue_focused.9.png Unknown 1b3de86
	res/drawable/com_facebook_button_blue_normal.9.png Unknown 5f9fdb01
	res/drawable/com_facebook_button_blue_pressed.9.png Unknown -40f420ed
	res/drawable/com_facebook_button_check.xml Unknown -c4793fc
	res/drawable/com_facebook_button_check_off.png Unknown 1121b3dd
	res/drawable/com_facebook_button_check_on.png Unknown -2dc5dfdc
	res/drawable/com_facebook_button_grey_focused.9.png Unknown 729e0753
	res/drawable/com_facebook_button_grey_normal.9.png Unknown 78162f2a
	res/drawable/com_facebook_button_grey_pressed.9.png Unknown -3622a5ec
	res/drawable/com_facebook_close.png Unknown -2a4ed12
	res/drawable/com_facebook_inverse_icon.png Unknown 20ea95ba
	res/drawable/com_facebook_list_divider.9.png Unknown -2d1df504
	res/drawable/com_facebook_list_section_header_background.9.png Unknown -53aa9c80
	res/drawable/com_facebook_loginbutton_silver.xml Unknown 7b778bf7
	res/drawable/com_facebook_logo.png Unknown 76fcc10b
	res/drawable/com_facebook_picker_item_background.xml Unknown 584d00a7
	res/drawable/com_facebook_picker_list_focused.9.png Unknown 77cc9de1
	res/drawable/com_facebook_picker_list_longpressed.9.png Unknown -3f6a9d0e
	res/drawable/com_facebook_picker_list_pressed.9.png Unknown 449401f4
	res/drawable/com_facebook_picker_list_selector.xml Unknown -4f19652c
	res/drawable/com_facebook_picker_list_selector_background_transition.xml Unknown -44f49408
	res/drawable/com_facebook_picker_list_selector_disabled.9.png Unknown -5b7e97b3
	res/drawable/com_facebook_picker_top_button.xml Unknown 7b8d3572
	res/drawable/com_facebook_place_default_icon.png Unknown -5d08a632
	res/drawable/com_facebook_profile_default_icon.png Unknown 387f9128
	res/drawable/com_facebook_profile_picture_blank_portrait.png Unknown 30c3f617
	res/drawable/com_facebook_profile_picture_blank_square.png Unknown -2c2640c1
	res/drawable/com_facebook_top_background.xml Unknown 70415545
	res/drawable/com_facebook_top_button.xml Unknown -583eff0b
	res/drawable/com_facebook_usersettingsfragment_background_gradient.xml Unknown 4efcb780
	res/drawable/comment_bg.png Unknown 3ba4e8b1
	res/drawable/comments.png Unknown -45682035
	res/drawable/contact_icon.png Unknown f099c2d
	res/drawable/container_bg.9.png Unknown -6d05ebed
	res/drawable/coupon_bottom_bg.9.png Unknown 5f9b47d7
	res/drawable/coupon_details_bg.png Unknown -41fc10e6
	res/drawable/coupon_locked.png Unknown 5760aced
	res/drawable/cricle_button.png Unknown -33ae0716
	res/drawable/custom_info_item_bg.9.png Unknown -4cf141b7
	res/drawable/datecell.png Unknown 729de8c1
	res/drawable/datecellselected.png Unknown -148654ba
	res/drawable/datepickerbar_background.png Unknown 2849a9f3
	res/drawable/datepickerbar_left.png Unknown 6441ff32
	res/drawable/datepickerbar_right.png Unknown -42c76d38
	res/drawable/default_button_long_spotted.png Unknown -3a2df73e
	res/drawable/default_medium_button.png Unknown 278ef0e0
	res/drawable/description_text_box.png Unknown 40c010f0
	res/drawable/dialog_bg.xml Unknown -72bfcd0a
	res/drawable/edit_text.xml Unknown -5f96ee0
	res/drawable/edittext_bg.png Unknown 278ef0e0
	res/drawable/email_photo_icon.png Unknown 2bebdaf4
	res/drawable/email_us_icon.png Unknown -7e805f9
	res/drawable/envelope.png Unknown -59fc27ab
	res/drawable/envelope_white.png Unknown 123bbe7c
	res/drawable/fan_wall_comment_bg.9.png Unknown 108bff60
	res/drawable/fanwall_comment_bg.9.png Unknown 4b100506
	res/drawable/favorite_icon.png Unknown 4d73f864
	res/drawable/favorite_icon_selected.png Unknown 470a39a
	res/drawable/favorite_tab_icon.png Unknown 6aa643f3
	res/drawable/fog.png Unknown -53c10776
	res/drawable/fog_bg.png Unknown -14e771a
	res/drawable/footer_bg_line.png Unknown -753bee21
	res/drawable/get_here_icon.png Unknown 5c44f8f0
	res/drawable/gps_checkin_icon.png Unknown 79c6162a
	res/drawable/gray_arrow_next.png Unknown -6895bd59
	res/drawable/gray_textview_bg.9.png Unknown -16cfdd92
	res/drawable/grey.png Unknown 27f5ee88
	res/drawable/grey_button_.png Unknown -4e74db9b
	res/drawable/header.png Unknown 6e868e79
	res/drawable/horizontal_loyalty_line.png Unknown -4d41699f
	res/drawable/ic_popup_sync_1.png Unknown -7dd5d54c
	res/drawable/ic_pulltorefresh_arrow.png Unknown 32192a53
	res/drawable/icon_border.png Unknown 6e6f294e
	res/drawable/icon_default.png Unknown -2de4fcbd
	res/drawable/icon_event.png Unknown -3766bbb5
	res/drawable/icon_icon.png Unknown -72770b5d
	res/drawable/icon_information.png Unknown -2e2dfc1d
	res/drawable/icon_locations.png Unknown -11221941
	res/drawable/icon_more.png Unknown 44c57a48
	res/drawable/icon_photo.png Unknown 70207ad7
	res/drawable/info_image_frame.png Unknown 5b9cd1ca
	res/drawable/leftarrow.png Unknown -3f0c6a16
	res/drawable/link_icon.png Unknown -220fb711
	res/drawable/list_divider.png Unknown 7b9cda6a
	res/drawable/location.png Unknown -449c2a4b
	res/drawable/locations.png Unknown -11221941
	res/drawable/login.png Unknown 51f757b7
	res/drawable/login_bg.png Unknown -666bcdd1
	res/drawable/login_button.xml Unknown 7630bcea
	res/drawable/login_down.png Unknown 603325fb
	res/drawable/logo.png Unknown 4df5a611
	res/drawable/logout.png Unknown -16ce763d
	res/drawable/logout_button.xml Unknown 5a91dd1a
	res/drawable/logout_down.png Unknown 160131a6
	res/drawable/loyalty_approved_stamp.png Unknown 71ad9a42
	res/drawable/loyalty_box.9.png Unknown -765242aa
	res/drawable/loyalty_coupon_icon.png Unknown 41952568
	res/drawable/loyalty_coupon_icon_active.png Unknown 41952568
	res/drawable/loyalty_digit_box.png Unknown -2c2b1baa
	res/drawable/loyalty_title_box.png Unknown 37d74834
	res/drawable/lyrics_bg.png Unknown -916db08
	res/drawable/mail.png Unknown 6e980c7c
	res/drawable/mailing_list_icon.png Unknown 5463d3dc
	res/drawable/map.png Unknown -6ebcbb9c
	res/drawable/map_mode_left.9.png Unknown -4bc67366
	res/drawable/map_mode_left_selected.9.png Unknown -2e062bd5
	res/drawable/map_mode_left_src.xml Unknown 6db614b8
	res/drawable/map_mode_right.9.png Unknown 2ceb8bcd
	res/drawable/map_mode_right_selected.9.png Unknown -16938cbc
	res/drawable/map_mode_right_src.xml Unknown -7007ae02
	res/drawable/medium_button.png Unknown 278ef0e0
	res/drawable/medium_button_long.png Unknown 448d0fcf
	res/drawable/medium_button_long_spotted.png Unknown -3a2df73e
	res/drawable/medium_button_long_spotted_bright.png Unknown 4aac8abe
	res/drawable/message_cell_bg.png Unknown d6808a4
	res/drawable/message_list_tab_icon.png Unknown c518171
	res/drawable/message_list_tab_icon2.png Unknown 23866876
	res/drawable/message_share_icon.png Unknown 3036981b
	res/drawable/message_short_link_icon.png Unknown -19d6be77
	res/drawable/message_tab_content_icon.png Unknown 18ee6e51
	res/drawable/message_tab_selected.png Unknown 214b91c7
	res/drawable/message_tab_src.xml Unknown -54b4cbb8
	res/drawable/message_tab_unselected.png Unknown -58696b0
	res/drawable/message_template_icon.png Unknown -2c846817
	res/drawable/message_text_icon.png Unknown -dd0dc4e
	res/drawable/message_timeline_divider.png Unknown -74aa5509
	res/drawable/message_timeline_item_bg.png Unknown 2ae4387
	res/drawable/message_timeline_tab_icon.png Unknown -6965a15b
	res/drawable/message_timeline_tab_icon2.png Unknown 33227677
	res/drawable/message_web_icon.png Unknown 3c466840
	res/drawable/messages_numbers_bg.png Unknown 5c888703
	res/drawable/middle_row.png Unknown -7ca6b5a9
	res/drawable/mini_player_back.xml Unknown 1159b54
	res/drawable/my_location_bubble.png Unknown 5138410c
	res/drawable/navigation_background.xml Unknown 64b13806
	res/drawable/near_by_active.9.png Unknown 1cff4716
	res/drawable/near_by_passive.9.png Unknown -1f3a2f97
	res/drawable/near_by_src.xml Unknown 3d9bcf79
	res/drawable/new_edittext_bg.png Unknown 46b9197e
	res/drawable/news_tab_icon.png Unknown b29a9c5
	res/drawable/no_comments_bg.png Unknown -5262cd27
	res/drawable/notepad_done_icon.png Unknown 63f98318
	res/drawable/number_of_people.png Unknown 4f0ed930
	res/drawable/pause_icon.png Unknown 91e766e
	res/drawable/paypal.gif Unknown -57ea0a78
	res/drawable/photo_icon.png Unknown 231b467b
	res/drawable/pin.png Unknown 510367db
	res/drawable/pin_red.png Unknown -7cb47170
	res/drawable/play_icon.png Unknown 2cd7e678
	res/drawable/play_item_icon.png Unknown 2cd7e678
	res/drawable/play_next.png Unknown 2d47363e
	res/drawable/play_previous.png Unknown -3130b03d
	res/drawable/playbar_bg.png Unknown 5ca4ceb3
	res/drawable/playbar_expand_bg.png Unknown 435e198b
	res/drawable/player_active_progressbar_center.png Unknown -55f95a85
	res/drawable/player_audio_image.png Unknown -392cebf1
	res/drawable/player_collapse.png Unknown c982468
	res/drawable/player_progressbar_background.png Unknown 26e5bcf1
	res/drawable/player_progresshead.png Unknown -b72ab4
	res/drawable/player_seekbar.xml Unknown 2dcdd9dd
	res/drawable/player_sound.png Unknown a7c13a3
	res/drawable/player_thumb.png Unknown 5625ee33
	res/drawable/playlist_gallery_icon.png Unknown -1beb6525
	res/drawable/playlist_verticle_column.png Unknown 15777ed8
	res/drawable/playlist_verticle_column_black.png Unknown 15777ed8
	res/drawable/podcast_next_button.png Unknown -7e40c302
	res/drawable/podcast_next_button_selected.png Unknown 42fde681
	res/drawable/podcast_next_button_src.xml Unknown -77900872
	res/drawable/podcast_pause_button.png Unknown -276cbb1b
	res/drawable/podcast_pause_button_selected.png Unknown -5aac736b
	res/drawable/podcast_pause_button_src.xml Unknown -6c31a8c
	res/drawable/podcast_play_button.png Unknown 343d902c
	res/drawable/podcast_play_button_selected.png Unknown 6cd059df
	res/drawable/podcast_play_button_src.xml Unknown 1b72a032
	res/drawable/podcast_previous_button.png Unknown 4b448f44
	res/drawable/podcast_previous_button_selected.png Unknown 5466075b
	res/drawable/podcast_previous_button_src.xml Unknown 3eb87cf3
	res/drawable/pointer.png Unknown 376d5546
	res/drawable/portrait.png Unknown 14f25127
	res/drawable/preview_gradient.xml Unknown 64b13806
	res/drawable/proceed_btn.png Unknown -5f8837ca
	res/drawable/product_default.gif Unknown 3e287ae3
	res/drawable/progress_bar_bg.xml Unknown 64b13806
	res/drawable/progress_dot.png Unknown -3ac9d55f
	res/drawable/progress_vertical.xml Unknown 2fe767da
	res/drawable/pull_to_refresh_header_background.xml Unknown c1d4da3
	res/drawable/radar.png Unknown 64f9ab53
	res/drawable/recents_active.9.png Unknown 4758a21d
	res/drawable/recents_passive.9.png Unknown 61ac1381
	res/drawable/recents_src.xml Unknown 9c8a62a
	res/drawable/red_arrow_next.png Unknown -743885ee
	res/drawable/reply_btn.png Unknown 2856a8a0
	res/drawable/reservation_appt_list_img1.png Unknown -1e5bb555
	res/drawable/reservation_appt_list_img2.png Unknown -10a2beea
	res/drawable/reservation_appt_list_img3.png Unknown -6288c57f
	res/drawable/reservation_calendar.png Unknown 45bb48f3
	res/drawable/reservation_history.png Unknown -2addc26
	res/drawable/reservation_item_detail_bg.9.png Unknown 6dd79975
	res/drawable/reservation_login_bg.png Unknown 52e031ad
	res/drawable/reservation_login_icon.png Unknown -1e38806b
	res/drawable/reservation_logout_icon.png Unknown abfbb1
	res/drawable/reservation_price_tag.png Unknown 6fa653f3
	res/drawable/reservation_register_icon.png Unknown 120f68ad
	res/drawable/reservation_settings.png Unknown 55efef61
	res/drawable/reservation_time_tag.png Unknown 2f16b9a5
	res/drawable/right_arrow.png Unknown 1fe05f9
	res/drawable/rightarrow.png Unknown 626a5185
	res/drawable/rounded_edittext.xml Unknown 4e54b9e1
	res/drawable/row_background.xml Unknown -268d8980
	res/drawable/row_separator.png Unknown 36d5d61f
	res/drawable/rss_info_container.9.png Unknown 66e7f7d2
	res/drawable/rss_label_bg.png Unknown 6e1aaa21
	res/drawable/search.9.png Unknown 6ec98035
	res/drawable/search_icon.png Unknown 10540ad7
	res/drawable/section_list_background.xml Unknown -6b14ba9c
	res/drawable/see_big_image.png Unknown 7d4023d0
	res/drawable/seek_thumb.xml Unknown 1681be83
	res/drawable/seek_thumb_normal.png Unknown -783d4863
	res/drawable/seek_thumb_pressed.png Unknown 6ae99b5b
	res/drawable/seek_thumb_selected.png Unknown -1e78eda4
	res/drawable/selected_circle.png Unknown 7bb1d1ff
	res/drawable/selected_tab_background.xml Unknown 71efb84d
	res/drawable/send_comment_button.png Unknown -320b6bd8
	res/drawable/share_icon.png Unknown 2586c8a3
	res/drawable/shopping_cart.png Unknown 3f69e9e2
	res/drawable/side_line_background.xml Unknown -5ccd04b2
	res/drawable/slideshow_icon.png Unknown -51b0877e
	res/drawable/sound_increase_icon.png Unknown 19d48450
	res/drawable/soundbar_plate_mono.png Unknown -1909565a
	res/drawable/sports_stat_clear_icon.png Unknown 2a8cc061
	res/drawable/tab_bar.9.png Unknown -52ebb132
	res/drawable/tab_bar_bottom_line.png Unknown -549cb7b8
	res/drawable/tab_button_active.9.png Unknown -48779ecf
	res/drawable/tab_circles_src.xml Unknown 46e5d366
	res/drawable/tab_selector.xml Unknown -5da31e44
	res/drawable/tag_green.png Unknown 1baffe7c
	res/drawable/tell_friend_dialog_background.xml Unknown 3279636e
	res/drawable/text_separator.png Unknown 39c1d874
	res/drawable/textfield_default.9.png Unknown -228670ad
	res/drawable/textfield_disabled.9.png Unknown 2f057954
	res/drawable/textfield_disabled_selected.9.png Unknown -6db04eee
	res/drawable/textfield_pressed.9.png Unknown 74d7ebf8
	res/drawable/textfield_selected.9.png Unknown -200ec221
	res/drawable/thumbsup.png Unknown 39adbef2
	res/drawable/time_arrow_separator.png Unknown 48631bd9
	res/drawable/time_image.png Unknown 31027840
	res/drawable/tip_center_button_selected.png Unknown 79219042
	res/drawable/tip_center_button_src.xml Unknown -16cb76dd
	res/drawable/tip_center_button_unselected.png Unknown 2c53c796
	res/drawable/tip_left_button_selected.png Unknown 6ce2f413
	res/drawable/tip_left_button_src.xml Unknown -df29ad
	res/drawable/tip_left_button_unselected.png Unknown -209bd00
	res/drawable/tip_percentage.png Unknown 51609dc4
	res/drawable/tip_progress_bar_bg.9.png Unknown 5838e5b5
	res/drawable/tip_progress_bar_selected_bg.png Unknown -a57721e
	res/drawable/tip_progress_seekbar.xml Unknown -40b6a260
	res/drawable/tip_progress_thumb.png Unknown 77be2672
	res/drawable/tip_right_button_selected.png Unknown 4da53946
	res/drawable/tip_right_button_src.xml Unknown -d9b742e
	res/drawable/tip_right_button_unselected.png Unknown -52b4031a
	res/drawable/title_dash.png Unknown -6a048dfb
	res/drawable/today.png Unknown 719c479a
	res/drawable/todayselected.png Unknown -478785dc
	res/drawable/topbar.png Unknown 9a684f1
	res/drawable/trash.png Unknown 3d16cc6a
	res/drawable/trash2.png Unknown 60399e4d
	res/drawable/tweet_bg.png Unknown -32eb9d8e
	res/drawable/tweet_hashtags.png Unknown -59e7d90a
	res/drawable/tweet_receipients.png Unknown 6dde84b8
	res/drawable/tweet_tab_icon.png Unknown 6c1f27d2
	res/drawable/tweet_tweet.png Unknown 76d0117a
	res/drawable/unselected_circle.png Unknown 52121642
	res/drawable/up_arrow.png Unknown 2cf78e31
	res/drawable/upcoming_reservation_bg.9.png Unknown -2d6b78c7
	res/drawable/vertical_loyalty_line.png Unknown -3db12970
	res/drawable/voice_tab_pause.png Unknown -779d81ac
	res/drawable/voice_tab_play.png Unknown 4a40054a
	res/drawable/voice_tab_record.png Unknown 2f64c8eb
	res/drawable/voice_tab_send.png Unknown 60a52786
	res/drawable/website_icon.png Unknown -e1ea6f2
	res/drawable/wheel_view_bg.xml Unknown -3aa60458
	res/drawable/wheel_view_line.xml Unknown 7c195376
	res/drawable/white_bg.9.png Unknown -39233536
	res/drawable/white_round_rect.xml Unknown -45e8a74
	res/drawable/youtube_playing.png Unknown 492b70eb
	res/layout/add_comments_layout.xml Unknown -9605cef
	res/layout/ads_layout.xml Unknown 6e8f8460
	res/layout/around_us_layout.xml Unknown 11eea978
	res/layout/around_us_row.xml Unknown 3e00bbb8
	res/layout/calendar_cell.xml Unknown -410ad515
	res/layout/calendar_layout.xml Unknown -22b33507
	res/layout/capture_layout.xml Unknown -24f00ff6
	res/layout/car_finder_layout.xml Unknown -768110b6
	res/layout/choose_time_layout.xml Unknown -6ec0d943
	res/layout/circle_image.xml Unknown 42f411e5
	res/layout/com_facebook_friendpickerfragment.xml Unknown -380a90c8
	res/layout/com_facebook_login_activity_layout.xml Unknown 240c1c21
	res/layout/com_facebook_picker_activity_circle_row.xml Unknown -405533cb
	res/layout/com_facebook_picker_checkbox.xml Unknown -579a28c0
	res/layout/com_facebook_picker_image.xml Unknown 33a626f1
	res/layout/com_facebook_picker_list_row.xml Unknown -2e8c60b7
	res/layout/com_facebook_picker_list_section_header.xml Unknown 45304117
	res/layout/com_facebook_picker_search_box.xml Unknown -19109aa3
	res/layout/com_facebook_picker_title_bar.xml Unknown -3d548060
	res/layout/com_facebook_picker_title_bar_stub.xml Unknown 48efdf2d
	res/layout/com_facebook_placepickerfragment.xml Unknown 112c59f5
	res/layout/com_facebook_placepickerfragment_list_row.xml Unknown -383f2098
	res/layout/com_facebook_search_bar_layout.xml Unknown 1a64daeb
	res/layout/com_facebook_usersettingsfragment.xml Unknown 8025b7
	res/layout/common_dialog_layout.xml Unknown -33f4a824
	res/layout/common_fragment_layout.xml Unknown -2b5f80fc
	res/layout/common_list_layout.xml Unknown 745e4c9
	res/layout/common_row.xml Unknown -66491c28
	res/layout/contact_layout.xml Unknown -6fdea09e
	res/layout/coupon_detail_layout.xml Unknown 21d84424
	res/layout/coupon_row.xml Unknown -1a17394b
	res/layout/coupons_layout.xml Unknown 377b3032
	res/layout/coverflow_item_layout.xml Unknown -18246173
	res/layout/datepickerbar_layout.xml Unknown 7cd144ff
	res/layout/dialog.xml Unknown 7305cd3d
	res/layout/dialog_button.xml Unknown 6675f189
	res/layout/email_photo_dialog.xml Unknown -2430e2c7
	res/layout/email_photo_layout.xml Unknown 6ef6bb1a
	res/layout/event_detail_comments_tab.xml Unknown -42969f53
	res/layout/event_detail_going_tab.xml Unknown -6c044aac
	res/layout/event_detail_info_tab.xml Unknown -3f8ad90e
	res/layout/event_detail_layout.xml Unknown -3b4adc2
	res/layout/event_detail_new_layout.xml Unknown -6a9ea331
	res/layout/event_detail_photos_tab.xml Unknown -30040535
	res/layout/fan_wall_layout.xml Unknown -51082d17
	res/layout/flexible_counter_item.xml Unknown 4a09af41
	res/layout/flexible_counter_layout.xml Unknown 3a97f429
	res/layout/fragment_swipeytab.xml Unknown 70ba87c7
	res/layout/gallery_album_row.xml Unknown -10ba343f
	res/layout/gallery_item_layout.xml Unknown -627a145e
	res/layout/gallery_layout.xml Unknown -2b8a5c88
	res/layout/gallery_preview_layout.xml Unknown 39988409
	res/layout/home_part_layout.xml Unknown -71a8e496
	res/layout/home_screen_layout_1row.xml Unknown 1bb9e13d
	res/layout/home_screen_layout_2row.xml Unknown -2a1f30de
	res/layout/home_screen_layout_3row.xml Unknown -7aeb44b0
	res/layout/home_screen_layout_4row.xml Unknown -9cdd7d0
	res/layout/image_fragment_layout.xml Unknown -146913d4
	res/layout/info_detail_layout.xml Unknown -70ad2303
	res/layout/info_detail_new_layout.xml Unknown a1390b2
	res/layout/info_item_row.xml Unknown -3df63bcc
	res/layout/laundry_account_registering_layout.xml Unknown 43847c42
	res/layout/laundry_login_layout.xml Unknown 45333a32
	res/layout/laundry_start_layout.xml Unknown -27bfec0d
	res/layout/list_event_comment_item.xml Unknown -67d47f9
	res/layout/list_event_item.xml Unknown 70dfa769
	res/layout/list_event_v2_item.xml Unknown -2b792818
	res/layout/list_layout.xml Unknown -232b756a
	res/layout/location_item.xml Unknown -3a1990f7
	res/layout/location_layout.xml Unknown 49a74f15
	res/layout/loyalty_card_item_layout.xml Unknown -4373afd9
	res/layout/loyalty_card_layout.xml Unknown 7b839f8d
	res/layout/loyalty_detail.xml Unknown -4bd3fbb1
	res/layout/loyalty_dialog.xml Unknown 6c0a94a
	res/layout/mailing_list_item_layout.xml Unknown 7ab68ee
	res/layout/mailing_list_layout.xml Unknown -4dcb4cae
	res/layout/main.xml Unknown -46ae3330
	res/layout/menu_row.xml Unknown 20a58d90
	res/layout/message_list_layout.xml Unknown 6416dece
	res/layout/message_row.xml Unknown -6121f698
	res/layout/messages_timeline_item_layout.xml Unknown -6bfa86ab
	res/layout/mortgage_calculator_layout.xml Unknown -becf4b4
	res/layout/multiple_item_dialog.xml Unknown -20acc1df
	res/layout/multiple_row.xml Unknown -7e77208f
	res/layout/music_control_layout.xml Unknown -14081484
	res/layout/navigation_bar.xml Unknown -4c1feff6
	res/layout/navigation_bar_vertical.xml Unknown 4bc2aacf
	res/layout/navigation_layout.xml Unknown 659a3eca
	res/layout/new_fan_wall_detail_item.xml Unknown 72b79d3f
	res/layout/new_fan_wall_detail_layout.xml Unknown 47990299
	res/layout/new_fan_wall_item_layout.xml Unknown -746d2eb6
	res/layout/new_fan_wall_layout.xml Unknown -194c36b5
	res/layout/news_detail_layout.xml Unknown -4f7dd1b0
	res/layout/news_item_layout.xml Unknown 5eb49d20
	res/layout/news_layout.xml Unknown -17f51159
	res/layout/notepad_edit_view.xml Unknown -7df97e07
	res/layout/notepad_list_row.xml Unknown 22a11de0
	res/layout/notepad_list_view.xml Unknown 37e6b8b0
	res/layout/notification_layout.xml Unknown -2d4b2d40
	res/layout/pin_dialog.xml Unknown -2676bff4
	res/layout/playlist_album_bar.xml Unknown 632b35a
	res/layout/playlist_album_bar_item.xml Unknown 50339451
	res/layout/playlist_layout.xml Unknown 590a6e92
	res/layout/playlist_row.xml Unknown 155f19b3
	res/layout/playlist_title_row.xml Unknown 6a727aab
	res/layout/podcast_layout.xml Unknown -6d259fa3
	res/layout/podcast_row.xml Unknown -3b9ac7b2
	res/layout/podcat_player_layout.xml Unknown 1d1c0a22
	res/layout/preview_changer_layout.xml Unknown 33132b8a
	res/layout/product_images_item.xml Unknown -1a4fe193
	res/layout/protected_layout.xml Unknown -3f5ff42d
	res/layout/pull_to_refresh_header.xml Unknown 6a0765fa
	res/layout/qr_scanner_help_row.xml Unknown 6b3a10df
	res/layout/qr_scanner_layout.xml Unknown 10ab08b6
	res/layout/reservation_account_recovery_layout.xml Unknown 1bdd11ce
	res/layout/reservation_account_register_layout.xml Unknown df58855
	res/layout/reservation_anet_payment_layout.xml Unknown 1159ccbb
	res/layout/reservation_book_layout.xml Unknown 4ec241ad
	res/layout/reservation_detail_layout.xml Unknown ac81a32
	res/layout/reservation_history_layout.xml Unknown -2e0c058b
	res/layout/reservation_location_detail_layout.xml Unknown 70469f6d
	res/layout/reservation_location_item_layout.xml Unknown e0d91ac
	res/layout/reservation_login_layout.xml Unknown -32cac887
	res/layout/reservation_main_layout.xml Unknown -66e99d82
	res/layout/reservation_payment_layout.xml Unknown -2ddc62e6
	res/layout/reservation_service_item_layout.xml Unknown 6dd98596
	res/layout/reservation_time_layout.xml Unknown 57344e4
	res/layout/rss_detail_layout.xml Unknown -55a1fb5c
	res/layout/rss_row.xml Unknown -340b7f9c
	res/layout/section_header.xml Unknown a71ee67
	res/layout/service_history_cell.xml Unknown 1db85ef8
	res/layout/service_time_cell.xml Unknown 3145c1fa
	res/layout/shop_category_list.xml Unknown 4cdc717d
	res/layout/shop_checkout_list.xml Unknown -2881f5d1
	res/layout/shop_checkout_row.xml Unknown -5447eb83
	res/layout/shop_google_checkout.xml Unknown 7157704e
	res/layout/shop_header.xml Unknown 65347e08
	res/layout/shop_product_details.xml Unknown -433b525e
	res/layout/shop_product_row.xml Unknown -17506c5a
	res/layout/shop_products_list.xml Unknown -6547ecdd
	res/layout/social_network_dialog.xml Unknown 1cf0c60a
	res/layout/songinfo_layout.xml Unknown -619704d4
	res/layout/sub_tab_layout.xml Unknown 12c70666
	res/layout/swipey_tab_indicator.xml Unknown -410ceaf
	res/layout/tab.xml Unknown -219eb63d
	res/layout/tab_gallery_item.xml Unknown -6a33f270
	res/layout/tab_title_bar.xml Unknown -3fc0b6ea
	res/layout/tabs_circles_container.xml Unknown 783fffe1
	res/layout/tell_friend_container.xml Unknown 49d79456
	res/layout/tell_friend_layout.xml Unknown -795ba0c7
	res/layout/tip_calculator_layout.xml Unknown -438cc211
	res/layout/twitter_layout.xml Unknown 4e5aefa4
	res/layout/twitter_login_view.xml Unknown 1aaf3bfc
	res/layout/twitter_tags_row.xml Unknown -23d7682c
	res/layout/upcoming_reserv_item_layout.xml Unknown -2849d4d
	res/layout/voice_recording_layout.xml Unknown 6522ef36
	res/layout/webview_layout.xml Unknown -28db743a
	res/layout/youtube_detail_layout.xml Unknown 4e8fc170
	res/layout/youtube_rss_row.xml Unknown -42886648
	AndroidManifest.xml Unknown -601fbcc1
	resources.arsc Unknown 4d357496
	res/drawable-hdpi/chevron_default.png Unknown 63f95d5
	res/drawable-hdpi/chevron_white.png Unknown 61607f8a
	res/drawable-hdpi/com_facebook_button_blue_focused.9.png Unknown -4a5228a7
	res/drawable-hdpi/com_facebook_button_blue_normal.9.png Unknown 5859e44d
	res/drawable-hdpi/com_facebook_button_blue_pressed.9.png Unknown -22e882f7
	res/drawable-hdpi/com_facebook_button_grey_focused.9.png Unknown -59491888
	res/drawable-hdpi/com_facebook_button_grey_normal.9.png Unknown -4ffc65aa
	res/drawable-hdpi/com_facebook_button_grey_pressed.9.png Unknown 3df16c3a
	res/drawable-hdpi/com_facebook_close.png Unknown -2a0d8b9d
	res/drawable-hdpi/com_facebook_inverse_icon.png Unknown 912e753
	res/drawable-hdpi/com_facebook_logo.png Unknown -23a8d8d0
	res/drawable-hdpi/com_facebook_picker_magnifier.png Unknown 100852a
	res/drawable-ldpi/chevron_default.png Unknown -38451f61
	res/drawable-ldpi/chevron_white.png Unknown -2934641c
	res/drawable-ldpi/com_facebook_close.png Unknown -47bdc7ab
	res/drawable-mdpi/chevron_default.png Unknown b8964ee
	res/drawable-mdpi/chevron_white.png Unknown 2646ee56
	res/drawable-mdpi/com_facebook_button_blue_focused.9.png Unknown 1b3de86
	res/drawable-mdpi/com_facebook_button_blue_normal.9.png Unknown 5f9fdb01
	res/drawable-mdpi/com_facebook_button_blue_pressed.9.png Unknown -40f420ed
	res/drawable-mdpi/com_facebook_inverse_icon.png Unknown 20ea95ba
	res/drawable-mdpi/com_facebook_picker_magnifier.png Unknown -383fa421
	res/drawable-xhdpi/com_facebook_button_blue_focused.9.png Unknown 241558e4
	res/drawable-xhdpi/com_facebook_button_blue_normal.9.png Unknown 49cd260b
	res/drawable-xhdpi/com_facebook_button_blue_pressed.9.png Unknown -19a7b346
	res/drawable-xhdpi/com_facebook_button_grey_focused.9.png Unknown -3ea7347e
	res/drawable-xhdpi/com_facebook_button_grey_normal.9.png Unknown 72e263b4
	res/drawable-xhdpi/com_facebook_button_grey_pressed.9.png Unknown 460dbce7
	res/drawable-xhdpi/com_facebook_close.png Unknown 66e924fc
	res/drawable-xhdpi/com_facebook_inverse_icon.png Unknown -70501ead
	res/drawable-xhdpi/com_facebook_logo.png Unknown -9ec57d5
	res/drawable-xhdpi/com_facebook_picker_magnifier.png Unknown 102dfa85
	res/layout-land/coupon_detail_layout.xml Unknown -3fcacdf5
	res/layout-land/mailing_list_layout.xml Unknown 7b76a89a
	res/layout-land/mortgage_calculator_layout.xml Unknown -7a3ebd17
	res/layout-land/qr_scanner_layout.xml Unknown 4e817084
	res/layout-land/tip_calculator_layout.xml Unknown -799e4f8b
	classes.dex Unknown -70129b1e
	readme.txt Unknown 0
	org/apache/http/entity/mime/version.properties Unknown 1fbcc15a
	com/paypal/android/utils/data/data.bin Unknown -1e2a1e76
	com/paypal/android/utils/data/locale.bin Unknown -7095f109
	org/apache/http/client/version.properties Unknown 7aa00124
	jsr305_annotations/Jsr305_annotations.gwt.xml Unknown -72b0c1a7
	jsr305_annotations/v0_r47/V0_r47.gwt.xml Unknown -74bb8650
	META-INF/MANIFEST.MF Unknown 25be31d8
	META-INF/CERT.SF Unknown -73130f57
	META-INF/CERT.RSA Unknown 72c2cbf4
PERMISSIONS: 
	android.permission.ACCESS_FINE_LOCATION ['dangerous', 'fine (GPS) location', 'Access fine location sources, such as the Global Positioning System on the phone, where available. Malicious applications can use this to determine where you are and may consume additional battery power.']
	android.permission.SEND_SMS ['dangerous', 'send SMS messages', 'Allows application to send SMS messages. Malicious applications may cost you money by sending messages without your confirmation.']
	android.permission.READ_PHONE_STATE ['dangerous', 'read phone state and identity', 'Allows the application to access the phone features of the device. An application with this permission can determine the phone number and serial number of this phone, whether a call is active, the number that call is connected to and so on.']
	com.google.android.c2dm.permission.RECEIVE ['normal', 'Unknown permission from android reference', 'Unknown permission from android reference']
	android.permission.CAMERA ['dangerous', 'take pictures and videos', 'Allows application to take pictures and videos with the camera. This allows the application to collect images that the camera is seeing at any time.']
	android.permission.ACCESS_COARSE_LOCATION ['dangerous', 'coarse (network-based) location', 'Access coarse location sources, such as the mobile network database, to determine an approximate phone location, where available. Malicious applications can use this to determine approximately where you are.']
	android.permission.CALL_PHONE ['dangerous', 'directly call phone numbers', 'Allows an application to initiate a phone call without going through the Dialer user interface for the user to confirm the call being placed. ']
	android.permission.RECORD_AUDIO ['dangerous', 'record audio', 'Allows application to access the audio record path.']
	android.permission.INTERNET ['dangerous', 'full Internet access', 'Allows an application to create network sockets.']
	android.permission.ACCESS_NETWORK_STATE ['normal', 'view network status', 'Allows an application to view the status of all networks.']
	android.permission.WRITE_EXTERNAL_STORAGE ['dangerous', 'modify/delete SD card contents', 'Allows an application to write to the SD card.']
	com.app_securities.layout.permission.C2D_MESSAGE ['signature', 'C2DM permission.', 'C2DM permission.']
MAIN ACTIVITY:  com.biznessapps.layout.MainController
ACTIVITIES: 
	com.biznessapps.layout.MainController {'action': [u'android.intent.action.MAIN'], 'category': [u'android.intent.category.LAUNCHER']}
	com.biznessapps.activities.HomeScreenActivity 
	com.google.ads.AdActivity 
	com.biznessapps.activities.HomeClassicScreenActivity 
	com.biznessapps.activities.TwitterLoginActivity 
	com.biznessapps.activities.GalleryActivity 
	com.biznessapps.activities.GalleryPreviewActivity 
	com.biznessapps.activities.SingleFragmentActivity 
	com.biznessapps.activities.WebSingleFragmentActivity 
	com.biznessapps.activities.NewFanWallActivity 
	com.biznessapps.activities.ContactsMapActivity 
	com.biznessapps.activities.AroundUsActivity 
	com.biznessapps.layout.views.scanning.CaptureActivity 
	com.biznessapps.layout.views.map.LocationView 
	com.paypal.android.MEP.PayPalActivity 
	com.biznessapps.layout.views.loyalty.LoyaltyCardListView 
	com.biznessapps.activities.CarFinderActivity 
	com.biznessapps.activities.ChooseTimerActivity 
	com.biznessapps.fragments.reservation.PaymentIntegrateFragment 
	net.authorize.android.security.MobileMerchantAuthActivity 
	net.authorize.android.security.LoginBaseActivity 
	net.authorize.android.aim.AuthCaptureActivity 
	com.facebook.LoginActivity 
SERVICES: 
	com.biznessapps.player.PlayerService 
RECEIVERS: 
	com.biznessapps.pushnotifications.C2DMRegistrationReceiver {'action': [u'com.google.android.c2dm.intent.REGISTRATION'], 'category': [u'com.app_securities.layout']}
	com.biznessapps.pushnotifications.C2DMMessagesReceiver {'action': [u'com.google.android.c2dm.intent.RECEIVE'], 'category': [u'com.app_securities.layout']}
PROVIDERS:  []
