ed33f83b-edbb-48d4-928c-55d2a49ccafa.apk
e451340d-ea9c-49e4-9e6b-7dc8c4f61c51.apk
f534a073-0214-47b3-923a-f13e9b4173e3.apk
b4bd58a8-f270-4b1f-bd08-fd19b5736a6b.apk
ede96f3a-d7b0-420c-b3bc-ec434d660653.apk
f1b5feaa-e019-4458-8287-f9d233a74ff0.apk
14d7abd0-b3d1-44e2-af3f-f35ad0fc52cb.apk
8f8afe1b-a435-44d1-a60e-071e7c0bcfed.apk
aec08e3b-1c02-4cbe-9985-b926b3277f88.apk
ed104856-a699-4eb5-93d4-eda973c2fc9b.apk
4a3cb4e4-3153-4b50-95a2-866ce25535a2.apk
495a4c86-a7bc-41d5-898c-1ade4c2b0af3.apk
6a089e64-0b6c-427e-b532-366530825249.apk
fb40ed42-3f21-44a5-a546-3575bcd56c3e.apk
e72f5477-dedb-464c-bed7-4ccdbedeeb5c.apk
452a5259-6f8e-43b8-ac56-2dd3037ed667.apk
216b865b-f0f0-48d3-aa29-42c993cf35d7.apk
d7bba5c5-cb38-4d73-a9ee-f7992c8d693c.apk
f3fad594-01d5-4dc6-a157-1078cb5ec48b.apk
101e8e3e-5ce6-4e90-b648-53ebeac593c1.apk
fe30ff2e-fb52-45b1-8dca-e6f4a8143720.apk
e496116d-6266-4125-be7b-1e75dac127d7.apk
73ef8887-7c90-4987-a577-0835bcf6ee2c.apk
13e92fd8-a6ca-4ce0-9624-883c774df817.apk
c52350f6-4791-4663-b246-32307017496d.apk
2abfacb2-2d06-4a3c-8d2a-3789f7b46678.apk
35b06e7b-76ba-4ed1-9234-8f2c5cc71962.apk
e75061d4-3c0b-4e05-a0c1-b773dfa2a812.apk
942365ac-75d6-4b92-a076-e7251af4076f.apk
05325316-c505-43e8-bcc4-af8d1bc0d54b.apk
83cc28bd-5f6d-41d0-b354-5d2022d626ea.apk
b390ac17-c659-40b1-8424-1b8a9eb2180b.apk
77c0dd44-b36d-43b8-9703-920d1d3161b6.apk
e4e33834-343c-46b7-aa37-fcc11b970295.apk
118676b5-bd58-402d-9190-b91c7779b2ba.apk
fb26c2ca-7048-45cd-8072-948d68115305.apk
7b3de1f9-0b09-44a0-99f1-ce63e25c8485.apk
dd1a38eb-2f77-43dd-996d-acb8e3e2f095.apk
29b9d7cd-9d81-448e-8d9a-e120ef81fca6.apk
f432d61e-6e53-44fc-82e1-a753e9a7cebb.apk
50cc4439-e1dd-4f87-8bbc-e05bb8ed97e2.apk
0d6b6a8b-a901-4ee8-8916-047777ff0532.apk
6a6d32e2-13e5-4d46-859b-73a967b61919.apk
a6c9c24b-7de3-4b2a-bf5b-7eab0bc29588.apk
388bd3f5-b63e-48d7-8449-5a0731f5ad79.apk
062d562c-5e92-49a2-95b7-e63dc6053eae.apk
acfd93ce-71db-475f-9fbb-fdff7a81057f.apk
907c445e-dc4e-4d67-b7a0-28ed6118fea6.apk
1c21640a-5866-4365-bd36-db15dd1857c4.apk
61c624e0-3dce-4759-a0c0-a6efcff2cc6f.apk
d1a6e004-a0e0-4fca-8900-0f3859d0bfd7.apk
64acdbdc-573a-479e-a732-8ed16d483200.apk
d7cadc73-0822-4e48-a03d-42dfe5b3fcba.apk
d8dca956-2971-42f7-8d8b-75256a2938d1.apk
3e8980c0-0ba1-4ae3-a418-249dcbe5d1e7.apk
6353a252-8450-4a52-b02c-d3c9fd8d25d1.apk
d57b6d65-81b6-4251-8a48-10c1f5db3994.apk
06fcf368-300e-4d63-a642-2b31fbf08f6f.apk
c41ed8d9-7986-4f4b-86fe-61c6f61deff4.apk
067e959c-ab8d-4c42-a9af-d2a5bed3f994.apk
f95e998e-0347-4fc8-bafd-2731aaddeb8a.apk
a6d62eac-ac3f-423f-ac96-f462dca0154f.apk
07159b89-97d4-42da-aaf5-10187189a7c4.apk
ace38016-80bd-4641-a154-e406d2c31b51.apk
5c294c11-bf18-45c7-b9c2-0da99dbacbbd.apk
e0fd8c59-46e9-4eb2-8d6e-0301a2bdf0b5.apk
6c187b1a-c1c8-469b-a315-3184024d2bc0.apk
17768a39-811e-4e00-927b-75699a521146.apk
46695f5f-2191-4609-a7f3-34d44db89e85.apk
6cf3b701-bbf8-44bb-955e-d6242700aa16.apk
ae880e65-9925-45ee-a678-21614e502a04.apk
b343c43c-42be-4900-8e3a-dff7804490f1.apk
549c2bcb-b581-4bc3-997e-14c5abc76baf.apk
c975aee7-ccbe-4713-9820-0ebcf5a02341.apk
58524130-a2b5-4bfc-8d23-bbbbb1fb0bb3.apk
3af71ab0-1ae9-478c-a39c-0091f9374ff7.apk
8593915c-2a03-4e00-8f80-d2ce76706b42.apk
59ce23e3-a877-425b-9d76-6007fdff2949.apk
3c9652cf-2d5c-4297-a958-52c1af5c8095.apk
5a6f67f1-15de-4780-99f5-8881f44cfa23.apk
e4234587-1f69-49fc-9863-32973fdb60a5.apk
0578ffdd-a007-4606-8fb4-e328d5c2cf57.apk
4d9efee8-b285-4164-9f7a-429a59a08705.apk
60c6156b-486a-4ff0-a7a9-c3e14926b610.apk
b29ce4ac-461c-49b1-b940-4fd48a2853a7.apk
a9f6b0a7-112f-4664-9343-41c1f10cfc26.apk
83e46826-4287-4a89-a939-2db76ad14047.apk
55d4ced5-ad25-44c0-b170-3388c571c409.apk
020df121-6771-4099-acfa-70681bd52193.apk
d8bdc0a7-72c9-416d-bbdb-415a942a3904.apk
9da9111a-4491-4c2f-8946-97d36361a758.apk
78932e60-5d83-4348-9707-65fbf68b9dfd.apk
b38b025f-8129-493a-94bc-a80f5dcfb032.apk
7325a352-9d85-43f4-8482-d694b67f9464.apk
97eaceab-11f7-4049-8c7d-b4a9b75a68f6.apk
7084cb34-ce1f-42b9-8fa2-3389aeeb3ce5.apk
e896294d-267b-4e4f-b96f-30a05e84d7fa.apk
f0f6948b-24fe-48bb-ac69-4379b733073d.apk
ebe483d4-559a-4d08-bd2b-1b047406ce14.apk
bb05bcb3-f32d-4ae0-a217-96bc3618ce75.apk
4e525710-e3fa-4f6f-9a9b-79558cec7032.apk
a3635ce5-f944-4d5c-a611-9fcf1b6d55dc.apk
944cfec0-7b18-45bf-b4d2-1a41984eb816.apk
95caa82b-a4a0-41c5-86ab-7cdfe00e69b3.apk
c27ff2db-419a-406a-a078-154f674a8881.apk
2867ddb4-2f3a-4078-820a-10468586846a.apk
4bebde85-c44c-4350-ad99-cb656c90d844.apk
c4ca4434-76da-4fef-be26-ce2b7eead933.apk
2ddb4344-cd7d-4bb0-a430-8d9a0574b573.apk
a6061a7b-3a81-4432-9ec8-8ba1614464df.apk
cb50386c-db6d-4b30-b9d9-179f14e4795a.apk
27784a1c-d394-4b02-a8de-66ca13303b9a.apk
bea46b86-ce9c-4728-b52e-31f0b8a1c0cb.apk
710d829b-6398-4913-af35-4779ceac4992.apk
02b00e47-5328-4fa2-8c14-c666be97e925.apk
87592071-7564-4173-87c7-e0d497d06a2c.apk
e5415f6e-7da1-45c1-b596-3aa1d67de2ba.apk
611ef65c-f644-4c36-a202-2b308b0b124a.apk
e83ffc73-6803-4931-bc98-12c7473a9bd7.apk
b2ef1152-78f7-4512-9f37-76e7ee60484d.apk
628795bf-ab00-4ace-88b3-2970f4c1f90a.apk
5d4cc81f-bb93-443c-ad68-d46bfd6e085f.apk
1da215f0-fe69-43bb-b5ec-25a7d9becb9e.apk
1b2afd8e-6527-47b3-ba50-25e41797b6d9.apk
e5d29fea-9172-4b10-a676-c5cbee63295c.apk
ad13eaf6-79a7-495a-970d-0b0d49093094.apk
85af680a-cd40-40ff-a1da-cc8101f484fd.apk
2e37af36-92bd-4444-a7ee-500ebe36951f.apk
e4c8f796-b909-437f-9888-728c8735cff5.apk
00c02344-52d3-4827-a457-6850f3a24e9a.apk
b7baed2e-df5f-4a05-a06c-a89307ea14b3.apk
b6894ea0-f88e-4f1a-be34-18116463f677.apk
995d2cce-188e-4a73-a100-ac37a3169319.apk
9f60c509-4c6e-4d76-ae86-4c28c1c24abc.apk
1f5870ff-99fa-479d-a7e4-436cbf25b8d8.apk
21ba0c45-9fa8-4a84-b4b4-b02e02737a97.apk
716fd6d9-286d-4055-b5cd-9cdad845ad9c.apk
75d4e079-df7a-4c74-8ed7-443d5632471a.apk
09b71e41-b70d-4922-a4ce-bde9a8c17ad9.apk
65163c60-c2d3-46a1-94e2-b017c8694bbc.apk
8b33977a-1a19-4aae-8d82-aa2f199e7e0f.apk
cb692377-94ba-4a33-bc3a-26226cd0ecf3.apk
ea1066ed-8432-4b7a-bc03-3573655c0ff3.apk
41eeac32-a1ce-480d-879e-a3ce3cee7b38.apk
2992985e-d60f-44b5-83c4-82430f717e60.apk
3abb2323-4f5b-4ed3-beda-6b3dbdaf5f8d.apk
43754031-7948-455c-8f85-961e8a26ba14.apk
8c9e7e91-07e7-42c7-b432-4f8666e7c4b6.apk
2b82c5c7-6852-4847-a081-07714fd6d86a.apk
d86ef039-c21c-40fd-9cab-ee24dad38733.apk
0c480415-4788-4215-81d6-d7881a15cbf6.apk
ac7a313a-32f5-4fe1-af5a-3b9c01b17976.apk
4c817cd4-c32c-4f7e-b38a-68134d391d74.apk
e6df8bc5-d215-4d9d-9978-8aad1d7e2369.apk
30757333-0e51-4869-b170-242e85525ba4.apk
f4b4fd69-a300-4d88-a97d-ce48f9d38e6d.apk
89d24fcc-b824-4d0e-888b-b0345af3ef85.apk
4d5bc156-8fa0-4420-a20f-4f43bfa78c65.apk
604422a6-9ba7-4fa3-ac96-a9e1654c3a0f.apk
15cb80d2-91a7-412c-b6df-d302843e0713.apk
8323eba8-38ac-4b34-ac34-8dda9534b15a.apk
049999ef-2975-4bb6-bcdb-6a80a485cac6.apk
0d89889d-c699-4967-8ad8-f36bfb40d84f.apk
8fa82719-8695-4122-b139-03b1532cac82.apk
503ed2a0-5a8d-408f-8007-d48830f07fef.apk
8b8f96c2-0265-4d13-95ad-28f11a9770c2.apk
94c014c1-bb06-4bbb-9a13-74f5fc061a4d.apk
1f90b35d-8b66-4d75-b03a-26b2d5afec40.apk
96cdd584-2e27-4a59-aa8d-b151a656c8d4.apk
1c99e6e5-3fa3-476c-a111-9632fbc54ec5.apk
e8b25d97-979e-4cb0-b90d-8bce54a1b77b.apk
41418158-d3c1-4d6b-8fe8-1c59bd2c4cb6.apk
b05ba3a5-f1b1-4093-ad42-9a41c5ec9b34.apk
67863941-55d4-4405-aa2d-4a2bdb682d9c.apk
d16a4318-73a8-4859-9320-3601d8435660.apk
627a608a-88b9-43c2-83cf-3e90173893d2.apk
0751f9d9-bb5c-4a33-8515-83ac9bb84bbb.apk
4c98be82-c276-4a3d-b4b9-840aa73820a5.apk
745b2618-1cf5-4bdc-8e36-8a713005131b.apk
bb59e1ba-204c-4a34-8b30-1fe3431c72a6.apk
ae8c7c8d-f9dc-4e84-a815-fa2b16c201af.apk
41a2927c-393c-4585-bc80-23f81c694ac4.apk
24b27745-d9b5-449d-a3f1-625caa6705ab.apk
f335378a-9b74-4a37-980f-4e1205680164.apk
6387d413-94ee-4734-aa90-84dce21c31ad.apk
5279f514-6056-4345-9d49-d70fbebe20c6.apk
627816b6-af55-4175-a9c3-7c2ab3d51cce.apk
08368ed4-170a-47ba-b992-96def617dfb6.apk
48783dc3-561a-4acf-a3d7-9f0fbb67207f.apk
3575c2d0-d67e-480b-a63b-258a84be6404.apk
6aef8382-bcee-4ee3-8b98-2f4f905633a4.apk
dea0c2ad-9f21-4d54-adea-984000ce5d2e.apk
017ce90a-ea16-4089-96d7-3edd2860d9f7.apk
040cf22f-ad14-458d-917a-465c47c688fd.apk
6102f1dc-7a0f-4b7c-a1dc-af8516ca6a43.apk
925f234f-f9c4-40be-8d6b-d8cdc0c44ba4.apk
31c3affb-dc24-4c72-9b52-a21cda7eed20.apk
359ae175-ae79-43f1-a8c6-c2514070ff2d.apk
58664af6-f8a2-4d24-a65c-cc666e14c383.apk
b68316dd-ece6-4c63-b22e-00d7766e4cb3.apk
4719053d-3052-4cd4-9553-ad61af91fb81.apk
17af03ca-d06b-4c8b-85c2-a47a5dd9b9fc.apk
8ea8a80f-3aaa-48b2-881c-c86fec83955c.apk
30ad2a2c-c6a5-4d45-88ed-d69081cb504e.apk
342c9f02-a3c4-4569-ae50-128e28f3b304.apk
abbafd1d-e6ad-4569-8c97-7b7b21732fc9.apk
7870e561-c649-4b65-9abb-608cb3991a4e.apk
c12884ea-eb57-40ab-bc82-f3875d1e9aa8.apk
d85ba60d-d2b8-4b6c-8b51-587240d4b3dc.apk
a44aeb04-99d4-4105-9bbe-d5e5f85a3c05.apk
e1b3d79d-6fc6-482c-bbe9-7674c0a18cde.apk
605d9ad9-cdf8-413a-aa76-e9f59ff7b6cb.apk
bb62da58-4d33-4435-aa38-620a5b5f7f28.apk
c7144b49-bfbd-45b4-999e-fc36d8d2c60d.apk
5224b56d-fd81-4497-953c-e59478bb7d51.apk
6c48eaf2-b210-435a-b398-e56f289e7fa6.apk
60a5391b-93e1-45d2-8fde-d8be8c24c684.apk
f971cb3c-0fc6-4cdd-97b2-784d7604c03f.apk
68a6fa1b-ed15-45f3-b2a0-33f8473ba7b2.apk
5355bd78-e030-4ce8-b242-f6f88af066c7.apk
d5c43e8a-3ba1-4f67-8581-502fa2e272a8.apk
b5f9495f-ff1b-42e3-9af0-5cbc95708aa6.apk
5a9e37eb-5914-4a70-a2fb-5c06a980b442.apk
2d3cb75c-9cf1-4fb3-b8ce-484493dc4f30.apk
1b782e29-e544-4491-b040-b4e3ad6e96b3.apk
df2f390b-e478-449b-bada-6758195b29c5.apk
bc96c820-008a-48d4-87d7-50095dd3ad20.apk
d489211f-5fb2-42f4-8c0d-f60ea192ecda.apk
15aa20b0-8398-4939-89a3-7dd2d77b92de.apk
646fe49d-81f9-4376-8bef-7df2accb50b5.apk
a170f288-ef48-41d8-8564-9b2bdbb0e950.apk
a61ccb5d-cae4-4e70-bc98-c64950df54cc.apk
fa6871ac-0fbf-4c1d-be65-e4b011c6d4ed.apk
10b6be48-a48b-47ae-a2be-4c135370be85.apk
9274a53b-f6e1-4ff7-92ed-02adda6b5ba3.apk
cdcdd4c0-733a-4773-887b-1d55e0a81d5d.apk
7815e345-1e6f-463e-bf12-df7f4655ce46.apk
b11654e0-9bfc-466f-91c5-11df8afd894a.apk
c62359e0-d019-4ed7-856d-3d8eb03e53d7.apk
10088ba0-d52c-49d9-9ef2-65254fe0b780.apk
45ece34f-63f8-4f10-8ed3-c475966b9889.apk
bfe454a4-0827-4697-8261-f79ab7747703.apk
44570c55-06ac-40d1-a98d-5ab716a044fa.apk
c3137588-f5dd-4093-a645-d912d5cf2abc.apk
d250896b-5c11-4c71-96c2-bd830c5f45fe.apk
1a8b649a-a332-414e-b38a-3824b1c416b1.apk
21f1cc36-583e-46d4-adab-0e14d20f9a2c.apk
ff5e862d-6bde-4de2-9ff6-57c01a3bd094.apk
e969baea-d580-4890-b33f-09e7c24dc9e0.apk
e750ffe3-46da-4f7c-bf38-0ce95d6d2807.apk
51eea400-46cf-4a86-acbd-9476ed6fe350.apk
7c01d084-8be7-4446-bcec-b72f24f53ffc.apk
c253a9fb-1ade-4343-807f-0be1da8cd47f.apk
31c25032-4422-4736-a7a0-7f364168f5ca.apk
75aff3f9-6b9c-4742-80fc-36fabecd3809.apk
9027cf9a-767b-4310-bc09-efd9614e5b6a.apk
291ce78f-4099-4332-bd58-d555c3e5c1df.apk
ca8642f6-c30a-4b3d-8459-4da5332729f9.apk
19aff0c9-6166-4092-88ee-e79a01ff8c1f.apk
c0ef3759-0e1c-4c5e-82b5-ff20a872dae0.apk
8dbf744f-4377-47ef-b96d-88a70c649162.apk
8fa9a2af-720b-4846-afd2-0a4d864fa0a7.apk
0d65f9a2-83bd-45fc-8689-7165ee4f151b.apk
0b6936c0-ed35-4db7-97c4-553db9f680f6.apk
562a1c00-ff64-4a66-a1d9-173534a85b07.apk
62c5f3e9-38a4-4153-8fff-0134c671c818.apk
41bfea70-fe71-4033-8445-24f093d2702d.apk
f90562c8-fefd-4d2d-926b-5a2a5e54fc28.apk
28cbf035-c34d-422e-8e19-4e6690416521.apk
145cbd40-0f62-43e7-b034-b6bd4ddc99de.apk
41aa630b-fd5d-4338-8ae4-4db53b0808f6.apk
14caab2c-86a5-41c9-99df-4e26ec782ed2.apk
f0b87384-ea2e-4a75-9ff8-58044bc6de02.apk
432fb08a-ef34-44ea-b1bd-da0e20d593a0.apk
01ae5480-0d73-4be7-92e6-40fa5ad36c86.apk
7a5d17c7-8dac-40e2-a6ff-534313f556fb.apk
d9971fa1-9810-46a6-8780-5dc2dc42c8d4.apk
8e77806e-5f7c-4295-b42b-94889800f7b5.apk
d4cfd09e-af25-445f-b153-ef7e18d8aeb2.apk
d8f0b301-f5e6-4f54-842a-34e85b22f22f.apk
1c2fa5ee-2231-40b9-bc9d-74dc91248c85.apk
9d9d2e80-76d0-4ca8-9770-c0e5afaa639c.apk
75983934-108c-4f9c-88c6-d311df07a3a8.apk
3bfe67b6-452e-4a1c-9e7b-6905961172a3.apk
744f7c18-8337-4d5c-8063-505ad70c33bc.apk
3925f6d5-81d3-4ba4-ac49-41d70afc7ba2.apk
9224cc72-9c0c-4f21-bdf8-7d4a0b0644a8.apk
b082d905-f738-4bc7-958f-123cd3dfb321.apk
083fae22-a984-4f76-9cfd-07aa15379149.apk
614fb372-0b8c-44c9-ba38-4fc571c92f0a.apk
7a01eb21-4be4-479d-a278-c0689fd42db8.apk
642a7109-96e3-4983-a970-2a1d74e9d9cf.apk
51871f4d-75fb-4578-b654-362033bb67c6.apk
9284153d-a440-4243-9918-693a2f8fcacc.apk
405d5632-ff74-4594-89cd-da9841ccd713.apk
bf0f1de3-febc-4228-a234-4929d81032e0.apk
29f99530-8bf7-45f0-8a8a-fc210542bc4c.apk
b337297a-9883-4ae3-a576-320ddd11285a.apk
fbb82034-de81-45bc-bf83-29c74d269a04.apk
7088b53c-23e4-42af-9f24-5b8c8783dc8f.apk
af43104f-2256-4966-8a37-34a4b0c0a4c4.apk
91d35aa3-17b6-467e-ad69-bcc237c09e87.apk
0329154e-246f-4cc2-a223-05f0107ca768.apk
50f77b1b-60ef-4fea-9d9b-7b83c9cbed1b.apk
408b19df-fb2f-4f0c-8f6f-4674dce2827c.apk
0c9d2b89-50ed-40d1-8b9e-c8afd6063364.apk
da5c9bd7-c43a-4ebf-bc0e-c1c12b1f96ee.apk
62a739c3-6074-49d4-af6f-f796f503be25.apk
7d049aa5-1bdf-4b2d-adeb-30f9cbd98cdb.apk
2b550f8e-71dd-46ff-985b-71492e7d3ab2.apk
7e05ec3b-3ccb-4a95-87dd-e2802cb2b304.apk
16d36e7a-86dc-4db2-8841-b5d66d7cf140.apk
2b1e1cab-19c2-4478-b7d8-eab47cf523cb.apk
8b1c0705-cb4d-4a94-bcf6-c17791218b64.apk
21fd52fc-f693-45a2-b5ed-e350c1e39187.apk
25fb9fa1-f53d-43ac-9ab3-b39913786cc3.apk
e65989ed-4280-40ed-a84d-c6764fcd1be3.apk
26babf49-0c53-4f6e-944c-c6fdc0c2bc93.apk
f9ce6736-1b41-4b3e-9774-01919589ec9b.apk
52a99343-42b2-4a54-bd0b-260e7d72aff5.apk
710e4b7c-eb2d-45ce-9b56-0dd4d69c5afe.apk
9f7d67d4-a8d3-420d-84f4-664714c200a0.apk
72e1d6dd-8684-4345-946d-6f7f29c138d5.apk
e81f6f25-5429-4079-aa3a-f0f5ae963fa5.apk
30ac04f9-c582-48ba-adb3-c6a984b5020c.apk
444367b3-b5f1-4105-8e18-e4a81b21aa56.apk
3be09fd6-93d9-41bb-a87c-17286584136e.apk
287b8350-bab4-4f95-8fc5-012a01ce6110.apk
929970cf-f903-4677-acea-58f1073d2cec.apk
d9e065ac-79fb-471f-bb73-09f041aa9e48.apk
9a0c4a22-3d35-4346-ae83-a4f42c5008c2.apk
618d8259-cd7d-4795-b909-ed42e208130d.apk
0f26aaa9-3998-4e15-8967-e3ef03df06f5.apk
7b600772-258b-4c01-bbeb-b9041cd598c3.apk
7d3f8a78-0fe3-4672-8dae-ae7c107909ef.apk
e2c25720-cc50-4588-8b62-4f8373603b2a.apk
38c2cbf3-0578-41c1-a06b-69838f5a475d.apk
0c7be75f-e827-415f-abfd-5f30d5f464c0.apk
7fe74d57-73ba-48a3-941e-9c3ed6cc9005.apk
536aa3bd-dded-47bf-b830-284329529155.apk
2043547d-f903-49b0-91f5-7f3fca23982e.apk
d1d730c4-9bf7-4adb-bba7-915b85e7a4da.apk
5814a123-e98f-48fc-aa41-b53626d677f6.apk
5a7dac95-65c4-49b4-81eb-821a195a6632.apk
001812ef-a871-4325-9dad-345f949be647.apk
d68ef97a-9f7c-4878-9c80-254942f2e8f5.apk
12e40be6-77ff-43d5-a613-a507a13422bb.apk
4f2e63a4-a346-4c1c-a04b-fff8215e395b.apk
c0b33b1e-833d-4b2c-8dd0-eae330224f72.apk
219bd8d7-a06b-46d3-9c25-7c00931f15a9.apk
b7a972a2-ef02-4dba-b4b5-6a2591a85af3.apk
5de0968d-b007-4f01-b692-53c3a4293263.apk
d848f8b2-f287-4c65-994b-c24b29d384bd.apk
5e1a2dbb-8060-47cf-a182-0bd5d1c68cc9.apk
d9a89506-0295-4680-85ae-87d7d5c95a31.apk
ae5119ed-3229-4d70-a5d2-fd073c08c1ca.apk
946c901e-ce05-4c6c-a2bc-6c4b5388015e.apk
5a224b0c-10c2-479a-9db6-5030f7c3d353.apk
9f1b5a5d-6755-47f5-bbc3-ae9b50aba4c7.apk
45e7b402-1836-42ec-bc53-8073701fd826.apk
5741daa6-e273-42f0-ab13-01c40b107cc3.apk
7f698c78-0efe-463d-bafa-bf9ace9cb007.apk
77fe0b54-baca-49ef-acbe-0efde9c40026.apk
e6ddf362-5570-42aa-9456-bae5d8a43b6f.apk
def21995-7fe6-4f89-9615-f1acbabbb705.apk
94caa339-61db-4e68-b76c-955695ee8d15.apk
9d37ed3b-712b-4712-a0ab-a1743f78ae55.apk
5a76c011-87cb-47d1-93b4-74ac194df7f0.apk
ea92ff97-4f65-498b-8359-d4e598eab744.apk
4499915f-225b-4e69-afe1-4520bf2252f5.apk
2d53a3d3-55ce-448e-bec7-5949e5a06562.apk
e4eb5623-dbd8-48bf-8948-d3d19d08b76f.apk
5f1bc8b8-026c-4e3b-bbd1-5c3808070abc.apk
0872e34b-df1f-4522-a3ad-0ee5736c1b24.apk
9cda583a-13c4-4c4c-8819-3258059827b3.apk
2cf1a89c-6120-4247-a947-51e613304ce3.apk
bd27c79e-16f4-4bd5-91d3-99e33d1ef985.apk
fd1950d3-4796-4ff7-a40a-52e4bcc81d0e.apk
2b32673b-b815-4b09-af97-2639aa0d0940.apk
15e62dc0-00d6-41be-93f6-5184ba944adf.apk
15920169-b8e9-4dc4-80a4-c178d0299fb9.apk
a129d543-32b2-4cf7-b854-cd2a58c15077.apk
8c198b6c-7ccb-40d7-8849-1e670837dc58.apk
4acc514e-30a2-4e66-ba7e-a9161c7b4cda.apk
7a7d6525-25fe-474f-a96f-fb008910645b.apk
74695c34-2971-4617-9bd6-30f1b8e616f1.apk
252b5182-de38-49d4-9a67-8bf7c546743e.apk
880dd5cd-178b-4bb9-866e-7c165fafd65b.apk
7d62f833-3266-453b-b3a1-58f0782f3764.apk
5ac9e74d-ce81-41d3-985b-5cd0a91bc05f.apk
6baa8991-1128-4b87-abb2-1782de1473eb.apk
ea7b2dff-d586-450c-b9ba-bf5b0a6d2b24.apk
7a7c99df-d3b8-4edf-bf4e-2e4675fa2514.apk
c6aaeca4-4410-4983-b6da-1e5cf16bfefc.apk
5f19650b-3ee7-4bd5-bfb9-664770a7fcc6.apk
fb20c145-d6fe-4588-b8f8-337a5c74da5b.apk
1d4aab64-dc4d-471e-9e3e-7f656a2ecc76.apk
e11d8041-ccf4-4fc9-ae13-ce92fc847a8f.apk
ed7a87c2-fc7c-491e-b761-631b5ab9e6cf.apk
18392543-75cb-4c00-bd01-0e542cf1e046.apk
93403957-f00c-45df-93f8-c9b6ca684a3a.apk
7612dd68-81a3-4799-88f1-88b648a42582.apk
5d664793-cea5-4b26-9048-cb90587365bc.apk
0095f415-422b-405f-8d3a-11781f583b56.apk
4baba85b-4f05-4d95-97c7-ba97ce4bd629.apk
cc35060d-a020-4142-9ead-0abee424d354.apk
28c1fc7b-35b3-4591-a153-663beadfaa3d.apk
af3d65d3-1cf5-41ef-ac4f-c967730def4b.apk
853f0b02-7658-4b53-afd6-ffb62f1f30d7.apk
b1c74746-6192-4706-a4e7-7c4fa64171d4.apk
1cf0f4eb-81d2-4d34-9694-8e8444274980.apk
df24dd13-96eb-4112-a0a2-5beff0e7c888.apk
f7773a8a-8d79-425f-aca2-ae4ea96efa49.apk
f4ea3e0c-e5d2-45ce-8b07-bfd81439695c.apk
12e4612b-8355-48ca-bb2e-ded986577a2e.apk
4bceb17b-c151-49be-8605-341196c15dca.apk
5c038a4a-8133-4bc3-9c71-66e0dcfedf02.apk
9a8b7ca9-0088-4c0b-b3a9-bf0d3ddf6bf7.apk
3e541b6e-faf0-4410-a055-9e4c6aab17e5.apk
43f5a924-7a08-43be-bb19-98c199966a05.apk
5921b594-b774-4771-8f7e-60ddda68c035.apk
401fde59-e583-4517-bb59-c6ed215ba585.apk
c0366adf-400d-48ab-95c2-795b9a84b08f.apk
85122210-c84b-4bc9-a371-a27d418e3a51.apk
0d44e969-c764-43f9-a783-f5e275f6aad8.apk
6c68b009-eb39-4380-8b32-f890b445c7bd.apk
9a993651-0d42-40d3-bdc8-339c40216ee8.apk
0a46b1d5-22f1-4d4d-a07a-c6ebac258a60.apk
c7ab6503-b95b-4a8c-b961-f1843ad03cdd.apk
9c6f94f2-a8af-450a-abe1-7b0831374c48.apk
2ce41c34-94e3-4988-af50-5190f5a962bf.apk
cf7702e9-9135-4b24-838c-825af0ae4143.apk
98304231-f573-419d-81ae-f25d0dfd82fc.apk
299e3531-cb40-48af-bb4d-7a27148c2371.apk
19aa3614-e733-4137-bcca-94a2b13a9201.apk
5a71fd68-56d0-4fd7-b757-05cdefc5e861.apk
f0b4a9c0-6651-4a21-a002-d20cad58564e.apk
f68cce8c-59bb-477d-9765-e1abdf3c8e14.apk
4573be95-8da5-406b-aefc-a21a2e802fcf.apk
1f0254cd-6404-4922-b825-4d4ebac21e1c.apk
f3578c18-ba84-4987-82de-b52a327f47eb.apk
ed3639d6-9a4a-484c-87ef-8dcc7c8d23ad.apk
6a637dd9-99b7-445a-bf63-2eebbacc942e.apk
c87282d9-14b4-4c87-bdbb-8e0244ee0aac.apk
b21f013d-2c86-4be1-90ee-4dde235e86df.apk
0271f6fc-b6ea-4b39-9006-6071e7e9956b.apk
74b614d1-7804-4023-9961-aebb8fb7b1ed.apk
2d81a6c4-2838-41a8-9cbc-eceda6bf22ed.apk
b4d621fb-d8b7-4bca-bbc0-d07f5c6bd336.apk
52e4e501-ce7a-43e6-b154-c9e09ace846a.apk
f87babfd-90bc-4cc9-9fb8-cfedae30fe23.apk
6f972101-5e67-4fe2-9815-fd9fcb082740.apk
d58ebf0e-9d02-4361-bc9f-b8300c762fe8.apk
158dce5d-f018-44f8-9bda-94a1db89628a.apk
71a6a5d5-fff7-419e-954b-d7d800efa3c3.apk
52adb112-2bf4-4f9a-8545-297d26891d1f.apk
49944a46-ee68-433b-a573-1f5be53bc1eb.apk
4070e5b1-c196-44af-87ae-759f8f70cc3d.apk
e6f6f005-47ca-4e71-a30c-4494d8792596.apk
b2914994-1707-4659-a070-4dc3c1be973a.apk
cd5a41f0-0222-4f70-b848-4c937224e22d.apk
2f305a3d-a25a-45a9-97da-665fea3225d0.apk
2feecab7-b3f4-4566-8423-102b165fb2da.apk
230f00f7-90e9-4894-9673-008305985c43.apk
f3bb27eb-adfa-49ff-ac0e-4cb6efed7fef.apk
473f9721-d546-4eca-a3ee-b765faf4fec5.apk
e7711313-3d26-4708-b7a2-4da644444983.apk
df0f5234-4312-458f-90df-ce88f8399ad7.apk
0f1a97de-7adf-44a8-b980-827e3bab5db2.apk
b9763ee4-cf7e-4cb3-aa21-32d4cb94941d.apk
daa7f45b-5377-4125-b76a-3227d9f68c21.apk
426c7f33-f485-4d1c-828e-88cd02541735.apk
e0a1a2b6-9737-4bf7-8215-38b34c3a7222.apk
c4016ca3-a895-4dda-943b-3fb01dffce0a.apk
e761d519-eaba-4513-8fee-698021addd1f.apk
558af83e-a507-4feb-8bea-9e0759d3773f.apk
4d2ef07d-d5e9-4294-9248-ddd429537f70.apk
6f2d89a4-ffdb-4aa6-a15d-31c5e5de62e9.apk
8ac55f1c-3c73-4994-ae62-451ed4f81360.apk
fd20a09a-8ae5-4313-9446-dc652a1b29ab.apk
ae1df2a2-e2f5-495d-94d5-0fb72e144404.apk
956ffbe6-fb5e-4a74-bed7-82d9f13dd8c4.apk
f821ef11-cfc5-415b-a6d7-22827381cc0f.apk
51bea243-a67d-4565-bd24-02e8f7ca7079.apk
e169aab2-0463-4ede-9599-a674d57c2c07.apk
8a61cf0a-cd4c-4cf2-8764-233c1d30f963.apk
36d2f097-eb64-4ab9-ba4b-aa03af55cc25.apk
bda2eebd-dce4-4a94-9a6f-a996f70ab0d6.apk
418a4473-acf5-4403-8f06-d0789a42ca3f.apk
e933be0b-bd86-4f61-bafc-a398cb19c581.apk
a801dc8a-46d1-43d7-b40e-04fb6ead5e33.apk
fce9c917-ddca-494c-866a-5db6eb9ae4d8.apk
e0a38f80-2e93-4271-b0c1-cf4ade1a877c.apk
02f2556f-074a-4f3d-aa42-fe0ccea78520.apk
5a1134ba-90ed-4164-9a54-2e235b5f75b8.apk
20a83b1d-0421-44b9-9ddd-bf1efff321e1.apk
c815b01f-db15-4005-9f02-07e3922815d9.apk
f8879ca4-7cf1-4a3a-acea-742a321fe115.apk
ec6733c5-4b9a-4e3e-9523-c74266b0085b.apk
98891a8d-a1f8-47e2-8d85-b84e1226c258.apk
b8c47604-d326-4369-92f6-e4a4291d641c.apk
0d9991c8-ba68-44ea-9e71-181c42842c36.apk
41216203-5335-41c4-aef3-d4bb8414aa67.apk
2d74a210-9318-4544-aede-bd7f7e9e36b8.apk
6132f824-e6c0-4b2c-a0dd-3bab4029ba64.apk
2bb48099-633f-4f61-96e3-81f03544fc9c.apk
39d187aa-1173-4c1f-a14f-dbe8e0af9fb8.apk
a0751fe8-5f0e-4b1a-9e5f-022ba3fff439.apk
17d6ddda-6cd3-427c-b2a8-bb047c63e5ce.apk
54f16928-7438-4d00-bb7a-3d469174113c.apk
3d671a54-fbc4-40dc-b9cc-857a7e64112e.apk
99a65956-eb86-46e5-8ec6-dea2895abe61.apk
c3bb3920-81e0-422d-a6a1-f92a16586539.apk
30e73cf3-68fc-4981-92a2-5b06ac160e56.apk
f99e1dea-f3dd-4d20-9678-106edf1d60c7.apk
a1bf6c77-bbc0-477c-92d0-fc5662164106.apk
754088f7-6182-4d95-95bf-5fd69d8fa370.apk
10504a31-5939-421f-9454-b5320b562ef3.apk
69adda58-71ca-4c13-bbbd-d29e0586e9a3.apk
b4e08aa7-16c2-4ef5-82dc-bcb0ee8dd9c3.apk
0c4625af-a958-416d-8668-4d20439cdcec.apk
2175208d-b1d8-4078-8453-41bbdc661ac8.apk
030f3049-6d41-4c78-b8e0-e5c38ffa9dea.apk
4ed1cc1c-615c-44c5-8416-582418838f35.apk
271affbc-9775-42dc-920f-2de7e2d2d13d.apk
64b34521-7887-4747-a45b-f385e81f8217.apk
1134c2a1-1429-461b-b7cd-415b8984fe73.apk
36cb13e1-74b9-453e-a1e1-35687909c3d7.apk
ece1bcaf-5c20-4019-b24f-4dbb58962c6a.apk
4e61dbf0-f65e-4b41-9a49-7657093a4276.apk
75a0dd55-125c-4af4-95ff-f46b60d35cec.apk
14d78967-578d-402a-be91-f655079e1968.apk
3fb67c25-f97c-42d0-94a5-d2371d9e05dd.apk
8e3f22c7-2946-43f0-a423-6ebc0f072d32.apk
f218288b-c0e5-4488-8858-055d4a88491e.apk
0d484062-158e-48fe-b9cb-9a76da2d7eff.apk
0f4250aa-07b0-4561-a19a-240f58aa3362.apk
391dd9c5-62ea-4604-aecd-82dc4fc42d89.apk
d67ba36d-c98e-4a6d-8e31-c4fcf42fe01d.apk
ff0e070b-8325-4ce4-9cf7-4f77f74f35ba.apk
560cf416-579a-45b3-a064-4e2f7c6b4d79.apk
914fadd2-3a06-418d-9e4f-9523b9699af8.apk
6c13df90-9cb3-4105-8013-54d940cf76c1.apk
fcdad9ed-12e7-4341-ade9-b935a97072be.apk
7a02cc21-dae1-47b5-8d9c-f23f518dceb8.apk
77edd6f7-e945-4f82-adf9-e3f85c6fb93f.apk
98702650-e53c-4656-ab76-609770c829ef.apk
ecd2c542-3fe0-4a7a-8ac4-be4d6b1911d3.apk
e6df2181-765e-44e5-b5de-391e74b1daab.apk
d9ced62d-42d2-42a0-93bd-7b4442a341f5.apk
8d46791e-91ef-4455-90f2-c1903649446c.apk
6504a45c-6f9a-4286-a436-630c9ff234aa.apk
a6d9481c-1957-42fb-911e-2cb976ed85d0.apk
78b93a08-b018-4977-befb-0afe1a3eddd7.apk
7e242a31-fea4-49a0-baa6-0ec091576173.apk
1f6a9cf6-16dc-4e0e-9978-167a4f2f7a97.apk
fa9bb905-70f7-4f8f-ba6d-1972c4f649a5.apk
6d056eb5-1001-4400-9012-df9549b8b5ed.apk
0e564757-e4eb-455f-85a1-9e1396d1bad5.apk
9382c336-76ff-41ba-b6bc-16234d618efe.apk
ff10939e-a42d-4a01-a5ad-3e91579914f2.apk
e77710f6-d27e-4dc7-9c73-dfb9942ee964.apk
3f84e717-f4c4-48df-9d79-ebeae0170325.apk
d30d7454-af13-4444-a249-6aedce776e50.apk
533f7157-8783-4f3c-8c54-3673b8976475.apk
f7dba90e-c87c-43a4-90a2-95230698d5a4.apk
3c9487a5-163c-4858-8c1c-8df58fb4b09c.apk
e1ceb209-19b1-4ad6-bb24-78037beb166f.apk
da1b9b75-0a7e-4457-a65a-095b6866daaa.apk
52855458-a6e3-4f60-b08a-681a6e3dd64d.apk
741e62ed-f15a-4311-baf4-deece6d0829e.apk
436b455c-82e8-47ed-87dc-cfb33b743cc6.apk
0b8e216f-07b3-4c85-ac27-ee873c52ed5c.apk
fd3d1ea8-537c-4843-91cc-00cc15dd17a0.apk
a083af7b-91b3-4112-8906-62422650763d.apk
90e3de27-5253-4416-8da3-0a112e76b9e9.apk
bceac54d-d2a2-447b-881c-5a0d51ce4c23.apk
e660bf9a-333d-49c6-8144-1232c918bb59.apk
4263e28c-b453-4b59-aba0-ad0e1ff03406.apk
168df539-225a-465f-a6ed-a2c88f6d6055.apk
aaa9a8bd-c8b9-4cf2-8a2a-b950fac38801.apk
721dc01f-e7a5-4ed6-8893-b220161abde4.apk
096d61d5-3116-43f7-957d-358fcf1183ae.apk
a264390c-0b0b-40c5-8875-005a73f9dd2b.apk
19825923-5bd4-4025-a548-da2becf3269d.apk
0d09f533-a2a8-4e8d-8ed9-32245391e883.apk
d004b17b-4207-4186-a928-9baa7cf28bde.apk
43b15335-2624-4385-837e-d251866e8049.apk
a9074d66-84e3-40d3-9aab-c3831c010530.apk
d9e8dde7-774d-4cbf-8f21-3d83c52a3b3c.apk
17249b36-79f1-49fa-983f-b71362c9f947.apk
8df90d4b-faac-48fc-bdf8-48bb8105639f.apk
d2025aab-9af8-48bf-a673-419ac6f491c9.apk
90934b20-7061-4c2b-b4ba-7fb31b7b3f40.apk
b4c3b8f9-d433-4445-8aa1-61ab9268f4d3.apk
f830c3b1-9d6e-4fdc-8bcb-470dc7cee7c7.apk
3aceb88e-759c-4fed-a821-fa5b5f5e4153.apk
ea7ca4eb-c930-435c-b81a-fac94b729fb8.apk
96ef30b0-61da-4dcd-8a1c-f5996f46003e.apk
5322732f-9c22-4fdf-82aa-83b4ac09b49b.apk
322ed791-b8c3-487c-b65a-4da79cd8ef4e.apk
fea03aec-945f-47f8-aa91-92ceebf77d72.apk
28171264-e433-45ad-9941-6c9e6692952d.apk
0163fa6f-b991-40a7-993f-83748c5e5cff.apk
3354d851-c6cf-4933-a598-369653ea2992.apk
5d7a83cf-4cc2-474f-a58a-d3c59307f95a.apk
2cdf5112-1cba-401a-8167-e8828317d188.apk
e019e798-0d26-495b-8d1f-c15aa58ba21b.apk
d3084a74-d7bc-433b-a8d8-321ad778f84b.apk
132060be-2ba5-4dc8-bf31-5abba34efddc.apk
faa55a6b-eaf5-4fb0-ba47-772d75975fda.apk
48d5c8cb-a693-44db-8acb-db14c3d3eece.apk
51446551-2915-4b52-b28d-ed31b27ca390.apk
9ba9828d-cf77-41f1-92ff-b39dd864f504.apk
a02db17e-6bf1-48ad-aef3-efb9a3974513.apk
cfdf64b5-7e43-4a5e-8f07-4da8cdd7698a.apk
1c794878-d665-4aa6-80c2-4253b5405cbe.apk
44ebec6c-da3a-4614-af10-ad852b0a2568.apk
b153d456-996a-4ab5-9327-e663e47e78ef.apk
d898a345-bf6f-4a07-8549-2cbd55a5d1d5.apk
f10385e8-205e-45f7-8a1d-e66edcc66eb7.apk
e1cedfd3-c4d9-4d89-80df-7f02a0d75407.apk
5cdab75a-558e-46b8-b551-b320dedf0ef6.apk
af656666-0629-4d71-a441-4902f33dff59.apk
7b6c7223-4759-4ed9-b210-8dfb7c48a0c0.apk
8b3b3887-5a4b-44d7-91e9-4d7e15098131.apk
a4df979d-c36f-4f43-9678-072912bf6a11.apk
3e377113-1f34-46b9-b2fc-4ae6640c7967.apk
b80c9d16-0faa-4191-8d3a-4d1e5585570c.apk
cda3e7de-3cf4-4d3c-984f-93a18edfc8a4.apk
fb940339-492b-4021-9d8c-e98a0ddaf8e0.apk
f3336032-a228-4a24-b2c7-9ad006007cd4.apk
803b0c24-c87e-4ff3-9ddb-491a7164679c.apk
4fd56b15-a835-4870-96eb-0abd4df62e6a.apk
2ca78153-b6c3-494f-adf7-dc0f41e615b6.apk
e6c2c338-44bb-47b5-a835-658eed4b01c9.apk
6815c22c-ff4e-40ae-bfbc-ff4606c60aba.apk
51649d56-8154-4ce9-8108-69f9517b09bb.apk
48c1c280-127b-41e5-bf69-369cd4d57365.apk
424f44f7-cfd5-4284-b81c-f98b3b7f3b98.apk
1bcc1fc3-925c-417b-bf26-b6d6ea2e1943.apk
80db236b-81e8-43b8-b318-463cfdde4b6b.apk
490000af-fa9d-4ae2-85c3-57d75b7cee62.apk
85abe0be-1f0e-4b27-8257-997ed6b9aac7.apk
04562a5c-0725-4db3-8782-48ec6ee8dc13.apk
7982fab4-dfb3-4dba-b20f-5e856886beeb.apk
f23ba178-9790-4d1a-b762-81e97e3a75f8.apk
525c0888-e334-40a1-a7c4-665818b34198.apk
3b7c80de-a12b-4b9e-9609-e0212ce7ec9d.apk
e96ff2eb-a95f-4e3e-ab7c-0ecfce9a4f17.apk
d68d4424-f32c-4f31-84c0-ef6d63f06b90.apk
865215f7-3b52-410a-9cca-53dcf998409c.apk
e43c43b4-22e4-40b5-930f-3d77d739658c.apk
555f0533-b959-4155-976d-08f9e4181cc0.apk
f1742379-79ea-4d0a-be38-0d6d131dc052.apk
ac6c7cb5-ef3d-4e55-9377-f6bbafae10f0.apk
5d61abe2-1b8e-4891-90a5-68fdae51084e.apk
fb8988cb-df93-4c1f-a4ef-5345cba06f78.apk
c8b8823f-d859-434a-a203-acf6a3fe1b65.apk
c17c6b2d-1089-427b-a028-556694228213.apk
55630337-e108-479b-b9cf-12c2e151c0c9.apk
896d555b-e507-4d1d-9eeb-9bd7a935ed24.apk
4bed5b85-1b5c-44a1-a760-659f60c3a77c.apk
a0430068-d227-4f65-98e4-f14b7e11cb9e.apk
54827d29-8f66-4b5b-8016-f8121e7445cb.apk
33564ff1-59db-40c9-9d76-ac3a5d7477b1.apk
189a2fae-decf-4502-ad8a-c5c081c36bb5.apk
d87654bf-afad-4847-a7a5-ddde90c418ed.apk
87ca6c8b-2046-42f5-9832-7c6f28b361db.apk
0d378870-d100-4535-aca6-16b98e13a55d.apk
3bc937b5-2045-48e7-9419-2a9d203fa922.apk
8d763a93-9db9-478e-ada8-652adda35e71.apk
b043d5ee-ff3b-4816-abdf-c8b08e172bb4.apk
776032f4-3109-421e-bf71-9b6339662fe0.apk
9717f426-413f-4970-a38c-c8b57110ddf0.apk
6ec91ef9-c063-4883-b98f-977198259612.apk
e203827f-382c-4fe4-bb55-253f3f33f82d.apk
914b28f0-bcf5-41a2-9460-b903d9019cdd.apk
fa7342fd-b6bf-4bfa-a308-5e2e19fc5fbd.apk
c331bc79-d4e2-4c2a-b359-d8c49330395e.apk
7693354a-e94d-459f-a80d-788da4220cde.apk
b041818e-b85f-4e76-8cb1-2aefe93666ab.apk
97de8141-f521-41b7-9de3-ab4259ab7774.apk
e3fd17b2-7ad0-4ccc-bacc-b7a5fc15826b.apk
b8a4b5df-63bd-483c-88c8-3801622383c5.apk
6b634eab-32dc-4fce-89a6-627cf6f53ecc.apk
341df016-51b3-4dfd-b5dd-8c90525cbb4a.apk
1b23afc1-074a-4f91-8e5d-3f362a11d677.apk
2e2f4b9a-956c-41bf-9877-6ddeaba3c06e.apk
df5040dd-9cc5-494b-aec3-f94a81d5b788.apk
dfbb0e12-c89d-451f-9996-c862f7d8109c.apk
ceadf323-d0f5-4da0-9273-9dcb51c564b5.apk
e8afaee4-f593-4e98-acba-ace520c76787.apk
981d5619-b689-4b5a-a873-0c8b8b7a5ef1.apk
987324a4-e739-4da8-9e69-94bc98e4b8b5.apk
e7be8445-9adb-43d8-9738-9e3eccee8968.apk
232c0d35-cb0c-4262-ba0c-3c24f13fae0a.apk
341c584e-43b7-4d31-ad54-097ac0d61223.apk
0292bc94-2891-46eb-90d6-2e8d3bab4c57.apk
d5ac7ca1-4611-450a-876f-c27bea8c033c.apk
2e77bd5e-5d28-49ea-9e64-085decd8efa1.apk
67f6a216-2be6-4078-ac04-db82213982c5.apk
1ed71c59-71b4-498c-8051-1486932f6c91.apk
d34a12b5-7f08-4bbf-b101-883d1ed6793d.apk
d404fb7b-8409-46b3-ae83-880758763743.apk
0fd6d60b-3318-4f97-a7fe-1b0e65329605.apk
431dd662-cffa-405c-bd15-ad9cb6c98162.apk
a3921d57-dada-4cb6-9478-5d739c508d6d.apk
3004f0fe-ff56-41b3-a9e8-3a9d0274935a.apk
ce8db52b-e69a-4b1c-96a7-01e378af51be.apk
fd83ff9a-fb6e-4692-82b4-6e514d382933.apk
4206cff5-b7f0-4217-bd06-d95a8992ea07.apk
e5ae78c2-9d6d-4c33-826f-3061e1054fb8.apk
7b6382e1-12d7-40a9-9e8c-9ef750e58e81.apk
d8343f42-dfec-4d76-87bc-aa7767ca21ec.apk
7b2ec964-4d47-4f16-95d4-b6b7d228a594.apk
9b53df6a-ef91-43b8-9c63-3e0459893637.apk
e1d8aaac-26fd-442b-92ae-1635d7b3ea34.apk
3411ad51-9d40-43f9-83e4-eecbd89ba0ed.apk
25e088da-72f1-4ea3-84f9-c6482b10b4b1.apk
e4c5abc4-3cda-4854-8d00-819c33a33ded.apk
0ab9b73f-be67-4b38-9088-2c518db6f9dd.apk
af9a5ece-a8a9-41e1-9b76-919d9b3a6f60.apk
157ac631-4fb2-447f-830b-58ee697fbceb.apk
ca9bcd84-a8fd-40b3-b591-16d6bf5dd9f9.apk
e740567b-2300-47df-b417-ea26a86aea9b.apk
a24c0ee5-b275-4f63-875a-02b03bd6efe0.apk
d60ee277-68c0-4a96-a96f-d812c35a2836.apk
56f79252-ce54-4448-b57d-03507d9aacf2.apk
48a8423e-fb01-4701-bed4-5e1a1d86952c.apk
937c64d8-d622-4ed0-af78-b719067aeab2.apk
480f10dd-19e2-4fbd-8f49-90b3d03af6c5.apk
26e3d263-0e3e-40df-9d35-8d16bb7a1445.apk
c1258332-1829-4404-9c69-d82af368da99.apk
221c3f9a-d561-4fec-95da-36e6f5c3dd0e.apk
de7fdc18-8352-404a-bd44-65457749aae1.apk
b22edb80-74e6-4f09-89b1-79fec68ad34b.apk
8d236074-36f0-44f0-a8b0-1f66e69dbbab.apk
94f37b99-7be7-4a08-afd2-ee2549002455.apk
15696c4f-f4f7-4e43-aadc-8d489553eafb.apk
9e90bd0d-370b-4850-8f39-b9e7d0b9ef2e.apk
25034eb5-303a-4ecb-985d-760a3ecdce03.apk
2b5da6df-0a3b-46f6-97e4-943c1b7e511d.apk
23004f38-fabb-420e-b88e-d28e6266218a.apk
87a5259a-2feb-4ec7-a426-94358cc050b9.apk
30c5b5d9-6c1a-458e-9059-0838e0572b54.apk
810cc125-c8b0-48fb-a70f-0642407e1a52.apk
f7738bbd-bacb-48ca-a36a-d9d50edc0979.apk
5997abff-c722-4c18-9df6-685bc77bd879.apk
4751b4ec-0c5e-486c-965d-6929b66b212d.apk
8ef58664-5b93-490c-828d-22b4b7f9619f.apk
4f74807b-3c69-4da2-aa97-d5d73744f043.apk
380b784d-8e12-4b4a-9f69-7fe1a3074ef8.apk
59bbfced-0e7b-4779-9303-9fc23f1b652a.apk
1770a125-94f3-48b8-a620-849d1008250c.apk
7505e87f-92fe-4c7e-b4ec-efdac1835c3a.apk
88282984-f38b-4a73-b526-c77cd4fd0bb6.apk
7b3d2d34-55ce-49b1-91bf-be6e2ab1113e.apk
727b5ddc-fec8-4dfb-b578-34446597ad1c.apk
c6fa14ff-5191-4e8c-906b-9ff7bb6171f3.apk
e1d9e1a4-7dc6-4035-aa38-83901916876b.apk
5f342b17-bb39-4096-a17c-50a8813ea906.apk
9e94fac7-001c-4296-9898-e3e7956efc87.apk
aec87da4-08de-48ab-952b-e7818cead504.apk
5971dc75-523c-4d15-817b-24711975ab0f.apk
95e3327d-6441-420e-980b-5a1939936912.apk
9e6dce7e-3edd-45bb-863a-20cfab6f7257.apk
9bd5dd9a-763e-4fe5-8dfc-a5db15044615.apk
843f9ebc-7721-41dd-afa9-8f179d7f430c.apk
7ed6ee0d-f508-45c5-b0e4-9da421ae774b.apk
046a079a-97f0-45a5-b4be-5d79d2635e76.apk
16632c73-1ddc-4067-822e-5e5ca9b080e9.apk
3b7437d9-1efe-41fc-8402-4c79c8064733.apk
7016fd76-db44-4206-9208-258954116839.apk
6eb6b107-6ff8-43d1-b09f-e2b42b16f13e.apk
75e52107-2348-403c-964f-e129e7ba909f.apk
01b082eb-c98d-40d8-a7d5-55192e6edfab.apk
39667962-d5e9-4060-b511-986098ae0c98.apk
99e3f5c6-1e30-4be7-a02e-bd3c8614eb40.apk
3a489ab8-31a6-4ecc-b3d6-917350942302.apk
4164a6b8-3caa-493f-a43b-94aa4f880893.apk
a4dc0231-ff2c-42b7-8cbb-238fa0265e67.apk
7bc3f532-0562-4b23-a134-fb14908e1b7b.apk
9e951d45-3c8e-4b7e-915f-93c5a3680d36.apk
504185ed-2cf5-4733-92a8-ea4abb704d41.apk
4689cc7b-92e8-4c2a-8df7-bca34384e96e.apk
0328116a-37cc-45a7-b1f5-1bc7cc4745b0.apk
0b4e3a79-6d47-49a8-bf17-8a777c75d5d9.apk
2b8c67e4-da19-450c-87a8-a19944562375.apk
6361f3e1-e467-43af-a107-a8703752609a.apk
4265cb29-f690-4986-85f8-5482a1de77f5.apk
189839d5-7233-4804-bdec-92f2125257bc.apk
5f78dd3d-0109-4170-ac49-bb8d7123818a.apk
d388ba37-94cf-4fb4-950b-b08d80274b01.apk
0baf2ef0-fc02-48e4-9220-2642d8048543.apk
f9fa5507-e1cc-480e-921a-d965ec0bb05d.apk
4efe49fa-69f8-4b78-b29f-5eefb7cd21aa.apk
0fe5a03a-f25e-4413-a8e7-20b5f49800af.apk
43a93d37-f0e6-46ec-a64d-ca5107ea2af4.apk
23fecfa6-fe16-4d35-b3a3-107aec0a3891.apk
b4720a8c-a6c4-4e08-9a64-7cb928f883fa.apk
6986a87f-bbd6-452c-b71b-f3fd3c965098.apk
378be432-e3d6-425f-8df7-b47fda8b83ce.apk
12bfc067-4ba7-4c03-b5b2-22a556485325.apk
6b397951-e74b-4336-b088-fa6ded9c888d.apk
8c9535c9-06d1-493f-bec3-eeafc1cbbadf.apk
8e15b10f-165d-4f4e-a149-26a1d08a0c8f.apk
42a3fe9a-850f-448b-96c9-996f04277f60.apk
84c57f1d-6c07-4ebe-af32-aed563fa0c13.apk
6ee25265-f39f-45e5-8e11-a899d50fac2b.apk
d92018d7-718c-4369-adab-210a124df816.apk
d5e10c09-0c8e-45d1-902f-493142492bbe.apk
aa60aeca-65bb-44b2-b9bf-4b42998d474b.apk
3e619cbb-c209-48a0-81b6-dcc0ea6fc868.apk
683de17a-9d5c-405a-a967-3f657701160d.apk
133a3444-c95c-407b-b17e-a83109d0938a.apk
80e36f16-b437-4321-af52-b7e5420df21f.apk
82c6290f-432b-4e86-b20c-e5f769d1c61c.apk
ad5c5abb-dd12-493c-b26e-f1f2d37f17de.apk
5066010b-932d-41ce-aa60-90fcc2af8107.apk
a5789b82-468e-4cda-9399-cc5b8e579c90.apk
8c2b723b-4f37-4923-a647-691c36db09fc.apk
91ec4176-a734-4031-b49a-5b3885c2ced8.apk
e514fc22-7d8c-4e86-895e-dd0379e2cbb4.apk
3e0912a4-8884-47e6-b479-7932beb78037.apk
33ddd433-abdf-4f75-a322-179aa044ba50.apk
d383a2f9-5c00-4097-a2af-651eb16d26dc.apk
30a79be6-96ec-4249-a88d-a6b30a06055d.apk
d2ba4500-31f7-48e2-83d1-563a779849be.apk
80c53227-8a41-4b06-8607-f3137b3a18c9.apk
185534cc-0a92-4777-854e-4854f45ab0db.apk
889f5f52-994c-48ad-9761-10a3220c7a79.apk
2a7106a7-d750-4901-b225-b5aa7565ba60.apk
23dc7b2d-05f0-4f1d-a8bc-27a2c7dafd33.apk
402eb499-6131-4d24-9cf2-65c8e81e151b.apk
3768b343-024f-417c-b659-0e1e37ab4c5d.apk
73bf9f35-c354-4df2-a876-1bcaf423405f.apk
5b704d53-0183-48ac-b032-7f7469910e0e.apk
f70681fd-fc8b-43be-bebf-823ee64fba67.apk
261533f7-4408-4323-a109-421ad3b3e1d7.apk
6bc74427-e056-4bd4-8a96-261a89c28262.apk
a6f35bb1-cc28-4286-9696-86478d2b3c2d.apk
308833e1-e433-42bf-9937-b43c019bd721.apk
1e12d7f7-e177-4238-8cdc-68c9d832ca81.apk
2940d5fd-8a8e-4fed-9a6e-e0b012d019fc.apk
45f00f69-41e8-41bd-a28d-3bbff3076789.apk
71e716a1-0342-46bf-b3e8-760bcfab3c81.apk
28b6494e-b7dd-48ec-83b6-f41eb9b1a4f1.apk
4a4ac262-e976-4cad-af53-2b3bcd60ac17.apk
134d3a1d-704d-4d5e-8402-41ffe50ee317.apk
e7647ba7-b5bd-441d-8b71-23a880449d78.apk
df8bdf22-966f-4cac-ba1e-c2e54249a712.apk
f17e0302-24f3-44da-ba9a-e198dec2f116.apk
8fa7640c-2296-43c4-b6df-938e34435d58.apk
bc361ba3-fb77-4ee0-bba4-df831a372181.apk
df7ec868-e124-40e2-825b-31da8e1d6939.apk
95c4f171-12f0-4276-a239-c998e0d904f1.apk
44ffdb08-fa8d-42b8-b73e-f1c7479d6441.apk
eb58324b-3cf6-4b7b-85b9-04e63e28e230.apk
31c9ed4a-df29-4bdd-bbdf-30dca1570894.apk
634e6646-e2a5-4674-bf85-22bd69acd6cf.apk
737aeae6-e86b-418b-b635-51f56bcb43a4.apk
72ba2771-31f8-4379-9d1b-12d943311421.apk
c433e134-8dbb-4d0b-a3ae-44ebc41bcc7a.apk
3d18da86-04fb-43a0-ba17-6009e3d30f3b.apk
3d1d4b6c-94f8-476f-827f-de0a4b9479b5.apk
940935af-22d6-4f0e-9c3f-e0fa6492fa10.apk
5914b28d-8ecb-40aa-8ab6-d2dea83ea384.apk
5e62e0bf-190a-495f-b43c-10040708d7a3.apk
a948776c-965e-4548-a67b-f9c96fd5b6bd.apk
3df27316-aa49-4c42-a1a3-610d6f79c12c.apk
42964f7a-071d-4182-a0ed-7a8e21bc8a34.apk
bb59e6e2-664d-4fa2-96e2-9f7595dd03d8.apk
87b7b653-686f-4d9a-9a37-a5b1f43bc0a8.apk
2a76e914-9081-48af-a935-6e55ea0e0dd7.apk
eb8d7b2c-eca6-48ec-913b-25423cfdc6e9.apk
61c16ee0-bc25-45b4-b409-9a31cc9dae01.apk
4a5a4e6e-2a12-4e0a-a935-8eec0c838ebd.apk
bc05a057-9886-4d54-ae1d-3553bbb53331.apk
da62f7b7-527a-421c-94b6-f150e37f97b1.apk
aba53bbc-d939-4818-abc5-50d1d529dff8.apk
e0c574fd-adc6-4e16-a35a-cd8537ac5c8f.apk
90b9ad27-7517-4200-9f1f-50f976ada26f.apk
bbfaebb2-04dd-4846-a7a9-741166788bdd.apk
fc132c92-f4c0-4d31-8add-6018880f520d.apk
43bdcf86-8a34-4161-901d-fe5194075095.apk
b0242df8-81c1-42f1-88ab-1ea1ac07cf56.apk
eee284e3-5109-4e06-b0e5-47b1cd657081.apk
6deb5151-c836-42ae-9394-266fbc24c464.apk
5671b291-5b1d-40cb-b6a2-9bc4387bc847.apk
3426282c-bd85-4bbe-8448-5e5a72ee766d.apk
adb5eeec-ed6b-468b-bb74-178c32e4034a.apk
40c76c96-8f94-4315-a11b-f25b9d2f6f1d.apk
fc1bd0fb-a7d9-407e-8f18-e4ef32467874.apk
331ea710-7c65-4b04-b32e-4651a878e5cb.apk
80333ca5-c287-4af5-89fd-abb4a73abdad.apk
b414667f-c239-4b91-a0d2-c3dd6e6d1c3b.apk
d8c8414a-abdb-477e-9f55-9d2df2b91846.apk
282726ac-3683-4d2d-a8a8-f44ae8476111.apk
5dc2bdfe-7d95-49a6-b59b-f1b3695c63a3.apk
cf9876fb-b9ac-432a-a30d-8f3121d2d32a.apk
485d3e3c-91d9-44dc-bb38-6d9d939ae579.apk
acec12f2-30df-48da-94c5-d3103123a159.apk
67374f45-cb48-4fb5-bba6-a10856a15f10.apk
1b166a3c-1b10-4b5a-9d4c-4861a1ee2504.apk
cbee4093-91a3-4f95-b396-e62f41fde126.apk
e786ed27-2b9d-4dcb-904f-f3b30e2ba0e1.apk
d80801e6-5f3b-4eef-8d6b-cfe2a10f6a9d.apk
5f8654fd-bee0-4a51-ad7a-67cfe2446208.apk
273aba13-852d-41b0-812a-b6bee6aa1587.apk
9552b11d-f707-4346-83c6-a0aa5b5f3999.apk
b8acc449-4571-4e3e-a020-c8071475e533.apk
6011cacf-f738-43c8-afb8-2c1bb5ae639d.apk
ea995f06-c0da-4144-b01e-4ef2bc932a41.apk
071e8c8a-a04b-4dac-a208-e5122bc0e617.apk
75457e36-cd90-4665-bb22-637f38f2b32f.apk
5de7a6aa-4763-427a-8196-4b3ae30dfdd8.apk
7cc002fc-6e83-4712-b497-d0a33b251aef.apk
83f22713-a2c7-4116-9875-a868f33d598d.apk
a3cdc1c6-b8b7-4460-a62b-f5801f566d45.apk
e0de4d77-f299-4e45-9d6a-d9e4a5a634a6.apk
ec3955e6-fc13-4572-b749-7042b259c7e9.apk
f5163fe5-0f78-4e1f-9425-3e1443da8656.apk
1d5c6e4b-5258-4d9c-ae17-fb5f79b029c0.apk

