a37ebea1-ef4e-43ef-a14a-ec7c230782ff.apk
82a6dfe5-ea41-4784-8e0e-9043812a013f.apk
b96d997b-ae95-4e19-95b6-b2d565be3f93.apk
c2ebf6f0-91f3-48fa-8208-2d5142c565b0.apk
7b37b9b4-5376-4c8f-b96f-eff3e08bbe1f.apk
7968acd7-222b-499e-8002-5599f0cb1fd6.apk
abf3f51f-6305-4713-9988-6dd6ecdd2557.apk
b6e652df-48f2-467f-9d22-b7af1e92f195.apk
663931c5-879c-4985-b87c-0fb13b7da42b.apk
2a957c01-89e6-4126-929f-b55cdcf26664.apk
9e8b9298-019a-4d10-979a-4013fc13aa60.apk
f6e774ad-17bb-4474-a76f-553ad84b30d9.apk
8a62f682-d6c6-4360-86fd-4a5f7518dc29.apk
c71e321a-88c6-41b6-b688-206ad42b0bc8.apk
c2726399-39f4-4fb7-a54a-f8150a85742b.apk
06899467-fb50-484c-86e6-6c1edb070318.apk
30282475-f8a0-4322-b44f-3e7733061c25.apk
bab0ae79-ffec-4a04-84a0-87afa6782ef5.apk
09d0aa57-1e4a-4ae8-988e-10ce91c0fe42.apk
6f0b13c4-0e98-4c12-8987-7788b9792b7c.apk
59a7fd94-eaf1-4842-896a-deccaf26f34f.apk
b323004f-c7da-4250-81a5-e59f7c291b4a.apk
a0674c3f-85f8-424d-80e8-a34ba4c37041.apk
48b33087-c956-4ad7-a36a-efa51543724d.apk
5af31e7a-981e-4783-944c-f9141e780004.apk
07958c4d-35c4-4b97-8c10-6afc7f6feff1.apk
abfef5ad-bf1f-4cb4-a9df-e0c3457d3934.apk
4ba2241f-ddb4-4b39-accc-00deb389788e.apk
332af0c8-7836-4d8d-9017-92c507b25ab6.apk
cc0f3d11-6087-49c5-80ad-79a1841bcd2e.apk
5fecace1-e59a-42cc-897e-3c716689341e.apk
87e28dc1-422f-4b88-a7e9-20a821f3172a.apk
25f0a475-c843-4485-a5e3-f463b3ec58fe.apk
b4816802-c7e8-43a3-a181-0d7d2150b5fe.apk
013c52a9-6ac7-4359-b918-abab7c530cf9.apk
422196da-993d-4965-9e5c-9828f83d8373.apk
7fe29dd6-d208-475c-9e49-696aeb792cba.apk
a6e84bbd-266b-443e-8e73-e6897e95501e.apk
14ec6b37-ff36-4dd9-830f-179220aee30c.apk
7564e369-9362-464c-aa09-3294c6dd44c1.apk
4193053c-4899-4176-a0c9-6c334203e21b.apk
75db1549-9d3a-49c7-b0b1-4e5dbad942e8.apk
0e0065eb-6ac2-4029-a9ba-29dd2e3552d8.apk
5d30a436-7519-4112-809b-7c1576fd8842.apk
6e84565c-cc06-441f-9f9d-985886a09077.apk
97df2b70-7ec2-4a51-8a15-cf80cd7ae515.apk
8ebec174-8588-4d5b-b5f3-acbd1acfcefb.apk
5827bbac-2bed-471d-8be2-df0ca46cccd9.apk
8eb77359-de42-45c5-8bc7-39427d385128.apk
3df89168-99d9-46b8-ba62-278104acf01f.apk
764b9dbb-a0a5-4308-af87-24c4c7d09aad.apk
f6cd6434-523b-461a-a484-a375cea81201.apk
ef591801-19f4-4f4e-ab9a-93f683408d28.apk
68b32cb6-cb7c-4712-a80b-1455730aff95.apk
2b130e83-62a6-4685-b9ad-437eafae71a0.apk
be484601-ea22-400d-95ff-28377d510fcd.apk
b9c6e50b-a8f9-454f-8a92-e400bf4d6785.apk
f2b4d702-d894-44b3-914b-053bb290d0ad.apk
4aa1898b-2cd1-474b-96ac-e5b57d9f14b4.apk
9ae40722-eca8-411e-b5fa-9d7402418929.apk
2de3584f-6f38-4c68-9817-014e0855a52d.apk
d354b818-e219-4ced-af49-5f9815e8ecc8.apk
dab1f8fc-e4b4-4940-b2c0-e93c38f94208.apk
e62356d3-7eae-4bc7-ba17-87869fdd4c96.apk
28dc6080-3b71-4667-84ab-6d38b566951c.apk
05f5d6c2-1442-4bbf-ae4d-0b3bb5fb7eab.apk
aba83efa-94d8-4399-a339-05a68838f5d8.apk
b03f0812-2c0d-49c3-b316-b71fa88d5437.apk
5613214a-761a-46ce-95a0-6217af7b98b6.apk
68fa5fe1-afd4-47d7-9285-59c78f417b48.apk
9dde383e-ea10-45ec-8783-53dbf0df07bc.apk
f5f77564-ab66-4bc6-b673-9db1916c104c.apk
5c840880-6d6d-4bd6-ac9c-704c5261a3a8.apk
6ec84cf9-6ad7-46ec-90ff-f09bca54c072.apk
278dc672-1157-47f5-b0f4-03067e813412.apk
58007bb6-d7fe-49a8-bfe0-ed04f2ef3e2b.apk
19e9853e-7081-4fbf-af86-afc9e683f621.apk
4c311a84-3f35-43f1-84a7-04b77153357c.apk
07897237-c88f-4158-a8e6-35a50eedbb64.apk
cb0d96ff-d894-4c42-9c49-dc0214aa15a9.apk
56ad810b-4efe-4a15-b4f9-07b2154172fb.apk
7c57048c-95fe-4aa5-b233-11884b0cad0e.apk
ecdcb896-6141-4ad4-9c93-93e59691545a.apk
8c8cbbfd-6f9a-408d-bbae-e0a451c30526.apk
8203f52b-d68c-403b-af00-5d83ddd138aa.apk
6446064e-20c4-4c7b-b4d6-46ace77fcb8f.apk
2acef794-ab18-40fa-bf1f-db27323c1efd.apk
a09fd505-1d3c-4b6b-b5ee-3c35e281057d.apk
248f9eb6-2446-4b75-9bda-400636507e35.apk
7b1f05e6-d56a-4351-a456-186e99b76079.apk
4eeacdc1-c500-4c80-878d-e2c5d69cbf2e.apk
d7076dce-9274-4dc0-8552-b6da72619fe8.apk
3156b611-4526-4b67-b9db-bc2ca3746314.apk
e9f2cd8a-50f0-4e95-8fb7-6614e2aa1ce6.apk
7a01aeeb-90e9-4906-9c55-640fb33df22e.apk
72da8a97-f315-4896-9f01-b2527f6fdc34.apk
9dd8e94d-52fe-421c-98fa-6bfe6400731a.apk
6c889069-1c7e-406f-80b4-6c0ddd4111b9.apk
2a93bc36-6efa-427f-8226-e20bd72294cc.apk
7542e56a-e8ff-4380-a72e-05c627d7e528.apk
7511713b-45c6-4a36-8b12-503a1f51e023.apk
30ad5ef6-8ed6-4e17-bbe2-36776e400700.apk
c7350676-423d-4af1-9411-f10ab795508a.apk
fec81811-ec20-4a0e-991b-2be2cc3c8b28.apk
ea10b27e-9755-4753-b07d-037f7a2410f7.apk
89e93302-666c-4bed-ac0c-d27eb50f7f69.apk
bc57dc7f-af23-4f63-bdfe-b72e2dde8420.apk
f2942417-e495-41ff-b871-eab09725c082.apk
ee88ea7d-90af-4633-b587-20a8f7047a40.apk
8dca1184-39f6-4cc3-9eec-b85b8480cb9c.apk
6c613a64-e915-4069-992b-7f18d78547cd.apk
8a9903e4-c269-4997-9712-f0bbfe97d085.apk
4c4a86e2-202d-410a-9b1b-176d8f954681.apk
0c44b1f2-2bfe-4d3f-8dfa-77a4851f5a50.apk
6f050ce4-4613-42b1-bc11-807f51749ec0.apk
86b1b670-9784-4c31-95d4-ee8ee28218d3.apk
582e627f-17c6-48b1-8429-8532ddfb7c06.apk
64246545-ce24-4b35-ba17-967d193eab7e.apk
bfb87df5-ad03-4e98-96e5-7b897a8470fb.apk
2977fe73-b7a1-4645-9edb-566dc0148a29.apk
56b20724-d074-491c-9435-4353d46ee1c8.apk
abceb0d5-d989-4019-bfc4-7a4839ebac0d.apk
bbe6714a-7da1-4948-b284-0cdd3c0dbe12.apk
dee55a65-7eea-462d-9f29-690badad496d.apk
edf3c9ca-4988-44ce-b495-87895508d8c3.apk
81a3faf2-9928-4f64-9700-65744c1a8451.apk
4418ec8c-e0eb-44b5-82f5-028150f92d1a.apk
502ce5ec-61aa-4100-b46f-5c9c5fa5902d.apk
8d6062dd-683d-4a1c-9ea3-5cb48d217300.apk
066c2472-fdf8-45cb-8c03-4775bb4b8c0d.apk
23fca0e8-f0d2-45d1-b611-a2b97cf544f5.apk
fbf48e51-0ca3-4c03-9092-95a6287e473a.apk
2ccdf435-34a1-43ce-b855-e6a3719bb0c9.apk
ea824914-0249-4783-a872-00e96e2c4bf4.apk
77050eec-0f12-4a1f-a67c-047ca87967f7.apk
25d1696c-8aef-4a3b-b683-6596ab1cea84.apk
a0e6351f-627d-492c-85fb-1b2a60bee1a1.apk
bf0db688-3343-4621-ba4f-9d2497e79189.apk
07cd2524-9429-4f0b-85f5-c8e4c1565fdc.apk
457faa83-66cc-4e8a-8573-99c8232aa1dc.apk
af6aee1c-5462-4554-8a84-5a19649837a1.apk
2bd2904a-0bd7-4adf-ab6d-97e6924109f6.apk
995aa05b-c766-480f-be5f-751cfc873b0c.apk
cb3afded-e49f-4914-8b50-72ff3ae7cac7.apk
b61c1ae8-a086-468e-b056-76768d4a50db.apk
84f2dd55-8cd4-44b6-bd1c-1a970c7e7d3d.apk
e9577ed3-ab3c-4edd-93fe-e8babc7bf739.apk
d841666c-ecb8-4696-adce-55cc5bdb26f9.apk
75f29341-97f9-4372-887c-944949e4d463.apk
41650947-9b5a-48a7-acd7-092297fad982.apk
97411a44-3fdd-4bc2-b84e-ea38cee83481.apk
e5cc73ad-fc8f-4968-868d-3b2bacacc72a.apk
a45294db-82e8-42d4-9819-99c90d376f08.apk
b072302a-e639-4248-8a9c-b5f78926be0a.apk
43b20c53-33b7-4ac1-951d-b3b282dc5c37.apk
df2910c6-0e27-4c09-bcf4-fdb66a75ddb1.apk
e33ddbea-a17e-4279-8182-1318eac8231a.apk
6f08baf5-e227-45b7-9360-f145d21a1140.apk
66247dc6-a61f-4e06-9247-eb5bb0cd9844.apk
9d4004df-a784-4547-b678-a5b66a8604f7.apk
56be2eec-ff78-4c5f-81d0-670e0de3b317.apk
4a7fe5c0-8b1d-4e32-85b3-01e5eff5dd76.apk
14351997-550f-4e9c-b0c6-73b2ebb79463.apk
1737e3d8-faef-40d3-bc8c-c787a03d4f7b.apk
12588769-a2e5-46a4-a8db-e4add542b07d.apk
5ec952fc-cb9c-478a-a5cd-9bf45cc1282b.apk
f79c728d-5bcf-4164-9242-bca85a73ab5e.apk
aae2df8c-44be-480a-ad72-088607c905da.apk
d2dea521-f776-4113-9be1-8b9843cf942b.apk
6bfcc601-fdeb-463b-9b22-7407d859c65b.apk
29697162-8419-4804-a487-4cedfade1cd4.apk
3c5a80f3-b32b-48e4-81fa-15db6cc2220d.apk
dbeed7ab-104b-470b-88de-c65ba4af1085.apk
d3bb0679-cc8f-41f6-ac13-f36d9cf6b57a.apk
9e62e255-f796-4fc3-8172-8af1c217884c.apk
6eb15f6c-2d5a-4a66-ad0f-379268c051bd.apk
6864930b-33ed-4f3a-831f-a0d9e755ba78.apk
5d4ec7fa-0541-40d3-ae31-446e466205b7.apk
2e0f9597-eadf-4285-8298-245537f75681.apk
8eb0ca98-796b-4687-8cba-fe0ed31c40ff.apk
4cc7807c-6686-4470-a73f-cf9d9dfc83b2.apk
b7a55525-c1e2-4cc3-9c33-9ca5ab29c35b.apk
de950d79-0880-4a2d-88c0-cd2a881d2bac.apk
58d085ad-98a8-4c9b-a1bc-cc6cfa6b10de.apk
f4973a9c-cf44-4073-b315-04acf0d99fc6.apk
3c5aee56-305e-47d0-a71b-d78adc17c414.apk
8d2d2eab-f2ff-4e5a-b422-739eeb117223.apk
4ccc048b-6854-4ca3-a3ae-c1dca71113c7.apk
2782748d-3e20-47b3-b374-772b7eed4a05.apk
6c7a67c5-157d-42f2-b383-bc884b5207e8.apk
6408fb09-f9ad-405d-8e73-d24412860b4b.apk
4ccbfb6b-358b-4a29-9203-090391a5e9aa.apk
78057a3a-9f10-4bdf-af37-d5aa45c4e8d4.apk
e5621990-7e14-4593-85e0-7da4adb92656.apk
acecb95d-3f90-4c79-a151-189cc517b5b7.apk
e1f25cdd-10b5-4712-9ee5-379830c3e786.apk
1765c383-d22f-4e29-a679-28da57b30474.apk
6e22d7ac-9b5e-4959-bbd0-d1fbf5363211.apk
e6a85dc4-2db6-4a87-bca6-3ca7bf225173.apk
bf69b5ed-550f-4b90-9de0-903e74336850.apk
cd8f46b9-3d61-4c22-b2b4-29ff1e283024.apk
72b44505-363b-46e9-b0fe-0a5bd46fb3eb.apk
65abfaf1-630c-42d7-b27d-a2a9ffcb8e0a.apk
1f6a753e-e0fc-4c0f-925b-eab307203e81.apk
4a551468-ec63-4392-8b09-c48544880ebb.apk
06041f8c-4c4b-41a9-9bce-5cb73936d864.apk
adc3c8fb-e78a-4f5e-ac66-1a468ab5e979.apk
c31053e6-8483-4adc-83d0-23a4b8a51fe7.apk
6f872ba9-431c-40c6-b9e3-82bdc977fe34.apk
3f07a900-34e0-486c-95f5-c1c7b5c7cf9b.apk
69a636be-61a9-438d-87e9-d593cae93400.apk
bb842d7e-edd6-48b9-91b9-fea557bdce90.apk
51aeb808-24f1-436b-98c8-c3057e85c5b6.apk
3e2e1184-8d43-4cb5-813e-0d841ac0f458.apk
d48ddb58-00f6-4864-8e71-c326af11a730.apk
e705b836-50b1-4401-9685-ce7e294756f8.apk
8b682890-1cad-4b56-bde8-91aedfddde55.apk
c226bcc6-7e5b-4889-b71d-1ca75f47789a.apk
cfa8ecc6-e121-44a4-9eb4-c6dfc97c08d8.apk
e9f992a8-59b9-4b34-b50f-ce7c053c3e47.apk
26f0798a-f3b4-4700-b4e6-1ba324339bfd.apk
d09358dd-c741-45e4-a690-76c5536d1dad.apk
af1b0038-a140-4502-a345-2732d275c8c9.apk
fb3d8974-ee1a-402f-8889-2900aaaa200d.apk
23596157-7f0f-4be5-9693-7373806217b8.apk
4e238fee-c86f-4899-958c-dbcc577bcd1e.apk
04618b43-ba76-47d6-9393-e8dcc886d7ff.apk
0c6d621b-5d9f-4ca9-b471-671d3b6cd645.apk
5eb60ea7-313e-4149-a981-d116d219d2c3.apk
507306bf-966d-472b-8c4d-f92fc00f6ada.apk
1634c819-61fd-4428-88df-69ea08793571.apk
0f938080-320b-4690-b560-0dcf7ba20acb.apk
22e1139a-7f1b-4ba0-ac0f-5dad3be7d14e.apk
91b2bda9-4318-4daf-ad0e-9f5528c16e43.apk
f6d76cd1-60c4-4f95-b996-dc53d3834272.apk
f8dd61c6-0e5e-4c4b-809b-5cf43c44cb68.apk
c21dd0d1-36c7-44cb-95ec-18748d257639.apk
f8782703-8b77-40f3-badb-4714efd223be.apk
1ca0c74c-448b-4421-ad8a-c32a3aa0ca72.apk
cd781dc8-5028-495e-a978-2c92c0c43b71.apk
90d70ca0-055b-49d0-9683-6140bd483192.apk
a4d56790-aac3-4d92-a5b2-34555173b931.apk
79888eef-a7a1-48cd-be3b-b064a473e25c.apk
51eaba2b-b97a-4882-aa88-b058456e6377.apk
e79941f8-382d-4014-b701-ede523b4107d.apk
860d3bc3-84b6-4f4d-8085-d7207b181d7a.apk
f2a9f682-678f-4e65-9b58-455c128ffc0f.apk
17f26439-0a7a-47cb-8d95-923b611adda8.apk
524537f2-bb34-4981-8140-8f23bf8ac65a.apk
ff293189-db20-4897-bfc8-f03ae8d4f2dc.apk
b4bcd452-78e9-4fab-84af-42b4cdaff20b.apk
b1dd3d09-4b06-44b9-b76b-c1898dd62f70.apk
ffde9473-b95b-4d2c-a9bc-0a0b21f6644f.apk
21b79a60-c094-4b42-9196-2f31004b3d98.apk
176ee4ca-5136-453b-9d3c-f79900fa9766.apk
e038ed02-fa34-463d-bb68-afeed5e72820.apk
d20d7a52-0f3a-474c-bce2-e1dbf9161230.apk
9198cc5f-240c-4b90-9f05-f29905adb5de.apk
a8c81f43-f9a4-4727-a0b2-904bb2b3098b.apk
40e65242-e495-4787-a2fd-63023f32817b.apk
391a37d4-da59-487f-be16-9e98ce481ffe.apk
b1aa94f2-fc87-4c0c-b277-62de3ffe11ca.apk
f1a73c6b-756f-4aef-ac48-e90d7182cb58.apk
8ab72cc9-fdd7-40aa-93ab-906545eebb32.apk
f1b267e4-e869-4b15-968c-45bbac949fda.apk
9b68f192-74bc-4d90-9c73-3aee08814481.apk
c490e434-c730-4b01-91f0-8c83e48ae489.apk
3a4e7a7d-7d8c-4890-bf85-6159ad0dff6e.apk
3e71553c-b3b9-4576-8e5e-ed45acc54f1b.apk
484921b6-ffc8-4389-a216-20ac5d9e5ede.apk
b4bb6222-5e05-4736-9819-9ca95a313c60.apk
000a2a92-dc18-4461-a56f-09a3c94d8b43.apk
3626f2dd-07f7-4a74-ad25-128a1a1ce310.apk
9fb13ee8-7102-491a-b58a-0018925e78c9.apk
c90f2f4e-5865-4741-af17-e4d2a06d9cd4.apk
cdf03b3a-4dff-4952-9398-9c43fa523b6d.apk
65b23266-05f6-42d2-8d18-f2a3b56612de.apk
aae49c35-844d-4041-9e57-cdff18f192f3.apk
453920bb-e511-4b88-95b9-ea1a81cb649d.apk
f4c463d6-8f3b-4713-9427-4ae2159e830d.apk
dcd62a2a-947f-453b-b105-4070f5695f48.apk
d6270ff5-a8f7-47ad-af2b-5f894790d924.apk
563f2156-1447-495d-82c9-e60c4d7853ac.apk
4cd66635-dc7c-4907-a571-34e08b0597fb.apk
248143eb-8fec-48d1-a9b7-03a13298ff99.apk
b9f96b5e-793b-4505-8672-52a6c5c2b7d8.apk
6bff9f2c-1450-48c7-bec7-906e0981c506.apk
52527f71-c1e7-4ba0-b646-31318e07c96c.apk
bff37e39-b86a-4f24-ac14-d300bd6d8a4d.apk
d64b8ccd-d9ac-4058-9b52-3d700a084e28.apk
79bbcca8-48d4-42dc-b644-4015aa6f2bf4.apk
5d77fd78-f94b-40fe-bef6-bf480ef4e1c7.apk
6d1619f7-12d7-4adb-b5bf-ba12a9fa63dc.apk
2f552802-8653-4585-8656-987229922cc0.apk
5d487ce4-1855-4a82-8641-82d2f81bdd57.apk
03e81042-889e-4784-bdf9-5521bdd1612e.apk
8e2fcf91-1337-419f-b0f5-04bc79c275d5.apk
914946c3-d12c-44bf-8495-964f70c65541.apk
5e4c7603-5b59-4417-a14d-8717c4ad5b9b.apk
7b56edbd-0236-43d1-899d-8d7b7b092f87.apk
4df58925-88b9-4dc3-aa82-ac16ba82d364.apk
e47aed93-525d-46ca-a0b1-b748ea103473.apk
07d994d6-5cc4-40a4-9217-ef49f483b901.apk
38e1c0a9-6e77-44ee-baa9-3d94b428738c.apk
140cf463-42b6-4a5b-b2ed-d6c8fd28b563.apk
d17854bd-949f-4a84-9e0f-575bbee6a917.apk
ab7f72f4-6304-4834-a8bd-e02f9213d647.apk
4ae5d6d7-8b95-413b-b509-7575a9a180f0.apk
c93ab5dd-edef-43f2-a064-6a41f2370a27.apk
efdca23f-f1e1-415a-9c57-41df6434cd46.apk
f2b49c23-dcc2-427f-8890-4b5d59e80c32.apk
94226c61-6570-4696-b24a-0683715b514d.apk
f13d6537-3ca9-4863-ac3b-ae70c64973fa.apk
a39ffb13-4912-4e19-b991-677c02ec4f1b.apk
51f51b8c-9884-459f-9f0e-b72350c637fa.apk
5c5556da-0664-42be-854a-5cee6decaad9.apk
016b8566-d231-408b-9555-8c992e091ace.apk
f38c81e5-ef50-4fdc-996a-01576f31549a.apk
318ca368-0952-4282-a739-33fa3096e98c.apk
c7588c3d-0a73-4998-89cc-3138417d3be2.apk
729b77c1-f91a-44df-9ff6-403076ca4d6a.apk
43928036-33d2-414f-92b8-abf32fd226e0.apk
946f8895-6bd2-4cbf-8bce-1181027178df.apk
556b49f2-0161-4f53-8d3a-cf345a9ba545.apk
62db9fb5-396a-4593-8eef-757b45c2f91a.apk
ece95688-2988-4e0a-9463-cba1dbc130ab.apk
f6e4fb24-2f7e-40d4-8402-b7716296d9fb.apk
0da26789-15fd-4d0a-bb8c-f7d3fc7b330f.apk
9e7bc7ec-dfa1-40be-bf66-5362fd0a8e2a.apk
6b2dd91b-3a86-419d-90c4-226d1005fdc3.apk
196d98ec-3d71-442c-8a37-855c7d3f156b.apk
843eb170-0cb0-45f3-a3cc-a6ec05d02da3.apk
360eb2da-8f5f-4f18-9caf-d7147c79b0c6.apk
64c515fa-5ce6-4938-a585-cb6dd05e243f.apk
6b68aaf4-d4df-4b43-ab69-c5c2df98c58a.apk
974a8528-4687-4926-a70d-d867b4b5f849.apk
a50df766-7226-45cb-979b-671187e23572.apk
05855a31-2f9d-4a2e-adf3-888be9e37b0b.apk
ffdf7f4b-5d8e-4436-bc3f-2484e49f0a81.apk
f11384fa-7cb8-4abf-b22e-b9f1a1fdaa56.apk
285d29a9-f933-4d0e-a7d4-b5b4085160d3.apk
0a6121c8-dac4-4927-8ddd-a4f2388641cb.apk
91803051-7517-4f0b-818b-257cacd34f48.apk
0c1767c6-1142-4b90-b204-aa81d8b319bb.apk
c49f3eec-823a-4b5c-93f1-0c85a29fab5f.apk
d76b5ecb-c0f5-48d5-b573-ddd3f1c5a96a.apk
f35ba446-58df-454f-8167-012b86c47896.apk
d185532f-c1f5-46a0-836c-4eb7a4fef65b.apk
fae38f5c-51d0-4588-b429-06c7cc40ed14.apk
504774a6-6845-4d3d-9912-23b5f55e7da5.apk
1a372724-625f-432b-bc48-f27c74f36f91.apk
fb1334fc-7fe3-48e0-9327-d8c0fe0c869b.apk
f8be18a0-2fbd-465c-a8cd-251a5a7aa492.apk
6a43fe3f-fc1a-40ff-b572-65a2006aed51.apk
37d0b06f-699f-4303-b74e-b2ef998f3a3b.apk
5961fd56-222d-4042-bfed-e1532b03bfd9.apk
06cbdbd6-d3ec-4fe8-9262-fc1957832ee0.apk
97943adf-9751-49f9-9d0e-5a60e413bcf1.apk
99c66caa-542b-415c-850f-5f705065b06c.apk
fc7dadc2-f859-45ea-bac4-14189485bf19.apk
df470803-8997-4c59-bee7-f7ffbea56b7c.apk
c4d4c0dd-f5ec-4e50-be63-bcd5c67da631.apk
8f011aad-5c20-4783-8cb5-480d8745e7ba.apk
1a195c71-d73a-43b7-8440-3dbd57584c6d.apk
fb505f07-2eab-4c24-b87a-2c3a26b58f12.apk
98bb7ed8-0d01-4094-bf3e-6c432f1c34ed.apk
17bbd878-37de-416c-83de-3c0ecfa9d8d1.apk
4bfbc04e-595e-424c-a0f9-75716a6249ad.apk
483ec236-e198-4feb-babd-e854bb5061af.apk
ab683d09-fc7f-4374-b89e-f07a1b3af45b.apk
e7dffd68-33b9-4e55-a783-e9c395240f8f.apk
17e43ccf-14c7-417d-9795-418e6164f846.apk
3985b574-2284-4638-b977-082adec8dcae.apk
a93e1da8-2d10-4366-b712-e7ca6c70f9ff.apk
69b3d468-9976-4f2e-b89f-c56a3f4a4904.apk
c05f7cdf-bc99-488b-a34c-6311702029c8.apk
22cc3ca2-b9e6-41a9-baa2-4f60e49e787d.apk
103e8429-7525-41ce-b346-68f3d4baaa89.apk
b9ba3924-392f-4165-9db9-7865803c9a5a.apk
f65a4c4d-603e-4b18-9df3-c1b6458bac46.apk
03c2a040-d1d2-4cb1-b513-2b2f0b621246.apk
832da79b-d6fa-468f-b257-af910151244f.apk
47081ba2-cbd1-4147-8722-c50be9485e98.apk
63e13017-7cf7-4ff0-8d9a-8fc6ff7d8931.apk
538dd34f-087c-49b9-a6df-75d607a10a30.apk
1bc447ea-c885-47fe-9b2f-55966cda4fb4.apk
ee88cc06-5d1d-4c1d-b03e-2a6c3c33cb3f.apk
0b85a04c-d165-4c4e-bb49-e82942c9c490.apk
4e09a080-6fbc-484f-83df-d88d5e959e3f.apk
35b65569-93d0-479f-94ac-efe7a94bca60.apk
19a5f694-b116-49fa-ac12-4dc30a5ec340.apk
33d37a2f-c8e0-4ecd-a670-12a73f8986c4.apk
d6ec0187-e031-4081-9754-e23593497d10.apk
8cb0581d-e84d-49e9-9422-e6700f2a84a8.apk
079b2f4a-697f-4a3f-9502-bb70721f0738.apk
78203800-d020-4e35-add3-ec47d0db70ea.apk
551f03b7-b496-4f2b-ba36-505149ef3179.apk
70f180e1-2190-4914-8042-21aae0c77ac9.apk
b1d57f8b-e21e-4550-8a17-afeb592e892a.apk
b838be06-7afa-4755-a2df-c57a61f8828e.apk
bdf458b0-f30f-441d-a969-d66bafa43b19.apk
7a932bf7-4337-4a96-b659-4be59e9b7459.apk
6f212d58-9da2-4b9d-a995-f9c64eadcadc.apk
5836cb27-1f90-462a-b4f8-03d236041026.apk
f8df09e6-9c20-48f2-ae39-478e97520fe9.apk
34ac85be-7e70-469c-9079-1a7c44e4a7a0.apk
203189fc-87c1-4905-a249-2fb85f4f1a13.apk
0492e2c1-0371-4a29-ad20-e3177c6cced2.apk
2865c09d-0419-451f-b723-74f1de39a81d.apk
06c94339-b936-4fdc-bf45-7b9e3dc4d120.apk
1c50a213-e520-4c2f-b6d2-9a63b8d7f17f.apk
b30bfbca-d7f0-4856-aac4-e60d938ee900.apk
622ff218-c1e3-436b-8ba7-f1c037b6191b.apk
db7730d9-81b8-4345-96d1-767eb5ff22a1.apk
eefb896b-a6c6-4de3-91aa-690d1fcf51a1.apk
4813b90b-a93b-486b-9dd7-ea2c47343a5f.apk
731dac9c-0da1-4068-a066-4312dee19343.apk
b6587e14-620d-4bcf-9bf7-c777a91c04d0.apk
8af6a72f-c9bc-465a-9692-8af116c63282.apk
66717ec2-9322-4f24-b558-d01c3ab8f8f2.apk
e3f18752-e594-44e4-8611-470051961c23.apk
01486cd8-073d-4d6c-892f-a12239372bbf.apk
26e4656e-44cc-41cb-8ec5-398e293e508a.apk
e8d9e375-fd9c-40b4-b358-b4848c51144c.apk
497756a6-d989-43ac-8e03-04e90aaf261a.apk
b0217aa4-30d4-477a-9524-0611c7561e25.apk
bad61c7e-41a8-4f1b-aa24-d9588e3808df.apk
9b045813-c41d-4feb-8268-a199a55a9b44.apk
fdf2de20-7004-4986-a3bc-802e8781dc73.apk
f51b417d-4e91-4e09-8f6e-7afa18587dde.apk
9d0c0e11-f815-40e3-aa73-fe868880078c.apk
d990c6c0-130c-4eba-98e7-3bd680441a60.apk
b172dd7e-5ed9-4e32-86f7-1becb2e84fc3.apk
467a2973-6029-4f02-a6d9-9232f151d5ed.apk
05a252cb-2734-4c79-8547-7dcb6d2919a4.apk
52a3e042-93d3-4a6e-b7f1-8784fe8e6ece.apk
0fa332e4-c4f6-412b-897e-ad3d438010b3.apk
1fe93d23-cbf7-4cdb-bef0-a49e22db937b.apk
b85b9dfa-7796-4876-8f05-e23c429f75d9.apk
d9fe5207-91a7-4d48-ac02-9d2b66e4a937.apk
cabc8e26-2fe6-4da7-b77f-f7bd914bb474.apk
d74a8fa4-cdda-4103-98d6-21d14c3ba0bd.apk
cf431fcb-969a-48c9-ba48-db2c4ac04962.apk
f32d44c3-31e6-4b02-bb70-975d6736e27d.apk
ef2403a9-c927-4ef3-91e0-73a7cf885ddf.apk
681df967-fb1b-4673-922b-9811d4f243bb.apk
85a7b7a4-5b6a-4dce-af4d-886198c896a7.apk
a4f2535e-e301-4a02-aea3-286ad6eda6b6.apk
5960d278-f7d5-4d35-8af2-915fbb74d2d2.apk
d09dc088-3548-450a-8906-3106c4e7acff.apk
faa2f248-cc91-4aa0-941b-4050fc0010d9.apk
296a11f6-cc5f-4899-b510-1891cb914401.apk
f6f8c5d2-8b22-4ea9-8498-daf0d13cf7ca.apk
4299a7bd-ee82-453f-b999-e60660d7625a.apk
7aff35dd-2958-4212-a29f-d0309ccb8b28.apk
22c8b9f1-5daf-4671-8ea7-2ee797a90701.apk
4087d4e7-12ba-4c04-a473-61bd8e2e873e.apk
4a43ef8e-0fcf-455a-a0be-56f5f7177f9c.apk
ad07e158-acd5-4428-850b-2036174c7afd.apk
990f882c-6f28-489a-82ef-ab0e6c39e637.apk
d78afc3f-9628-453e-a701-e73672b0f7b4.apk
2e788c90-2162-4a7f-a0b4-af002dbf3a35.apk
fd7cf18c-98d1-47b1-9aac-8d11fc12db55.apk
32382af3-4255-491a-980b-b5ce625375a1.apk
8e9bea3e-5a80-4dda-89a0-06ebc4852752.apk
0c5c9ab1-3981-4477-b99b-df664510c513.apk
b6bb22e2-5803-43b8-b536-6f9ecf2b6442.apk
fb7fdcb9-f560-4495-9fb0-3c388c1c0f85.apk
43c733c9-7fd7-4e11-ba99-1bce40b9c460.apk
b2309f5c-304d-4efb-a36d-266154cacb29.apk
d1c5cc02-fd0f-433b-9c51-eb65d4d0c812.apk
5a044e46-bfae-4de5-8c7d-aab907f31909.apk
d65f7697-079a-4112-9ae4-c6c4a1a56526.apk
ca30868e-35fc-47a7-a776-d67217ac48bb.apk
ce88d773-45e8-440f-91e9-f63f91c41527.apk
cfa3024c-a711-4d41-815a-b75ea72029fb.apk
d40b8878-5f33-4eca-b834-af76ce8e6af7.apk
a4d8bd63-9387-460c-8ca3-dc998c827b18.apk
f56e3a00-369a-4f4f-a0bf-a3015724b684.apk
2e2fcf7d-3239-4e52-82e2-ef9fb33198f5.apk
fb7e5dff-3e14-45b4-b0cf-84a7c0020227.apk
b0231e33-5db0-4665-b2a2-987a77e991cf.apk
266e6776-4a87-4a55-95a4-fada1d0f80a8.apk
f72cd4d1-e55c-4972-bd42-9ca47d0cd5a5.apk
10a96ba7-ebac-4c0d-8399-a2e561826733.apk
d0fedd04-8d40-47ad-8f76-6653f3c0c75e.apk
86aca8a3-75bd-482a-acb9-4c40b8961c40.apk
e943536a-fe01-4bd1-9f40-cc1b74f77dee.apk
bdfaed77-f658-4bc3-8b2b-15558a080205.apk
23674e46-d575-49d8-8708-1488a546f99a.apk
c0cf0356-2b2c-481c-8ca4-a2fe2c3c6bc0.apk
6ff05fbb-ef35-4c0f-b04b-996807f82913.apk
96014052-8952-4d06-9d50-bd2c052c1bda.apk
7355f2f4-049d-41b6-86e3-6a1a10041751.apk
2da7c2ac-5693-4c2d-a512-014921b921ce.apk
4a158c84-3ca8-4bb4-8718-17de0e7df32b.apk
a050f57f-2ec9-4303-81fa-62f4d9079d92.apk
ae4a0139-2e6c-47db-b8b8-6e8b72061526.apk
5e2a4b9b-fb73-47e8-b7b3-97a059083815.apk
f1f1fc42-a160-4873-b393-250dbc03e118.apk
f6c34717-0dd3-4ea3-8808-3c9ed869d138.apk
ed8e81c1-107f-4e94-ba92-d47bca95650c.apk
10c4dcdb-d046-4f83-9ede-fa3a705877c0.apk
4668ce39-8900-486b-9848-dc5f56078edb.apk
f611bb1b-e106-4fb5-961e-1f155cd98d6b.apk
bddd3f01-1f83-49df-a974-59885d06e6c2.apk
546722e8-c665-4b3d-b46c-d0d4293022c4.apk
19f65275-333a-4c68-a795-50a167d5431c.apk
3b12d339-e591-4517-89a7-99004e8522f7.apk
f5c7c967-8a1e-47cb-a964-96dcd366d724.apk
3953b4db-aff8-4c10-93cd-6c48070a52cc.apk
123ae531-2735-4cc3-8af9-c36c39a312d5.apk
69126204-c4e0-4e29-b5fa-195d861c0229.apk
d6468080-3710-4503-a14f-f4af7042d07c.apk
a4c22dde-43e6-4a93-88cb-5a2207919bfc.apk
0b2be079-c5f1-4d1f-ae8f-afe04ae26891.apk
fe747333-d9c9-4ea7-bec2-9a795b097c54.apk
68515cf1-b757-47f4-8d6c-5cb8387eaf8a.apk
178ff421-7e83-4bd0-9554-64d2c3b4f456.apk
ceb9b496-e580-438a-9cd3-ce732229ee11.apk
99a4e9c4-610c-4b70-aba7-90d2b09ca5f8.apk
b59108f0-98d1-43f7-bc29-d581d4918f25.apk
ccdae308-f505-4d86-af3a-ced99ee424a6.apk
f1aa7e9e-7897-4448-a106-b4e70b06277c.apk
99d70296-4c6b-4f5e-a389-d8184479689c.apk
905f3b4b-a78c-4c38-b3db-68146e5ebdad.apk
65f730a4-f7d1-4d7c-bea7-158bf396b790.apk
798ef1bf-9856-4553-88a2-69b5ab9c51be.apk
a757f3ab-7529-42e4-a577-b50e55a68271.apk
7437ff12-0c80-4c27-b7da-390238a25338.apk
187e3827-8188-432a-84d6-da05f9298a2d.apk
9c9a5578-2c7a-4ae9-a2f7-2ff88ee4d4eb.apk
42f0029e-4c61-48a3-a57c-074eeeed3f78.apk
81da8575-1711-4df5-b244-ec805ff0a2a1.apk
95998061-68b9-40aa-b612-05f6aa3272e3.apk
c4c22bec-ff95-4c54-b8a1-3dd109412f01.apk
12b6e08e-5377-4bff-aa23-f9f2dc413cbc.apk
4cb97c95-7571-450e-b628-eeed258cbdb5.apk
4c412dac-cd5a-4021-a02e-51fea4f32851.apk
8faca760-60b2-4882-9991-9863ac85e733.apk
00a8a16a-4ff3-406e-98c1-26eabbabf3ab.apk
e6ddea31-59b9-44a9-b11f-96139eb87bc0.apk
be768559-7a4b-4076-83ed-87c6a40ca1ca.apk
5e607ec9-724a-40b0-880f-ae664a4209b6.apk
f000a289-5d8f-4868-88e5-60d513498cbc.apk
73df1f6e-e0f6-4670-9b04-22ee6f1e1a44.apk
4d44e77f-f782-4c43-8518-e6909e4d0f69.apk
13cbf821-c2e4-4850-8699-c10634a69baf.apk
e90a66ed-efba-4eb3-8c02-c3e93904829d.apk
9390a68e-4dd8-4cb7-831b-366932fc5ecd.apk
078c478f-707d-4f97-8a33-6972a7eb2795.apk
18b65bcf-3c09-4e5b-83cd-2da4c01a73ee.apk
10e5e7a9-fef2-4897-a58f-814703aae5a7.apk
b1028a52-ae4a-481b-a295-1b482e40a2bb.apk
ca9d360a-228e-4c9c-90d7-16fcd45e0b35.apk
4157b291-d6c3-423d-85db-f33c821910be.apk
fe725594-10fb-4f21-9f54-0ccaa3f9905f.apk
17da06d7-1a05-435a-b771-fa096146485b.apk
55c0d66e-8502-4485-a6fe-3f42eac873d9.apk
c7bd8415-7541-426f-8a5f-369e4b08f7aa.apk
179a1cd0-fb6a-4527-a46c-ed9c0ef199d1.apk
0a613f96-31e9-40a0-806a-6e754e39b7a5.apk
7e444075-d636-410e-9b7e-f3f746bb3cf8.apk
5b96e9d2-ed28-4f2a-bf06-87e39f8a65eb.apk
f85d256b-453d-4ef1-a986-f1fe74dd1218.apk
aebad206-0cfe-4a34-9b9a-5d97c4f638fb.apk
f039ff16-a64d-4981-98c7-e730fb750fe8.apk
7a877971-58eb-492b-a646-372d5aee010c.apk
a41f3bc5-07c8-4e4b-a524-3cc1619afa51.apk
b9f63faf-9fd9-46f8-907a-47ef84163bf2.apk
9ceaafdf-46b4-4b39-92ea-e350035388c8.apk
06441395-a55a-4fce-a8bf-25fea61ed1fd.apk
f7b78390-2b26-4572-97be-811555370f7d.apk
9ff63822-a710-4904-9107-8a910bc55733.apk
ad069367-2345-489f-a6a0-6b8e526fc7a6.apk
64d680a9-1570-4eea-ba1e-f1b96370257d.apk
693c1a92-0963-4fdb-91f7-9a62af4f4165.apk
5c58f51c-19c0-45b6-9f03-73e4650daf3b.apk
f09df986-d76a-4252-a773-d715317af8b5.apk
901e01e5-1463-4679-b4ff-3a1cb8137f62.apk
8331a815-c014-47e8-ba56-2ecac868a7ec.apk
87d12ffc-4038-4593-86da-13a12c4ee969.apk
ef9539f9-4c9d-44a8-9e24-9594a3a8211e.apk
3eced036-251a-493b-80a2-2aadf4cc4cdb.apk
eab68f00-9fd6-4702-9e25-4e2f183a2855.apk
3f7ab254-56ed-4893-a415-263582a4db1e.apk
579aecd8-88a5-44ee-86b2-f65d9def5319.apk
44490199-056a-4bb4-b489-454b2857448a.apk
cbb0780e-e4c1-4db8-811d-88dce7ddb07f.apk
e0a7502f-a599-4aa6-8baa-25e7ab25a491.apk
d3fdfd49-f060-42dc-bef4-828ff543d19a.apk
097619e4-bd5a-4455-a6ee-1279456e589a.apk
c12bdf52-7a23-40a3-a127-6efc5acb4db9.apk
92a1e6b6-c6e5-4a41-8dee-c44e32e77aa7.apk
b9729fa0-02e3-462d-96fb-58755910232d.apk
44849dac-b6f6-4d6d-b1f6-3d0bd0c1b6a8.apk
c22f20a3-1a18-47d0-a2cc-f657f8402481.apk
206ebea8-b8d8-4a4e-b267-398c859b9217.apk
d7b1eb7b-a896-41b9-abad-d75c709d4116.apk
343d2c1d-df79-4e94-aa4a-0baf5eebfa6e.apk
5a97db48-ec8e-462e-aa91-b13579c9babe.apk
101fd8da-a7f4-4b5a-8b22-577ac2f0a18d.apk
9066cfba-c97d-4588-8368-c2838b2e0ba4.apk
c00144c9-5d4e-4883-aed3-0b42d473cd79.apk
976fe7b2-611c-4176-8541-5d641c5c9d84.apk
fa4fbb9e-c995-428e-9644-a3b0cce04429.apk
877e9d64-879d-4068-b914-56f513018a7c.apk
7111dc42-8314-441e-b740-3d6c9adca335.apk
a97879db-37d3-4c85-aaf3-856b96f3775d.apk
c354d07b-dc51-4e39-ae12-fac340c01ad7.apk
f4a83586-118a-4395-aa89-0d8b93de5f38.apk
ac9dbf2a-bec9-443a-a679-58e3f0c282ba.apk
c137aaa5-02ab-4204-8d4f-e1402145b5b6.apk
8c940f74-f2c1-41e3-a37a-8a30af3367be.apk
38ca555e-e0a7-4f47-9d09-688ce8f90b8f.apk
3a91b21b-2e0c-459d-8c95-2e1e9efde725.apk
e81a2d8d-e3f3-4c3e-843a-0d160808c421.apk
9ec684c1-a6dc-4575-b9f9-2b6045c1e1a5.apk
8947572e-f6d9-4385-9ee6-0afc23e99b90.apk
6d7bf2ea-bc91-45be-91da-adebef56584b.apk
b59e8e90-03f2-47d2-9acc-f6b1f9ba2c7a.apk
3a8a6bf7-e94b-423b-b844-ce4809a82d9f.apk
495e1296-7971-4fe7-b282-49498af146c4.apk
7f845ec3-fb84-4682-b2a6-9addff71f2f1.apk
90bc26bb-4b19-4d8f-bff5-c09aee50f6fa.apk
786e8bdf-53ee-4b43-ab3c-ffeea58142f0.apk
46304d77-149f-4a57-ae1a-b0dca895519d.apk
893f891c-4707-4f84-8848-507f212ab94e.apk
861831d4-827b-40c8-89a9-d0bec445a26a.apk
4fb11502-2474-4b4f-8f7d-7ebf26ef63e6.apk
cb3ed348-fe13-4238-8e04-fb1072e221dc.apk
876959c2-7c77-4092-8eef-dd57ff94f104.apk
0c4caff1-a71b-4154-9645-f6bdf1224456.apk
8ccd9248-c59f-4258-a2a5-5dabdcd90509.apk
49f91faf-e52e-4cf8-81d5-33382a6df35f.apk
3bf15dd5-5fea-47f8-8cf5-4af4bc50012c.apk
74dddb86-0cff-4e4d-8f7b-11df152cc00d.apk
0aac1dde-e563-43f7-9195-21dd28e75c88.apk
d659201f-20de-476c-a8b1-5d3de407535a.apk
6d6d0dd5-7354-4bd7-bb8d-32c277e87ec4.apk
faab8f3e-5fb9-4cfb-8802-576a56cf70e1.apk
8e48743a-9ca6-4df2-93c4-0f1086aa4f38.apk
36c7bd02-e950-4d04-a5a8-adf3f3ed769a.apk
1ccdeae9-ef8e-41c7-800d-af68be348618.apk
ef3e4779-cafb-4164-8558-b38d4183d8e7.apk
61c52fa6-ecf0-45b5-b2fa-08cc3fffd223.apk
205f83e1-ed5d-48c7-b083-df01c2a686a1.apk
bea409de-6875-498b-8d5c-6b49855dfeee.apk
32621e7a-7030-412d-a08b-86715b109373.apk
505ad415-074e-422c-80ba-5d0d8fb80d5d.apk
ed6942f9-d06f-4767-bed6-63f5b85465c4.apk
fa2d19ab-771a-43f1-81c6-3d0a8819b920.apk
6ebd7666-c508-4885-a0bd-ad9b7835f9ad.apk
79cc0e6c-2c71-4927-b8fd-0e3ac2fe38f9.apk
c88c935f-5e97-432a-9956-c3d2f3f526c9.apk
ab44e2d3-cba5-473d-8f55-67495522d9a1.apk
8e62fe4e-980e-44a2-b5e3-2aa342539731.apk
9919f238-ae59-4766-9a65-8c373603bcff.apk
5651a109-4060-4b86-9332-a2e3ac07f823.apk
0078920f-a8a6-4884-b907-607f4e766a20.apk
4ea2771e-23da-4044-bdf2-a1d28afff248.apk
38037b03-5823-49a4-9dcf-35f68e1c00f1.apk
c9d89865-0ad3-424f-98e4-e705d0a2c81f.apk
3631c8e5-0b70-4da8-8d17-1af097f545c8.apk
c2be5436-7086-4e69-8aef-cf9dccd20915.apk
691a2bf9-1f88-4167-8116-a2315714971e.apk
c161cc11-bc1b-40ba-92fd-565330b3ee9a.apk
fa4a2bbc-a27e-4b31-bc2f-c9c0221abcd2.apk
bcd898f7-a4b5-4a39-bc30-dd6320dac0b6.apk
03e36f01-7d40-4a84-91ed-025c4345cecb.apk
683913c6-2b91-4297-9051-0c2dfed67b47.apk
41a60ceb-1bc0-43aa-a6c0-06d3c11619ea.apk
c14922e9-446a-4719-b160-c44451d1931f.apk
3f8156bf-2a91-43dc-8b95-f9bea8d8152c.apk
15192cd8-697f-466f-9e88-7dd791f05b42.apk
62feea74-e401-4892-a8a2-6c1da9dd10d1.apk
665ddb07-3b15-4835-b6ed-d4721f818f25.apk
d18755c4-4151-494f-9c3c-c0c5a13bb349.apk
7bc650e8-d83d-4a46-b63b-5b11090bd7c1.apk
0aa11561-099e-43be-b69a-6a8857201b30.apk
27ce004d-4e2f-42de-8603-a3fa7da25e6e.apk
356e62cd-113f-4500-95cd-1336163805ea.apk
e9583c03-2636-4027-99c9-a9c962e0b04c.apk
3b168668-5e52-4388-8763-a7e8dfdb41af.apk
2fbe072e-ebca-4d9b-9c34-80676fa6fedb.apk
8f919ff1-3aa6-4682-a136-49265f414caa.apk
addc5301-ded9-4f57-b992-07fe55d8e8eb.apk
adbfe695-becd-4a83-803b-9682e825058c.apk
6c5c80c1-0585-4766-9e72-e96e8a023819.apk
e51804e5-4a88-4465-8f26-4123b41ee5f5.apk
34ae6d0d-c61f-4caf-800c-825fdc05a3d0.apk
eb8585e3-951f-4195-815a-8967ec9eaaac.apk
2931d095-84ce-4f6b-a772-20046ddaee02.apk
4e6147d2-3933-498c-ad62-c044d626a5a2.apk
acddc8c0-bed2-439d-a278-0d988fae4246.apk
806acc69-049a-42b5-ab9b-ee6ca446e40a.apk
0a83e6d7-c91a-468a-a35d-15a9b5cfacd7.apk
e12d3831-9a69-4ae9-9c42-63a84bd345a5.apk
d5a56727-1936-4faf-b42c-56c7bf62dfb9.apk
392443b2-feb7-4555-b116-bc984ad7ef05.apk
93132f41-01ed-4db0-b802-a556b0d36931.apk
c882ca6e-ecc9-4168-add2-a46048a85d25.apk
79c03a02-480f-4514-a4c0-dc4705415b4a.apk
40d792b3-c54a-4873-8677-55f20fb0dfb8.apk
3f694c17-54ca-4744-a956-8239434a6ee2.apk
b21118d5-5509-4421-af12-f0fb3f6577f9.apk
53dfd2ff-fa32-4eb3-b9fa-8b7df430942b.apk
f2ce0d1a-fc67-49b0-89c2-e423d15cc129.apk
10c6d054-e280-40e0-99a0-63ca454f3075.apk
44cc2d0b-d9de-42c3-a91f-904641340d5d.apk
8080eb75-af36-4d22-8a12-a64762472f33.apk
17d4e4a5-c96e-405e-adf2-1a60416c37a7.apk
9fb6b516-5862-42f0-98c5-86a9cdca7b4f.apk
cd7b82f7-3246-476d-845b-cb5160c68f28.apk
9fd4e365-f6d2-4476-b874-664317f02d93.apk
1f3678e9-5fc2-4806-873f-21f39a0baea4.apk
29c01139-b894-4a07-804a-b61e04b732f4.apk
c94b4275-766d-4fb5-b5f9-72a91bfe41c6.apk
e5435221-4c5d-4780-9974-48a86d249cbc.apk
d5da6026-406a-46fd-ae7f-4032df2de49f.apk
fcaf41df-bd97-448a-8974-5382695ae465.apk
40705689-5af7-49d8-80b5-bc5d4301db23.apk
87954830-2f93-4063-9142-397e257e14d8.apk
0f64f2b4-fe82-4acf-b661-08ad1110f952.apk
701b1c12-36b0-4517-a05e-a101d7201c30.apk
56882440-3bed-4a55-8671-d26ca94cb31e.apk
298acbbb-e4b5-4dad-bbc9-9530b4bf5e60.apk
5d34e570-3a79-4b80-a661-ad3ef3f21f3c.apk
96c9eec5-fdb2-46a3-85b2-6d2654c6b9c7.apk
8b5e950a-4dfb-4587-a524-22130cb70b88.apk
af06cc1d-296f-4fab-a62f-d3a23e2e96e8.apk
11b00264-632b-4d03-8e7e-c546f429bc25.apk
e1c5ad7b-a450-4315-bbca-c32954a1493a.apk
097ebab7-86ed-494a-ad85-a3db436b83e4.apk
702f28e4-7d06-434a-a32d-a14c1907adf6.apk
e0392ecb-9162-4313-9fc5-d77f93f59e2b.apk
b45b0af5-ec58-482b-9cdb-fea42f43034e.apk
731b8c59-7879-4cec-9f7b-7605a3116fb2.apk
3e60e6f5-05f3-4021-ada1-5ab0a102ab05.apk
576e1b0d-ed0a-4d73-9bd4-6a7f98ff86ea.apk
f121e01c-b983-4f22-87b6-4777274a0bd6.apk
ebefb0e0-e3f7-4ffb-970e-3bf3e86b0596.apk
8ed7a51a-6b39-4430-bf69-e90ee6d28366.apk
5605cf79-c872-4089-8b1c-8d83dfc053b2.apk
9ceeacab-ce9c-4b6a-b9ae-f4136b8bdcfd.apk
cc2af27d-42d0-4f58-90e4-469a32211a2c.apk
3ee35774-783b-4972-8c3c-d48d69228ab7.apk
d6b10f4d-732d-448e-865e-4e57381d10cc.apk
e4835a15-0293-4e9b-9757-49d48b5a0487.apk
343d0f4f-bc8d-4c65-bc16-6448d990bffc.apk
2f098409-2e0d-4c21-be69-901869951e4e.apk
6012f948-ec2c-40fa-8191-11a97c6428d1.apk
588931f7-a08e-49a2-987b-97872651f16a.apk
c65e4fb5-e016-4ac4-83d5-74a8a9351062.apk
4b27e639-4cdc-4c7c-bfd1-63e0056cd0ef.apk
0fab0401-d11f-48e2-b58d-6e8faaf90de6.apk
682f2f42-c36b-430e-b529-040df096bc2a.apk
bb94934b-2811-439e-9b91-968eee0444e2.apk
e3e36b16-8fe0-460c-9eeb-a563aef9faad.apk
d8bfe5f2-1a95-4544-a169-045f73f8d259.apk
1b258ca6-76d5-4f44-bf73-e3ad43de0cdd.apk
2a2feb44-f3f4-4777-a4b1-e1bf98bcf0c8.apk
3f6373c5-361a-42cb-bcf2-7c66573877de.apk
26953da3-fe9c-41d3-b13f-9515271fb7de.apk
24977e11-8ee8-43eb-81b6-51e4c850e1ad.apk
b6f10187-6846-4222-a2f0-6ae8169365b9.apk
22b9c4fe-cefd-4bc9-812e-3e57e13e8c88.apk
ec6740b0-5fe4-47f5-94cb-85913de284f2.apk
98299a74-4b96-4e60-9706-3a9e62f4cd0a.apk
04e465cc-d13b-46a4-9a29-b91577a9f742.apk
ae2c2448-ec84-4163-8121-369b30cf479e.apk
e53ab8bb-f85c-4d12-8e92-35dcfddcb20b.apk
d9327573-c1c3-4e26-9271-ed1232bcd313.apk
058a11be-b4ed-4bda-b670-5299a4f4f0c1.apk
49a254ab-45e8-4db1-9229-a7425ec6a58a.apk
9ab33d31-7ffb-41b3-a6fe-da8b5ac33bd8.apk
7d5844fb-07e9-44e3-abe1-8498b7dfd8b7.apk
77ee4318-719f-4fdf-8e8b-261c37fcc520.apk
a5f6ecf7-ad06-4d0d-8cb6-236ff2f49f4d.apk
fdd1e247-1dc1-4799-bea2-c2f6f74e4b83.apk
74c34304-b89b-4c1c-bc4f-010f6404d2c0.apk
5ec07029-6059-4279-b4e7-0bbe1cbfc2a0.apk
1f6fc657-66ef-4aff-93a8-ba355461f825.apk
7e556626-8e8c-4231-a623-e1b01c0e7679.apk
99111446-fdcf-4660-8ac3-406aeefd879e.apk
2bfb3921-2263-4e92-b8bf-b08afe2693b1.apk
5dd8999c-dcdc-446b-aef4-91f7bae6469d.apk
2d1893ec-1f75-435c-9053-6769bf9c20e6.apk
a3117202-4c97-4a1e-a806-9b9a98227079.apk
a729ee70-a363-4ac2-95c7-020aa7320195.apk
b777774e-8aa6-4908-ae11-a31d89200037.apk
7d3079f8-8e7f-4874-94d9-f30cc0bd16f1.apk
2c04d3b1-3b49-4cc2-b9c0-3d7e7a559580.apk
2c78aeb0-b079-4b3e-a6ce-46ad17d15033.apk
ab5efd21-5adf-44a8-a8bb-2771750d0339.apk
c2530e7c-f406-4d5d-b652-52246a92870b.apk
f7ee033b-6a89-4ee9-a882-f233a2876a14.apk
28eb3065-185c-49d5-b911-5444732bf247.apk
2998ad52-5ef1-42e9-99f9-e3890d6cfdfc.apk
bfa4f250-cc74-4dee-b098-661257a73dc8.apk
9ab61e2d-4153-490b-910f-61e76ddb2d09.apk
5f03b6e0-01df-4461-9178-f7a55f40a543.apk
5f436bab-ddd8-4bd8-a8a9-a9c78b78839a.apk
4cf43f5f-ecf9-46dc-b03d-44721a42f8cf.apk
9e49fe68-6b07-4553-bc4c-5f7cb71f37d6.apk
50fd0060-918c-4a30-98c1-71f10ed02101.apk
651ee0a2-98e9-41db-a28f-b7f4b6f3b6e8.apk
ef1767a0-5c1e-4f51-b0ed-fcb2ba942a5e.apk
46f2fbbe-944c-44c2-8d05-f32cab3e1c90.apk
386a60c3-bda0-4818-83cc-95b2927e1ac2.apk
cb46e898-d57f-4262-9d51-25e304ce84de.apk
095ee988-3826-4d53-89ad-b30627d9448f.apk
b8dec3ea-b25a-415f-8efa-a29e87051508.apk
065d83f6-3872-4fa4-b678-d1fdc6e059ac.apk
c224ef94-fc32-4475-aced-57c6972e6914.apk
6791af60-01a0-44bb-a75a-1bdae5d9d845.apk
ff75f8b3-da9b-4c1c-b989-e7f552ea0e95.apk
31661987-2aa5-48e8-b9f2-f5db09fbad02.apk
44cfcafe-0471-44d5-b5bc-01dd4953c12d.apk
f757a8ad-dc29-4048-8988-abf9902272e2.apk
a67e7a4d-87c3-45cf-b68d-d6743f3d5660.apk
91c42e49-1b4c-4341-b853-395ff85b7573.apk
234d0641-b691-400b-ae6d-d2223e06096f.apk
83553fc5-fff3-4880-981f-8ac1d8317bdd.apk
74506158-012c-4f35-8d15-f6f7cd7fbd4c.apk
91d012ed-8928-4746-b415-dd78691ce367.apk
479cd1af-5f94-45e9-8984-f94fd02adb74.apk
25439462-cbbe-4951-9add-ed5e3df19719.apk
50541117-7611-42fd-a737-d2b2aedd563f.apk
128af185-8246-4746-85a9-5c427859516d.apk
5e19eb91-8203-4bbf-a03b-127509ad1e97.apk
147e7c13-4723-467d-bb04-6a1ea5d7f203.apk
5d7a19a6-e5d2-44fd-a29f-db18e236d2fd.apk
5f326841-804c-4ff4-9b3c-dc00f3bf4d82.apk
7843ed94-16b4-4275-80cd-ce14bb27d843.apk
bebe5deb-2231-4de7-81fe-8d2909ba40a0.apk
b06aa799-6c02-4968-bc68-5a5c986117b1.apk
dad15e82-e516-4004-aabd-a8b6da2b41ca.apk
95bad1a8-aaae-47a1-ac98-445e3a172d1a.apk
95be278c-09c3-4ed8-929e-0fdb280e8c5a.apk
3bbda4ba-a23d-4f44-b85b-e369a494586e.apk
7ddf9971-587e-4f5a-af79-cbfcb7e4830d.apk
f8d08230-a630-4acb-bf60-01010946623a.apk
2d366939-471f-4e27-aff9-c7bd02802343.apk
667e7ba5-3962-49c7-8531-fe506cdfca53.apk
051ff966-239a-4690-a500-e7062df37f92.apk
8eb7a818-6b38-45de-9e3a-4eae5c799ff3.apk
c95e5a88-76e0-4cee-b9e4-e129d0956532.apk
41368cde-033d-4cef-b468-9ee50e86b40d.apk
e475ff6c-f181-4467-b0a1-a22504f52219.apk
5be479f8-6bd4-41d8-b7f9-8422b13775ee.apk
57d75d8b-bf22-4808-8e15-cb6bf13978ef.apk
c92b7bb1-fefa-426b-a294-fe0e1f8b841e.apk
51ed06a4-c641-4508-875c-dad7a7cbfd7f.apk
5619aa9e-a131-41e7-ba0e-4a3325e6c4ed.apk
0d6a6fc2-ae24-4603-ba70-cdc3da12c7bb.apk
56f8db3d-8fb2-4398-8ee6-24601d354725.apk
7a51be35-fedd-4c97-b73e-5dc1ae684009.apk
58453b09-2195-439a-a662-1a3492674759.apk
c56b4014-7ddc-465c-aa15-fa99c0123391.apk
052e9249-1134-411e-b538-49d3214211bf.apk
d1d658d0-74aa-4ffa-bdf1-2e9a3d29d1d1.apk
4368f1d6-e351-4e5e-b421-bf1ff1ea2043.apk
bf297ec9-959a-41c5-898e-b4e796037e2b.apk
bda33459-089b-429c-aea4-afa573bcf0bd.apk
713066b0-4ad9-4c4c-abba-c8e4411ab472.apk
2ef9d19f-5daa-40cf-ae83-b9af72a0bcde.apk
ccdefbf4-1ea2-4679-900c-26f58bc7a5d7.apk
c42230ba-91d1-4007-96f1-0c2d51744dd3.apk
6ba89014-1eeb-4fc4-98a5-dad5377805cd.apk
7e75a2fb-69b8-4759-bde6-d08eefbab878.apk
a86f38b5-8ff5-4e02-b8b4-6acd09c90872.apk
a21b9b62-e51d-4a04-ae66-0f662b2618e1.apk
ef86f6ba-ed24-47d3-b5a5-17755abc212c.apk
7885771b-30bc-4d53-b129-6c9d359c6dfd.apk
39928985-22e7-4995-a040-01b83f935011.apk
7055224c-27d7-4fa5-870e-38e1a0eecffb.apk
8a6ca677-d910-43b4-92f5-dceab27f81f0.apk
08b9577f-509b-4903-83ea-09b5ca797359.apk
09a5a4b6-2433-4f3d-8f8d-a584466a3f78.apk
d4917728-7715-4553-9bdc-2e17fa7b35dd.apk
eeea10af-3825-415b-9e04-796d18a42b5f.apk
975ba4a6-e8d2-4935-b828-11b6ac310519.apk
e5426589-0911-49e9-a5c0-55fd0bdf33d4.apk
22260b8b-fea5-4bd8-8e63-8f8525b30a66.apk
71c68e24-f357-435f-aace-d516279f8c96.apk
d760f9a4-f0a5-4359-83ee-25ce847f519b.apk
64702acb-7004-442b-8724-bfe18090eb6f.apk
4c530fca-a258-4bdd-a911-c02cfd15c92e.apk
3f4d62ac-d055-43bf-b86a-6ce0a65b828d.apk
976359bd-4fdd-4ceb-ac17-8bad4c20d725.apk
a5ef5a22-80f4-4038-8da3-7c8880dd51e8.apk
7ac7ce83-3174-45e6-82f7-4c816d3fb212.apk
8adae835-47db-4cb9-91b7-be31b7b58100.apk
6d5773c1-8a37-482e-b741-cd39235b1bf6.apk
2799a6be-530a-4abf-b986-9511eaced46d.apk
e58a12f5-e9aa-4acc-8b32-00b72d8a7616.apk
f5d37399-ffd7-49cd-a15d-29afce43f33e.apk
29385b90-612c-436f-904a-ac5ce158e8ac.apk
b58db7f1-4e76-45af-9051-e222034bb5c1.apk
43fadac1-8583-436a-842b-d3c6665d0bfe.apk
2eee5611-2f67-4ae1-9b18-cc2deba5de33.apk
808ec4dc-9540-45bd-845e-3fdd462b72a2.apk
ab7782de-3d8c-4f8d-b16e-1a98614d393d.apk
ec1c78ea-12f6-4741-8650-23cd48a1fe3e.apk
f45c647b-e1cb-47b1-9a44-238db352289a.apk
0e4f398b-162d-47fa-a359-614cfcfb144e.apk
4dc1a600-5648-4d00-ab22-87a310fa5169.apk
b02c0ff1-8045-4dfa-bd72-c309eab29776.apk
ab13eee4-2bdc-4491-8b5f-ae912e6fb76e.apk
f48628f1-275f-499b-98db-5521d7eb77bc.apk
cfcc1087-e9f5-4ee1-8e78-f5e927358481.apk
75af29a3-9a2c-468f-a272-065b2da45c53.apk
b86e0b6c-d09f-4da9-b71a-751190ef87c5.apk
3876b311-4bec-4dfa-a340-73091f27badc.apk
cb8b01e4-4635-454c-86de-79c56b0f0280.apk
005086e6-a6b0-4739-b652-2d6819f5c61f.apk
6d38bb47-d0c9-453a-95a5-823a262eb36e.apk
9a640a8f-ec1e-4c1b-8db6-d8dab30bd883.apk
dc2b40e4-7290-4a01-be85-db3224dd281c.apk
a94a8141-6ac1-48da-9b5c-83a9c01a04d5.apk
5042fb45-fae0-470d-8140-e604c98261b0.apk
2f9dc0b0-fbef-4c65-ad21-1b83fe2f8164.apk
68e41c58-587c-4872-8570-797bae49cbd2.apk
03de4d67-600e-49d2-9469-33e249c1ef96.apk
bfe30fb2-ddde-4b81-9034-97f94e75428c.apk
e43f929e-846c-4c42-831d-ce095f6f1107.apk
b90f05d5-8fd2-4ca2-88ad-0c7bd0543df9.apk
4294a1b0-df30-493b-b36f-ae1db26c1d08.apk
df1dced5-fe87-4bc3-9e99-a140be2f7930.apk
ba8487cc-cff9-4e62-8060-c18c18c96106.apk
e7606b49-57c3-4d1f-bf94-11188994be90.apk
aabfa915-caa9-4de3-8991-0bf90c054917.apk
b56c1b02-912b-4b6a-96ce-be2711c679e7.apk
19ff55cd-957a-4444-9866-82d5887f6a42.apk
aa5e8701-ba4a-41a2-9164-e9ec5d8e26b9.apk
5caad898-76cf-4b16-b318-252d240a802a.apk
5d77aac1-1cd3-4e79-9aba-f7a99f71259e.apk
6b21834d-bc10-4c2f-8fe2-e14a21124b31.apk
ce7e069b-87d0-4850-87db-75cce55c3d92.apk
38d08b69-f765-4ccd-803d-3bc54fe230a0.apk
4d85241c-3262-46f7-ae5b-849ce50b5abf.apk
e2727658-a9bc-4fde-8fa9-bbd16b3b658d.apk
ba4f6c19-7606-41fc-bf19-1ec4b9f66a1c.apk
426ef6da-6f65-45ae-b408-ac834a3d7e75.apk
61f17bb9-03df-42d4-9450-28329c3edf7b.apk
7b68f0ee-1a1f-49c6-b99a-368e3a05227b.apk
bea04ee5-ec98-4df6-b861-9ac854dfcd92.apk
a983de57-cc6e-4842-8139-c1fb4c83fbae.apk
eb0ecdfb-49f0-4749-aa68-646193282ab1.apk
ae0b35cd-fe54-4e0f-8d26-794042478502.apk
58963c4a-c552-492a-acc3-4e9574082666.apk
5e4ac5ec-5a8b-43e1-a14b-b026c639e937.apk
451e2636-1b41-414a-8f38-91678f75ed44.apk
579f23db-6014-434d-bfb8-e1a37b324d6b.apk
6ade47aa-9014-4003-b725-27f714ac8872.apk
fed3426e-671c-4808-8457-98f266ec226f.apk
20ea159d-d8b6-431b-b03f-446945ac3a15.apk
4beb3db5-55bd-476b-b6b8-843c1ead6bdd.apk
f960c96e-acf5-4662-8657-c7e05c7cea2d.apk
e1506186-c1ad-4af6-a6ac-7bf3c924c87d.apk
6536a267-8821-4673-924e-e5a3fa3cd410.apk
9cb98ed9-f112-46b5-8af8-2863cafbf14f.apk
530cc37d-e294-49ed-a9c0-dffd1f1c6e4e.apk
1d247e91-3ed3-47cc-b3ab-6cef67c86f7b.apk
ee9537d3-6e08-4c3d-9f3e-fe1c177f8e23.apk
4cdc2c76-8d39-476c-8975-d99129eedc0d.apk
ddbc1244-85eb-4d66-b358-d5175a85dc5a.apk
5ef623d3-00bb-4334-96d6-4f83fc64a50a.apk
2bd59dab-94d4-413d-8e11-2d5b4e385757.apk
8c63dd90-5ff2-46b6-beb2-7f3868e215e4.apk
41fc3793-7e89-4f5a-b80b-29dd59a63a9e.apk
5ab71bb6-f85a-46ab-bf2f-685a503a0793.apk
7d6c2939-a097-47ad-a4f7-454ea81cf9eb.apk
84025ec1-06a1-4db8-999c-a975de8b59e0.apk
14f72791-a44a-4fe5-b398-24fb3520b09e.apk
4369d330-0930-48ba-8e4a-69015e6cfe5b.apk
56847108-b54e-4bc1-9c70-c06d0a05629f.apk
40ced7ff-cbfd-4231-8f8a-407abef92af4.apk
1394221d-ea84-4df6-8c64-6a1ed526d966.apk
b9db7fee-f114-4546-99ae-5212b1cc8345.apk
5c9a66ff-2888-47c0-9a00-0b03c23c3bf1.apk
99e4e799-89c4-4894-884b-1489ad0abd88.apk
09269f6f-7b44-4d76-ae91-09af1bc70920.apk
2eb2a749-52c4-4815-afb4-db13a42ab2f5.apk
9a58845a-0659-4a6f-bfe1-726496a202e2.apk
aff1523e-4bf2-4b7d-83f7-42c309206398.apk
bca35c96-c624-4721-8f42-20a494329f41.apk
3eda4aef-0532-47d5-85bb-cd744c9f5c2f.apk
56603cfa-2541-4d41-a0d1-60c885dac8c9.apk
af9891e0-0e77-4a77-a4d9-0683ae0195e1.apk
665134fc-fc6b-49ba-a2dc-e1330966c191.apk
fc05e677-c5c8-4f52-9641-d1dd834fda18.apk
27ff3645-58e2-4fc7-922c-196358c80aa4.apk
9be490ea-ff15-4b0e-a39c-6c0fc6b4865a.apk
2381b0bf-ecfd-443d-9bf3-a03a4a1b1d04.apk
0dfb3fc7-ce6d-49ae-95e3-6caf680189cd.apk
bef01f60-3972-4eb1-a29d-bd1459c2125e.apk
59141ceb-9005-4718-ac10-e6ac4dffe3e1.apk
0e3d45e1-9176-4276-aa56-0eb858f6c639.apk

